{"/Users/heartofgold/Documents/Cursor Projects/cursor-auto-rules-agile-workflow/server/src/data/questions/index.ts": {"path":"/Users/heartofgold/Documents/Cursor Projects/cursor-auto-rules-agile-workflow/server/src/data/questions/index.ts","statementMap":{"0":{"start":{"line":56,"column":0},"end":{"line":56,"column":16}},"1":{"start":{"line":9,"column":0},"end":{"line":9,"column":28}},"2":{"start":{"line":12,"column":0},"end":{"line":12,"column":29}},"3":{"start":{"line":15,"column":0},"end":{"line":15,"column":31}},"4":{"start":{"line":18,"column":0},"end":{"line":18,"column":29}},"5":{"start":{"line":21,"column":0},"end":{"line":21,"column":27}},"6":{"start":{"line":24,"column":0},"end":{"line":24,"column":28}},"7":{"start":{"line":27,"column":0},"end":{"line":27,"column":29}},"8":{"start":{"line":30,"column":0},"end":{"line":30,"column":29}},"9":{"start":{"line":33,"column":0},"end":{"line":33,"column":28}},"10":{"start":{"line":36,"column":0},"end":{"line":36,"column":29}},"11":{"start":{"line":39,"column":0},"end":{"line":39,"column":41}},"12":{"start":{"line":40,"column":0},"end":{"line":40,"column":43}},"13":{"start":{"line":41,"column":0},"end":{"line":41,"column":46}},"14":{"start":{"line":42,"column":0},"end":{"line":42,"column":43}},"15":{"start":{"line":43,"column":0},"end":{"line":43,"column":39}},"16":{"start":{"line":44,"column":0},"end":{"line":44,"column":41}},"17":{"start":{"line":45,"column":0},"end":{"line":45,"column":43}},"18":{"start":{"line":46,"column":0},"end":{"line":46,"column":43}},"19":{"start":{"line":47,"column":0},"end":{"line":47,"column":41}},"20":{"start":{"line":48,"column":0},"end":{"line":48,"column":43}},"21":{"start":{"line":58,"column":28},"end":{"line":69,"column":4}},"22":{"start":{"line":72,"column":2},"end":{"line":75,"column":28}},"23":{"start":{"line":73,"column":20},"end":{"line":73,"column":39}},"24":{"start":{"line":75,"column":17},"end":{"line":75,"column":26}}},"fnMap":{"0":{"name":"loadAllQuestions","decl":{"start":{"line":56,"column":16},"end":{"line":56,"column":32}},"loc":{"start":{"line":56,"column":32},"end":{"line":76,"column":1}}},"1":{"name":"(anonymous_11)","decl":{"start":{"line":73,"column":12},"end":{"line":73,"column":16}},"loc":{"start":{"line":73,"column":20},"end":{"line":73,"column":39}}},"2":{"name":"(anonymous_12)","decl":{"start":{"line":75,"column":12},"end":{"line":75,"column":13}},"loc":{"start":{"line":75,"column":17},"end":{"line":75,"column":26}}}},"branchMap":{"0":{"loc":{"start":{"line":75,"column":17},"end":{"line":75,"column":26}},"type":"binary-expr","locations":[{"start":{"line":75,"column":17},"end":{"line":75,"column":18}},{"start":{"line":75,"column":22},"end":{"line":75,"column":26}}]}},"s":{"0":1,"1":1,"2":1,"3":1,"4":1,"5":1,"6":1,"7":1,"8":1,"9":1,"10":1,"11":1,"12":1,"13":1,"14":1,"15":1,"16":1,"17":1,"18":1,"19":1,"20":1,"21":1,"22":1,"23":32,"24":216},"f":{"0":1,"1":32,"2":216},"b":{"0":[216,216]}}
,"/Users/heartofgold/Documents/Cursor Projects/cursor-auto-rules-agile-workflow/server/src/data/questions/automation/ai-integration.ts": {"path":"/Users/heartofgold/Documents/Cursor Projects/cursor-auto-rules-agile-workflow/server/src/data/questions/automation/ai-integration.ts","statementMap":{"0":{"start":{"line":10,"column":0},"end":{"line":10,"column":60}},"1":{"start":{"line":11,"column":0},"end":{"line":11,"column":72}},"2":{"start":{"line":12,"column":0},"end":{"line":12,"column":64}},"3":{"start":{"line":13,"column":0},"end":{"line":13,"column":60}},"4":{"start":{"line":14,"column":0},"end":{"line":14,"column":62}},"5":{"start":{"line":15,"column":0},"end":{"line":15,"column":50}},"6":{"start":{"line":17,"column":13},"end":{"line":225,"column":2}}},"fnMap":{},"branchMap":{},"s":{"0":1,"1":1,"2":1,"3":1,"4":1,"5":1,"6":1},"f":{},"b":{}}
,"/Users/heartofgold/Documents/Cursor Projects/cursor-auto-rules-agile-workflow/server/src/data/questions/automation/index.ts": {"path":"/Users/heartofgold/Documents/Cursor Projects/cursor-auto-rules-agile-workflow/server/src/data/questions/automation/index.ts","statementMap":{"0":{"start":{"line":8,"column":0},"end":{"line":8,"column":9}},"1":{"start":{"line":18,"column":9},"end":{"line":8,"column":66}},"2":{"start":{"line":9,"column":0},"end":{"line":9,"column":9}},"3":{"start":{"line":18,"column":37},"end":{"line":9,"column":58}},"4":{"start":{"line":12,"column":13},"end":{"line":15,"column":2}}},"fnMap":{"0":{"name":"(anonymous_0)","decl":{"start":{"line":18,"column":9},"end":{"line":18,"column":35}},"loc":{"start":{"line":18,"column":9},"end":{"line":8,"column":66}}},"1":{"name":"(anonymous_1)","decl":{"start":{"line":18,"column":37},"end":{"line":18,"column":59}},"loc":{"start":{"line":18,"column":37},"end":{"line":9,"column":58}}}},"branchMap":{},"s":{"0":1,"1":2,"2":1,"3":2,"4":1},"f":{"0":1,"1":1},"b":{}}
,"/Users/heartofgold/Documents/Cursor Projects/cursor-auto-rules-agile-workflow/server/src/data/questions/automation/process-automation.ts": {"path":"/Users/heartofgold/Documents/Cursor Projects/cursor-auto-rules-agile-workflow/server/src/data/questions/automation/process-automation.ts","statementMap":{"0":{"start":{"line":10,"column":0},"end":{"line":10,"column":60}},"1":{"start":{"line":11,"column":0},"end":{"line":11,"column":72}},"2":{"start":{"line":12,"column":0},"end":{"line":12,"column":64}},"3":{"start":{"line":13,"column":0},"end":{"line":13,"column":60}},"4":{"start":{"line":14,"column":0},"end":{"line":14,"column":62}},"5":{"start":{"line":15,"column":0},"end":{"line":15,"column":50}},"6":{"start":{"line":17,"column":13},"end":{"line":232,"column":2}}},"fnMap":{},"branchMap":{},"s":{"0":1,"1":1,"2":1,"3":1,"4":1,"5":1,"6":1},"f":{},"b":{}}
,"/Users/heartofgold/Documents/Cursor Projects/cursor-auto-rules-agile-workflow/server/src/data/questions/compliance/index.ts": {"path":"/Users/heartofgold/Documents/Cursor Projects/cursor-auto-rules-agile-workflow/server/src/data/questions/compliance/index.ts","statementMap":{"0":{"start":{"line":8,"column":0},"end":{"line":8,"column":9}},"1":{"start":{"line":19,"column":2},"end":{"line":8,"column":60}},"2":{"start":{"line":9,"column":0},"end":{"line":9,"column":9}},"3":{"start":{"line":20,"column":2},"end":{"line":9,"column":72}},"4":{"start":{"line":12,"column":13},"end":{"line":15,"column":2}}},"fnMap":{"0":{"name":"(anonymous_0)","decl":{"start":{"line":19,"column":2},"end":{"line":19,"column":25}},"loc":{"start":{"line":19,"column":2},"end":{"line":8,"column":60}}},"1":{"name":"(anonymous_1)","decl":{"start":{"line":20,"column":2},"end":{"line":20,"column":31}},"loc":{"start":{"line":20,"column":2},"end":{"line":9,"column":72}}}},"branchMap":{},"s":{"0":1,"1":2,"2":1,"3":2,"4":1},"f":{"0":1,"1":1},"b":{}}
,"/Users/heartofgold/Documents/Cursor Projects/cursor-auto-rules-agile-workflow/server/src/data/questions/compliance/regulatory-compliance.ts": {"path":"/Users/heartofgold/Documents/Cursor Projects/cursor-auto-rules-agile-workflow/server/src/data/questions/compliance/regulatory-compliance.ts","statementMap":{"0":{"start":{"line":10,"column":0},"end":{"line":10,"column":60}},"1":{"start":{"line":11,"column":0},"end":{"line":11,"column":72}},"2":{"start":{"line":12,"column":0},"end":{"line":12,"column":64}},"3":{"start":{"line":13,"column":0},"end":{"line":13,"column":60}},"4":{"start":{"line":14,"column":0},"end":{"line":14,"column":50}},"5":{"start":{"line":15,"column":0},"end":{"line":15,"column":62}},"6":{"start":{"line":16,"column":0},"end":{"line":16,"column":50}},"7":{"start":{"line":19,"column":13},"end":{"line":172,"column":2}}},"fnMap":{},"branchMap":{},"s":{"0":1,"1":1,"2":1,"3":1,"4":1,"5":1,"6":1,"7":1},"f":{},"b":{}}
,"/Users/heartofgold/Documents/Cursor Projects/cursor-auto-rules-agile-workflow/server/src/data/questions/compliance/risk-management.ts": {"path":"/Users/heartofgold/Documents/Cursor Projects/cursor-auto-rules-agile-workflow/server/src/data/questions/compliance/risk-management.ts","statementMap":{"0":{"start":{"line":21,"column":0},"end":{"line":21,"column":60}},"1":{"start":{"line":22,"column":0},"end":{"line":22,"column":72}},"2":{"start":{"line":23,"column":0},"end":{"line":23,"column":64}},"3":{"start":{"line":24,"column":0},"end":{"line":24,"column":60}},"4":{"start":{"line":26,"column":0},"end":{"line":26,"column":62}},"5":{"start":{"line":27,"column":0},"end":{"line":27,"column":50}},"6":{"start":{"line":30,"column":13},"end":{"line":254,"column":2}}},"fnMap":{},"branchMap":{},"s":{"0":1,"1":1,"2":1,"3":1,"4":1,"5":1,"6":1},"f":{},"b":{}}
,"/Users/heartofgold/Documents/Cursor Projects/cursor-auto-rules-agile-workflow/server/src/data/questions/facilities/index.ts": {"path":"/Users/heartofgold/Documents/Cursor Projects/cursor-auto-rules-agile-workflow/server/src/data/questions/facilities/index.ts","statementMap":{"0":{"start":{"line":8,"column":0},"end":{"line":8,"column":9}},"1":{"start":{"line":16,"column":9},"end":{"line":8,"column":64}},"2":{"start":{"line":11,"column":13},"end":{"line":13,"column":2}}},"fnMap":{"0":{"name":"(anonymous_0)","decl":{"start":{"line":16,"column":9},"end":{"line":16,"column":34}},"loc":{"start":{"line":16,"column":9},"end":{"line":8,"column":64}}}},"branchMap":{},"s":{"0":1,"1":2,"2":1},"f":{"0":1},"b":{}}
,"/Users/heartofgold/Documents/Cursor Projects/cursor-auto-rules-agile-workflow/server/src/data/questions/facilities/space-utilization.ts": {"path":"/Users/heartofgold/Documents/Cursor Projects/cursor-auto-rules-agile-workflow/server/src/data/questions/facilities/space-utilization.ts","statementMap":{"0":{"start":{"line":10,"column":0},"end":{"line":10,"column":60}},"1":{"start":{"line":11,"column":0},"end":{"line":11,"column":72}},"2":{"start":{"line":12,"column":0},"end":{"line":12,"column":64}},"3":{"start":{"line":13,"column":0},"end":{"line":13,"column":60}},"4":{"start":{"line":15,"column":0},"end":{"line":15,"column":62}},"5":{"start":{"line":16,"column":0},"end":{"line":16,"column":50}},"6":{"start":{"line":19,"column":13},"end":{"line":220,"column":2}}},"fnMap":{},"branchMap":{},"s":{"0":1,"1":1,"2":1,"3":1,"4":1,"5":1,"6":1},"f":{},"b":{}}
,"/Users/heartofgold/Documents/Cursor Projects/cursor-auto-rules-agile-workflow/server/src/data/questions/financial/cash-flow-planning.ts": {"path":"/Users/heartofgold/Documents/Cursor Projects/cursor-auto-rules-agile-workflow/server/src/data/questions/financial/cash-flow-planning.ts","statementMap":{"0":{"start":{"line":21,"column":0},"end":{"line":21,"column":60}},"1":{"start":{"line":22,"column":0},"end":{"line":22,"column":72}},"2":{"start":{"line":23,"column":0},"end":{"line":23,"column":64}},"3":{"start":{"line":24,"column":0},"end":{"line":24,"column":60}},"4":{"start":{"line":25,"column":0},"end":{"line":25,"column":62}},"5":{"start":{"line":26,"column":0},"end":{"line":26,"column":50}},"6":{"start":{"line":28,"column":13},"end":{"line":248,"column":2}}},"fnMap":{},"branchMap":{},"s":{"0":1,"1":1,"2":1,"3":1,"4":1,"5":1,"6":1},"f":{},"b":{}}
,"/Users/heartofgold/Documents/Cursor Projects/cursor-auto-rules-agile-workflow/server/src/data/questions/financial/expense-management.ts": {"path":"/Users/heartofgold/Documents/Cursor Projects/cursor-auto-rules-agile-workflow/server/src/data/questions/financial/expense-management.ts","statementMap":{"0":{"start":{"line":21,"column":0},"end":{"line":21,"column":60}},"1":{"start":{"line":22,"column":0},"end":{"line":22,"column":72}},"2":{"start":{"line":23,"column":0},"end":{"line":23,"column":64}},"3":{"start":{"line":24,"column":0},"end":{"line":24,"column":60}},"4":{"start":{"line":25,"column":0},"end":{"line":25,"column":62}},"5":{"start":{"line":26,"column":0},"end":{"line":26,"column":50}},"6":{"start":{"line":28,"column":13},"end":{"line":242,"column":2}}},"fnMap":{},"branchMap":{},"s":{"0":1,"1":1,"2":1,"3":1,"4":1,"5":1,"6":1},"f":{},"b":{}}
,"/Users/heartofgold/Documents/Cursor Projects/cursor-auto-rules-agile-workflow/server/src/data/questions/financial/index.ts": {"path":"/Users/heartofgold/Documents/Cursor Projects/cursor-auto-rules-agile-workflow/server/src/data/questions/financial/index.ts","statementMap":{"0":{"start":{"line":8,"column":0},"end":{"line":8,"column":9}},"1":{"start":{"line":23,"column":2},"end":{"line":8,"column":62}},"2":{"start":{"line":9,"column":0},"end":{"line":9,"column":9}},"3":{"start":{"line":24,"column":2},"end":{"line":9,"column":62}},"4":{"start":{"line":10,"column":0},"end":{"line":10,"column":9}},"5":{"start":{"line":25,"column":2},"end":{"line":10,"column":66}},"6":{"start":{"line":11,"column":0},"end":{"line":11,"column":9}},"7":{"start":{"line":26,"column":2},"end":{"line":11,"column":65}},"8":{"start":{"line":14,"column":13},"end":{"line":19,"column":2}}},"fnMap":{"0":{"name":"(anonymous_0)","decl":{"start":{"line":23,"column":2},"end":{"line":23,"column":26}},"loc":{"start":{"line":23,"column":2},"end":{"line":8,"column":62}}},"1":{"name":"(anonymous_1)","decl":{"start":{"line":24,"column":2},"end":{"line":24,"column":26}},"loc":{"start":{"line":24,"column":2},"end":{"line":9,"column":62}}},"2":{"name":"(anonymous_2)","decl":{"start":{"line":25,"column":2},"end":{"line":25,"column":28}},"loc":{"start":{"line":25,"column":2},"end":{"line":10,"column":66}}},"3":{"name":"(anonymous_3)","decl":{"start":{"line":26,"column":2},"end":{"line":26,"column":27}},"loc":{"start":{"line":26,"column":2},"end":{"line":11,"column":65}}}},"branchMap":{},"s":{"0":1,"1":2,"2":1,"3":2,"4":1,"5":2,"6":1,"7":2,"8":1},"f":{"0":1,"1":1,"2":1,"3":1},"b":{}}
,"/Users/heartofgold/Documents/Cursor Projects/cursor-auto-rules-agile-workflow/server/src/data/questions/financial/pricing-strategy.ts": {"path":"/Users/heartofgold/Documents/Cursor Projects/cursor-auto-rules-agile-workflow/server/src/data/questions/financial/pricing-strategy.ts","statementMap":{"0":{"start":{"line":10,"column":0},"end":{"line":10,"column":60}},"1":{"start":{"line":11,"column":0},"end":{"line":11,"column":72}},"2":{"start":{"line":12,"column":0},"end":{"line":12,"column":64}},"3":{"start":{"line":13,"column":0},"end":{"line":13,"column":60}},"4":{"start":{"line":15,"column":0},"end":{"line":15,"column":62}},"5":{"start":{"line":16,"column":0},"end":{"line":16,"column":50}},"6":{"start":{"line":19,"column":13},"end":{"line":221,"column":2}}},"fnMap":{},"branchMap":{},"s":{"0":1,"1":1,"2":1,"3":1,"4":1,"5":1,"6":1},"f":{},"b":{}}
,"/Users/heartofgold/Documents/Cursor Projects/cursor-auto-rules-agile-workflow/server/src/data/questions/financial/revenue-tracking.ts": {"path":"/Users/heartofgold/Documents/Cursor Projects/cursor-auto-rules-agile-workflow/server/src/data/questions/financial/revenue-tracking.ts","statementMap":{"0":{"start":{"line":10,"column":0},"end":{"line":10,"column":60}},"1":{"start":{"line":11,"column":0},"end":{"line":11,"column":72}},"2":{"start":{"line":12,"column":0},"end":{"line":12,"column":64}},"3":{"start":{"line":13,"column":0},"end":{"line":13,"column":60}},"4":{"start":{"line":15,"column":0},"end":{"line":15,"column":62}},"5":{"start":{"line":16,"column":0},"end":{"line":16,"column":50}},"6":{"start":{"line":19,"column":13},"end":{"line":203,"column":2}}},"fnMap":{},"branchMap":{},"s":{"0":1,"1":1,"2":1,"3":1,"4":1,"5":1,"6":1},"f":{},"b":{}}
,"/Users/heartofgold/Documents/Cursor Projects/cursor-auto-rules-agile-workflow/server/src/data/questions/geography/demographic-analysis.ts": {"path":"/Users/heartofgold/Documents/Cursor Projects/cursor-auto-rules-agile-workflow/server/src/data/questions/geography/demographic-analysis.ts","statementMap":{"0":{"start":{"line":10,"column":0},"end":{"line":10,"column":60}},"1":{"start":{"line":11,"column":0},"end":{"line":11,"column":72}},"2":{"start":{"line":12,"column":0},"end":{"line":12,"column":64}},"3":{"start":{"line":13,"column":0},"end":{"line":13,"column":60}},"4":{"start":{"line":14,"column":0},"end":{"line":14,"column":62}},"5":{"start":{"line":15,"column":0},"end":{"line":15,"column":50}},"6":{"start":{"line":17,"column":13},"end":{"line":233,"column":2}}},"fnMap":{},"branchMap":{},"s":{"0":1,"1":1,"2":1,"3":1,"4":1,"5":1,"6":1},"f":{},"b":{}}
,"/Users/heartofgold/Documents/Cursor Projects/cursor-auto-rules-agile-workflow/server/src/data/questions/geography/index.ts": {"path":"/Users/heartofgold/Documents/Cursor Projects/cursor-auto-rules-agile-workflow/server/src/data/questions/geography/index.ts","statementMap":{"0":{"start":{"line":8,"column":0},"end":{"line":8,"column":9}},"1":{"start":{"line":18,"column":9},"end":{"line":8,"column":64}},"2":{"start":{"line":9,"column":0},"end":{"line":9,"column":9}},"3":{"start":{"line":18,"column":36},"end":{"line":9,"column":70}},"4":{"start":{"line":12,"column":13},"end":{"line":15,"column":2}}},"fnMap":{"0":{"name":"(anonymous_0)","decl":{"start":{"line":18,"column":9},"end":{"line":18,"column":34}},"loc":{"start":{"line":18,"column":9},"end":{"line":8,"column":64}}},"1":{"name":"(anonymous_1)","decl":{"start":{"line":18,"column":36},"end":{"line":18,"column":64}},"loc":{"start":{"line":18,"column":36},"end":{"line":9,"column":70}}}},"branchMap":{},"s":{"0":1,"1":2,"2":1,"3":2,"4":1},"f":{"0":1,"1":1},"b":{}}
,"/Users/heartofgold/Documents/Cursor Projects/cursor-auto-rules-agile-workflow/server/src/data/questions/geography/location-strategy.ts": {"path":"/Users/heartofgold/Documents/Cursor Projects/cursor-auto-rules-agile-workflow/server/src/data/questions/geography/location-strategy.ts","statementMap":{"0":{"start":{"line":10,"column":0},"end":{"line":10,"column":60}},"1":{"start":{"line":11,"column":0},"end":{"line":11,"column":72}},"2":{"start":{"line":12,"column":0},"end":{"line":12,"column":64}},"3":{"start":{"line":13,"column":0},"end":{"line":13,"column":60}},"4":{"start":{"line":15,"column":0},"end":{"line":15,"column":62}},"5":{"start":{"line":16,"column":0},"end":{"line":16,"column":50}},"6":{"start":{"line":19,"column":13},"end":{"line":229,"column":2}}},"fnMap":{},"branchMap":{},"s":{"0":1,"1":1,"2":1,"3":1,"4":1,"5":1,"6":1},"f":{},"b":{}}
,"/Users/heartofgold/Documents/Cursor Projects/cursor-auto-rules-agile-workflow/server/src/data/questions/marketing/index.ts": {"path":"/Users/heartofgold/Documents/Cursor Projects/cursor-auto-rules-agile-workflow/server/src/data/questions/marketing/index.ts","statementMap":{"0":{"start":{"line":8,"column":0},"end":{"line":8,"column":9}},"1":{"start":{"line":16,"column":9},"end":{"line":8,"column":64}},"2":{"start":{"line":11,"column":13},"end":{"line":13,"column":2}}},"fnMap":{"0":{"name":"(anonymous_0)","decl":{"start":{"line":16,"column":9},"end":{"line":16,"column":34}},"loc":{"start":{"line":16,"column":9},"end":{"line":8,"column":64}}}},"branchMap":{},"s":{"0":1,"1":2,"2":1},"f":{"0":1},"b":{}}
,"/Users/heartofgold/Documents/Cursor Projects/cursor-auto-rules-agile-workflow/server/src/data/questions/marketing/referral-strategy.ts": {"path":"/Users/heartofgold/Documents/Cursor Projects/cursor-auto-rules-agile-workflow/server/src/data/questions/marketing/referral-strategy.ts","statementMap":{"0":{"start":{"line":10,"column":0},"end":{"line":10,"column":60}},"1":{"start":{"line":11,"column":0},"end":{"line":11,"column":72}},"2":{"start":{"line":12,"column":0},"end":{"line":12,"column":64}},"3":{"start":{"line":13,"column":0},"end":{"line":13,"column":60}},"4":{"start":{"line":15,"column":0},"end":{"line":15,"column":62}},"5":{"start":{"line":16,"column":0},"end":{"line":16,"column":50}},"6":{"start":{"line":19,"column":13},"end":{"line":237,"column":2}}},"fnMap":{},"branchMap":{},"s":{"0":1,"1":1,"2":1,"3":1,"4":1,"5":1,"6":1},"f":{},"b":{}}
,"/Users/heartofgold/Documents/Cursor Projects/cursor-auto-rules-agile-workflow/server/src/data/questions/operations/appointment-scheduling.ts": {"path":"/Users/heartofgold/Documents/Cursor Projects/cursor-auto-rules-agile-workflow/server/src/data/questions/operations/appointment-scheduling.ts","statementMap":{"0":{"start":{"line":10,"column":0},"end":{"line":10,"column":60}},"1":{"start":{"line":11,"column":0},"end":{"line":11,"column":72}},"2":{"start":{"line":12,"column":0},"end":{"line":12,"column":64}},"3":{"start":{"line":13,"column":0},"end":{"line":13,"column":60}},"4":{"start":{"line":15,"column":0},"end":{"line":15,"column":62}},"5":{"start":{"line":16,"column":0},"end":{"line":16,"column":50}},"6":{"start":{"line":19,"column":13},"end":{"line":222,"column":2}}},"fnMap":{},"branchMap":{},"s":{"0":1,"1":1,"2":1,"3":1,"4":1,"5":1,"6":1},"f":{},"b":{}}
,"/Users/heartofgold/Documents/Cursor Projects/cursor-auto-rules-agile-workflow/server/src/data/questions/operations/index.ts": {"path":"/Users/heartofgold/Documents/Cursor Projects/cursor-auto-rules-agile-workflow/server/src/data/questions/operations/index.ts","statementMap":{"0":{"start":{"line":8,"column":0},"end":{"line":8,"column":9}},"1":{"start":{"line":18,"column":9},"end":{"line":8,"column":74}},"2":{"start":{"line":9,"column":0},"end":{"line":9,"column":9}},"3":{"start":{"line":19,"column":9},"end":{"line":9,"column":68}},"4":{"start":{"line":12,"column":13},"end":{"line":15,"column":2}}},"fnMap":{"0":{"name":"(anonymous_0)","decl":{"start":{"line":18,"column":9},"end":{"line":18,"column":39}},"loc":{"start":{"line":18,"column":9},"end":{"line":8,"column":74}}},"1":{"name":"(anonymous_1)","decl":{"start":{"line":19,"column":9},"end":{"line":19,"column":36}},"loc":{"start":{"line":19,"column":9},"end":{"line":9,"column":68}}}},"branchMap":{},"s":{"0":1,"1":2,"2":1,"3":2,"4":1},"f":{"0":1,"1":1},"b":{}}
,"/Users/heartofgold/Documents/Cursor Projects/cursor-auto-rules-agile-workflow/server/src/data/questions/operations/workflow-efficiency.ts": {"path":"/Users/heartofgold/Documents/Cursor Projects/cursor-auto-rules-agile-workflow/server/src/data/questions/operations/workflow-efficiency.ts","statementMap":{"0":{"start":{"line":10,"column":0},"end":{"line":10,"column":60}},"1":{"start":{"line":11,"column":0},"end":{"line":11,"column":72}},"2":{"start":{"line":12,"column":0},"end":{"line":12,"column":64}},"3":{"start":{"line":13,"column":0},"end":{"line":13,"column":60}},"4":{"start":{"line":15,"column":0},"end":{"line":15,"column":62}},"5":{"start":{"line":16,"column":0},"end":{"line":16,"column":50}},"6":{"start":{"line":19,"column":13},"end":{"line":247,"column":2}}},"fnMap":{},"branchMap":{},"s":{"0":1,"1":1,"2":1,"3":1,"4":1,"5":1,"6":1},"f":{},"b":{}}
,"/Users/heartofgold/Documents/Cursor Projects/cursor-auto-rules-agile-workflow/server/src/data/questions/patient-care/clinical-pathways.ts": {"path":"/Users/heartofgold/Documents/Cursor Projects/cursor-auto-rules-agile-workflow/server/src/data/questions/patient-care/clinical-pathways.ts","statementMap":{"0":{"start":{"line":10,"column":0},"end":{"line":10,"column":60}},"1":{"start":{"line":11,"column":0},"end":{"line":11,"column":72}},"2":{"start":{"line":12,"column":0},"end":{"line":12,"column":64}},"3":{"start":{"line":13,"column":0},"end":{"line":13,"column":60}},"4":{"start":{"line":14,"column":0},"end":{"line":14,"column":62}},"5":{"start":{"line":15,"column":0},"end":{"line":15,"column":50}},"6":{"start":{"line":17,"column":13},"end":{"line":229,"column":2}}},"fnMap":{},"branchMap":{},"s":{"0":1,"1":1,"2":1,"3":1,"4":1,"5":1,"6":1},"f":{},"b":{}}
,"/Users/heartofgold/Documents/Cursor Projects/cursor-auto-rules-agile-workflow/server/src/data/questions/patient-care/index.ts": {"path":"/Users/heartofgold/Documents/Cursor Projects/cursor-auto-rules-agile-workflow/server/src/data/questions/patient-care/index.ts","statementMap":{"0":{"start":{"line":8,"column":0},"end":{"line":8,"column":9}},"1":{"start":{"line":21,"column":2},"end":{"line":8,"column":64}},"2":{"start":{"line":9,"column":0},"end":{"line":9,"column":9}},"3":{"start":{"line":22,"column":2},"end":{"line":9,"column":66}},"4":{"start":{"line":10,"column":0},"end":{"line":10,"column":9}},"5":{"start":{"line":23,"column":2},"end":{"line":10,"column":64}},"6":{"start":{"line":13,"column":13},"end":{"line":17,"column":2}}},"fnMap":{"0":{"name":"(anonymous_0)","decl":{"start":{"line":21,"column":2},"end":{"line":21,"column":27}},"loc":{"start":{"line":21,"column":2},"end":{"line":8,"column":64}}},"1":{"name":"(anonymous_1)","decl":{"start":{"line":22,"column":2},"end":{"line":22,"column":28}},"loc":{"start":{"line":22,"column":2},"end":{"line":9,"column":66}}},"2":{"name":"(anonymous_2)","decl":{"start":{"line":23,"column":2},"end":{"line":23,"column":27}},"loc":{"start":{"line":23,"column":2},"end":{"line":10,"column":64}}}},"branchMap":{},"s":{"0":1,"1":2,"2":1,"3":2,"4":1,"5":2,"6":1},"f":{"0":1,"1":1,"2":1},"b":{}}
,"/Users/heartofgold/Documents/Cursor Projects/cursor-auto-rules-agile-workflow/server/src/data/questions/patient-care/outcomes-tracking.ts": {"path":"/Users/heartofgold/Documents/Cursor Projects/cursor-auto-rules-agile-workflow/server/src/data/questions/patient-care/outcomes-tracking.ts","statementMap":{"0":{"start":{"line":10,"column":0},"end":{"line":10,"column":60}},"1":{"start":{"line":11,"column":0},"end":{"line":11,"column":72}},"2":{"start":{"line":12,"column":0},"end":{"line":12,"column":64}},"3":{"start":{"line":13,"column":0},"end":{"line":13,"column":60}},"4":{"start":{"line":15,"column":0},"end":{"line":15,"column":62}},"5":{"start":{"line":16,"column":0},"end":{"line":16,"column":50}},"6":{"start":{"line":19,"column":13},"end":{"line":256,"column":2}}},"fnMap":{},"branchMap":{},"s":{"0":1,"1":1,"2":1,"3":1,"4":1,"5":1,"6":1},"f":{},"b":{}}
,"/Users/heartofgold/Documents/Cursor Projects/cursor-auto-rules-agile-workflow/server/src/data/questions/patient-care/patient-experience.ts": {"path":"/Users/heartofgold/Documents/Cursor Projects/cursor-auto-rules-agile-workflow/server/src/data/questions/patient-care/patient-experience.ts","statementMap":{"0":{"start":{"line":10,"column":0},"end":{"line":10,"column":60}},"1":{"start":{"line":11,"column":0},"end":{"line":11,"column":72}},"2":{"start":{"line":12,"column":0},"end":{"line":12,"column":64}},"3":{"start":{"line":13,"column":0},"end":{"line":13,"column":60}},"4":{"start":{"line":14,"column":0},"end":{"line":14,"column":62}},"5":{"start":{"line":15,"column":0},"end":{"line":15,"column":50}},"6":{"start":{"line":17,"column":13},"end":{"line":234,"column":2}}},"fnMap":{},"branchMap":{},"s":{"0":1,"1":1,"2":1,"3":1,"4":1,"5":1,"6":1},"f":{},"b":{}}
,"/Users/heartofgold/Documents/Cursor Projects/cursor-auto-rules-agile-workflow/server/src/data/questions/staffing/index.ts": {"path":"/Users/heartofgold/Documents/Cursor Projects/cursor-auto-rules-agile-workflow/server/src/data/questions/staffing/index.ts","statementMap":{"0":{"start":{"line":8,"column":0},"end":{"line":8,"column":9}},"1":{"start":{"line":21,"column":2},"end":{"line":8,"column":78}},"2":{"start":{"line":9,"column":0},"end":{"line":9,"column":9}},"3":{"start":{"line":22,"column":2},"end":{"line":9,"column":72}},"4":{"start":{"line":10,"column":0},"end":{"line":10,"column":9}},"5":{"start":{"line":23,"column":2},"end":{"line":10,"column":78}},"6":{"start":{"line":13,"column":13},"end":{"line":17,"column":2}}},"fnMap":{"0":{"name":"(anonymous_0)","decl":{"start":{"line":21,"column":2},"end":{"line":21,"column":34}},"loc":{"start":{"line":21,"column":2},"end":{"line":8,"column":78}}},"1":{"name":"(anonymous_1)","decl":{"start":{"line":22,"column":2},"end":{"line":22,"column":31}},"loc":{"start":{"line":22,"column":2},"end":{"line":9,"column":72}}},"2":{"name":"(anonymous_2)","decl":{"start":{"line":23,"column":2},"end":{"line":23,"column":34}},"loc":{"start":{"line":23,"column":2},"end":{"line":10,"column":78}}}},"branchMap":{},"s":{"0":1,"1":2,"2":1,"3":2,"4":1,"5":2,"6":1},"f":{"0":1,"1":1,"2":1},"b":{}}
,"/Users/heartofgold/Documents/Cursor Projects/cursor-auto-rules-agile-workflow/server/src/data/questions/staffing/practitioner-performance.ts": {"path":"/Users/heartofgold/Documents/Cursor Projects/cursor-auto-rules-agile-workflow/server/src/data/questions/staffing/practitioner-performance.ts","statementMap":{"0":{"start":{"line":10,"column":0},"end":{"line":10,"column":60}},"1":{"start":{"line":11,"column":0},"end":{"line":11,"column":72}},"2":{"start":{"line":12,"column":0},"end":{"line":12,"column":64}},"3":{"start":{"line":13,"column":0},"end":{"line":13,"column":60}},"4":{"start":{"line":15,"column":0},"end":{"line":15,"column":62}},"5":{"start":{"line":16,"column":0},"end":{"line":16,"column":50}},"6":{"start":{"line":19,"column":13},"end":{"line":226,"column":2}}},"fnMap":{},"branchMap":{},"s":{"0":1,"1":1,"2":1,"3":1,"4":1,"5":1,"6":1},"f":{},"b":{}}
,"/Users/heartofgold/Documents/Cursor Projects/cursor-auto-rules-agile-workflow/server/src/data/questions/staffing/professional-development.ts": {"path":"/Users/heartofgold/Documents/Cursor Projects/cursor-auto-rules-agile-workflow/server/src/data/questions/staffing/professional-development.ts","statementMap":{"0":{"start":{"line":10,"column":0},"end":{"line":10,"column":60}},"1":{"start":{"line":11,"column":0},"end":{"line":11,"column":72}},"2":{"start":{"line":12,"column":0},"end":{"line":12,"column":64}},"3":{"start":{"line":13,"column":0},"end":{"line":13,"column":60}},"4":{"start":{"line":14,"column":0},"end":{"line":14,"column":62}},"5":{"start":{"line":15,"column":0},"end":{"line":15,"column":50}},"6":{"start":{"line":17,"column":13},"end":{"line":229,"column":2}}},"fnMap":{},"branchMap":{},"s":{"0":1,"1":1,"2":1,"3":1,"4":1,"5":1,"6":1},"f":{},"b":{}}
,"/Users/heartofgold/Documents/Cursor Projects/cursor-auto-rules-agile-workflow/server/src/data/questions/staffing/recruitment-retention.ts": {"path":"/Users/heartofgold/Documents/Cursor Projects/cursor-auto-rules-agile-workflow/server/src/data/questions/staffing/recruitment-retention.ts","statementMap":{"0":{"start":{"line":10,"column":0},"end":{"line":10,"column":60}},"1":{"start":{"line":11,"column":0},"end":{"line":11,"column":72}},"2":{"start":{"line":12,"column":0},"end":{"line":12,"column":64}},"3":{"start":{"line":13,"column":0},"end":{"line":13,"column":60}},"4":{"start":{"line":14,"column":0},"end":{"line":14,"column":62}},"5":{"start":{"line":15,"column":0},"end":{"line":15,"column":50}},"6":{"start":{"line":17,"column":13},"end":{"line":230,"column":2}}},"fnMap":{},"branchMap":{},"s":{"0":1,"1":1,"2":1,"3":1,"4":1,"5":1,"6":1},"f":{},"b":{}}
,"/Users/heartofgold/Documents/Cursor Projects/cursor-auto-rules-agile-workflow/server/src/data/questions/technology/data-security.ts": {"path":"/Users/heartofgold/Documents/Cursor Projects/cursor-auto-rules-agile-workflow/server/src/data/questions/technology/data-security.ts","statementMap":{"0":{"start":{"line":10,"column":0},"end":{"line":10,"column":60}},"1":{"start":{"line":11,"column":0},"end":{"line":11,"column":72}},"2":{"start":{"line":12,"column":0},"end":{"line":12,"column":64}},"3":{"start":{"line":13,"column":0},"end":{"line":13,"column":60}},"4":{"start":{"line":15,"column":0},"end":{"line":15,"column":62}},"5":{"start":{"line":16,"column":0},"end":{"line":16,"column":50}},"6":{"start":{"line":19,"column":13},"end":{"line":244,"column":2}}},"fnMap":{},"branchMap":{},"s":{"0":1,"1":1,"2":1,"3":1,"4":1,"5":1,"6":1},"f":{},"b":{}}
,"/Users/heartofgold/Documents/Cursor Projects/cursor-auto-rules-agile-workflow/server/src/data/questions/technology/digital-adoption.ts": {"path":"/Users/heartofgold/Documents/Cursor Projects/cursor-auto-rules-agile-workflow/server/src/data/questions/technology/digital-adoption.ts","statementMap":{"0":{"start":{"line":10,"column":0},"end":{"line":10,"column":60}},"1":{"start":{"line":11,"column":0},"end":{"line":11,"column":72}},"2":{"start":{"line":12,"column":0},"end":{"line":12,"column":64}},"3":{"start":{"line":13,"column":0},"end":{"line":13,"column":60}},"4":{"start":{"line":15,"column":0},"end":{"line":15,"column":62}},"5":{"start":{"line":16,"column":0},"end":{"line":16,"column":50}},"6":{"start":{"line":19,"column":13},"end":{"line":233,"column":2}}},"fnMap":{},"branchMap":{},"s":{"0":1,"1":1,"2":1,"3":1,"4":1,"5":1,"6":1},"f":{},"b":{}}
,"/Users/heartofgold/Documents/Cursor Projects/cursor-auto-rules-agile-workflow/server/src/data/questions/technology/index.ts": {"path":"/Users/heartofgold/Documents/Cursor Projects/cursor-auto-rules-agile-workflow/server/src/data/questions/technology/index.ts","statementMap":{"0":{"start":{"line":8,"column":0},"end":{"line":8,"column":9}},"1":{"start":{"line":18,"column":9},"end":{"line":8,"column":62}},"2":{"start":{"line":9,"column":0},"end":{"line":9,"column":9}},"3":{"start":{"line":19,"column":9},"end":{"line":9,"column":47}},"4":{"start":{"line":12,"column":13},"end":{"line":15,"column":2}}},"fnMap":{"0":{"name":"(anonymous_0)","decl":{"start":{"line":18,"column":9},"end":{"line":18,"column":33}},"loc":{"start":{"line":18,"column":9},"end":{"line":8,"column":62}}},"1":{"name":"(anonymous_1)","decl":{"start":{"line":19,"column":9},"end":{"line":19,"column":21}},"loc":{"start":{"line":19,"column":9},"end":{"line":9,"column":47}}}},"branchMap":{},"s":{"0":1,"1":2,"2":1,"3":2,"4":1},"f":{"0":1,"1":1},"b":{}}
,"/Users/heartofgold/Documents/Cursor Projects/cursor-auto-rules-agile-workflow/server/src/models/AssessmentCategory.ts": {"path":"/Users/heartofgold/Documents/Cursor Projects/cursor-auto-rules-agile-workflow/server/src/models/AssessmentCategory.ts","statementMap":{"0":{"start":{"line":4,"column":0},"end":{"line":4,"column":null}},"1":{"start":{"line":5,"column":2},"end":{"line":5,"column":null}},"2":{"start":{"line":6,"column":2},"end":{"line":6,"column":null}},"3":{"start":{"line":7,"column":2},"end":{"line":7,"column":null}},"4":{"start":{"line":8,"column":2},"end":{"line":8,"column":null}},"5":{"start":{"line":9,"column":2},"end":{"line":9,"column":null}},"6":{"start":{"line":10,"column":2},"end":{"line":10,"column":null}},"7":{"start":{"line":11,"column":2},"end":{"line":11,"column":null}},"8":{"start":{"line":12,"column":2},"end":{"line":12,"column":null}},"9":{"start":{"line":13,"column":2},"end":{"line":13,"column":null}},"10":{"start":{"line":14,"column":2},"end":{"line":14,"column":null}}},"fnMap":{"0":{"name":"(anonymous_0)","decl":{"start":{"line":4,"column":0},"end":{"line":4,"column":12}},"loc":{"start":{"line":4,"column":30},"end":{"line":15,"column":1}}}},"branchMap":{"0":{"loc":{"start":{"line":4,"column":12},"end":{"line":4,"column":null}},"type":"binary-expr","locations":[{"start":{"line":4,"column":12},"end":{"line":4,"column":30}},{"start":{"line":4,"column":30},"end":{"line":4,"column":null}}]}},"s":{"0":1,"1":1,"2":1,"3":1,"4":1,"5":1,"6":1,"7":1,"8":1,"9":1,"10":1},"f":{"0":1},"b":{"0":[1,1]}}
,"/Users/heartofgold/Documents/Cursor Projects/cursor-auto-rules-agile-workflow/server/src/models/Country.ts": {"path":"/Users/heartofgold/Documents/Cursor Projects/cursor-auto-rules-agile-workflow/server/src/models/Country.ts","statementMap":{"0":{"start":{"line":4,"column":0},"end":{"line":4,"column":null}},"1":{"start":{"line":5,"column":2},"end":{"line":5,"column":null}},"2":{"start":{"line":6,"column":2},"end":{"line":6,"column":null}},"3":{"start":{"line":7,"column":2},"end":{"line":7,"column":null}},"4":{"start":{"line":8,"column":2},"end":{"line":8,"column":null}},"5":{"start":{"line":9,"column":2},"end":{"line":9,"column":null}},"6":{"start":{"line":10,"column":2},"end":{"line":10,"column":null}}},"fnMap":{"0":{"name":"(anonymous_0)","decl":{"start":{"line":4,"column":0},"end":{"line":4,"column":12}},"loc":{"start":{"line":4,"column":19},"end":{"line":11,"column":1}}}},"branchMap":{"0":{"loc":{"start":{"line":4,"column":12},"end":{"line":4,"column":null}},"type":"binary-expr","locations":[{"start":{"line":4,"column":12},"end":{"line":4,"column":19}},{"start":{"line":4,"column":19},"end":{"line":4,"column":null}}]}},"s":{"0":1,"1":1,"2":1,"3":1,"4":1,"5":1,"6":1},"f":{"0":1},"b":{"0":[1,1]}}
,"/Users/heartofgold/Documents/Cursor Projects/cursor-auto-rules-agile-workflow/server/src/models/DisciplineType.ts": {"path":"/Users/heartofgold/Documents/Cursor Projects/cursor-auto-rules-agile-workflow/server/src/models/DisciplineType.ts","statementMap":{"0":{"start":{"line":4,"column":0},"end":{"line":4,"column":null}},"1":{"start":{"line":5,"column":2},"end":{"line":5,"column":null}},"2":{"start":{"line":6,"column":2},"end":{"line":6,"column":null}},"3":{"start":{"line":7,"column":2},"end":{"line":7,"column":null}},"4":{"start":{"line":8,"column":2},"end":{"line":8,"column":null}},"5":{"start":{"line":9,"column":2},"end":{"line":9,"column":null}},"6":{"start":{"line":10,"column":2},"end":{"line":10,"column":null}},"7":{"start":{"line":11,"column":2},"end":{"line":11,"column":null}},"8":{"start":{"line":12,"column":2},"end":{"line":12,"column":null}},"9":{"start":{"line":13,"column":2},"end":{"line":13,"column":null}},"10":{"start":{"line":14,"column":2},"end":{"line":14,"column":null}}},"fnMap":{"0":{"name":"(anonymous_0)","decl":{"start":{"line":4,"column":0},"end":{"line":4,"column":12}},"loc":{"start":{"line":4,"column":26},"end":{"line":15,"column":1}}}},"branchMap":{"0":{"loc":{"start":{"line":4,"column":12},"end":{"line":4,"column":null}},"type":"binary-expr","locations":[{"start":{"line":4,"column":12},"end":{"line":4,"column":26}},{"start":{"line":4,"column":26},"end":{"line":4,"column":null}}]}},"s":{"0":1,"1":1,"2":1,"3":1,"4":1,"5":1,"6":1,"7":1,"8":1,"9":1,"10":1},"f":{"0":1},"b":{"0":[1,1]}}
,"/Users/heartofgold/Documents/Cursor Projects/cursor-auto-rules-agile-workflow/server/src/models/PracticeSize.ts": {"path":"/Users/heartofgold/Documents/Cursor Projects/cursor-auto-rules-agile-workflow/server/src/models/PracticeSize.ts","statementMap":{"0":{"start":{"line":4,"column":0},"end":{"line":4,"column":null}},"1":{"start":{"line":5,"column":2},"end":{"line":5,"column":null}},"2":{"start":{"line":6,"column":2},"end":{"line":6,"column":null}},"3":{"start":{"line":7,"column":2},"end":{"line":7,"column":null}},"4":{"start":{"line":8,"column":2},"end":{"line":8,"column":null}},"5":{"start":{"line":9,"column":2},"end":{"line":9,"column":null}}},"fnMap":{"0":{"name":"(anonymous_0)","decl":{"start":{"line":4,"column":0},"end":{"line":4,"column":12}},"loc":{"start":{"line":4,"column":24},"end":{"line":10,"column":1}}}},"branchMap":{"0":{"loc":{"start":{"line":4,"column":12},"end":{"line":4,"column":null}},"type":"binary-expr","locations":[{"start":{"line":4,"column":12},"end":{"line":4,"column":24}},{"start":{"line":4,"column":24},"end":{"line":4,"column":null}}]}},"s":{"0":1,"1":1,"2":1,"3":1,"4":1,"5":1},"f":{"0":1},"b":{"0":[1,1]}}
,"/Users/heartofgold/Documents/Cursor Projects/cursor-auto-rules-agile-workflow/server/src/models/QuestionType.ts": {"path":"/Users/heartofgold/Documents/Cursor Projects/cursor-auto-rules-agile-workflow/server/src/models/QuestionType.ts","statementMap":{"0":{"start":{"line":4,"column":0},"end":{"line":4,"column":null}},"1":{"start":{"line":5,"column":2},"end":{"line":5,"column":null}},"2":{"start":{"line":6,"column":2},"end":{"line":6,"column":null}},"3":{"start":{"line":7,"column":2},"end":{"line":7,"column":null}},"4":{"start":{"line":8,"column":2},"end":{"line":8,"column":null}},"5":{"start":{"line":9,"column":2},"end":{"line":9,"column":null}},"6":{"start":{"line":10,"column":2},"end":{"line":10,"column":null}}},"fnMap":{"0":{"name":"(anonymous_0)","decl":{"start":{"line":4,"column":0},"end":{"line":4,"column":12}},"loc":{"start":{"line":4,"column":24},"end":{"line":11,"column":1}}}},"branchMap":{"0":{"loc":{"start":{"line":4,"column":12},"end":{"line":4,"column":null}},"type":"binary-expr","locations":[{"start":{"line":4,"column":12},"end":{"line":4,"column":24}},{"start":{"line":4,"column":24},"end":{"line":4,"column":null}}]}},"s":{"0":1,"1":1,"2":1,"3":1,"4":1,"5":1,"6":1},"f":{"0":1},"b":{"0":[1,1]}}
,"/Users/heartofgold/Documents/Cursor Projects/cursor-auto-rules-agile-workflow/server/src/models/SOPType.ts": {"path":"/Users/heartofgold/Documents/Cursor Projects/cursor-auto-rules-agile-workflow/server/src/models/SOPType.ts","statementMap":{"0":{"start":{"line":4,"column":0},"end":{"line":4,"column":null}},"1":{"start":{"line":5,"column":2},"end":{"line":5,"column":null}},"2":{"start":{"line":6,"column":2},"end":{"line":6,"column":null}},"3":{"start":{"line":7,"column":2},"end":{"line":7,"column":null}},"4":{"start":{"line":8,"column":2},"end":{"line":8,"column":null}},"5":{"start":{"line":9,"column":2},"end":{"line":9,"column":null}},"6":{"start":{"line":10,"column":2},"end":{"line":10,"column":null}},"7":{"start":{"line":11,"column":2},"end":{"line":11,"column":null}},"8":{"start":{"line":12,"column":2},"end":{"line":12,"column":null}},"9":{"start":{"line":13,"column":2},"end":{"line":13,"column":null}}},"fnMap":{"0":{"name":"(anonymous_0)","decl":{"start":{"line":4,"column":0},"end":{"line":4,"column":12}},"loc":{"start":{"line":4,"column":19},"end":{"line":14,"column":1}}}},"branchMap":{"0":{"loc":{"start":{"line":4,"column":12},"end":{"line":4,"column":null}},"type":"binary-expr","locations":[{"start":{"line":4,"column":12},"end":{"line":4,"column":19}},{"start":{"line":4,"column":19},"end":{"line":4,"column":null}}]}},"s":{"0":1,"1":1,"2":1,"3":1,"4":1,"5":1,"6":1,"7":1,"8":1,"9":1},"f":{"0":1},"b":{"0":[1,1]}}
,"/Users/heartofgold/Documents/Cursor Projects/cursor-auto-rules-agile-workflow/server/src/models/ScorePosition.ts": {"path":"/Users/heartofgold/Documents/Cursor Projects/cursor-auto-rules-agile-workflow/server/src/models/ScorePosition.ts","statementMap":{"0":{"start":{"line":4,"column":0},"end":{"line":4,"column":null}},"1":{"start":{"line":5,"column":2},"end":{"line":5,"column":null}},"2":{"start":{"line":6,"column":2},"end":{"line":6,"column":null}},"3":{"start":{"line":7,"column":2},"end":{"line":7,"column":null}},"4":{"start":{"line":8,"column":2},"end":{"line":8,"column":null}},"5":{"start":{"line":9,"column":2},"end":{"line":9,"column":null}}},"fnMap":{"0":{"name":"(anonymous_0)","decl":{"start":{"line":4,"column":0},"end":{"line":4,"column":12}},"loc":{"start":{"line":4,"column":25},"end":{"line":10,"column":1}}}},"branchMap":{"0":{"loc":{"start":{"line":4,"column":12},"end":{"line":4,"column":null}},"type":"binary-expr","locations":[{"start":{"line":4,"column":12},"end":{"line":4,"column":25}},{"start":{"line":4,"column":25},"end":{"line":4,"column":null}}]}},"s":{"0":1,"1":1,"2":1,"3":1,"4":1,"5":1},"f":{"0":1},"b":{"0":[1,1]}}
,"/Users/heartofgold/Documents/Cursor Projects/cursor-auto-rules-agile-workflow/server/src/services/QuestionService.ts": {"path":"/Users/heartofgold/Documents/Cursor Projects/cursor-auto-rules-agile-workflow/server/src/services/QuestionService.ts","statementMap":{"0":{"start":{"line":2,"column":0},"end":{"line":2,"column":54}},"1":{"start":{"line":3,"column":0},"end":{"line":3,"column":66}},"2":{"start":{"line":12,"column":10},"end":{"line":12,"column":37}},"3":{"start":{"line":19,"column":4},"end":{"line":19,"column":36}},"4":{"start":{"line":22,"column":4},"end":{"line":22,"column":34}},"5":{"start":{"line":23,"column":4},"end":{"line":23,"column":20}},"6":{"start":{"line":30,"column":4},"end":{"line":30,"column":67}},"7":{"start":{"line":30,"column":34},"end":{"line":30,"column":65}},"8":{"start":{"line":31,"column":4},"end":{"line":31,"column":38}},"9":{"start":{"line":32,"column":4},"end":{"line":32,"column":21}},"10":{"start":{"line":39,"column":4},"end":{"line":39,"column":26}},"11":{"start":{"line":46,"column":4},"end":{"line":46,"column":63}},"12":{"start":{"line":46,"column":43},"end":{"line":46,"column":61}},"13":{"start":{"line":53,"column":4},"end":{"line":53,"column":77}},"14":{"start":{"line":53,"column":45},"end":{"line":53,"column":75}},"15":{"start":{"line":60,"column":4},"end":{"line":60,"column":77}},"16":{"start":{"line":60,"column":45},"end":{"line":60,"column":75}},"17":{"start":{"line":67,"column":4},"end":{"line":70,"column":6}},"18":{"start":{"line":68,"column":6},"end":{"line":69,"column":57}},"19":{"start":{"line":77,"column":4},"end":{"line":79,"column":6}},"20":{"start":{"line":78,"column":6},"end":{"line":78,"column":61}},"21":{"start":{"line":86,"column":4},"end":{"line":86,"column":69}},"22":{"start":{"line":86,"column":45},"end":{"line":86,"column":67}},"23":{"start":{"line":99,"column":4},"end":{"line":119,"column":7}},"24":{"start":{"line":101,"column":26},"end":{"line":101,"column":69}},"25":{"start":{"line":104,"column":30},"end":{"line":106,"column":59}},"26":{"start":{"line":109,"column":32},"end":{"line":110,"column":63}},"27":{"start":{"line":113,"column":28},"end":{"line":113,"column":71}},"28":{"start":{"line":116,"column":24},"end":{"line":116,"column":71}},"29":{"start":{"line":118,"column":6},"end":{"line":118,"column":95}},"30":{"start":{"line":127,"column":4},"end":{"line":137,"column":5}},"31":{"start":{"line":128,"column":33},"end":{"line":128,"column":72}},"32":{"start":{"line":130,"column":6},"end":{"line":136,"column":8}},"33":{"start":{"line":140,"column":4},"end":{"line":140,"column":20}},"34":{"start":{"line":148,"column":4},"end":{"line":157,"column":5}},"35":{"start":{"line":149,"column":30},"end":{"line":149,"column":63}},"36":{"start":{"line":151,"column":6},"end":{"line":156,"column":8}},"37":{"start":{"line":160,"column":4},"end":{"line":160,"column":20}},"38":{"start":{"line":168,"column":4},"end":{"line":170,"column":5}},"39":{"start":{"line":169,"column":6},"end":{"line":169,"column":67}},"40":{"start":{"line":173,"column":4},"end":{"line":175,"column":5}},"41":{"start":{"line":174,"column":6},"end":{"line":174,"column":57}},"42":{"start":{"line":178,"column":4},"end":{"line":180,"column":5}},"43":{"start":{"line":179,"column":6},"end":{"line":179,"column":61}},"44":{"start":{"line":183,"column":4},"end":{"line":185,"column":5}},"45":{"start":{"line":184,"column":6},"end":{"line":184,"column":79}},"46":{"start":{"line":188,"column":4},"end":{"line":190,"column":5}},"47":{"start":{"line":189,"column":6},"end":{"line":189,"column":82}},"48":{"start":{"line":193,"column":4},"end":{"line":197,"column":5}},"49":{"start":{"line":194,"column":6},"end":{"line":196,"column":7}},"50":{"start":{"line":195,"column":8},"end":{"line":195,"column":84}},"51":{"start":{"line":199,"column":4},"end":{"line":207,"column":5}},"52":{"start":{"line":200,"column":6},"end":{"line":202,"column":7}},"53":{"start":{"line":201,"column":8},"end":{"line":201,"column":85}},"54":{"start":{"line":204,"column":6},"end":{"line":206,"column":7}},"55":{"start":{"line":205,"column":8},"end":{"line":205,"column":80}},"56":{"start":{"line":210,"column":4},"end":{"line":212,"column":5}},"57":{"start":{"line":211,"column":6},"end":{"line":211,"column":66}},"58":{"start":{"line":11,"column":0},"end":{"line":11,"column":13}}},"fnMap":{"0":{"name":"(anonymous_0)","decl":{"start":{"line":11,"column":0},"end":{"line":11,"column":13}},"loc":{"start":{"line":11,"column":0},"end":{"line":214,"column":1}}},"1":{"name":"(anonymous_1)","decl":{"start":{"line":17,"column":2},"end":{"line":17,"column":16}},"loc":{"start":{"line":17,"column":35},"end":{"line":24,"column":3}}},"2":{"name":"(anonymous_2)","decl":{"start":{"line":29,"column":2},"end":{"line":29,"column":14}},"loc":{"start":{"line":29,"column":36},"end":{"line":33,"column":3}}},"3":{"name":"(anonymous_3)","decl":{"start":{"line":30,"column":22},"end":{"line":30,"column":30}},"loc":{"start":{"line":30,"column":34},"end":{"line":30,"column":65}}},"4":{"name":"(anonymous_4)","decl":{"start":{"line":38,"column":2},"end":{"line":38,"column":17}},"loc":{"start":{"line":38,"column":17},"end":{"line":40,"column":3}}},"5":{"name":"(anonymous_5)","decl":{"start":{"line":45,"column":2},"end":{"line":45,"column":17}},"loc":{"start":{"line":45,"column":28},"end":{"line":47,"column":3}}},"6":{"name":"(anonymous_6)","decl":{"start":{"line":46,"column":31},"end":{"line":46,"column":39}},"loc":{"start":{"line":46,"column":43},"end":{"line":46,"column":61}}},"7":{"name":"(anonymous_7)","decl":{"start":{"line":52,"column":2},"end":{"line":52,"column":24}},"loc":{"start":{"line":52,"column":53},"end":{"line":54,"column":3}}},"8":{"name":"(anonymous_8)","decl":{"start":{"line":53,"column":33},"end":{"line":53,"column":41}},"loc":{"start":{"line":53,"column":45},"end":{"line":53,"column":75}}},"9":{"name":"(anonymous_9)","decl":{"start":{"line":59,"column":2},"end":{"line":59,"column":22}},"loc":{"start":{"line":59,"column":39},"end":{"line":61,"column":3}}},"10":{"name":"(anonymous_10)","decl":{"start":{"line":60,"column":33},"end":{"line":60,"column":41}},"loc":{"start":{"line":60,"column":45},"end":{"line":60,"column":75}}},"11":{"name":"(anonymous_11)","decl":{"start":{"line":66,"column":2},"end":{"line":66,"column":26}},"loc":{"start":{"line":66,"column":53},"end":{"line":71,"column":3}}},"12":{"name":"(anonymous_12)","decl":{"start":{"line":67,"column":33},"end":{"line":67,"column":41}},"loc":{"start":{"line":68,"column":6},"end":{"line":69,"column":57}}},"13":{"name":"(anonymous_13)","decl":{"start":{"line":76,"column":2},"end":{"line":76,"column":28}},"loc":{"start":{"line":76,"column":55},"end":{"line":80,"column":3}}},"14":{"name":"(anonymous_14)","decl":{"start":{"line":77,"column":33},"end":{"line":77,"column":41}},"loc":{"start":{"line":78,"column":6},"end":{"line":78,"column":61}}},"15":{"name":"(anonymous_15)","decl":{"start":{"line":85,"column":2},"end":{"line":85,"column":20}},"loc":{"start":{"line":85,"column":39},"end":{"line":87,"column":3}}},"16":{"name":"(anonymous_16)","decl":{"start":{"line":86,"column":33},"end":{"line":86,"column":41}},"loc":{"start":{"line":86,"column":45},"end":{"line":86,"column":67}}},"17":{"name":"(anonymous_17)","decl":{"start":{"line":92,"column":2},"end":{"line":92,"column":22}},"loc":{"start":{"line":97,"column":31},"end":{"line":120,"column":3}}},"18":{"name":"(anonymous_18)","decl":{"start":{"line":99,"column":33},"end":{"line":99,"column":41}},"loc":{"start":{"line":99,"column":44},"end":{"line":119,"column":5}}},"19":{"name":"(anonymous_19)","decl":{"start":{"line":125,"column":2},"end":{"line":125,"column":31}},"loc":{"start":{"line":125,"column":78},"end":{"line":141,"column":3}}},"20":{"name":"(anonymous_20)","decl":{"start":{"line":146,"column":2},"end":{"line":146,"column":28}},"loc":{"start":{"line":146,"column":65},"end":{"line":161,"column":3}}},"21":{"name":"(anonymous_21)","decl":{"start":{"line":166,"column":10},"end":{"line":166,"column":26}},"loc":{"start":{"line":166,"column":45},"end":{"line":213,"column":3}}}},"branchMap":{"0":{"loc":{"start":{"line":68,"column":6},"end":{"line":69,"column":57}},"type":"binary-expr","locations":[{"start":{"line":68,"column":6},"end":{"line":68,"column":32}},{"start":{"line":69,"column":6},"end":{"line":69,"column":57}}]},"1":{"loc":{"start":{"line":101,"column":26},"end":{"line":101,"column":69}},"type":"binary-expr","locations":[{"start":{"line":101,"column":26},"end":{"line":101,"column":35}},{"start":{"line":101,"column":39},"end":{"line":101,"column":69}}]},"2":{"loc":{"start":{"line":104,"column":30},"end":{"line":106,"column":59}},"type":"binary-expr","locations":[{"start":{"line":104,"column":30},"end":{"line":104,"column":41}},{"start":{"line":105,"column":8},"end":{"line":105,"column":34}},{"start":{"line":106,"column":8},"end":{"line":106,"column":59}}]},"3":{"loc":{"start":{"line":109,"column":32},"end":{"line":110,"column":63}},"type":"binary-expr","locations":[{"start":{"line":109,"column":32},"end":{"line":109,"column":45}},{"start":{"line":110,"column":8},"end":{"line":110,"column":63}}]},"4":{"loc":{"start":{"line":113,"column":28},"end":{"line":113,"column":71}},"type":"binary-expr","locations":[{"start":{"line":113,"column":28},"end":{"line":113,"column":37}},{"start":{"line":113,"column":41},"end":{"line":113,"column":71}}]},"5":{"loc":{"start":{"line":116,"column":24},"end":{"line":116,"column":71}},"type":"binary-expr","locations":[{"start":{"line":116,"column":24},"end":{"line":116,"column":37}},{"start":{"line":116,"column":41},"end":{"line":116,"column":71}}]},"6":{"loc":{"start":{"line":118,"column":13},"end":{"line":118,"column":94}},"type":"binary-expr","locations":[{"start":{"line":118,"column":13},"end":{"line":118,"column":24}},{"start":{"line":118,"column":28},"end":{"line":118,"column":43}},{"start":{"line":118,"column":47},"end":{"line":118,"column":64}},{"start":{"line":118,"column":68},"end":{"line":118,"column":81}},{"start":{"line":118,"column":85},"end":{"line":118,"column":94}}]},"7":{"loc":{"start":{"line":127,"column":4},"end":{"line":137,"column":5}},"type":"if","locations":[{"start":{"line":127,"column":4},"end":{"line":137,"column":5}}]},"8":{"loc":{"start":{"line":127,"column":8},"end":{"line":127,"column":78}},"type":"binary-expr","locations":[{"start":{"line":127,"column":8},"end":{"line":127,"column":35}},{"start":{"line":127,"column":39},"end":{"line":127,"column":78}}]},"9":{"loc":{"start":{"line":132,"column":14},"end":{"line":132,"column":54}},"type":"binary-expr","locations":[{"start":{"line":132,"column":14},"end":{"line":132,"column":37}},{"start":{"line":132,"column":41},"end":{"line":132,"column":54}}]},"10":{"loc":{"start":{"line":133,"column":16},"end":{"line":133,"column":60}},"type":"binary-expr","locations":[{"start":{"line":133,"column":16},"end":{"line":133,"column":41}},{"start":{"line":133,"column":45},"end":{"line":133,"column":60}}]},"11":{"loc":{"start":{"line":134,"column":17},"end":{"line":134,"column":63}},"type":"binary-expr","locations":[{"start":{"line":134,"column":17},"end":{"line":134,"column":43}},{"start":{"line":134,"column":47},"end":{"line":134,"column":63}}]},"12":{"loc":{"start":{"line":135,"column":18},"end":{"line":135,"column":66}},"type":"binary-expr","locations":[{"start":{"line":135,"column":18},"end":{"line":135,"column":45}},{"start":{"line":135,"column":49},"end":{"line":135,"column":66}}]},"13":{"loc":{"start":{"line":148,"column":4},"end":{"line":157,"column":5}},"type":"if","locations":[{"start":{"line":148,"column":4},"end":{"line":157,"column":5}}]},"14":{"loc":{"start":{"line":148,"column":8},"end":{"line":148,"column":69}},"type":"binary-expr","locations":[{"start":{"line":148,"column":8},"end":{"line":148,"column":32}},{"start":{"line":148,"column":36},"end":{"line":148,"column":69}}]},"15":{"loc":{"start":{"line":153,"column":14},"end":{"line":153,"column":51}},"type":"binary-expr","locations":[{"start":{"line":153,"column":14},"end":{"line":153,"column":34}},{"start":{"line":153,"column":38},"end":{"line":153,"column":51}}]},"16":{"loc":{"start":{"line":154,"column":17},"end":{"line":154,"column":60}},"type":"binary-expr","locations":[{"start":{"line":154,"column":17},"end":{"line":154,"column":40}},{"start":{"line":154,"column":44},"end":{"line":154,"column":60}}]},"17":{"loc":{"start":{"line":155,"column":18},"end":{"line":155,"column":63}},"type":"binary-expr","locations":[{"start":{"line":155,"column":18},"end":{"line":155,"column":42}},{"start":{"line":155,"column":46},"end":{"line":155,"column":63}}]},"18":{"loc":{"start":{"line":168,"column":4},"end":{"line":170,"column":5}},"type":"if","locations":[{"start":{"line":168,"column":4},"end":{"line":170,"column":5}}]},"19":{"loc":{"start":{"line":168,"column":8},"end":{"line":168,"column":60}},"type":"binary-expr","locations":[{"start":{"line":168,"column":8},"end":{"line":168,"column":20}},{"start":{"line":168,"column":24},"end":{"line":168,"column":38}},{"start":{"line":168,"column":42},"end":{"line":168,"column":60}}]},"20":{"loc":{"start":{"line":173,"column":4},"end":{"line":175,"column":5}},"type":"if","locations":[{"start":{"line":173,"column":4},"end":{"line":175,"column":5}}]},"21":{"loc":{"start":{"line":178,"column":4},"end":{"line":180,"column":5}},"type":"if","locations":[{"start":{"line":178,"column":4},"end":{"line":180,"column":5}}]},"22":{"loc":{"start":{"line":183,"column":4},"end":{"line":185,"column":5}},"type":"if","locations":[{"start":{"line":183,"column":4},"end":{"line":185,"column":5}}]},"23":{"loc":{"start":{"line":183,"column":8},"end":{"line":183,"column":86}},"type":"binary-expr","locations":[{"start":{"line":183,"column":8},"end":{"line":183,"column":39}},{"start":{"line":183,"column":43},"end":{"line":183,"column":86}}]},"24":{"loc":{"start":{"line":188,"column":4},"end":{"line":190,"column":5}},"type":"if","locations":[{"start":{"line":188,"column":4},"end":{"line":190,"column":5}}]},"25":{"loc":{"start":{"line":188,"column":8},"end":{"line":188,"column":90}},"type":"binary-expr","locations":[{"start":{"line":188,"column":8},"end":{"line":188,"column":41}},{"start":{"line":188,"column":45},"end":{"line":188,"column":90}}]},"26":{"loc":{"start":{"line":193,"column":4},"end":{"line":197,"column":5}},"type":"if","locations":[{"start":{"line":193,"column":4},"end":{"line":197,"column":5}}]},"27":{"loc":{"start":{"line":194,"column":6},"end":{"line":196,"column":7}},"type":"if","locations":[{"start":{"line":194,"column":6},"end":{"line":196,"column":7}}]},"28":{"loc":{"start":{"line":194,"column":10},"end":{"line":194,"column":58}},"type":"binary-expr","locations":[{"start":{"line":194,"column":10},"end":{"line":194,"column":27}},{"start":{"line":194,"column":31},"end":{"line":194,"column":58}}]},"29":{"loc":{"start":{"line":199,"column":4},"end":{"line":207,"column":5}},"type":"if","locations":[{"start":{"line":199,"column":4},"end":{"line":207,"column":5}}]},"30":{"loc":{"start":{"line":200,"column":6},"end":{"line":202,"column":7}},"type":"if","locations":[{"start":{"line":200,"column":6},"end":{"line":202,"column":7}}]},"31":{"loc":{"start":{"line":200,"column":10},"end":{"line":200,"column":76}},"type":"binary-expr","locations":[{"start":{"line":200,"column":10},"end":{"line":200,"column":41}},{"start":{"line":200,"column":45},"end":{"line":200,"column":76}}]},"32":{"loc":{"start":{"line":204,"column":6},"end":{"line":206,"column":7}},"type":"if","locations":[{"start":{"line":204,"column":6},"end":{"line":206,"column":7}}]},"33":{"loc":{"start":{"line":210,"column":4},"end":{"line":212,"column":5}},"type":"if","locations":[{"start":{"line":210,"column":4},"end":{"line":212,"column":5}}]},"34":{"loc":{"start":{"line":210,"column":8},"end":{"line":210,"column":51}},"type":"binary-expr","locations":[{"start":{"line":210,"column":8},"end":{"line":210,"column":27}},{"start":{"line":210,"column":31},"end":{"line":210,"column":51}}]}},"s":{"0":1,"1":1,"2":1,"3":0,"4":0,"5":0,"6":1,"7":216,"8":1,"9":1,"10":0,"11":98,"12":6116,"13":120,"14":25920,"15":0,"16":0,"17":0,"18":0,"19":0,"20":0,"21":0,"22":0,"23":0,"24":0,"25":0,"26":0,"27":0,"28":0,"29":0,"30":0,"31":0,"32":0,"33":0,"34":0,"35":0,"36":0,"37":0,"38":216,"39":0,"40":216,"41":0,"42":216,"43":0,"44":216,"45":0,"46":216,"47":0,"48":216,"49":172,"50":0,"51":216,"52":44,"53":0,"54":44,"55":0,"56":216,"57":0,"58":1},"f":{"0":1,"1":0,"2":1,"3":216,"4":0,"5":98,"6":6116,"7":120,"8":25920,"9":0,"10":0,"11":0,"12":0,"13":0,"14":0,"15":0,"16":0,"17":0,"18":0,"19":0,"20":0,"21":216},"b":{"0":[0,0],"1":[0,0],"2":[0,0,0],"3":[0,0],"4":[0,0],"5":[0,0],"6":[0,0,0,0,0],"7":[0],"8":[0,0],"9":[0,0],"10":[0,0],"11":[0,0],"12":[0,0],"13":[0],"14":[0,0],"15":[0,0],"16":[0,0],"17":[0,0],"18":[0],"19":[216,216,216],"20":[0],"21":[0],"22":[0],"23":[216,216],"24":[0],"25":[216,216],"26":[172],"27":[0],"28":[172,172],"29":[44],"30":[0],"31":[44,44],"32":[0],"33":[0],"34":[216,216]}}
}
