{"/Users/heartofgold/Documents/Cursor Projects/cursor-auto-rules-agile-workflow/server/src/models/AssessmentCategory.ts": {"path":"/Users/heartofgold/Documents/Cursor Projects/cursor-auto-rules-agile-workflow/server/src/models/AssessmentCategory.ts","statementMap":{"0":{"start":{"line":4,"column":0},"end":{"line":4,"column":null}},"1":{"start":{"line":5,"column":2},"end":{"line":5,"column":null}},"2":{"start":{"line":6,"column":2},"end":{"line":6,"column":null}},"3":{"start":{"line":7,"column":2},"end":{"line":7,"column":null}},"4":{"start":{"line":8,"column":2},"end":{"line":8,"column":null}},"5":{"start":{"line":9,"column":2},"end":{"line":9,"column":null}},"6":{"start":{"line":10,"column":2},"end":{"line":10,"column":null}},"7":{"start":{"line":11,"column":2},"end":{"line":11,"column":null}},"8":{"start":{"line":12,"column":2},"end":{"line":12,"column":null}},"9":{"start":{"line":13,"column":2},"end":{"line":13,"column":null}},"10":{"start":{"line":14,"column":2},"end":{"line":14,"column":null}}},"fnMap":{"0":{"name":"(anonymous_0)","decl":{"start":{"line":4,"column":0},"end":{"line":4,"column":12}},"loc":{"start":{"line":4,"column":30},"end":{"line":15,"column":1}}}},"branchMap":{"0":{"loc":{"start":{"line":4,"column":12},"end":{"line":4,"column":null}},"type":"binary-expr","locations":[{"start":{"line":4,"column":12},"end":{"line":4,"column":30}},{"start":{"line":4,"column":30},"end":{"line":4,"column":null}}]}},"s":{"0":3,"1":3,"2":3,"3":3,"4":3,"5":3,"6":3,"7":3,"8":3,"9":3,"10":3},"f":{"0":3},"b":{"0":[3,3]}}
,"/Users/heartofgold/Documents/Cursor Projects/cursor-auto-rules-agile-workflow/server/src/models/Country.ts": {"path":"/Users/heartofgold/Documents/Cursor Projects/cursor-auto-rules-agile-workflow/server/src/models/Country.ts","statementMap":{"0":{"start":{"line":4,"column":0},"end":{"line":4,"column":null}},"1":{"start":{"line":5,"column":2},"end":{"line":5,"column":null}},"2":{"start":{"line":6,"column":2},"end":{"line":6,"column":null}},"3":{"start":{"line":7,"column":2},"end":{"line":7,"column":null}},"4":{"start":{"line":8,"column":2},"end":{"line":8,"column":null}},"5":{"start":{"line":9,"column":2},"end":{"line":9,"column":null}},"6":{"start":{"line":10,"column":2},"end":{"line":10,"column":null}}},"fnMap":{"0":{"name":"(anonymous_0)","decl":{"start":{"line":4,"column":0},"end":{"line":4,"column":12}},"loc":{"start":{"line":4,"column":19},"end":{"line":11,"column":1}}}},"branchMap":{"0":{"loc":{"start":{"line":4,"column":12},"end":{"line":4,"column":null}},"type":"binary-expr","locations":[{"start":{"line":4,"column":12},"end":{"line":4,"column":19}},{"start":{"line":4,"column":19},"end":{"line":4,"column":null}}]}},"s":{"0":1,"1":1,"2":1,"3":1,"4":1,"5":1,"6":1},"f":{"0":1},"b":{"0":[1,1]}}
,"/Users/heartofgold/Documents/Cursor Projects/cursor-auto-rules-agile-workflow/server/src/models/DisciplineType.ts": {"path":"/Users/heartofgold/Documents/Cursor Projects/cursor-auto-rules-agile-workflow/server/src/models/DisciplineType.ts","statementMap":{"0":{"start":{"line":4,"column":0},"end":{"line":4,"column":null}},"1":{"start":{"line":5,"column":2},"end":{"line":5,"column":null}},"2":{"start":{"line":6,"column":2},"end":{"line":6,"column":null}},"3":{"start":{"line":7,"column":2},"end":{"line":7,"column":null}},"4":{"start":{"line":8,"column":2},"end":{"line":8,"column":null}},"5":{"start":{"line":9,"column":2},"end":{"line":9,"column":null}},"6":{"start":{"line":10,"column":2},"end":{"line":10,"column":null}},"7":{"start":{"line":11,"column":2},"end":{"line":11,"column":null}},"8":{"start":{"line":12,"column":2},"end":{"line":12,"column":null}},"9":{"start":{"line":13,"column":2},"end":{"line":13,"column":null}},"10":{"start":{"line":14,"column":2},"end":{"line":14,"column":null}}},"fnMap":{"0":{"name":"(anonymous_0)","decl":{"start":{"line":4,"column":0},"end":{"line":4,"column":12}},"loc":{"start":{"line":4,"column":26},"end":{"line":15,"column":1}}}},"branchMap":{"0":{"loc":{"start":{"line":4,"column":12},"end":{"line":4,"column":null}},"type":"binary-expr","locations":[{"start":{"line":4,"column":12},"end":{"line":4,"column":26}},{"start":{"line":4,"column":26},"end":{"line":4,"column":null}}]}},"s":{"0":2,"1":2,"2":2,"3":2,"4":2,"5":2,"6":2,"7":2,"8":2,"9":2,"10":2},"f":{"0":2},"b":{"0":[2,2]}}
,"/Users/heartofgold/Documents/Cursor Projects/cursor-auto-rules-agile-workflow/server/src/models/PracticeSize.ts": {"path":"/Users/heartofgold/Documents/Cursor Projects/cursor-auto-rules-agile-workflow/server/src/models/PracticeSize.ts","statementMap":{"0":{"start":{"line":4,"column":0},"end":{"line":4,"column":null}},"1":{"start":{"line":5,"column":2},"end":{"line":5,"column":null}},"2":{"start":{"line":6,"column":2},"end":{"line":6,"column":null}},"3":{"start":{"line":7,"column":2},"end":{"line":7,"column":null}},"4":{"start":{"line":8,"column":2},"end":{"line":8,"column":null}},"5":{"start":{"line":9,"column":2},"end":{"line":9,"column":null}}},"fnMap":{"0":{"name":"(anonymous_0)","decl":{"start":{"line":4,"column":0},"end":{"line":4,"column":12}},"loc":{"start":{"line":4,"column":24},"end":{"line":10,"column":1}}}},"branchMap":{"0":{"loc":{"start":{"line":4,"column":12},"end":{"line":4,"column":null}},"type":"binary-expr","locations":[{"start":{"line":4,"column":12},"end":{"line":4,"column":24}},{"start":{"line":4,"column":24},"end":{"line":4,"column":null}}]}},"s":{"0":1,"1":1,"2":1,"3":1,"4":1,"5":1},"f":{"0":1},"b":{"0":[1,1]}}
,"/Users/heartofgold/Documents/Cursor Projects/cursor-auto-rules-agile-workflow/server/src/models/SOPType.ts": {"path":"/Users/heartofgold/Documents/Cursor Projects/cursor-auto-rules-agile-workflow/server/src/models/SOPType.ts","statementMap":{"0":{"start":{"line":4,"column":0},"end":{"line":4,"column":null}},"1":{"start":{"line":5,"column":2},"end":{"line":5,"column":null}},"2":{"start":{"line":6,"column":2},"end":{"line":6,"column":null}},"3":{"start":{"line":7,"column":2},"end":{"line":7,"column":null}},"4":{"start":{"line":8,"column":2},"end":{"line":8,"column":null}},"5":{"start":{"line":9,"column":2},"end":{"line":9,"column":null}},"6":{"start":{"line":10,"column":2},"end":{"line":10,"column":null}},"7":{"start":{"line":11,"column":2},"end":{"line":11,"column":null}},"8":{"start":{"line":12,"column":2},"end":{"line":12,"column":null}},"9":{"start":{"line":13,"column":2},"end":{"line":13,"column":null}}},"fnMap":{"0":{"name":"(anonymous_0)","decl":{"start":{"line":4,"column":0},"end":{"line":4,"column":12}},"loc":{"start":{"line":4,"column":19},"end":{"line":14,"column":1}}}},"branchMap":{"0":{"loc":{"start":{"line":4,"column":12},"end":{"line":4,"column":null}},"type":"binary-expr","locations":[{"start":{"line":4,"column":12},"end":{"line":4,"column":19}},{"start":{"line":4,"column":19},"end":{"line":4,"column":null}}]}},"s":{"0":1,"1":1,"2":1,"3":1,"4":1,"5":1,"6":1,"7":1,"8":1,"9":1},"f":{"0":1},"b":{"0":[1,1]}}
,"/Users/heartofgold/Documents/Cursor Projects/cursor-auto-rules-agile-workflow/server/src/models/ScorePosition.ts": {"path":"/Users/heartofgold/Documents/Cursor Projects/cursor-auto-rules-agile-workflow/server/src/models/ScorePosition.ts","statementMap":{"0":{"start":{"line":4,"column":0},"end":{"line":4,"column":null}},"1":{"start":{"line":5,"column":2},"end":{"line":5,"column":null}},"2":{"start":{"line":6,"column":2},"end":{"line":6,"column":null}},"3":{"start":{"line":7,"column":2},"end":{"line":7,"column":null}},"4":{"start":{"line":8,"column":2},"end":{"line":8,"column":null}},"5":{"start":{"line":9,"column":2},"end":{"line":9,"column":null}}},"fnMap":{"0":{"name":"(anonymous_0)","decl":{"start":{"line":4,"column":0},"end":{"line":4,"column":12}},"loc":{"start":{"line":4,"column":25},"end":{"line":10,"column":1}}}},"branchMap":{"0":{"loc":{"start":{"line":4,"column":12},"end":{"line":4,"column":null}},"type":"binary-expr","locations":[{"start":{"line":4,"column":12},"end":{"line":4,"column":25}},{"start":{"line":4,"column":25},"end":{"line":4,"column":null}}]}},"s":{"0":1,"1":1,"2":1,"3":1,"4":1,"5":1},"f":{"0":1},"b":{"0":[1,1]}}
,"/Users/heartofgold/Documents/Cursor Projects/cursor-auto-rules-agile-workflow/server/src/services/ModuleService.ts": {"path":"/Users/heartofgold/Documents/Cursor Projects/cursor-auto-rules-agile-workflow/server/src/services/ModuleService.ts","statementMap":{"0":{"start":{"line":5,"column":0},"end":{"line":5,"column":66}},"1":{"start":{"line":11,"column":10},"end":{"line":11,"column":33}},"2":{"start":{"line":18,"column":4},"end":{"line":18,"column":32}},"3":{"start":{"line":21,"column":4},"end":{"line":21,"column":30}},"4":{"start":{"line":22,"column":4},"end":{"line":22,"column":18}},"5":{"start":{"line":29,"column":4},"end":{"line":29,"column":24}},"6":{"start":{"line":36,"column":4},"end":{"line":36,"column":57}},"7":{"start":{"line":36,"column":39},"end":{"line":36,"column":55}},"8":{"start":{"line":43,"column":4},"end":{"line":43,"column":71}},"9":{"start":{"line":43,"column":41},"end":{"line":43,"column":69}},"10":{"start":{"line":50,"column":4},"end":{"line":53,"column":6}},"11":{"start":{"line":51,"column":6},"end":{"line":52,"column":55}},"12":{"start":{"line":60,"column":4},"end":{"line":62,"column":6}},"13":{"start":{"line":61,"column":6},"end":{"line":61,"column":59}},"14":{"start":{"line":74,"column":4},"end":{"line":88,"column":7}},"15":{"start":{"line":76,"column":30},"end":{"line":78,"column":57}},"16":{"start":{"line":81,"column":32},"end":{"line":82,"column":61}},"17":{"start":{"line":85,"column":28},"end":{"line":85,"column":69}},"18":{"start":{"line":87,"column":6},"end":{"line":87,"column":67}},"19":{"start":{"line":96,"column":4},"end":{"line":98,"column":5}},"20":{"start":{"line":97,"column":6},"end":{"line":97,"column":68}},"21":{"start":{"line":101,"column":4},"end":{"line":103,"column":5}},"22":{"start":{"line":102,"column":6},"end":{"line":102,"column":59}},"23":{"start":{"line":106,"column":4},"end":{"line":108,"column":5}},"24":{"start":{"line":107,"column":6},"end":{"line":107,"column":77}},"25":{"start":{"line":111,"column":4},"end":{"line":113,"column":5}},"26":{"start":{"line":112,"column":6},"end":{"line":112,"column":80}},"27":{"start":{"line":116,"column":4},"end":{"line":122,"column":5}},"28":{"start":{"line":121,"column":6},"end":{"line":121,"column":120}},"29":{"start":{"line":130,"column":4},"end":{"line":140,"column":5}},"30":{"start":{"line":131,"column":33},"end":{"line":131,"column":70}},"31":{"start":{"line":133,"column":6},"end":{"line":139,"column":8}},"32":{"start":{"line":143,"column":4},"end":{"line":143,"column":18}},"33":{"start":{"line":151,"column":4},"end":{"line":158,"column":5}},"34":{"start":{"line":152,"column":30},"end":{"line":152,"column":61}},"35":{"start":{"line":154,"column":6},"end":{"line":157,"column":8}},"36":{"start":{"line":161,"column":4},"end":{"line":161,"column":18}},"37":{"start":{"line":10,"column":0},"end":{"line":10,"column":13}}},"fnMap":{"0":{"name":"(anonymous_0)","decl":{"start":{"line":10,"column":0},"end":{"line":10,"column":13}},"loc":{"start":{"line":10,"column":0},"end":{"line":163,"column":1}}},"1":{"name":"(anonymous_1)","decl":{"start":{"line":16,"column":2},"end":{"line":16,"column":14}},"loc":{"start":{"line":16,"column":29},"end":{"line":23,"column":3}}},"2":{"name":"(anonymous_2)","decl":{"start":{"line":28,"column":2},"end":{"line":28,"column":15}},"loc":{"start":{"line":28,"column":15},"end":{"line":30,"column":3}}},"3":{"name":"(anonymous_3)","decl":{"start":{"line":35,"column":2},"end":{"line":35,"column":15}},"loc":{"start":{"line":35,"column":26},"end":{"line":37,"column":3}}},"4":{"name":"(anonymous_4)","decl":{"start":{"line":36,"column":29},"end":{"line":36,"column":35}},"loc":{"start":{"line":36,"column":39},"end":{"line":36,"column":55}}},"5":{"name":"(anonymous_5)","decl":{"start":{"line":42,"column":2},"end":{"line":42,"column":22}},"loc":{"start":{"line":42,"column":51},"end":{"line":44,"column":3}}},"6":{"name":"(anonymous_6)","decl":{"start":{"line":43,"column":31},"end":{"line":43,"column":37}},"loc":{"start":{"line":43,"column":41},"end":{"line":43,"column":69}}},"7":{"name":"(anonymous_7)","decl":{"start":{"line":49,"column":2},"end":{"line":49,"column":24}},"loc":{"start":{"line":49,"column":51},"end":{"line":54,"column":3}}},"8":{"name":"(anonymous_8)","decl":{"start":{"line":50,"column":31},"end":{"line":50,"column":37}},"loc":{"start":{"line":51,"column":6},"end":{"line":52,"column":55}}},"9":{"name":"(anonymous_9)","decl":{"start":{"line":59,"column":2},"end":{"line":59,"column":26}},"loc":{"start":{"line":59,"column":53},"end":{"line":63,"column":3}}},"10":{"name":"(anonymous_10)","decl":{"start":{"line":60,"column":31},"end":{"line":60,"column":37}},"loc":{"start":{"line":61,"column":6},"end":{"line":61,"column":59}}},"11":{"name":"(anonymous_11)","decl":{"start":{"line":68,"column":2},"end":{"line":68,"column":20}},"loc":{"start":{"line":72,"column":33},"end":{"line":89,"column":3}}},"12":{"name":"(anonymous_12)","decl":{"start":{"line":74,"column":31},"end":{"line":74,"column":37}},"loc":{"start":{"line":74,"column":40},"end":{"line":88,"column":5}}},"13":{"name":"(anonymous_13)","decl":{"start":{"line":94,"column":10},"end":{"line":94,"column":24}},"loc":{"start":{"line":94,"column":39},"end":{"line":123,"column":3}}},"14":{"name":"(anonymous_14)","decl":{"start":{"line":128,"column":2},"end":{"line":128,"column":29}},"loc":{"start":{"line":128,"column":72},"end":{"line":144,"column":3}}},"15":{"name":"(anonymous_15)","decl":{"start":{"line":149,"column":2},"end":{"line":149,"column":26}},"loc":{"start":{"line":149,"column":59},"end":{"line":162,"column":3}}}},"branchMap":{"0":{"loc":{"start":{"line":51,"column":6},"end":{"line":52,"column":55}},"type":"binary-expr","locations":[{"start":{"line":51,"column":6},"end":{"line":51,"column":28}},{"start":{"line":52,"column":6},"end":{"line":52,"column":55}}]},"1":{"loc":{"start":{"line":76,"column":30},"end":{"line":78,"column":57}},"type":"binary-expr","locations":[{"start":{"line":76,"column":30},"end":{"line":76,"column":41}},{"start":{"line":77,"column":8},"end":{"line":77,"column":30}},{"start":{"line":78,"column":8},"end":{"line":78,"column":57}}]},"2":{"loc":{"start":{"line":81,"column":32},"end":{"line":82,"column":61}},"type":"binary-expr","locations":[{"start":{"line":81,"column":32},"end":{"line":81,"column":45}},{"start":{"line":82,"column":8},"end":{"line":82,"column":61}}]},"3":{"loc":{"start":{"line":85,"column":28},"end":{"line":85,"column":69}},"type":"binary-expr","locations":[{"start":{"line":85,"column":28},"end":{"line":85,"column":37}},{"start":{"line":85,"column":41},"end":{"line":85,"column":69}}]},"4":{"loc":{"start":{"line":87,"column":13},"end":{"line":87,"column":66}},"type":"binary-expr","locations":[{"start":{"line":87,"column":13},"end":{"line":87,"column":28}},{"start":{"line":87,"column":32},"end":{"line":87,"column":49}},{"start":{"line":87,"column":53},"end":{"line":87,"column":66}}]},"5":{"loc":{"start":{"line":96,"column":4},"end":{"line":98,"column":5}},"type":"if","locations":[{"start":{"line":96,"column":4},"end":{"line":98,"column":5}}]},"6":{"loc":{"start":{"line":96,"column":8},"end":{"line":96,"column":57}},"type":"binary-expr","locations":[{"start":{"line":96,"column":8},"end":{"line":96,"column":18}},{"start":{"line":96,"column":22},"end":{"line":96,"column":34}},{"start":{"line":96,"column":38},"end":{"line":96,"column":57}}]},"7":{"loc":{"start":{"line":101,"column":4},"end":{"line":103,"column":5}},"type":"if","locations":[{"start":{"line":101,"column":4},"end":{"line":103,"column":5}}]},"8":{"loc":{"start":{"line":106,"column":4},"end":{"line":108,"column":5}},"type":"if","locations":[{"start":{"line":106,"column":4},"end":{"line":108,"column":5}}]},"9":{"loc":{"start":{"line":106,"column":8},"end":{"line":106,"column":111}},"type":"binary-expr","locations":[{"start":{"line":106,"column":8},"end":{"line":106,"column":31}},{"start":{"line":106,"column":36},"end":{"line":106,"column":65}},{"start":{"line":106,"column":69},"end":{"line":106,"column":110}}]},"10":{"loc":{"start":{"line":111,"column":4},"end":{"line":113,"column":5}},"type":"if","locations":[{"start":{"line":111,"column":4},"end":{"line":113,"column":5}}]},"11":{"loc":{"start":{"line":111,"column":8},"end":{"line":111,"column":86}},"type":"binary-expr","locations":[{"start":{"line":111,"column":8},"end":{"line":111,"column":39}},{"start":{"line":111,"column":43},"end":{"line":111,"column":86}}]},"12":{"loc":{"start":{"line":116,"column":4},"end":{"line":122,"column":5}},"type":"if","locations":[{"start":{"line":116,"column":4},"end":{"line":122,"column":5}}]},"13":{"loc":{"start":{"line":116,"column":8},"end":{"line":120,"column":61}},"type":"binary-expr","locations":[{"start":{"line":116,"column":8},"end":{"line":116,"column":26}},{"start":{"line":117,"column":8},"end":{"line":117,"column":64}},{"start":{"line":118,"column":8},"end":{"line":118,"column":67}},{"start":{"line":119,"column":8},"end":{"line":119,"column":59}},{"start":{"line":120,"column":8},"end":{"line":120,"column":61}}]},"14":{"loc":{"start":{"line":130,"column":4},"end":{"line":140,"column":5}},"type":"if","locations":[{"start":{"line":130,"column":4},"end":{"line":140,"column":5}}]},"15":{"loc":{"start":{"line":130,"column":8},"end":{"line":130,"column":74}},"type":"binary-expr","locations":[{"start":{"line":130,"column":8},"end":{"line":130,"column":33}},{"start":{"line":130,"column":37},"end":{"line":130,"column":74}}]},"16":{"loc":{"start":{"line":135,"column":14},"end":{"line":135,"column":52}},"type":"binary-expr","locations":[{"start":{"line":135,"column":14},"end":{"line":135,"column":37}},{"start":{"line":135,"column":41},"end":{"line":135,"column":52}}]},"17":{"loc":{"start":{"line":136,"column":21},"end":{"line":136,"column":73}},"type":"binary-expr","locations":[{"start":{"line":136,"column":21},"end":{"line":136,"column":51}},{"start":{"line":136,"column":55},"end":{"line":136,"column":73}}]},"18":{"loc":{"start":{"line":137,"column":16},"end":{"line":137,"column":58}},"type":"binary-expr","locations":[{"start":{"line":137,"column":16},"end":{"line":137,"column":41}},{"start":{"line":137,"column":45},"end":{"line":137,"column":58}}]},"19":{"loc":{"start":{"line":138,"column":20},"end":{"line":138,"column":70}},"type":"binary-expr","locations":[{"start":{"line":138,"column":20},"end":{"line":138,"column":49}},{"start":{"line":138,"column":53},"end":{"line":138,"column":70}}]},"20":{"loc":{"start":{"line":151,"column":4},"end":{"line":158,"column":5}},"type":"if","locations":[{"start":{"line":151,"column":4},"end":{"line":158,"column":5}}]},"21":{"loc":{"start":{"line":151,"column":8},"end":{"line":151,"column":65}},"type":"binary-expr","locations":[{"start":{"line":151,"column":8},"end":{"line":151,"column":30}},{"start":{"line":151,"column":34},"end":{"line":151,"column":65}}]},"22":{"loc":{"start":{"line":156,"column":20},"end":{"line":156,"column":67}},"type":"binary-expr","locations":[{"start":{"line":156,"column":20},"end":{"line":156,"column":46}},{"start":{"line":156,"column":50},"end":{"line":156,"column":67}}]}},"s":{"0":1,"1":24,"2":29,"3":24,"4":24,"5":1,"6":2,"7":1,"8":2,"9":2,"10":3,"11":3,"12":2,"13":2,"14":5,"15":15,"16":15,"17":15,"18":15,"19":29,"20":1,"21":28,"22":1,"23":27,"24":1,"25":26,"26":1,"27":25,"28":1,"29":2,"30":1,"31":1,"32":1,"33":2,"34":1,"35":1,"36":1,"37":1},"f":{"0":24,"1":29,"2":1,"3":2,"4":1,"5":2,"6":2,"7":3,"8":3,"9":2,"10":2,"11":5,"12":15,"13":29,"14":2,"15":2},"b":{"0":[3,2],"1":[15,9,9],"2":[15,6],"3":[15,6],"4":[15,12,12],"5":[1],"6":[29,28,28],"7":[1],"8":[1],"9":[27,26,26],"10":[1],"11":[26,26],"12":[1],"13":[25,25,24,24,24],"14":[1],"15":[2,1],"16":[1,0],"17":[1,0],"18":[1,0],"19":[1,0],"20":[1],"21":[2,1],"22":[1,0]}}
,"/Users/heartofgold/Documents/Cursor Projects/cursor-auto-rules-agile-workflow/server/src/services/ResearchDocumentationService.ts": {"path":"/Users/heartofgold/Documents/Cursor Projects/cursor-auto-rules-agile-workflow/server/src/services/ResearchDocumentationService.ts","statementMap":{"0":{"start":{"line":1,"column":0},"end":{"line":1,"column":66}},"1":{"start":{"line":40,"column":10},"end":{"line":40,"column":43}},"2":{"start":{"line":47,"column":4},"end":{"line":47,"column":34}},"3":{"start":{"line":50,"column":4},"end":{"line":50,"column":32}},"4":{"start":{"line":51,"column":4},"end":{"line":51,"column":19}},"5":{"start":{"line":59,"column":4},"end":{"line":61,"column":5}},"6":{"start":{"line":60,"column":6},"end":{"line":60,"column":84}},"7":{"start":{"line":64,"column":4},"end":{"line":66,"column":5}},"8":{"start":{"line":65,"column":6},"end":{"line":65,"column":69}},"9":{"start":{"line":69,"column":4},"end":{"line":71,"column":5}},"10":{"start":{"line":70,"column":6},"end":{"line":70,"column":85}},"11":{"start":{"line":78,"column":4},"end":{"line":78,"column":25}},"12":{"start":{"line":85,"column":4},"end":{"line":85,"column":74}},"13":{"start":{"line":85,"column":43},"end":{"line":85,"column":72}},"14":{"start":{"line":92,"column":4},"end":{"line":94,"column":6}},"15":{"start":{"line":93,"column":6},"end":{"line":93,"column":54}},"16":{"start":{"line":102,"column":31},"end":{"line":102,"column":79}},"17":{"start":{"line":105,"column":76},"end":{"line":105,"column":78}},"18":{"start":{"line":107,"column":4},"end":{"line":112,"column":7}},"19":{"start":{"line":108,"column":6},"end":{"line":110,"column":7}},"20":{"start":{"line":109,"column":8},"end":{"line":109,"column":42}},"21":{"start":{"line":111,"column":6},"end":{"line":111,"column":50}},"22":{"start":{"line":115,"column":24},"end":{"line":115,"column":63}},"23":{"start":{"line":115,"column":52},"end":{"line":115,"column":62}},"24":{"start":{"line":116,"column":35},"end":{"line":116,"column":78}},"25":{"start":{"line":116,"column":63},"end":{"line":116,"column":77}},"26":{"start":{"line":119,"column":28},"end":{"line":119,"column":68}},"27":{"start":{"line":120,"column":30},"end":{"line":120,"column":60}},"28":{"start":{"line":121,"column":31},"end":{"line":121,"column":74}},"29":{"start":{"line":124,"column":25},"end":{"line":124,"column":74}},"30":{"start":{"line":126,"column":4},"end":{"line":136,"column":6}},"31":{"start":{"line":146,"column":27},"end":{"line":146,"column":29}},"32":{"start":{"line":149,"column":4},"end":{"line":153,"column":7}},"33":{"start":{"line":150,"column":6},"end":{"line":152,"column":7}},"34":{"start":{"line":151,"column":8},"end":{"line":151,"column":84}},"35":{"start":{"line":155,"column":4},"end":{"line":155,"column":16}},"36":{"start":{"line":163,"column":29},"end":{"line":165,"column":21}},"37":{"start":{"line":167,"column":4},"end":{"line":171,"column":5}},"38":{"start":{"line":168,"column":6},"end":{"line":168,"column":65}},"39":{"start":{"line":170,"column":6},"end":{"line":170,"column":55}},"40":{"start":{"line":178,"column":19},"end":{"line":178,"column":44}},"41":{"start":{"line":180,"column":4},"end":{"line":182,"column":5}},"42":{"start":{"line":181,"column":6},"end":{"line":181,"column":53}},"43":{"start":{"line":185,"column":76},"end":{"line":185,"column":78}},"44":{"start":{"line":187,"column":4},"end":{"line":192,"column":7}},"45":{"start":{"line":188,"column":6},"end":{"line":190,"column":7}},"46":{"start":{"line":189,"column":8},"end":{"line":189,"column":42}},"47":{"start":{"line":191,"column":6},"end":{"line":191,"column":50}},"48":{"start":{"line":195,"column":4},"end":{"line":207,"column":7}},"49":{"start":{"line":196,"column":6},"end":{"line":196,"column":39}},"50":{"start":{"line":198,"column":6},"end":{"line":206,"column":9}},"51":{"start":{"line":199,"column":8},"end":{"line":199,"column":47}},"52":{"start":{"line":200,"column":8},"end":{"line":200,"column":56}},"53":{"start":{"line":201,"column":8},"end":{"line":201,"column":78}},"54":{"start":{"line":202,"column":8},"end":{"line":202,"column":59}},"55":{"start":{"line":203,"column":8},"end":{"line":203,"column":78}},"56":{"start":{"line":204,"column":8},"end":{"line":204,"column":68}},"57":{"start":{"line":205,"column":8},"end":{"line":205,"column":30}},"58":{"start":{"line":210,"column":4},"end":{"line":210,"column":33}},"59":{"start":{"line":211,"column":4},"end":{"line":211,"column":57}},"60":{"start":{"line":212,"column":4},"end":{"line":212,"column":76}},"61":{"start":{"line":214,"column":4},"end":{"line":214,"column":20}},"62":{"start":{"line":39,"column":0},"end":{"line":39,"column":13}},"63":{"start":{"line":243,"column":26},"end":{"line":243,"column":59}},"64":{"start":{"line":246,"column":29},"end":{"line":246,"column":58}},"65":{"start":{"line":249,"column":23},"end":{"line":249,"column":94}},"66":{"start":{"line":252,"column":24},"end":{"line":252,"column":99}},"67":{"start":{"line":255,"column":22},"end":{"line":255,"column":50}},"68":{"start":{"line":258,"column":29},"end":{"line":258,"column":69}},"69":{"start":{"line":261,"column":34},"end":{"line":267,"column":null}},"70":{"start":{"line":270,"column":4},"end":{"line":278,"column":6}},"71":{"start":{"line":290,"column":4},"end":{"line":294,"column":5}},"72":{"start":{"line":293,"column":6},"end":{"line":293,"column":22}},"73":{"start":{"line":297,"column":19},"end":{"line":297,"column":27}},"74":{"start":{"line":300,"column":4},"end":{"line":302,"column":5}},"75":{"start":{"line":301,"column":6},"end":{"line":301,"column":66}},"76":{"start":{"line":305,"column":4},"end":{"line":307,"column":5}},"77":{"start":{"line":306,"column":6},"end":{"line":306,"column":53}},"78":{"start":{"line":310,"column":4},"end":{"line":312,"column":5}},"79":{"start":{"line":311,"column":6},"end":{"line":311,"column":54}},"80":{"start":{"line":315,"column":4},"end":{"line":317,"column":5}},"81":{"start":{"line":316,"column":6},"end":{"line":316,"column":60}},"82":{"start":{"line":319,"column":4},"end":{"line":319,"column":20}},"83":{"start":{"line":326,"column":4},"end":{"line":334,"column":6}},"84":{"start":{"line":341,"column":4},"end":{"line":349,"column":6}},"85":{"start":{"line":357,"column":29},"end":{"line":357,"column":94}},"86":{"start":{"line":358,"column":18},"end":{"line":358,"column":35}},"87":{"start":{"line":359,"column":25},"end":{"line":359,"column":59}},"88":{"start":{"line":362,"column":34},"end":{"line":362,"column":76}},"89":{"start":{"line":365,"column":22},"end":{"line":365,"column":42}},"90":{"start":{"line":366,"column":32},"end":{"line":366,"column":63}},"91":{"start":{"line":371,"column":4},"end":{"line":371,"column":66}},"92":{"start":{"line":379,"column":24},"end":{"line":384,"column":6}},"93":{"start":{"line":386,"column":4},"end":{"line":389,"column":6}},"94":{"start":{"line":387,"column":6},"end":{"line":388,"column":103}},"95":{"start":{"line":396,"column":18},"end":{"line":396,"column":35}},"96":{"start":{"line":397,"column":22},"end":{"line":397,"column":42}},"97":{"start":{"line":398,"column":32},"end":{"line":398,"column":63}},"98":{"start":{"line":401,"column":29},"end":{"line":401,"column":94}},"99":{"start":{"line":402,"column":25},"end":{"line":402,"column":59}},"100":{"start":{"line":403,"column":34},"end":{"line":403,"column":76}},"101":{"start":{"line":406,"column":29},"end":{"line":406,"column":94}},"102":{"start":{"line":408,"column":4},"end":{"line":408,"column":56}},"103":{"start":{"line":422,"column":34},"end":{"line":422,"column":36}},"104":{"start":{"line":424,"column":4},"end":{"line":426,"column":5}},"105":{"start":{"line":425,"column":6},"end":{"line":425,"column":69}},"106":{"start":{"line":428,"column":4},"end":{"line":430,"column":5}},"107":{"start":{"line":429,"column":6},"end":{"line":429,"column":80}},"108":{"start":{"line":432,"column":4},"end":{"line":434,"column":5}},"109":{"start":{"line":433,"column":6},"end":{"line":433,"column":91}},"110":{"start":{"line":436,"column":4},"end":{"line":438,"column":5}},"111":{"start":{"line":437,"column":6},"end":{"line":437,"column":79}},"112":{"start":{"line":440,"column":4},"end":{"line":442,"column":5}},"113":{"start":{"line":441,"column":6},"end":{"line":441,"column":83}},"114":{"start":{"line":444,"column":4},"end":{"line":446,"column":5}},"115":{"start":{"line":445,"column":6},"end":{"line":445,"column":77}},"116":{"start":{"line":448,"column":4},"end":{"line":448,"column":23}},"117":{"start":{"line":455,"column":47},"end":{"line":471,"column":6}},"118":{"start":{"line":473,"column":29},"end":{"line":473,"column":70}},"119":{"start":{"line":474,"column":26},"end":{"line":474,"column":95}},"120":{"start":{"line":476,"column":4},"end":{"line":476,"column":72}},"121":{"start":{"line":483,"column":46},"end":{"line":499,"column":6}},"122":{"start":{"line":501,"column":28},"end":{"line":501,"column":67}},"123":{"start":{"line":502,"column":25},"end":{"line":502,"column":92}},"124":{"start":{"line":504,"column":4},"end":{"line":504,"column":31}},"125":{"start":{"line":511,"column":47},"end":{"line":527,"column":6}},"126":{"start":{"line":529,"column":29},"end":{"line":529,"column":70}},"127":{"start":{"line":530,"column":26},"end":{"line":530,"column":95}},"128":{"start":{"line":532,"column":4},"end":{"line":532,"column":32}},"129":{"start":{"line":539,"column":46},"end":{"line":555,"column":6}},"130":{"start":{"line":557,"column":28},"end":{"line":557,"column":67}},"131":{"start":{"line":558,"column":25},"end":{"line":558,"column":92}},"132":{"start":{"line":560,"column":4},"end":{"line":560,"column":31}},"133":{"start":{"line":226,"column":0},"end":{"line":226,"column":13}}},"fnMap":{"0":{"name":"(anonymous_0)","decl":{"start":{"line":39,"column":0},"end":{"line":39,"column":13}},"loc":{"start":{"line":39,"column":0},"end":{"line":216,"column":1}}},"1":{"name":"(anonymous_1)","decl":{"start":{"line":45,"column":2},"end":{"line":45,"column":20}},"loc":{"start":{"line":45,"column":45},"end":{"line":52,"column":3}}},"2":{"name":"(anonymous_2)","decl":{"start":{"line":57,"column":10},"end":{"line":57,"column":25}},"loc":{"start":{"line":57,"column":50},"end":{"line":72,"column":3}}},"3":{"name":"(anonymous_3)","decl":{"start":{"line":77,"column":2},"end":{"line":77,"column":16}},"loc":{"start":{"line":77,"column":16},"end":{"line":79,"column":3}}},"4":{"name":"(anonymous_4)","decl":{"start":{"line":84,"column":2},"end":{"line":84,"column":31}},"loc":{"start":{"line":84,"column":60},"end":{"line":86,"column":3}}},"5":{"name":"(anonymous_5)","decl":{"start":{"line":85,"column":32},"end":{"line":85,"column":39}},"loc":{"start":{"line":85,"column":43},"end":{"line":85,"column":72}}},"6":{"name":"(anonymous_6)","decl":{"start":{"line":91,"column":2},"end":{"line":91,"column":33}},"loc":{"start":{"line":91,"column":60},"end":{"line":95,"column":3}}},"7":{"name":"(anonymous_7)","decl":{"start":{"line":92,"column":32},"end":{"line":92,"column":39}},"loc":{"start":{"line":93,"column":6},"end":{"line":93,"column":54}}},"8":{"name":"(anonymous_8)","decl":{"start":{"line":100,"column":2},"end":{"line":100,"column":25}},"loc":{"start":{"line":100,"column":52},"end":{"line":137,"column":3}}},"9":{"name":"(anonymous_9)","decl":{"start":{"line":107,"column":31},"end":{"line":107,"column":38}},"loc":{"start":{"line":107,"column":41},"end":{"line":112,"column":5}}},"10":{"name":"(anonymous_10)","decl":{"start":{"line":115,"column":47},"end":{"line":115,"column":48}},"loc":{"start":{"line":115,"column":52},"end":{"line":115,"column":62}}},"11":{"name":"(anonymous_11)","decl":{"start":{"line":116,"column":58},"end":{"line":116,"column":59}},"loc":{"start":{"line":116,"column":63},"end":{"line":116,"column":77}}},"12":{"name":"(anonymous_12)","decl":{"start":{"line":142,"column":10},"end":{"line":142,"column":30}},"loc":{"start":{"line":144,"column":67},"end":{"line":156,"column":3}}},"13":{"name":"(anonymous_13)","decl":{"start":{"line":149,"column":46},"end":{"line":149,"column":54}},"loc":{"start":{"line":149,"column":57},"end":{"line":153,"column":5}}},"14":{"name":"(anonymous_14)","decl":{"start":{"line":161,"column":2},"end":{"line":161,"column":24}},"loc":{"start":{"line":161,"column":94},"end":{"line":172,"column":3}}},"15":{"name":"(anonymous_15)","decl":{"start":{"line":177,"column":10},"end":{"line":177,"column":26}},"loc":{"start":{"line":177,"column":83},"end":{"line":215,"column":3}}},"16":{"name":"(anonymous_16)","decl":{"start":{"line":187,"column":21},"end":{"line":187,"column":28}},"loc":{"start":{"line":187,"column":31},"end":{"line":192,"column":5}}},"17":{"name":"(anonymous_17)","decl":{"start":{"line":195,"column":39},"end":{"line":195,"column":40}},"loc":{"start":{"line":195,"column":72},"end":{"line":207,"column":5}}},"18":{"name":"(anonymous_18)","decl":{"start":{"line":198,"column":32},"end":{"line":198,"column":39}},"loc":{"start":{"line":198,"column":42},"end":{"line":206,"column":7}}},"19":{"name":"(anonymous_19)","decl":{"start":{"line":233,"column":2},"end":{"line":233,"column":15}},"loc":{"start":{"line":233,"column":32},"end":{"line":279,"column":3}}},"20":{"name":"(anonymous_20)","decl":{"start":{"line":288,"column":2},"end":{"line":288,"column":16}},"loc":{"start":{"line":288,"column":51},"end":{"line":320,"column":3}}},"21":{"name":"(anonymous_21)","decl":{"start":{"line":325,"column":2},"end":{"line":325,"column":30}},"loc":{"start":{"line":325,"column":30},"end":{"line":335,"column":3}}},"22":{"name":"(anonymous_22)","decl":{"start":{"line":340,"column":2},"end":{"line":340,"column":31}},"loc":{"start":{"line":340,"column":31},"end":{"line":350,"column":3}}},"23":{"name":"(anonymous_23)","decl":{"start":{"line":355,"column":10},"end":{"line":355,"column":28}},"loc":{"start":{"line":355,"column":41},"end":{"line":372,"column":3}}},"24":{"name":"(anonymous_24)","decl":{"start":{"line":377,"column":10},"end":{"line":377,"column":24}},"loc":{"start":{"line":377,"column":37},"end":{"line":390,"column":3}}},"25":{"name":"(anonymous_25)","decl":{"start":{"line":386,"column":30},"end":{"line":386,"column":34}},"loc":{"start":{"line":387,"column":6},"end":{"line":388,"column":103}}},"26":{"name":"(anonymous_26)","decl":{"start":{"line":395,"column":10},"end":{"line":395,"column":35}},"loc":{"start":{"line":395,"column":48},"end":{"line":409,"column":3}}},"27":{"name":"(anonymous_27)","decl":{"start":{"line":414,"column":10},"end":{"line":414,"column":29}},"loc":{"start":{"line":420,"column":28},"end":{"line":449,"column":3}}},"28":{"name":"(anonymous_28)","decl":{"start":{"line":454,"column":10},"end":{"line":454,"column":33}},"loc":{"start":{"line":454,"column":64},"end":{"line":477,"column":3}}},"29":{"name":"(anonymous_29)","decl":{"start":{"line":482,"column":10},"end":{"line":482,"column":20}},"loc":{"start":{"line":482,"column":51},"end":{"line":505,"column":3}}},"30":{"name":"(anonymous_30)","decl":{"start":{"line":510,"column":10},"end":{"line":510,"column":21}},"loc":{"start":{"line":510,"column":52},"end":{"line":533,"column":3}}},"31":{"name":"(anonymous_31)","decl":{"start":{"line":538,"column":10},"end":{"line":538,"column":27}},"loc":{"start":{"line":538,"column":58},"end":{"line":561,"column":3}}}},"branchMap":{"0":{"loc":{"start":{"line":59,"column":4},"end":{"line":61,"column":5}},"type":"if","locations":[{"start":{"line":59,"column":4},"end":{"line":61,"column":5}}]},"1":{"loc":{"start":{"line":59,"column":8},"end":{"line":59,"column":66}},"type":"binary-expr","locations":[{"start":{"line":59,"column":8},"end":{"line":59,"column":22}},{"start":{"line":59,"column":26},"end":{"line":59,"column":41}},{"start":{"line":59,"column":45},"end":{"line":59,"column":66}}]},"2":{"loc":{"start":{"line":64,"column":4},"end":{"line":66,"column":5}},"type":"if","locations":[{"start":{"line":64,"column":4},"end":{"line":66,"column":5}}]},"3":{"loc":{"start":{"line":69,"column":4},"end":{"line":71,"column":5}},"type":"if","locations":[{"start":{"line":69,"column":4},"end":{"line":71,"column":5}}]},"4":{"loc":{"start":{"line":69,"column":8},"end":{"line":69,"column":80}},"type":"binary-expr","locations":[{"start":{"line":69,"column":8},"end":{"line":69,"column":36}},{"start":{"line":69,"column":40},"end":{"line":69,"column":80}}]},"5":{"loc":{"start":{"line":108,"column":6},"end":{"line":110,"column":7}},"type":"if","locations":[{"start":{"line":108,"column":6},"end":{"line":110,"column":7}}]},"6":{"loc":{"start":{"line":150,"column":6},"end":{"line":152,"column":7}},"type":"if","locations":[{"start":{"line":150,"column":6},"end":{"line":152,"column":7}}]},"7":{"loc":{"start":{"line":150,"column":10},"end":{"line":150,"column":69}},"type":"binary-expr","locations":[{"start":{"line":150,"column":10},"end":{"line":150,"column":31}},{"start":{"line":150,"column":35},"end":{"line":150,"column":69}}]},"8":{"loc":{"start":{"line":161,"column":25},"end":{"line":161,"column":65}},"type":"default-arg","locations":[{"start":{"line":161,"column":55},"end":{"line":161,"column":65}}]},"9":{"loc":{"start":{"line":163,"column":29},"end":{"line":165,"column":21}},"type":"cond-expr","locations":[{"start":{"line":164,"column":8},"end":{"line":164,"column":56}},{"start":{"line":165,"column":8},"end":{"line":165,"column":21}}]},"10":{"loc":{"start":{"line":167,"column":4},"end":{"line":171,"column":5}},"type":"if","locations":[{"start":{"line":167,"column":4},"end":{"line":171,"column":5}},{"start":{"line":169,"column":11},"end":{"line":171,"column":5}}]},"11":{"loc":{"start":{"line":180,"column":4},"end":{"line":182,"column":5}},"type":"if","locations":[{"start":{"line":180,"column":4},"end":{"line":182,"column":5}}]},"12":{"loc":{"start":{"line":188,"column":6},"end":{"line":190,"column":7}},"type":"if","locations":[{"start":{"line":188,"column":6},"end":{"line":190,"column":7}}]},"13":{"loc":{"start":{"line":290,"column":4},"end":{"line":294,"column":5}},"type":"if","locations":[{"start":{"line":290,"column":4},"end":{"line":294,"column":5}}]},"14":{"loc":{"start":{"line":290,"column":8},"end":{"line":292,"column":83}},"type":"binary-expr","locations":[{"start":{"line":290,"column":8},"end":{"line":290,"column":29}},{"start":{"line":291,"column":8},"end":{"line":291,"column":79}},{"start":{"line":292,"column":8},"end":{"line":292,"column":83}}]},"15":{"loc":{"start":{"line":300,"column":4},"end":{"line":302,"column":5}},"type":"if","locations":[{"start":{"line":300,"column":4},"end":{"line":302,"column":5}}]},"16":{"loc":{"start":{"line":305,"column":4},"end":{"line":307,"column":5}},"type":"if","locations":[{"start":{"line":305,"column":4},"end":{"line":307,"column":5}}]},"17":{"loc":{"start":{"line":310,"column":4},"end":{"line":312,"column":5}},"type":"if","locations":[{"start":{"line":310,"column":4},"end":{"line":312,"column":5}}]},"18":{"loc":{"start":{"line":315,"column":4},"end":{"line":317,"column":5}},"type":"if","locations":[{"start":{"line":315,"column":4},"end":{"line":317,"column":5}}]},"19":{"loc":{"start":{"line":315,"column":8},"end":{"line":315,"column":101}},"type":"binary-expr","locations":[{"start":{"line":315,"column":8},"end":{"line":315,"column":36}},{"start":{"line":315,"column":40},"end":{"line":315,"column":68}},{"start":{"line":315,"column":72},"end":{"line":315,"column":101}}]},"20":{"loc":{"start":{"line":359,"column":25},"end":{"line":359,"column":59}},"type":"binary-expr","locations":[{"start":{"line":359,"column":25},"end":{"line":359,"column":53}},{"start":{"line":359,"column":57},"end":{"line":359,"column":59}}]},"21":{"loc":{"start":{"line":371,"column":11},"end":{"line":371,"column":65}},"type":"binary-expr","locations":[{"start":{"line":371,"column":11},"end":{"line":371,"column":37}},{"start":{"line":371,"column":41},"end":{"line":371,"column":65}}]},"22":{"loc":{"start":{"line":387,"column":6},"end":{"line":388,"column":103}},"type":"binary-expr","locations":[{"start":{"line":387,"column":6},"end":{"line":387,"column":49}},{"start":{"line":388,"column":6},"end":{"line":388,"column":103}}]},"23":{"loc":{"start":{"line":402,"column":25},"end":{"line":402,"column":59}},"type":"binary-expr","locations":[{"start":{"line":402,"column":25},"end":{"line":402,"column":53}},{"start":{"line":402,"column":57},"end":{"line":402,"column":59}}]},"24":{"loc":{"start":{"line":424,"column":4},"end":{"line":426,"column":5}},"type":"if","locations":[{"start":{"line":424,"column":4},"end":{"line":426,"column":5}}]},"25":{"loc":{"start":{"line":428,"column":4},"end":{"line":430,"column":5}},"type":"if","locations":[{"start":{"line":428,"column":4},"end":{"line":430,"column":5}}]},"26":{"loc":{"start":{"line":432,"column":4},"end":{"line":434,"column":5}},"type":"if","locations":[{"start":{"line":432,"column":4},"end":{"line":434,"column":5}}]},"27":{"loc":{"start":{"line":436,"column":4},"end":{"line":438,"column":5}},"type":"if","locations":[{"start":{"line":436,"column":4},"end":{"line":438,"column":5}}]},"28":{"loc":{"start":{"line":440,"column":4},"end":{"line":442,"column":5}},"type":"if","locations":[{"start":{"line":440,"column":4},"end":{"line":442,"column":5}}]},"29":{"loc":{"start":{"line":440,"column":8},"end":{"line":440,"column":47}},"type":"binary-expr","locations":[{"start":{"line":440,"column":8},"end":{"line":440,"column":22}},{"start":{"line":440,"column":26},"end":{"line":440,"column":47}}]},"30":{"loc":{"start":{"line":444,"column":4},"end":{"line":446,"column":5}},"type":"if","locations":[{"start":{"line":444,"column":4},"end":{"line":446,"column":5}}]},"31":{"loc":{"start":{"line":473,"column":29},"end":{"line":473,"column":70}},"type":"binary-expr","locations":[{"start":{"line":473,"column":29},"end":{"line":473,"column":47}},{"start":{"line":473,"column":51},"end":{"line":473,"column":70}}]},"32":{"loc":{"start":{"line":501,"column":28},"end":{"line":501,"column":67}},"type":"binary-expr","locations":[{"start":{"line":501,"column":28},"end":{"line":501,"column":45}},{"start":{"line":501,"column":49},"end":{"line":501,"column":67}}]},"33":{"loc":{"start":{"line":529,"column":29},"end":{"line":529,"column":70}},"type":"binary-expr","locations":[{"start":{"line":529,"column":29},"end":{"line":529,"column":47}},{"start":{"line":529,"column":51},"end":{"line":529,"column":70}}]},"34":{"loc":{"start":{"line":557,"column":28},"end":{"line":557,"column":67}},"type":"binary-expr","locations":[{"start":{"line":557,"column":28},"end":{"line":557,"column":45}},{"start":{"line":557,"column":49},"end":{"line":557,"column":67}}]}},"s":{"0":2,"1":14,"2":23,"3":20,"4":20,"5":23,"6":1,"7":22,"8":1,"9":21,"10":1,"11":1,"12":2,"13":4,"14":7,"15":14,"16":3,"17":3,"18":3,"19":6,"20":6,"21":6,"22":3,"23":6,"24":3,"25":6,"26":3,"27":3,"28":3,"29":3,"30":3,"31":3,"32":3,"33":30,"34":24,"35":3,"36":2,"37":2,"38":2,"39":0,"40":2,"41":2,"42":1,"43":2,"44":2,"45":2,"46":2,"47":2,"48":2,"49":2,"50":2,"51":2,"52":2,"53":2,"54":2,"55":2,"56":2,"57":2,"58":2,"59":2,"60":2,"61":2,"62":2,"63":5,"64":5,"65":5,"66":5,"67":5,"68":5,"69":5,"70":5,"71":2,"72":0,"73":2,"74":2,"75":2,"76":2,"77":1,"78":2,"79":2,"80":2,"81":2,"82":2,"83":0,"84":0,"85":7,"86":7,"87":7,"88":7,"89":7,"90":7,"91":7,"92":5,"93":5,"94":120,"95":5,"96":5,"97":5,"98":5,"99":5,"100":5,"101":5,"102":5,"103":5,"104":5,"105":5,"106":5,"107":0,"108":5,"109":3,"110":5,"111":4,"112":5,"113":3,"114":5,"115":0,"116":5,"117":2,"118":2,"119":2,"120":2,"121":1,"122":1,"123":1,"124":1,"125":2,"126":2,"127":2,"128":2,"129":2,"130":2,"131":2,"132":2,"133":2},"f":{"0":14,"1":23,"2":23,"3":1,"4":2,"5":4,"6":7,"7":14,"8":3,"9":6,"10":6,"11":6,"12":3,"13":30,"14":2,"15":2,"16":2,"17":2,"18":2,"19":5,"20":2,"21":0,"22":0,"23":7,"24":5,"25":120,"26":5,"27":5,"28":2,"29":1,"30":2,"31":2},"b":{"0":[1],"1":[23,22,22],"2":[1],"3":[1],"4":[21,21],"5":[6],"6":[24],"7":[30,6],"8":[0],"9":[1,1],"10":[2,0],"11":[1],"12":[2],"13":[0],"14":[2,0,0],"15":[2],"16":[1],"17":[2],"18":[2],"19":[2,2,2],"20":[7,0],"21":[7,0],"22":[120,0],"23":[5,0],"24":[5],"25":[0],"26":[3],"27":[4],"28":[3],"29":[5,4],"30":[0],"31":[2,1],"32":[1,1],"33":[2,1],"34":[2,1]}}
}
