TN:
SF:server/src/models/AssessmentCategory.ts
FN:4,(anonymous_0)
FNF:1
FNH:1
FNDA:1,(anonymous_0)
DA:4,1
DA:5,1
DA:6,1
DA:7,1
DA:8,1
DA:9,1
DA:10,1
DA:11,1
DA:12,1
DA:13,1
DA:14,1
LF:11
LH:11
BRDA:4,0,0,1
BRDA:4,0,1,1
BRF:2
BRH:2
end_of_record
TN:
SF:server/src/services/ResearchDocumentationService.ts
FN:39,(anonymous_0)
FN:45,(anonymous_1)
FN:57,(anonymous_2)
FN:77,(anonymous_3)
FN:84,(anonymous_4)
FN:85,(anonymous_5)
FN:91,(anonymous_6)
FN:92,(anonymous_7)
FN:100,(anonymous_8)
FN:107,(anonymous_9)
FN:115,(anonymous_10)
FN:116,(anonymous_11)
FN:142,(anonymous_12)
FN:149,(anonymous_13)
FN:161,(anonymous_14)
FN:177,(anonymous_15)
FN:187,(anonymous_16)
FN:195,(anonymous_17)
FN:198,(anonymous_18)
FN:233,(anonymous_19)
FN:288,(anonymous_20)
FN:325,(anonymous_21)
FN:340,(anonymous_22)
FN:355,(anonymous_23)
FN:377,(anonymous_24)
FN:386,(anonymous_25)
FN:395,(anonymous_26)
FN:414,(anonymous_27)
FN:454,(anonymous_28)
FN:482,(anonymous_29)
FN:510,(anonymous_30)
FN:538,(anonymous_31)
FNF:32
FNH:11
FNDA:0,(anonymous_0)
FNDA:0,(anonymous_1)
FNDA:0,(anonymous_2)
FNDA:0,(anonymous_3)
FNDA:0,(anonymous_4)
FNDA:0,(anonymous_5)
FNDA:0,(anonymous_6)
FNDA:0,(anonymous_7)
FNDA:0,(anonymous_8)
FNDA:0,(anonymous_9)
FNDA:0,(anonymous_10)
FNDA:0,(anonymous_11)
FNDA:0,(anonymous_12)
FNDA:0,(anonymous_13)
FNDA:0,(anonymous_14)
FNDA:0,(anonymous_15)
FNDA:0,(anonymous_16)
FNDA:0,(anonymous_17)
FNDA:0,(anonymous_18)
FNDA:4,(anonymous_19)
FNDA:2,(anonymous_20)
FNDA:0,(anonymous_21)
FNDA:0,(anonymous_22)
FNDA:6,(anonymous_23)
FNDA:4,(anonymous_24)
FNDA:96,(anonymous_25)
FNDA:4,(anonymous_26)
FNDA:4,(anonymous_27)
FNDA:2,(anonymous_28)
FNDA:1,(anonymous_29)
FNDA:2,(anonymous_30)
FNDA:2,(anonymous_31)
DA:1,1
DA:39,1
DA:40,0
DA:47,0
DA:50,0
DA:51,0
DA:59,0
DA:60,0
DA:64,0
DA:65,0
DA:69,0
DA:70,0
DA:78,0
DA:85,0
DA:92,0
DA:93,0
DA:102,0
DA:105,0
DA:107,0
DA:108,0
DA:109,0
DA:111,0
DA:115,0
DA:116,0
DA:119,0
DA:120,0
DA:121,0
DA:124,0
DA:126,0
DA:146,0
DA:149,0
DA:150,0
DA:151,0
DA:155,0
DA:163,0
DA:167,0
DA:168,0
DA:170,0
DA:178,0
DA:180,0
DA:181,0
DA:185,0
DA:187,0
DA:188,0
DA:189,0
DA:191,0
DA:195,0
DA:196,0
DA:198,0
DA:199,0
DA:200,0
DA:201,0
DA:202,0
DA:203,0
DA:204,0
DA:205,0
DA:210,0
DA:211,0
DA:212,0
DA:214,0
DA:226,1
DA:243,4
DA:246,4
DA:249,4
DA:252,4
DA:255,4
DA:258,4
DA:261,4
DA:270,4
DA:290,2
DA:293,0
DA:297,2
DA:300,2
DA:301,2
DA:305,2
DA:306,1
DA:310,2
DA:311,2
DA:315,2
DA:316,2
DA:319,2
DA:326,0
DA:341,0
DA:357,6
DA:358,6
DA:359,6
DA:362,6
DA:365,6
DA:366,6
DA:371,6
DA:379,4
DA:386,4
DA:387,96
DA:396,4
DA:397,4
DA:398,4
DA:401,4
DA:402,4
DA:403,4
DA:406,4
DA:408,4
DA:422,4
DA:424,4
DA:425,4
DA:428,4
DA:429,1
DA:432,4
DA:433,3
DA:436,4
DA:437,4
DA:440,4
DA:441,3
DA:444,4
DA:445,0
DA:448,4
DA:455,2
DA:473,2
DA:474,2
DA:476,2
DA:483,1
DA:501,1
DA:502,1
DA:504,1
DA:511,2
DA:529,2
DA:530,2
DA:532,2
DA:539,2
DA:557,2
DA:558,2
DA:560,2
LF:131
LH:69
BRDA:59,0,0,0
BRDA:59,1,0,0
BRDA:59,1,1,0
BRDA:59,1,2,0
BRDA:64,2,0,0
BRDA:69,3,0,0
BRDA:69,4,0,0
BRDA:69,4,1,0
BRDA:108,5,0,0
BRDA:150,6,0,0
BRDA:150,7,0,0
BRDA:150,7,1,0
BRDA:161,8,0,0
BRDA:163,9,0,0
BRDA:163,9,1,0
BRDA:167,10,0,0
BRDA:167,10,1,0
BRDA:180,11,0,0
BRDA:188,12,0,0
BRDA:290,13,0,0
BRDA:290,14,0,2
BRDA:290,14,1,1
BRDA:290,14,2,1
BRDA:300,15,0,2
BRDA:305,16,0,1
BRDA:310,17,0,2
BRDA:315,18,0,2
BRDA:315,19,0,2
BRDA:315,19,1,2
BRDA:315,19,2,2
BRDA:359,20,0,6
BRDA:359,20,1,0
BRDA:371,21,0,6
BRDA:371,21,1,0
BRDA:387,22,0,96
BRDA:387,22,1,1
BRDA:402,23,0,4
BRDA:402,23,1,0
BRDA:424,24,0,4
BRDA:428,25,0,1
BRDA:432,26,0,3
BRDA:436,27,0,4
BRDA:440,28,0,3
BRDA:440,29,0,4
BRDA:440,29,1,4
BRDA:444,30,0,0
BRDA:473,31,0,2
BRDA:473,31,1,0
BRDA:501,32,0,1
BRDA:501,32,1,0
BRDA:529,33,0,2
BRDA:529,33,1,0
BRDA:557,34,0,2
BRDA:557,34,1,0
BRF:54
BRH:26
end_of_record
