<?xml version="1.0" encoding="UTF-8"?>
<testsuites name="jest tests" tests="132" failures="37" errors="0" time="4.999">
  <testsuite name="Tooltip Review Integration" errors="0" failures="0" skipped="0" timestamp="2025-03-12T02:59:32" time="3.078" tests="3">
    <testcase classname="Tooltip Review Integration should review all tooltips and identify issues" name="Tooltip Review Integration should review all tooltips and identify issues" time="0.006">
    </testcase>
    <testcase classname="Tooltip Review Integration should generate enhancement suggestions for problematic tooltips" name="Tooltip Review Integration should generate enhancement suggestions for problematic tooltips" time="0.003">
    </testcase>
    <testcase classname="Tooltip Review Integration should store test results persistently" name="Tooltip Review Integration should store test results persistently" time="0.007">
    </testcase>
  </testsuite>
  <testsuite name="TooltipReviewService" errors="0" failures="0" skipped="0" timestamp="2025-03-12T02:59:32" time="3.291" tests="7">
    <testcase classname="TooltipReviewService reviewTooltip should detect metrics in tooltip text" name="TooltipReviewService reviewTooltip should detect metrics in tooltip text" time="0.013">
    </testcase>
    <testcase classname="TooltipReviewService reviewTooltip should detect examples in tooltip text" name="TooltipReviewService reviewTooltip should detect examples in tooltip text" time="0.001">
    </testcase>
    <testcase classname="TooltipReviewService reviewTooltip should calculate word count correctly" name="TooltipReviewService reviewTooltip should calculate word count correctly" time="0.001">
    </testcase>
    <testcase classname="TooltipReviewService reviewTooltip should identify tooltips that need improvement" name="TooltipReviewService reviewTooltip should identify tooltips that need improvement" time="0.001">
    </testcase>
    <testcase classname="TooltipReviewService reviewTooltip should not suggest improvements for comprehensive tooltips" name="TooltipReviewService reviewTooltip should not suggest improvements for comprehensive tooltips" time="0">
    </testcase>
    <testcase classname="TooltipReviewService enhanceTooltip should add metrics to tooltips without metrics" name="TooltipReviewService enhanceTooltip should add metrics to tooltips without metrics" time="0">
    </testcase>
    <testcase classname="TooltipReviewService enhanceTooltip should add examples to tooltips without examples" name="TooltipReviewService enhanceTooltip should add examples to tooltips without examples" time="0">
    </testcase>
  </testsuite>
  <testsuite name="ModuleService" errors="0" failures="0" skipped="0" timestamp="2025-03-12T02:59:32" time="3.395" tests="24">
    <testcase classname="ModuleService createModule should add a valid module to the collection" name="ModuleService createModule should add a valid module to the collection" time="0.008">
    </testcase>
    <testcase classname="ModuleService createModule should validate required fields" name="ModuleService createModule should validate required fields" time="0.009">
    </testcase>
    <testcase classname="ModuleService createModule should validate category" name="ModuleService createModule should validate category" time="0">
    </testcase>
    <testcase classname="ModuleService createModule should validate applicable disciplines" name="ModuleService createModule should validate applicable disciplines" time="0">
    </testcase>
    <testcase classname="ModuleService createModule should validate applicable practice sizes" name="ModuleService createModule should validate applicable practice sizes" time="0.001">
    </testcase>
    <testcase classname="ModuleService createModule should validate benchmarks" name="ModuleService createModule should validate benchmarks" time="0">
    </testcase>
    <testcase classname="ModuleService getModuleById should return the module with matching id" name="ModuleService getModuleById should return the module with matching id" time="0">
    </testcase>
    <testcase classname="ModuleService getModuleById should return undefined if no module with id exists" name="ModuleService getModuleById should return undefined if no module with id exists" time="0">
    </testcase>
    <testcase classname="ModuleService getModulesByCategory should return modules with matching category" name="ModuleService getModulesByCategory should return modules with matching category" time="0.001">
    </testcase>
    <testcase classname="ModuleService getModulesByCategory should return empty array if no modules with category exist" name="ModuleService getModulesByCategory should return empty array if no modules with category exist" time="0">
    </testcase>
    <testcase classname="ModuleService getModulesByDiscipline should return modules applicable to the discipline" name="ModuleService getModulesByDiscipline should return modules applicable to the discipline" time="0">
    </testcase>
    <testcase classname="ModuleService getModulesByDiscipline should include universal modules" name="ModuleService getModulesByDiscipline should include universal modules" time="0">
    </testcase>
    <testcase classname="ModuleService getModulesByDiscipline should return empty array if no modules for discipline exist" name="ModuleService getModulesByDiscipline should return empty array if no modules for discipline exist" time="0">
    </testcase>
    <testcase classname="ModuleService getModulesByPracticeSize should return modules applicable to the practice size" name="ModuleService getModulesByPracticeSize should return modules applicable to the practice size" time="0">
    </testcase>
    <testcase classname="ModuleService getModulesByPracticeSize should return empty array if no modules for practice size exist" name="ModuleService getModulesByPracticeSize should return empty array if no modules for practice size exist" time="0.001">
    </testcase>
    <testcase classname="ModuleService getFilteredModules should filter modules by discipline" name="ModuleService getFilteredModules should filter modules by discipline" time="0">
    </testcase>
    <testcase classname="ModuleService getFilteredModules should filter modules by practice size" name="ModuleService getFilteredModules should filter modules by practice size" time="0">
    </testcase>
    <testcase classname="ModuleService getFilteredModules should filter modules by category" name="ModuleService getFilteredModules should filter modules by category" time="0">
    </testcase>
    <testcase classname="ModuleService getFilteredModules should filter modules by multiple criteria" name="ModuleService getFilteredModules should filter modules by multiple criteria" time="0">
    </testcase>
    <testcase classname="ModuleService getFilteredModules should return empty array when no modules match filters" name="ModuleService getFilteredModules should return empty array when no modules match filters" time="0">
    </testcase>
    <testcase classname="ModuleService getDisciplineSpecificModule should return module with discipline-specific content merged" name="ModuleService getDisciplineSpecificModule should return module with discipline-specific content merged" time="0.001">
    </testcase>
    <testcase classname="ModuleService getDisciplineSpecificModule should return original module when no discipline-specific content exists" name="ModuleService getDisciplineSpecificModule should return original module when no discipline-specific content exists" time="0">
    </testcase>
    <testcase classname="ModuleService getCountrySpecificModule should return module with country-specific content merged" name="ModuleService getCountrySpecificModule should return module with country-specific content merged" time="0">
    </testcase>
    <testcase classname="ModuleService getCountrySpecificModule should return original module when no country-specific content exists" name="ModuleService getCountrySpecificModule should return original module when no country-specific content exists" time="0">
    </testcase>
  </testsuite>
  <testsuite name="ResearchDocumentationService" errors="0" failures="0" skipped="0" timestamp="2025-03-12T02:59:32" time="3.436" tests="14">
    <testcase classname="ResearchDocumentationService addResearchFinding should add a valid research finding" name="ResearchDocumentationService addResearchFinding should add a valid research finding" time="0.004">
    </testcase>
    <testcase classname="ResearchDocumentationService addResearchFinding should validate required fields" name="ResearchDocumentationService addResearchFinding should validate required fields" time="0.028">
    </testcase>
    <testcase classname="ResearchDocumentationService addResearchFinding should validate category" name="ResearchDocumentationService addResearchFinding should validate category" time="0.001">
    </testcase>
    <testcase classname="ResearchDocumentationService addResearchFinding should validate relevant disciplines" name="ResearchDocumentationService addResearchFinding should validate relevant disciplines" time="0">
    </testcase>
    <testcase classname="ResearchDocumentationService getResearchFindingsByCategory should return findings with matching category" name="ResearchDocumentationService getResearchFindingsByCategory should return findings with matching category" time="0">
    </testcase>
    <testcase classname="ResearchDocumentationService getResearchFindingsByCategory should return empty array if no findings with category exist" name="ResearchDocumentationService getResearchFindingsByCategory should return empty array if no findings with category exist" time="0">
    </testcase>
    <testcase classname="ResearchDocumentationService getResearchFindingsByDiscipline should return findings relevant to the discipline" name="ResearchDocumentationService getResearchFindingsByDiscipline should return findings relevant to the discipline" time="0">
    </testcase>
    <testcase classname="ResearchDocumentationService getResearchFindingsByDiscipline should return correct findings for a different discipline" name="ResearchDocumentationService getResearchFindingsByDiscipline should return correct findings for a different discipline" time="0">
    </testcase>
    <testcase classname="ResearchDocumentationService getResearchFindingsByDiscipline should return empty array if no findings for discipline exist" name="ResearchDocumentationService getResearchFindingsByDiscipline should return empty array if no findings for discipline exist" time="0">
    </testcase>
    <testcase classname="ResearchDocumentationService generateResearchSummary should generate a comprehensive summary document" name="ResearchDocumentationService generateResearchSummary should generate a comprehensive summary document" time="0.002">
    </testcase>
    <testcase classname="ResearchDocumentationService generateResearchSummary should include category coverage statistics" name="ResearchDocumentationService generateResearchSummary should include category coverage statistics" time="0.001">
    </testcase>
    <testcase classname="ResearchDocumentationService generateResearchSummary should identify gaps in research" name="ResearchDocumentationService generateResearchSummary should identify gaps in research" time="0">
    </testcase>
    <testcase classname="ResearchDocumentationService exportResearchFindings should export findings to the specified format" name="ResearchDocumentationService exportResearchFindings should export findings to the specified format" time="0.021">
    </testcase>
    <testcase classname="ResearchDocumentationService exportResearchFindings should filter exports by discipline when specified" name="ResearchDocumentationService exportResearchFindings should filter exports by discipline when specified" time="0.017">
    </testcase>
  </testsuite>
  <testsuite name="Question" errors="0" failures="16" skipped="0" timestamp="2025-03-12T02:59:32" time="3.47" tests="16">
    <testcase classname="Question renders question text" name="Question renders question text" time="0.034">
      <failure>Error: A React Element from an older version of React was rendered. This is not supported. It can happen if:
- Multiple copies of the &quot;react&quot; package is used.
- A library pre-bundled an old copy of &quot;react&quot; or &quot;react/jsx-runtime&quot;.
- A compiler tries to &quot;inline&quot; JSX instead of using the runtime.
    at throwOnInvalidObjectType (/Users/heartofgold/Documents/Cursor Projects/cursor-auto-rules-agile-workflow/node_modules/react-dom/cjs/react-dom-client.development.js:4442:15)
    at reconcileChildFibersImpl (/Users/heartofgold/Documents/Cursor Projects/cursor-auto-rules-agile-workflow/node_modules/react-dom/cjs/react-dom-client.development.js:5376:11)
    at /Users/heartofgold/Documents/Cursor Projects/cursor-auto-rules-agile-workflow/node_modules/react-dom/cjs/react-dom-client.development.js:5415:33
    at reconcileChildren (/Users/heartofgold/Documents/Cursor Projects/cursor-auto-rules-agile-workflow/node_modules/react-dom/cjs/react-dom-client.development.js:7738:13)
    at updateFunctionComponent (/Users/heartofgold/Documents/Cursor Projects/cursor-auto-rules-agile-workflow/node_modules/react-dom/cjs/react-dom-client.development.js:8035:7)
    at beginWork (/Users/heartofgold/Documents/Cursor Projects/cursor-auto-rules-agile-workflow/node_modules/react-dom/cjs/react-dom-client.development.js:9683:18)
    at runWithFiberInDEV (/Users/heartofgold/Documents/Cursor Projects/cursor-auto-rules-agile-workflow/node_modules/react-dom/cjs/react-dom-client.development.js:543:16)
    at performUnitOfWork (/Users/heartofgold/Documents/Cursor Projects/cursor-auto-rules-agile-workflow/node_modules/react-dom/cjs/react-dom-client.development.js:15052:22)
    at workLoopSync (/Users/heartofgold/Documents/Cursor Projects/cursor-auto-rules-agile-workflow/node_modules/react-dom/cjs/react-dom-client.development.js:14870:41)
    at renderRootSync (/Users/heartofgold/Documents/Cursor Projects/cursor-auto-rules-agile-workflow/node_modules/react-dom/cjs/react-dom-client.development.js:14850:11)
    at performWorkOnRoot (/Users/heartofgold/Documents/Cursor Projects/cursor-auto-rules-agile-workflow/node_modules/react-dom/cjs/react-dom-client.development.js:14384:44)
    at performWorkOnRootViaSchedulerTask (/Users/heartofgold/Documents/Cursor Projects/cursor-auto-rules-agile-workflow/node_modules/react-dom/cjs/react-dom-client.development.js:15931:7)
    at flushActQueue (/Users/heartofgold/Documents/Cursor Projects/cursor-auto-rules-agile-workflow/node_modules/react/cjs/react.development.js:862:34)
    at Object.&lt;anonymous&gt;.process.env.NODE_ENV.exports.act (/Users/heartofgold/Documents/Cursor Projects/cursor-auto-rules-agile-workflow/node_modules/react/cjs/react.development.js:1151:10)
    at /Users/heartofgold/Documents/Cursor Projects/cursor-auto-rules-agile-workflow/node_modules/@testing-library/react/dist/act-compat.js:47:25
    at renderRoot (/Users/heartofgold/Documents/Cursor Projects/cursor-auto-rules-agile-workflow/node_modules/@testing-library/react/dist/pure.js:188:26)
    at render (/Users/heartofgold/Documents/Cursor Projects/cursor-auto-rules-agile-workflow/node_modules/@testing-library/react/dist/pure.js:287:10)
    at Object.&lt;anonymous&gt; (/Users/heartofgold/Documents/Cursor Projects/cursor-auto-rules-agile-workflow/tests/unit/client/components/Question.test.tsx:19:11)
    at Promise.then.completed (/Users/heartofgold/Documents/Cursor Projects/cursor-auto-rules-agile-workflow/node_modules/jest-circus/build/utils.js:298:28)
    at new Promise (&lt;anonymous&gt;)
    at callAsyncCircusFn (/Users/heartofgold/Documents/Cursor Projects/cursor-auto-rules-agile-workflow/node_modules/jest-circus/build/utils.js:231:10)
    at _callCircusTest (/Users/heartofgold/Documents/Cursor Projects/cursor-auto-rules-agile-workflow/node_modules/jest-circus/build/run.js:316:40)
    at processTicksAndRejections (node:internal/process/task_queues:105:5)
    at _runTest (/Users/heartofgold/Documents/Cursor Projects/cursor-auto-rules-agile-workflow/node_modules/jest-circus/build/run.js:252:3)
    at _runTestsForDescribeBlock (/Users/heartofgold/Documents/Cursor Projects/cursor-auto-rules-agile-workflow/node_modules/jest-circus/build/run.js:126:9)
    at _runTestsForDescribeBlock (/Users/heartofgold/Documents/Cursor Projects/cursor-auto-rules-agile-workflow/node_modules/jest-circus/build/run.js:121:9)
    at run (/Users/heartofgold/Documents/Cursor Projects/cursor-auto-rules-agile-workflow/node_modules/jest-circus/build/run.js:71:3)
    at runAndTransformResultsToJestFormat (/Users/heartofgold/Documents/Cursor Projects/cursor-auto-rules-agile-workflow/node_modules/jest-circus/build/legacy-code-todo-rewrite/jestAdapterInit.js:122:21)
    at jestAdapter (/Users/heartofgold/Documents/Cursor Projects/cursor-auto-rules-agile-workflow/node_modules/jest-circus/build/legacy-code-todo-rewrite/jestAdapter.js:79:19)
    at runTestInternal (/Users/heartofgold/Documents/Cursor Projects/cursor-auto-rules-agile-workflow/node_modules/jest-runner/build/runTest.js:367:16)
    at runTest (/Users/heartofgold/Documents/Cursor Projects/cursor-auto-rules-agile-workflow/node_modules/jest-runner/build/runTest.js:444:34)
    at Object.worker (/Users/heartofgold/Documents/Cursor Projects/cursor-auto-rules-agile-workflow/node_modules/jest-runner/build/testWorker.js:106:12)</failure>
    </testcase>
    <testcase classname="Question renders help text when provided" name="Question renders help text when provided" time="0.011">
      <failure>Error: A React Element from an older version of React was rendered. This is not supported. It can happen if:
- Multiple copies of the &quot;react&quot; package is used.
- A library pre-bundled an old copy of &quot;react&quot; or &quot;react/jsx-runtime&quot;.
- A compiler tries to &quot;inline&quot; JSX instead of using the runtime.
    at throwOnInvalidObjectType (/Users/heartofgold/Documents/Cursor Projects/cursor-auto-rules-agile-workflow/node_modules/react-dom/cjs/react-dom-client.development.js:4442:15)
    at reconcileChildFibersImpl (/Users/heartofgold/Documents/Cursor Projects/cursor-auto-rules-agile-workflow/node_modules/react-dom/cjs/react-dom-client.development.js:5376:11)
    at /Users/heartofgold/Documents/Cursor Projects/cursor-auto-rules-agile-workflow/node_modules/react-dom/cjs/react-dom-client.development.js:5415:33
    at reconcileChildren (/Users/heartofgold/Documents/Cursor Projects/cursor-auto-rules-agile-workflow/node_modules/react-dom/cjs/react-dom-client.development.js:7738:13)
    at updateFunctionComponent (/Users/heartofgold/Documents/Cursor Projects/cursor-auto-rules-agile-workflow/node_modules/react-dom/cjs/react-dom-client.development.js:8035:7)
    at beginWork (/Users/heartofgold/Documents/Cursor Projects/cursor-auto-rules-agile-workflow/node_modules/react-dom/cjs/react-dom-client.development.js:9683:18)
    at runWithFiberInDEV (/Users/heartofgold/Documents/Cursor Projects/cursor-auto-rules-agile-workflow/node_modules/react-dom/cjs/react-dom-client.development.js:543:16)
    at performUnitOfWork (/Users/heartofgold/Documents/Cursor Projects/cursor-auto-rules-agile-workflow/node_modules/react-dom/cjs/react-dom-client.development.js:15052:22)
    at workLoopSync (/Users/heartofgold/Documents/Cursor Projects/cursor-auto-rules-agile-workflow/node_modules/react-dom/cjs/react-dom-client.development.js:14870:41)
    at renderRootSync (/Users/heartofgold/Documents/Cursor Projects/cursor-auto-rules-agile-workflow/node_modules/react-dom/cjs/react-dom-client.development.js:14850:11)
    at performWorkOnRoot (/Users/heartofgold/Documents/Cursor Projects/cursor-auto-rules-agile-workflow/node_modules/react-dom/cjs/react-dom-client.development.js:14384:44)
    at performWorkOnRootViaSchedulerTask (/Users/heartofgold/Documents/Cursor Projects/cursor-auto-rules-agile-workflow/node_modules/react-dom/cjs/react-dom-client.development.js:15931:7)
    at flushActQueue (/Users/heartofgold/Documents/Cursor Projects/cursor-auto-rules-agile-workflow/node_modules/react/cjs/react.development.js:862:34)
    at Object.&lt;anonymous&gt;.process.env.NODE_ENV.exports.act (/Users/heartofgold/Documents/Cursor Projects/cursor-auto-rules-agile-workflow/node_modules/react/cjs/react.development.js:1151:10)
    at /Users/heartofgold/Documents/Cursor Projects/cursor-auto-rules-agile-workflow/node_modules/@testing-library/react/dist/act-compat.js:47:25
    at renderRoot (/Users/heartofgold/Documents/Cursor Projects/cursor-auto-rules-agile-workflow/node_modules/@testing-library/react/dist/pure.js:188:26)
    at render (/Users/heartofgold/Documents/Cursor Projects/cursor-auto-rules-agile-workflow/node_modules/@testing-library/react/dist/pure.js:287:10)
    at Object.&lt;anonymous&gt; (/Users/heartofgold/Documents/Cursor Projects/cursor-auto-rules-agile-workflow/tests/unit/client/components/Question.test.tsx:25:11)
    at Promise.then.completed (/Users/heartofgold/Documents/Cursor Projects/cursor-auto-rules-agile-workflow/node_modules/jest-circus/build/utils.js:298:28)
    at new Promise (&lt;anonymous&gt;)
    at callAsyncCircusFn (/Users/heartofgold/Documents/Cursor Projects/cursor-auto-rules-agile-workflow/node_modules/jest-circus/build/utils.js:231:10)
    at _callCircusTest (/Users/heartofgold/Documents/Cursor Projects/cursor-auto-rules-agile-workflow/node_modules/jest-circus/build/run.js:316:40)
    at processTicksAndRejections (node:internal/process/task_queues:105:5)
    at _runTest (/Users/heartofgold/Documents/Cursor Projects/cursor-auto-rules-agile-workflow/node_modules/jest-circus/build/run.js:252:3)
    at _runTestsForDescribeBlock (/Users/heartofgold/Documents/Cursor Projects/cursor-auto-rules-agile-workflow/node_modules/jest-circus/build/run.js:126:9)
    at _runTestsForDescribeBlock (/Users/heartofgold/Documents/Cursor Projects/cursor-auto-rules-agile-workflow/node_modules/jest-circus/build/run.js:121:9)
    at run (/Users/heartofgold/Documents/Cursor Projects/cursor-auto-rules-agile-workflow/node_modules/jest-circus/build/run.js:71:3)
    at runAndTransformResultsToJestFormat (/Users/heartofgold/Documents/Cursor Projects/cursor-auto-rules-agile-workflow/node_modules/jest-circus/build/legacy-code-todo-rewrite/jestAdapterInit.js:122:21)
    at jestAdapter (/Users/heartofgold/Documents/Cursor Projects/cursor-auto-rules-agile-workflow/node_modules/jest-circus/build/legacy-code-todo-rewrite/jestAdapter.js:79:19)
    at runTestInternal (/Users/heartofgold/Documents/Cursor Projects/cursor-auto-rules-agile-workflow/node_modules/jest-runner/build/runTest.js:367:16)
    at runTest (/Users/heartofgold/Documents/Cursor Projects/cursor-auto-rules-agile-workflow/node_modules/jest-runner/build/runTest.js:444:34)
    at Object.worker (/Users/heartofgold/Documents/Cursor Projects/cursor-auto-rules-agile-workflow/node_modules/jest-runner/build/testWorker.js:106:12)</failure>
    </testcase>
    <testcase classname="Question TEXT type renders textarea for text input" name="Question TEXT type renders textarea for text input" time="0.002">
      <failure>Error: A React Element from an older version of React was rendered. This is not supported. It can happen if:
- Multiple copies of the &quot;react&quot; package is used.
- A library pre-bundled an old copy of &quot;react&quot; or &quot;react/jsx-runtime&quot;.
- A compiler tries to &quot;inline&quot; JSX instead of using the runtime.
    at throwOnInvalidObjectType (/Users/heartofgold/Documents/Cursor Projects/cursor-auto-rules-agile-workflow/node_modules/react-dom/cjs/react-dom-client.development.js:4442:15)
    at reconcileChildFibersImpl (/Users/heartofgold/Documents/Cursor Projects/cursor-auto-rules-agile-workflow/node_modules/react-dom/cjs/react-dom-client.development.js:5376:11)
    at /Users/heartofgold/Documents/Cursor Projects/cursor-auto-rules-agile-workflow/node_modules/react-dom/cjs/react-dom-client.development.js:5415:33
    at reconcileChildren (/Users/heartofgold/Documents/Cursor Projects/cursor-auto-rules-agile-workflow/node_modules/react-dom/cjs/react-dom-client.development.js:7738:13)
    at updateFunctionComponent (/Users/heartofgold/Documents/Cursor Projects/cursor-auto-rules-agile-workflow/node_modules/react-dom/cjs/react-dom-client.development.js:8035:7)
    at beginWork (/Users/heartofgold/Documents/Cursor Projects/cursor-auto-rules-agile-workflow/node_modules/react-dom/cjs/react-dom-client.development.js:9683:18)
    at runWithFiberInDEV (/Users/heartofgold/Documents/Cursor Projects/cursor-auto-rules-agile-workflow/node_modules/react-dom/cjs/react-dom-client.development.js:543:16)
    at performUnitOfWork (/Users/heartofgold/Documents/Cursor Projects/cursor-auto-rules-agile-workflow/node_modules/react-dom/cjs/react-dom-client.development.js:15052:22)
    at workLoopSync (/Users/heartofgold/Documents/Cursor Projects/cursor-auto-rules-agile-workflow/node_modules/react-dom/cjs/react-dom-client.development.js:14870:41)
    at renderRootSync (/Users/heartofgold/Documents/Cursor Projects/cursor-auto-rules-agile-workflow/node_modules/react-dom/cjs/react-dom-client.development.js:14850:11)
    at performWorkOnRoot (/Users/heartofgold/Documents/Cursor Projects/cursor-auto-rules-agile-workflow/node_modules/react-dom/cjs/react-dom-client.development.js:14384:44)
    at performWorkOnRootViaSchedulerTask (/Users/heartofgold/Documents/Cursor Projects/cursor-auto-rules-agile-workflow/node_modules/react-dom/cjs/react-dom-client.development.js:15931:7)
    at flushActQueue (/Users/heartofgold/Documents/Cursor Projects/cursor-auto-rules-agile-workflow/node_modules/react/cjs/react.development.js:862:34)
    at Object.&lt;anonymous&gt;.process.env.NODE_ENV.exports.act (/Users/heartofgold/Documents/Cursor Projects/cursor-auto-rules-agile-workflow/node_modules/react/cjs/react.development.js:1151:10)
    at /Users/heartofgold/Documents/Cursor Projects/cursor-auto-rules-agile-workflow/node_modules/@testing-library/react/dist/act-compat.js:47:25
    at renderRoot (/Users/heartofgold/Documents/Cursor Projects/cursor-auto-rules-agile-workflow/node_modules/@testing-library/react/dist/pure.js:188:26)
    at render (/Users/heartofgold/Documents/Cursor Projects/cursor-auto-rules-agile-workflow/node_modules/@testing-library/react/dist/pure.js:287:10)
    at Object.&lt;anonymous&gt; (/Users/heartofgold/Documents/Cursor Projects/cursor-auto-rules-agile-workflow/tests/unit/client/components/Question.test.tsx:31:13)
    at Promise.then.completed (/Users/heartofgold/Documents/Cursor Projects/cursor-auto-rules-agile-workflow/node_modules/jest-circus/build/utils.js:298:28)
    at new Promise (&lt;anonymous&gt;)
    at callAsyncCircusFn (/Users/heartofgold/Documents/Cursor Projects/cursor-auto-rules-agile-workflow/node_modules/jest-circus/build/utils.js:231:10)
    at _callCircusTest (/Users/heartofgold/Documents/Cursor Projects/cursor-auto-rules-agile-workflow/node_modules/jest-circus/build/run.js:316:40)
    at processTicksAndRejections (node:internal/process/task_queues:105:5)
    at _runTest (/Users/heartofgold/Documents/Cursor Projects/cursor-auto-rules-agile-workflow/node_modules/jest-circus/build/run.js:252:3)
    at _runTestsForDescribeBlock (/Users/heartofgold/Documents/Cursor Projects/cursor-auto-rules-agile-workflow/node_modules/jest-circus/build/run.js:126:9)
    at _runTestsForDescribeBlock (/Users/heartofgold/Documents/Cursor Projects/cursor-auto-rules-agile-workflow/node_modules/jest-circus/build/run.js:121:9)
    at _runTestsForDescribeBlock (/Users/heartofgold/Documents/Cursor Projects/cursor-auto-rules-agile-workflow/node_modules/jest-circus/build/run.js:121:9)
    at run (/Users/heartofgold/Documents/Cursor Projects/cursor-auto-rules-agile-workflow/node_modules/jest-circus/build/run.js:71:3)
    at runAndTransformResultsToJestFormat (/Users/heartofgold/Documents/Cursor Projects/cursor-auto-rules-agile-workflow/node_modules/jest-circus/build/legacy-code-todo-rewrite/jestAdapterInit.js:122:21)
    at jestAdapter (/Users/heartofgold/Documents/Cursor Projects/cursor-auto-rules-agile-workflow/node_modules/jest-circus/build/legacy-code-todo-rewrite/jestAdapter.js:79:19)
    at runTestInternal (/Users/heartofgold/Documents/Cursor Projects/cursor-auto-rules-agile-workflow/node_modules/jest-runner/build/runTest.js:367:16)
    at runTest (/Users/heartofgold/Documents/Cursor Projects/cursor-auto-rules-agile-workflow/node_modules/jest-runner/build/runTest.js:444:34)
    at Object.worker (/Users/heartofgold/Documents/Cursor Projects/cursor-auto-rules-agile-workflow/node_modules/jest-runner/build/testWorker.js:106:12)</failure>
    </testcase>
    <testcase classname="Question TEXT type handles text input changes" name="Question TEXT type handles text input changes" time="0.001">
      <failure>Error: A React Element from an older version of React was rendered. This is not supported. It can happen if:
- Multiple copies of the &quot;react&quot; package is used.
- A library pre-bundled an old copy of &quot;react&quot; or &quot;react/jsx-runtime&quot;.
- A compiler tries to &quot;inline&quot; JSX instead of using the runtime.
    at throwOnInvalidObjectType (/Users/heartofgold/Documents/Cursor Projects/cursor-auto-rules-agile-workflow/node_modules/react-dom/cjs/react-dom-client.development.js:4442:15)
    at reconcileChildFibersImpl (/Users/heartofgold/Documents/Cursor Projects/cursor-auto-rules-agile-workflow/node_modules/react-dom/cjs/react-dom-client.development.js:5376:11)
    at /Users/heartofgold/Documents/Cursor Projects/cursor-auto-rules-agile-workflow/node_modules/react-dom/cjs/react-dom-client.development.js:5415:33
    at reconcileChildren (/Users/heartofgold/Documents/Cursor Projects/cursor-auto-rules-agile-workflow/node_modules/react-dom/cjs/react-dom-client.development.js:7738:13)
    at updateFunctionComponent (/Users/heartofgold/Documents/Cursor Projects/cursor-auto-rules-agile-workflow/node_modules/react-dom/cjs/react-dom-client.development.js:8035:7)
    at beginWork (/Users/heartofgold/Documents/Cursor Projects/cursor-auto-rules-agile-workflow/node_modules/react-dom/cjs/react-dom-client.development.js:9683:18)
    at runWithFiberInDEV (/Users/heartofgold/Documents/Cursor Projects/cursor-auto-rules-agile-workflow/node_modules/react-dom/cjs/react-dom-client.development.js:543:16)
    at performUnitOfWork (/Users/heartofgold/Documents/Cursor Projects/cursor-auto-rules-agile-workflow/node_modules/react-dom/cjs/react-dom-client.development.js:15052:22)
    at workLoopSync (/Users/heartofgold/Documents/Cursor Projects/cursor-auto-rules-agile-workflow/node_modules/react-dom/cjs/react-dom-client.development.js:14870:41)
    at renderRootSync (/Users/heartofgold/Documents/Cursor Projects/cursor-auto-rules-agile-workflow/node_modules/react-dom/cjs/react-dom-client.development.js:14850:11)
    at performWorkOnRoot (/Users/heartofgold/Documents/Cursor Projects/cursor-auto-rules-agile-workflow/node_modules/react-dom/cjs/react-dom-client.development.js:14384:44)
    at performWorkOnRootViaSchedulerTask (/Users/heartofgold/Documents/Cursor Projects/cursor-auto-rules-agile-workflow/node_modules/react-dom/cjs/react-dom-client.development.js:15931:7)
    at flushActQueue (/Users/heartofgold/Documents/Cursor Projects/cursor-auto-rules-agile-workflow/node_modules/react/cjs/react.development.js:862:34)
    at Object.&lt;anonymous&gt;.process.env.NODE_ENV.exports.act (/Users/heartofgold/Documents/Cursor Projects/cursor-auto-rules-agile-workflow/node_modules/react/cjs/react.development.js:1151:10)
    at /Users/heartofgold/Documents/Cursor Projects/cursor-auto-rules-agile-workflow/node_modules/@testing-library/react/dist/act-compat.js:47:25
    at renderRoot (/Users/heartofgold/Documents/Cursor Projects/cursor-auto-rules-agile-workflow/node_modules/@testing-library/react/dist/pure.js:188:26)
    at render (/Users/heartofgold/Documents/Cursor Projects/cursor-auto-rules-agile-workflow/node_modules/@testing-library/react/dist/pure.js:287:10)
    at Object.&lt;anonymous&gt; (/Users/heartofgold/Documents/Cursor Projects/cursor-auto-rules-agile-workflow/tests/unit/client/components/Question.test.tsx:38:13)
    at Promise.then.completed (/Users/heartofgold/Documents/Cursor Projects/cursor-auto-rules-agile-workflow/node_modules/jest-circus/build/utils.js:298:28)
    at new Promise (&lt;anonymous&gt;)
    at callAsyncCircusFn (/Users/heartofgold/Documents/Cursor Projects/cursor-auto-rules-agile-workflow/node_modules/jest-circus/build/utils.js:231:10)
    at _callCircusTest (/Users/heartofgold/Documents/Cursor Projects/cursor-auto-rules-agile-workflow/node_modules/jest-circus/build/run.js:316:40)
    at processTicksAndRejections (node:internal/process/task_queues:105:5)
    at _runTest (/Users/heartofgold/Documents/Cursor Projects/cursor-auto-rules-agile-workflow/node_modules/jest-circus/build/run.js:252:3)
    at _runTestsForDescribeBlock (/Users/heartofgold/Documents/Cursor Projects/cursor-auto-rules-agile-workflow/node_modules/jest-circus/build/run.js:126:9)
    at _runTestsForDescribeBlock (/Users/heartofgold/Documents/Cursor Projects/cursor-auto-rules-agile-workflow/node_modules/jest-circus/build/run.js:121:9)
    at _runTestsForDescribeBlock (/Users/heartofgold/Documents/Cursor Projects/cursor-auto-rules-agile-workflow/node_modules/jest-circus/build/run.js:121:9)
    at run (/Users/heartofgold/Documents/Cursor Projects/cursor-auto-rules-agile-workflow/node_modules/jest-circus/build/run.js:71:3)
    at runAndTransformResultsToJestFormat (/Users/heartofgold/Documents/Cursor Projects/cursor-auto-rules-agile-workflow/node_modules/jest-circus/build/legacy-code-todo-rewrite/jestAdapterInit.js:122:21)
    at jestAdapter (/Users/heartofgold/Documents/Cursor Projects/cursor-auto-rules-agile-workflow/node_modules/jest-circus/build/legacy-code-todo-rewrite/jestAdapter.js:79:19)
    at runTestInternal (/Users/heartofgold/Documents/Cursor Projects/cursor-auto-rules-agile-workflow/node_modules/jest-runner/build/runTest.js:367:16)
    at runTest (/Users/heartofgold/Documents/Cursor Projects/cursor-auto-rules-agile-workflow/node_modules/jest-runner/build/runTest.js:444:34)
    at Object.worker (/Users/heartofgold/Documents/Cursor Projects/cursor-auto-rules-agile-workflow/node_modules/jest-runner/build/testWorker.js:106:12)</failure>
    </testcase>
    <testcase classname="Question TEXT type displays initial value when provided" name="Question TEXT type displays initial value when provided" time="0.002">
      <failure>Error: A React Element from an older version of React was rendered. This is not supported. It can happen if:
- Multiple copies of the &quot;react&quot; package is used.
- A library pre-bundled an old copy of &quot;react&quot; or &quot;react/jsx-runtime&quot;.
- A compiler tries to &quot;inline&quot; JSX instead of using the runtime.
    at throwOnInvalidObjectType (/Users/heartofgold/Documents/Cursor Projects/cursor-auto-rules-agile-workflow/node_modules/react-dom/cjs/react-dom-client.development.js:4442:15)
    at reconcileChildFibersImpl (/Users/heartofgold/Documents/Cursor Projects/cursor-auto-rules-agile-workflow/node_modules/react-dom/cjs/react-dom-client.development.js:5376:11)
    at /Users/heartofgold/Documents/Cursor Projects/cursor-auto-rules-agile-workflow/node_modules/react-dom/cjs/react-dom-client.development.js:5415:33
    at reconcileChildren (/Users/heartofgold/Documents/Cursor Projects/cursor-auto-rules-agile-workflow/node_modules/react-dom/cjs/react-dom-client.development.js:7738:13)
    at updateFunctionComponent (/Users/heartofgold/Documents/Cursor Projects/cursor-auto-rules-agile-workflow/node_modules/react-dom/cjs/react-dom-client.development.js:8035:7)
    at beginWork (/Users/heartofgold/Documents/Cursor Projects/cursor-auto-rules-agile-workflow/node_modules/react-dom/cjs/react-dom-client.development.js:9683:18)
    at runWithFiberInDEV (/Users/heartofgold/Documents/Cursor Projects/cursor-auto-rules-agile-workflow/node_modules/react-dom/cjs/react-dom-client.development.js:543:16)
    at performUnitOfWork (/Users/heartofgold/Documents/Cursor Projects/cursor-auto-rules-agile-workflow/node_modules/react-dom/cjs/react-dom-client.development.js:15052:22)
    at workLoopSync (/Users/heartofgold/Documents/Cursor Projects/cursor-auto-rules-agile-workflow/node_modules/react-dom/cjs/react-dom-client.development.js:14870:41)
    at renderRootSync (/Users/heartofgold/Documents/Cursor Projects/cursor-auto-rules-agile-workflow/node_modules/react-dom/cjs/react-dom-client.development.js:14850:11)
    at performWorkOnRoot (/Users/heartofgold/Documents/Cursor Projects/cursor-auto-rules-agile-workflow/node_modules/react-dom/cjs/react-dom-client.development.js:14384:44)
    at performWorkOnRootViaSchedulerTask (/Users/heartofgold/Documents/Cursor Projects/cursor-auto-rules-agile-workflow/node_modules/react-dom/cjs/react-dom-client.development.js:15931:7)
    at flushActQueue (/Users/heartofgold/Documents/Cursor Projects/cursor-auto-rules-agile-workflow/node_modules/react/cjs/react.development.js:862:34)
    at Object.&lt;anonymous&gt;.process.env.NODE_ENV.exports.act (/Users/heartofgold/Documents/Cursor Projects/cursor-auto-rules-agile-workflow/node_modules/react/cjs/react.development.js:1151:10)
    at /Users/heartofgold/Documents/Cursor Projects/cursor-auto-rules-agile-workflow/node_modules/@testing-library/react/dist/act-compat.js:47:25
    at renderRoot (/Users/heartofgold/Documents/Cursor Projects/cursor-auto-rules-agile-workflow/node_modules/@testing-library/react/dist/pure.js:188:26)
    at render (/Users/heartofgold/Documents/Cursor Projects/cursor-auto-rules-agile-workflow/node_modules/@testing-library/react/dist/pure.js:287:10)
    at Object.&lt;anonymous&gt; (/Users/heartofgold/Documents/Cursor Projects/cursor-auto-rules-agile-workflow/tests/unit/client/components/Question.test.tsx:45:13)
    at Promise.then.completed (/Users/heartofgold/Documents/Cursor Projects/cursor-auto-rules-agile-workflow/node_modules/jest-circus/build/utils.js:298:28)
    at new Promise (&lt;anonymous&gt;)
    at callAsyncCircusFn (/Users/heartofgold/Documents/Cursor Projects/cursor-auto-rules-agile-workflow/node_modules/jest-circus/build/utils.js:231:10)
    at _callCircusTest (/Users/heartofgold/Documents/Cursor Projects/cursor-auto-rules-agile-workflow/node_modules/jest-circus/build/run.js:316:40)
    at processTicksAndRejections (node:internal/process/task_queues:105:5)
    at _runTest (/Users/heartofgold/Documents/Cursor Projects/cursor-auto-rules-agile-workflow/node_modules/jest-circus/build/run.js:252:3)
    at _runTestsForDescribeBlock (/Users/heartofgold/Documents/Cursor Projects/cursor-auto-rules-agile-workflow/node_modules/jest-circus/build/run.js:126:9)
    at _runTestsForDescribeBlock (/Users/heartofgold/Documents/Cursor Projects/cursor-auto-rules-agile-workflow/node_modules/jest-circus/build/run.js:121:9)
    at _runTestsForDescribeBlock (/Users/heartofgold/Documents/Cursor Projects/cursor-auto-rules-agile-workflow/node_modules/jest-circus/build/run.js:121:9)
    at run (/Users/heartofgold/Documents/Cursor Projects/cursor-auto-rules-agile-workflow/node_modules/jest-circus/build/run.js:71:3)
    at runAndTransformResultsToJestFormat (/Users/heartofgold/Documents/Cursor Projects/cursor-auto-rules-agile-workflow/node_modules/jest-circus/build/legacy-code-todo-rewrite/jestAdapterInit.js:122:21)
    at jestAdapter (/Users/heartofgold/Documents/Cursor Projects/cursor-auto-rules-agile-workflow/node_modules/jest-circus/build/legacy-code-todo-rewrite/jestAdapter.js:79:19)
    at runTestInternal (/Users/heartofgold/Documents/Cursor Projects/cursor-auto-rules-agile-workflow/node_modules/jest-runner/build/runTest.js:367:16)
    at runTest (/Users/heartofgold/Documents/Cursor Projects/cursor-auto-rules-agile-workflow/node_modules/jest-runner/build/runTest.js:444:34)
    at Object.worker (/Users/heartofgold/Documents/Cursor Projects/cursor-auto-rules-agile-workflow/node_modules/jest-runner/build/testWorker.js:106:12)</failure>
    </testcase>
    <testcase classname="Question NUMERIC type renders number input" name="Question NUMERIC type renders number input" time="0.001">
      <failure>Error: A React Element from an older version of React was rendered. This is not supported. It can happen if:
- Multiple copies of the &quot;react&quot; package is used.
- A library pre-bundled an old copy of &quot;react&quot; or &quot;react/jsx-runtime&quot;.
- A compiler tries to &quot;inline&quot; JSX instead of using the runtime.
    at throwOnInvalidObjectType (/Users/heartofgold/Documents/Cursor Projects/cursor-auto-rules-agile-workflow/node_modules/react-dom/cjs/react-dom-client.development.js:4442:15)
    at reconcileChildFibersImpl (/Users/heartofgold/Documents/Cursor Projects/cursor-auto-rules-agile-workflow/node_modules/react-dom/cjs/react-dom-client.development.js:5376:11)
    at /Users/heartofgold/Documents/Cursor Projects/cursor-auto-rules-agile-workflow/node_modules/react-dom/cjs/react-dom-client.development.js:5415:33
    at reconcileChildren (/Users/heartofgold/Documents/Cursor Projects/cursor-auto-rules-agile-workflow/node_modules/react-dom/cjs/react-dom-client.development.js:7738:13)
    at updateFunctionComponent (/Users/heartofgold/Documents/Cursor Projects/cursor-auto-rules-agile-workflow/node_modules/react-dom/cjs/react-dom-client.development.js:8035:7)
    at beginWork (/Users/heartofgold/Documents/Cursor Projects/cursor-auto-rules-agile-workflow/node_modules/react-dom/cjs/react-dom-client.development.js:9683:18)
    at runWithFiberInDEV (/Users/heartofgold/Documents/Cursor Projects/cursor-auto-rules-agile-workflow/node_modules/react-dom/cjs/react-dom-client.development.js:543:16)
    at performUnitOfWork (/Users/heartofgold/Documents/Cursor Projects/cursor-auto-rules-agile-workflow/node_modules/react-dom/cjs/react-dom-client.development.js:15052:22)
    at workLoopSync (/Users/heartofgold/Documents/Cursor Projects/cursor-auto-rules-agile-workflow/node_modules/react-dom/cjs/react-dom-client.development.js:14870:41)
    at renderRootSync (/Users/heartofgold/Documents/Cursor Projects/cursor-auto-rules-agile-workflow/node_modules/react-dom/cjs/react-dom-client.development.js:14850:11)
    at performWorkOnRoot (/Users/heartofgold/Documents/Cursor Projects/cursor-auto-rules-agile-workflow/node_modules/react-dom/cjs/react-dom-client.development.js:14384:44)
    at performWorkOnRootViaSchedulerTask (/Users/heartofgold/Documents/Cursor Projects/cursor-auto-rules-agile-workflow/node_modules/react-dom/cjs/react-dom-client.development.js:15931:7)
    at flushActQueue (/Users/heartofgold/Documents/Cursor Projects/cursor-auto-rules-agile-workflow/node_modules/react/cjs/react.development.js:862:34)
    at Object.&lt;anonymous&gt;.process.env.NODE_ENV.exports.act (/Users/heartofgold/Documents/Cursor Projects/cursor-auto-rules-agile-workflow/node_modules/react/cjs/react.development.js:1151:10)
    at /Users/heartofgold/Documents/Cursor Projects/cursor-auto-rules-agile-workflow/node_modules/@testing-library/react/dist/act-compat.js:47:25
    at renderRoot (/Users/heartofgold/Documents/Cursor Projects/cursor-auto-rules-agile-workflow/node_modules/@testing-library/react/dist/pure.js:188:26)
    at render (/Users/heartofgold/Documents/Cursor Projects/cursor-auto-rules-agile-workflow/node_modules/@testing-library/react/dist/pure.js:287:10)
    at Object.&lt;anonymous&gt; (/Users/heartofgold/Documents/Cursor Projects/cursor-auto-rules-agile-workflow/tests/unit/client/components/Question.test.tsx:54:13)
    at Promise.then.completed (/Users/heartofgold/Documents/Cursor Projects/cursor-auto-rules-agile-workflow/node_modules/jest-circus/build/utils.js:298:28)
    at new Promise (&lt;anonymous&gt;)
    at callAsyncCircusFn (/Users/heartofgold/Documents/Cursor Projects/cursor-auto-rules-agile-workflow/node_modules/jest-circus/build/utils.js:231:10)
    at _callCircusTest (/Users/heartofgold/Documents/Cursor Projects/cursor-auto-rules-agile-workflow/node_modules/jest-circus/build/run.js:316:40)
    at processTicksAndRejections (node:internal/process/task_queues:105:5)
    at _runTest (/Users/heartofgold/Documents/Cursor Projects/cursor-auto-rules-agile-workflow/node_modules/jest-circus/build/run.js:252:3)
    at _runTestsForDescribeBlock (/Users/heartofgold/Documents/Cursor Projects/cursor-auto-rules-agile-workflow/node_modules/jest-circus/build/run.js:126:9)
    at _runTestsForDescribeBlock (/Users/heartofgold/Documents/Cursor Projects/cursor-auto-rules-agile-workflow/node_modules/jest-circus/build/run.js:121:9)
    at _runTestsForDescribeBlock (/Users/heartofgold/Documents/Cursor Projects/cursor-auto-rules-agile-workflow/node_modules/jest-circus/build/run.js:121:9)
    at run (/Users/heartofgold/Documents/Cursor Projects/cursor-auto-rules-agile-workflow/node_modules/jest-circus/build/run.js:71:3)
    at runAndTransformResultsToJestFormat (/Users/heartofgold/Documents/Cursor Projects/cursor-auto-rules-agile-workflow/node_modules/jest-circus/build/legacy-code-todo-rewrite/jestAdapterInit.js:122:21)
    at jestAdapter (/Users/heartofgold/Documents/Cursor Projects/cursor-auto-rules-agile-workflow/node_modules/jest-circus/build/legacy-code-todo-rewrite/jestAdapter.js:79:19)
    at runTestInternal (/Users/heartofgold/Documents/Cursor Projects/cursor-auto-rules-agile-workflow/node_modules/jest-runner/build/runTest.js:367:16)
    at runTest (/Users/heartofgold/Documents/Cursor Projects/cursor-auto-rules-agile-workflow/node_modules/jest-runner/build/runTest.js:444:34)
    at Object.worker (/Users/heartofgold/Documents/Cursor Projects/cursor-auto-rules-agile-workflow/node_modules/jest-runner/build/testWorker.js:106:12)</failure>
    </testcase>
    <testcase classname="Question NUMERIC type handles numeric input changes" name="Question NUMERIC type handles numeric input changes" time="0.002">
      <failure>Error: A React Element from an older version of React was rendered. This is not supported. It can happen if:
- Multiple copies of the &quot;react&quot; package is used.
- A library pre-bundled an old copy of &quot;react&quot; or &quot;react/jsx-runtime&quot;.
- A compiler tries to &quot;inline&quot; JSX instead of using the runtime.
    at throwOnInvalidObjectType (/Users/heartofgold/Documents/Cursor Projects/cursor-auto-rules-agile-workflow/node_modules/react-dom/cjs/react-dom-client.development.js:4442:15)
    at reconcileChildFibersImpl (/Users/heartofgold/Documents/Cursor Projects/cursor-auto-rules-agile-workflow/node_modules/react-dom/cjs/react-dom-client.development.js:5376:11)
    at /Users/heartofgold/Documents/Cursor Projects/cursor-auto-rules-agile-workflow/node_modules/react-dom/cjs/react-dom-client.development.js:5415:33
    at reconcileChildren (/Users/heartofgold/Documents/Cursor Projects/cursor-auto-rules-agile-workflow/node_modules/react-dom/cjs/react-dom-client.development.js:7738:13)
    at updateFunctionComponent (/Users/heartofgold/Documents/Cursor Projects/cursor-auto-rules-agile-workflow/node_modules/react-dom/cjs/react-dom-client.development.js:8035:7)
    at beginWork (/Users/heartofgold/Documents/Cursor Projects/cursor-auto-rules-agile-workflow/node_modules/react-dom/cjs/react-dom-client.development.js:9683:18)
    at runWithFiberInDEV (/Users/heartofgold/Documents/Cursor Projects/cursor-auto-rules-agile-workflow/node_modules/react-dom/cjs/react-dom-client.development.js:543:16)
    at performUnitOfWork (/Users/heartofgold/Documents/Cursor Projects/cursor-auto-rules-agile-workflow/node_modules/react-dom/cjs/react-dom-client.development.js:15052:22)
    at workLoopSync (/Users/heartofgold/Documents/Cursor Projects/cursor-auto-rules-agile-workflow/node_modules/react-dom/cjs/react-dom-client.development.js:14870:41)
    at renderRootSync (/Users/heartofgold/Documents/Cursor Projects/cursor-auto-rules-agile-workflow/node_modules/react-dom/cjs/react-dom-client.development.js:14850:11)
    at performWorkOnRoot (/Users/heartofgold/Documents/Cursor Projects/cursor-auto-rules-agile-workflow/node_modules/react-dom/cjs/react-dom-client.development.js:14384:44)
    at performWorkOnRootViaSchedulerTask (/Users/heartofgold/Documents/Cursor Projects/cursor-auto-rules-agile-workflow/node_modules/react-dom/cjs/react-dom-client.development.js:15931:7)
    at flushActQueue (/Users/heartofgold/Documents/Cursor Projects/cursor-auto-rules-agile-workflow/node_modules/react/cjs/react.development.js:862:34)
    at Object.&lt;anonymous&gt;.process.env.NODE_ENV.exports.act (/Users/heartofgold/Documents/Cursor Projects/cursor-auto-rules-agile-workflow/node_modules/react/cjs/react.development.js:1151:10)
    at /Users/heartofgold/Documents/Cursor Projects/cursor-auto-rules-agile-workflow/node_modules/@testing-library/react/dist/act-compat.js:47:25
    at renderRoot (/Users/heartofgold/Documents/Cursor Projects/cursor-auto-rules-agile-workflow/node_modules/@testing-library/react/dist/pure.js:188:26)
    at render (/Users/heartofgold/Documents/Cursor Projects/cursor-auto-rules-agile-workflow/node_modules/@testing-library/react/dist/pure.js:287:10)
    at Object.&lt;anonymous&gt; (/Users/heartofgold/Documents/Cursor Projects/cursor-auto-rules-agile-workflow/tests/unit/client/components/Question.test.tsx:61:13)
    at Promise.then.completed (/Users/heartofgold/Documents/Cursor Projects/cursor-auto-rules-agile-workflow/node_modules/jest-circus/build/utils.js:298:28)
    at new Promise (&lt;anonymous&gt;)
    at callAsyncCircusFn (/Users/heartofgold/Documents/Cursor Projects/cursor-auto-rules-agile-workflow/node_modules/jest-circus/build/utils.js:231:10)
    at _callCircusTest (/Users/heartofgold/Documents/Cursor Projects/cursor-auto-rules-agile-workflow/node_modules/jest-circus/build/run.js:316:40)
    at processTicksAndRejections (node:internal/process/task_queues:105:5)
    at _runTest (/Users/heartofgold/Documents/Cursor Projects/cursor-auto-rules-agile-workflow/node_modules/jest-circus/build/run.js:252:3)
    at _runTestsForDescribeBlock (/Users/heartofgold/Documents/Cursor Projects/cursor-auto-rules-agile-workflow/node_modules/jest-circus/build/run.js:126:9)
    at _runTestsForDescribeBlock (/Users/heartofgold/Documents/Cursor Projects/cursor-auto-rules-agile-workflow/node_modules/jest-circus/build/run.js:121:9)
    at _runTestsForDescribeBlock (/Users/heartofgold/Documents/Cursor Projects/cursor-auto-rules-agile-workflow/node_modules/jest-circus/build/run.js:121:9)
    at run (/Users/heartofgold/Documents/Cursor Projects/cursor-auto-rules-agile-workflow/node_modules/jest-circus/build/run.js:71:3)
    at runAndTransformResultsToJestFormat (/Users/heartofgold/Documents/Cursor Projects/cursor-auto-rules-agile-workflow/node_modules/jest-circus/build/legacy-code-todo-rewrite/jestAdapterInit.js:122:21)
    at jestAdapter (/Users/heartofgold/Documents/Cursor Projects/cursor-auto-rules-agile-workflow/node_modules/jest-circus/build/legacy-code-todo-rewrite/jestAdapter.js:79:19)
    at runTestInternal (/Users/heartofgold/Documents/Cursor Projects/cursor-auto-rules-agile-workflow/node_modules/jest-runner/build/runTest.js:367:16)
    at runTest (/Users/heartofgold/Documents/Cursor Projects/cursor-auto-rules-agile-workflow/node_modules/jest-runner/build/runTest.js:444:34)
    at Object.worker (/Users/heartofgold/Documents/Cursor Projects/cursor-auto-rules-agile-workflow/node_modules/jest-runner/build/testWorker.js:106:12)</failure>
    </testcase>
    <testcase classname="Question NUMERIC type displays initial value when provided" name="Question NUMERIC type displays initial value when provided" time="0.003">
      <failure>Error: A React Element from an older version of React was rendered. This is not supported. It can happen if:
- Multiple copies of the &quot;react&quot; package is used.
- A library pre-bundled an old copy of &quot;react&quot; or &quot;react/jsx-runtime&quot;.
- A compiler tries to &quot;inline&quot; JSX instead of using the runtime.
    at throwOnInvalidObjectType (/Users/heartofgold/Documents/Cursor Projects/cursor-auto-rules-agile-workflow/node_modules/react-dom/cjs/react-dom-client.development.js:4442:15)
    at reconcileChildFibersImpl (/Users/heartofgold/Documents/Cursor Projects/cursor-auto-rules-agile-workflow/node_modules/react-dom/cjs/react-dom-client.development.js:5376:11)
    at /Users/heartofgold/Documents/Cursor Projects/cursor-auto-rules-agile-workflow/node_modules/react-dom/cjs/react-dom-client.development.js:5415:33
    at reconcileChildren (/Users/heartofgold/Documents/Cursor Projects/cursor-auto-rules-agile-workflow/node_modules/react-dom/cjs/react-dom-client.development.js:7738:13)
    at updateFunctionComponent (/Users/heartofgold/Documents/Cursor Projects/cursor-auto-rules-agile-workflow/node_modules/react-dom/cjs/react-dom-client.development.js:8035:7)
    at beginWork (/Users/heartofgold/Documents/Cursor Projects/cursor-auto-rules-agile-workflow/node_modules/react-dom/cjs/react-dom-client.development.js:9683:18)
    at runWithFiberInDEV (/Users/heartofgold/Documents/Cursor Projects/cursor-auto-rules-agile-workflow/node_modules/react-dom/cjs/react-dom-client.development.js:543:16)
    at performUnitOfWork (/Users/heartofgold/Documents/Cursor Projects/cursor-auto-rules-agile-workflow/node_modules/react-dom/cjs/react-dom-client.development.js:15052:22)
    at workLoopSync (/Users/heartofgold/Documents/Cursor Projects/cursor-auto-rules-agile-workflow/node_modules/react-dom/cjs/react-dom-client.development.js:14870:41)
    at renderRootSync (/Users/heartofgold/Documents/Cursor Projects/cursor-auto-rules-agile-workflow/node_modules/react-dom/cjs/react-dom-client.development.js:14850:11)
    at performWorkOnRoot (/Users/heartofgold/Documents/Cursor Projects/cursor-auto-rules-agile-workflow/node_modules/react-dom/cjs/react-dom-client.development.js:14384:44)
    at performWorkOnRootViaSchedulerTask (/Users/heartofgold/Documents/Cursor Projects/cursor-auto-rules-agile-workflow/node_modules/react-dom/cjs/react-dom-client.development.js:15931:7)
    at flushActQueue (/Users/heartofgold/Documents/Cursor Projects/cursor-auto-rules-agile-workflow/node_modules/react/cjs/react.development.js:862:34)
    at Object.&lt;anonymous&gt;.process.env.NODE_ENV.exports.act (/Users/heartofgold/Documents/Cursor Projects/cursor-auto-rules-agile-workflow/node_modules/react/cjs/react.development.js:1151:10)
    at /Users/heartofgold/Documents/Cursor Projects/cursor-auto-rules-agile-workflow/node_modules/@testing-library/react/dist/act-compat.js:47:25
    at renderRoot (/Users/heartofgold/Documents/Cursor Projects/cursor-auto-rules-agile-workflow/node_modules/@testing-library/react/dist/pure.js:188:26)
    at render (/Users/heartofgold/Documents/Cursor Projects/cursor-auto-rules-agile-workflow/node_modules/@testing-library/react/dist/pure.js:287:10)
    at Object.&lt;anonymous&gt; (/Users/heartofgold/Documents/Cursor Projects/cursor-auto-rules-agile-workflow/tests/unit/client/components/Question.test.tsx:68:13)
    at Promise.then.completed (/Users/heartofgold/Documents/Cursor Projects/cursor-auto-rules-agile-workflow/node_modules/jest-circus/build/utils.js:298:28)
    at new Promise (&lt;anonymous&gt;)
    at callAsyncCircusFn (/Users/heartofgold/Documents/Cursor Projects/cursor-auto-rules-agile-workflow/node_modules/jest-circus/build/utils.js:231:10)
    at _callCircusTest (/Users/heartofgold/Documents/Cursor Projects/cursor-auto-rules-agile-workflow/node_modules/jest-circus/build/run.js:316:40)
    at processTicksAndRejections (node:internal/process/task_queues:105:5)
    at _runTest (/Users/heartofgold/Documents/Cursor Projects/cursor-auto-rules-agile-workflow/node_modules/jest-circus/build/run.js:252:3)
    at _runTestsForDescribeBlock (/Users/heartofgold/Documents/Cursor Projects/cursor-auto-rules-agile-workflow/node_modules/jest-circus/build/run.js:126:9)
    at _runTestsForDescribeBlock (/Users/heartofgold/Documents/Cursor Projects/cursor-auto-rules-agile-workflow/node_modules/jest-circus/build/run.js:121:9)
    at _runTestsForDescribeBlock (/Users/heartofgold/Documents/Cursor Projects/cursor-auto-rules-agile-workflow/node_modules/jest-circus/build/run.js:121:9)
    at run (/Users/heartofgold/Documents/Cursor Projects/cursor-auto-rules-agile-workflow/node_modules/jest-circus/build/run.js:71:3)
    at runAndTransformResultsToJestFormat (/Users/heartofgold/Documents/Cursor Projects/cursor-auto-rules-agile-workflow/node_modules/jest-circus/build/legacy-code-todo-rewrite/jestAdapterInit.js:122:21)
    at jestAdapter (/Users/heartofgold/Documents/Cursor Projects/cursor-auto-rules-agile-workflow/node_modules/jest-circus/build/legacy-code-todo-rewrite/jestAdapter.js:79:19)
    at runTestInternal (/Users/heartofgold/Documents/Cursor Projects/cursor-auto-rules-agile-workflow/node_modules/jest-runner/build/runTest.js:367:16)
    at runTest (/Users/heartofgold/Documents/Cursor Projects/cursor-auto-rules-agile-workflow/node_modules/jest-runner/build/runTest.js:444:34)
    at Object.worker (/Users/heartofgold/Documents/Cursor Projects/cursor-auto-rules-agile-workflow/node_modules/jest-runner/build/testWorker.js:106:12)</failure>
    </testcase>
    <testcase classname="Question MULTIPLE_CHOICE type renders all options" name="Question MULTIPLE_CHOICE type renders all options" time="0.001">
      <failure>Error: A React Element from an older version of React was rendered. This is not supported. It can happen if:
- Multiple copies of the &quot;react&quot; package is used.
- A library pre-bundled an old copy of &quot;react&quot; or &quot;react/jsx-runtime&quot;.
- A compiler tries to &quot;inline&quot; JSX instead of using the runtime.
    at throwOnInvalidObjectType (/Users/heartofgold/Documents/Cursor Projects/cursor-auto-rules-agile-workflow/node_modules/react-dom/cjs/react-dom-client.development.js:4442:15)
    at reconcileChildFibersImpl (/Users/heartofgold/Documents/Cursor Projects/cursor-auto-rules-agile-workflow/node_modules/react-dom/cjs/react-dom-client.development.js:5376:11)
    at /Users/heartofgold/Documents/Cursor Projects/cursor-auto-rules-agile-workflow/node_modules/react-dom/cjs/react-dom-client.development.js:5415:33
    at reconcileChildren (/Users/heartofgold/Documents/Cursor Projects/cursor-auto-rules-agile-workflow/node_modules/react-dom/cjs/react-dom-client.development.js:7738:13)
    at updateFunctionComponent (/Users/heartofgold/Documents/Cursor Projects/cursor-auto-rules-agile-workflow/node_modules/react-dom/cjs/react-dom-client.development.js:8035:7)
    at beginWork (/Users/heartofgold/Documents/Cursor Projects/cursor-auto-rules-agile-workflow/node_modules/react-dom/cjs/react-dom-client.development.js:9683:18)
    at runWithFiberInDEV (/Users/heartofgold/Documents/Cursor Projects/cursor-auto-rules-agile-workflow/node_modules/react-dom/cjs/react-dom-client.development.js:543:16)
    at performUnitOfWork (/Users/heartofgold/Documents/Cursor Projects/cursor-auto-rules-agile-workflow/node_modules/react-dom/cjs/react-dom-client.development.js:15052:22)
    at workLoopSync (/Users/heartofgold/Documents/Cursor Projects/cursor-auto-rules-agile-workflow/node_modules/react-dom/cjs/react-dom-client.development.js:14870:41)
    at renderRootSync (/Users/heartofgold/Documents/Cursor Projects/cursor-auto-rules-agile-workflow/node_modules/react-dom/cjs/react-dom-client.development.js:14850:11)
    at performWorkOnRoot (/Users/heartofgold/Documents/Cursor Projects/cursor-auto-rules-agile-workflow/node_modules/react-dom/cjs/react-dom-client.development.js:14384:44)
    at performWorkOnRootViaSchedulerTask (/Users/heartofgold/Documents/Cursor Projects/cursor-auto-rules-agile-workflow/node_modules/react-dom/cjs/react-dom-client.development.js:15931:7)
    at flushActQueue (/Users/heartofgold/Documents/Cursor Projects/cursor-auto-rules-agile-workflow/node_modules/react/cjs/react.development.js:862:34)
    at Object.&lt;anonymous&gt;.process.env.NODE_ENV.exports.act (/Users/heartofgold/Documents/Cursor Projects/cursor-auto-rules-agile-workflow/node_modules/react/cjs/react.development.js:1151:10)
    at /Users/heartofgold/Documents/Cursor Projects/cursor-auto-rules-agile-workflow/node_modules/@testing-library/react/dist/act-compat.js:47:25
    at renderRoot (/Users/heartofgold/Documents/Cursor Projects/cursor-auto-rules-agile-workflow/node_modules/@testing-library/react/dist/pure.js:188:26)
    at render (/Users/heartofgold/Documents/Cursor Projects/cursor-auto-rules-agile-workflow/node_modules/@testing-library/react/dist/pure.js:287:10)
    at Object.&lt;anonymous&gt; (/Users/heartofgold/Documents/Cursor Projects/cursor-auto-rules-agile-workflow/tests/unit/client/components/Question.test.tsx:86:13)
    at Promise.then.completed (/Users/heartofgold/Documents/Cursor Projects/cursor-auto-rules-agile-workflow/node_modules/jest-circus/build/utils.js:298:28)
    at new Promise (&lt;anonymous&gt;)
    at callAsyncCircusFn (/Users/heartofgold/Documents/Cursor Projects/cursor-auto-rules-agile-workflow/node_modules/jest-circus/build/utils.js:231:10)
    at _callCircusTest (/Users/heartofgold/Documents/Cursor Projects/cursor-auto-rules-agile-workflow/node_modules/jest-circus/build/run.js:316:40)
    at processTicksAndRejections (node:internal/process/task_queues:105:5)
    at _runTest (/Users/heartofgold/Documents/Cursor Projects/cursor-auto-rules-agile-workflow/node_modules/jest-circus/build/run.js:252:3)
    at _runTestsForDescribeBlock (/Users/heartofgold/Documents/Cursor Projects/cursor-auto-rules-agile-workflow/node_modules/jest-circus/build/run.js:126:9)
    at _runTestsForDescribeBlock (/Users/heartofgold/Documents/Cursor Projects/cursor-auto-rules-agile-workflow/node_modules/jest-circus/build/run.js:121:9)
    at _runTestsForDescribeBlock (/Users/heartofgold/Documents/Cursor Projects/cursor-auto-rules-agile-workflow/node_modules/jest-circus/build/run.js:121:9)
    at run (/Users/heartofgold/Documents/Cursor Projects/cursor-auto-rules-agile-workflow/node_modules/jest-circus/build/run.js:71:3)
    at runAndTransformResultsToJestFormat (/Users/heartofgold/Documents/Cursor Projects/cursor-auto-rules-agile-workflow/node_modules/jest-circus/build/legacy-code-todo-rewrite/jestAdapterInit.js:122:21)
    at jestAdapter (/Users/heartofgold/Documents/Cursor Projects/cursor-auto-rules-agile-workflow/node_modules/jest-circus/build/legacy-code-todo-rewrite/jestAdapter.js:79:19)
    at runTestInternal (/Users/heartofgold/Documents/Cursor Projects/cursor-auto-rules-agile-workflow/node_modules/jest-runner/build/runTest.js:367:16)
    at runTest (/Users/heartofgold/Documents/Cursor Projects/cursor-auto-rules-agile-workflow/node_modules/jest-runner/build/runTest.js:444:34)
    at Object.worker (/Users/heartofgold/Documents/Cursor Projects/cursor-auto-rules-agile-workflow/node_modules/jest-runner/build/testWorker.js:106:12)</failure>
    </testcase>
    <testcase classname="Question MULTIPLE_CHOICE type handles option selection" name="Question MULTIPLE_CHOICE type handles option selection" time="0">
      <failure>Error: A React Element from an older version of React was rendered. This is not supported. It can happen if:
- Multiple copies of the &quot;react&quot; package is used.
- A library pre-bundled an old copy of &quot;react&quot; or &quot;react/jsx-runtime&quot;.
- A compiler tries to &quot;inline&quot; JSX instead of using the runtime.
    at throwOnInvalidObjectType (/Users/heartofgold/Documents/Cursor Projects/cursor-auto-rules-agile-workflow/node_modules/react-dom/cjs/react-dom-client.development.js:4442:15)
    at reconcileChildFibersImpl (/Users/heartofgold/Documents/Cursor Projects/cursor-auto-rules-agile-workflow/node_modules/react-dom/cjs/react-dom-client.development.js:5376:11)
    at /Users/heartofgold/Documents/Cursor Projects/cursor-auto-rules-agile-workflow/node_modules/react-dom/cjs/react-dom-client.development.js:5415:33
    at reconcileChildren (/Users/heartofgold/Documents/Cursor Projects/cursor-auto-rules-agile-workflow/node_modules/react-dom/cjs/react-dom-client.development.js:7738:13)
    at updateFunctionComponent (/Users/heartofgold/Documents/Cursor Projects/cursor-auto-rules-agile-workflow/node_modules/react-dom/cjs/react-dom-client.development.js:8035:7)
    at beginWork (/Users/heartofgold/Documents/Cursor Projects/cursor-auto-rules-agile-workflow/node_modules/react-dom/cjs/react-dom-client.development.js:9683:18)
    at runWithFiberInDEV (/Users/heartofgold/Documents/Cursor Projects/cursor-auto-rules-agile-workflow/node_modules/react-dom/cjs/react-dom-client.development.js:543:16)
    at performUnitOfWork (/Users/heartofgold/Documents/Cursor Projects/cursor-auto-rules-agile-workflow/node_modules/react-dom/cjs/react-dom-client.development.js:15052:22)
    at workLoopSync (/Users/heartofgold/Documents/Cursor Projects/cursor-auto-rules-agile-workflow/node_modules/react-dom/cjs/react-dom-client.development.js:14870:41)
    at renderRootSync (/Users/heartofgold/Documents/Cursor Projects/cursor-auto-rules-agile-workflow/node_modules/react-dom/cjs/react-dom-client.development.js:14850:11)
    at performWorkOnRoot (/Users/heartofgold/Documents/Cursor Projects/cursor-auto-rules-agile-workflow/node_modules/react-dom/cjs/react-dom-client.development.js:14384:44)
    at performWorkOnRootViaSchedulerTask (/Users/heartofgold/Documents/Cursor Projects/cursor-auto-rules-agile-workflow/node_modules/react-dom/cjs/react-dom-client.development.js:15931:7)
    at flushActQueue (/Users/heartofgold/Documents/Cursor Projects/cursor-auto-rules-agile-workflow/node_modules/react/cjs/react.development.js:862:34)
    at Object.&lt;anonymous&gt;.process.env.NODE_ENV.exports.act (/Users/heartofgold/Documents/Cursor Projects/cursor-auto-rules-agile-workflow/node_modules/react/cjs/react.development.js:1151:10)
    at /Users/heartofgold/Documents/Cursor Projects/cursor-auto-rules-agile-workflow/node_modules/@testing-library/react/dist/act-compat.js:47:25
    at renderRoot (/Users/heartofgold/Documents/Cursor Projects/cursor-auto-rules-agile-workflow/node_modules/@testing-library/react/dist/pure.js:188:26)
    at render (/Users/heartofgold/Documents/Cursor Projects/cursor-auto-rules-agile-workflow/node_modules/@testing-library/react/dist/pure.js:287:10)
    at Object.&lt;anonymous&gt; (/Users/heartofgold/Documents/Cursor Projects/cursor-auto-rules-agile-workflow/tests/unit/client/components/Question.test.tsx:93:13)
    at Promise.then.completed (/Users/heartofgold/Documents/Cursor Projects/cursor-auto-rules-agile-workflow/node_modules/jest-circus/build/utils.js:298:28)
    at new Promise (&lt;anonymous&gt;)
    at callAsyncCircusFn (/Users/heartofgold/Documents/Cursor Projects/cursor-auto-rules-agile-workflow/node_modules/jest-circus/build/utils.js:231:10)
    at _callCircusTest (/Users/heartofgold/Documents/Cursor Projects/cursor-auto-rules-agile-workflow/node_modules/jest-circus/build/run.js:316:40)
    at processTicksAndRejections (node:internal/process/task_queues:105:5)
    at _runTest (/Users/heartofgold/Documents/Cursor Projects/cursor-auto-rules-agile-workflow/node_modules/jest-circus/build/run.js:252:3)
    at _runTestsForDescribeBlock (/Users/heartofgold/Documents/Cursor Projects/cursor-auto-rules-agile-workflow/node_modules/jest-circus/build/run.js:126:9)
    at _runTestsForDescribeBlock (/Users/heartofgold/Documents/Cursor Projects/cursor-auto-rules-agile-workflow/node_modules/jest-circus/build/run.js:121:9)
    at _runTestsForDescribeBlock (/Users/heartofgold/Documents/Cursor Projects/cursor-auto-rules-agile-workflow/node_modules/jest-circus/build/run.js:121:9)
    at run (/Users/heartofgold/Documents/Cursor Projects/cursor-auto-rules-agile-workflow/node_modules/jest-circus/build/run.js:71:3)
    at runAndTransformResultsToJestFormat (/Users/heartofgold/Documents/Cursor Projects/cursor-auto-rules-agile-workflow/node_modules/jest-circus/build/legacy-code-todo-rewrite/jestAdapterInit.js:122:21)
    at jestAdapter (/Users/heartofgold/Documents/Cursor Projects/cursor-auto-rules-agile-workflow/node_modules/jest-circus/build/legacy-code-todo-rewrite/jestAdapter.js:79:19)
    at runTestInternal (/Users/heartofgold/Documents/Cursor Projects/cursor-auto-rules-agile-workflow/node_modules/jest-runner/build/runTest.js:367:16)
    at runTest (/Users/heartofgold/Documents/Cursor Projects/cursor-auto-rules-agile-workflow/node_modules/jest-runner/build/runTest.js:444:34)
    at Object.worker (/Users/heartofgold/Documents/Cursor Projects/cursor-auto-rules-agile-workflow/node_modules/jest-runner/build/testWorker.js:106:12)</failure>
    </testcase>
    <testcase classname="Question MULTIPLE_CHOICE type marks selected option as checked" name="Question MULTIPLE_CHOICE type marks selected option as checked" time="0">
      <failure>Error: A React Element from an older version of React was rendered. This is not supported. It can happen if:
- Multiple copies of the &quot;react&quot; package is used.
- A library pre-bundled an old copy of &quot;react&quot; or &quot;react/jsx-runtime&quot;.
- A compiler tries to &quot;inline&quot; JSX instead of using the runtime.
    at throwOnInvalidObjectType (/Users/heartofgold/Documents/Cursor Projects/cursor-auto-rules-agile-workflow/node_modules/react-dom/cjs/react-dom-client.development.js:4442:15)
    at reconcileChildFibersImpl (/Users/heartofgold/Documents/Cursor Projects/cursor-auto-rules-agile-workflow/node_modules/react-dom/cjs/react-dom-client.development.js:5376:11)
    at /Users/heartofgold/Documents/Cursor Projects/cursor-auto-rules-agile-workflow/node_modules/react-dom/cjs/react-dom-client.development.js:5415:33
    at reconcileChildren (/Users/heartofgold/Documents/Cursor Projects/cursor-auto-rules-agile-workflow/node_modules/react-dom/cjs/react-dom-client.development.js:7738:13)
    at updateFunctionComponent (/Users/heartofgold/Documents/Cursor Projects/cursor-auto-rules-agile-workflow/node_modules/react-dom/cjs/react-dom-client.development.js:8035:7)
    at beginWork (/Users/heartofgold/Documents/Cursor Projects/cursor-auto-rules-agile-workflow/node_modules/react-dom/cjs/react-dom-client.development.js:9683:18)
    at runWithFiberInDEV (/Users/heartofgold/Documents/Cursor Projects/cursor-auto-rules-agile-workflow/node_modules/react-dom/cjs/react-dom-client.development.js:543:16)
    at performUnitOfWork (/Users/heartofgold/Documents/Cursor Projects/cursor-auto-rules-agile-workflow/node_modules/react-dom/cjs/react-dom-client.development.js:15052:22)
    at workLoopSync (/Users/heartofgold/Documents/Cursor Projects/cursor-auto-rules-agile-workflow/node_modules/react-dom/cjs/react-dom-client.development.js:14870:41)
    at renderRootSync (/Users/heartofgold/Documents/Cursor Projects/cursor-auto-rules-agile-workflow/node_modules/react-dom/cjs/react-dom-client.development.js:14850:11)
    at performWorkOnRoot (/Users/heartofgold/Documents/Cursor Projects/cursor-auto-rules-agile-workflow/node_modules/react-dom/cjs/react-dom-client.development.js:14384:44)
    at performWorkOnRootViaSchedulerTask (/Users/heartofgold/Documents/Cursor Projects/cursor-auto-rules-agile-workflow/node_modules/react-dom/cjs/react-dom-client.development.js:15931:7)
    at flushActQueue (/Users/heartofgold/Documents/Cursor Projects/cursor-auto-rules-agile-workflow/node_modules/react/cjs/react.development.js:862:34)
    at Object.&lt;anonymous&gt;.process.env.NODE_ENV.exports.act (/Users/heartofgold/Documents/Cursor Projects/cursor-auto-rules-agile-workflow/node_modules/react/cjs/react.development.js:1151:10)
    at /Users/heartofgold/Documents/Cursor Projects/cursor-auto-rules-agile-workflow/node_modules/@testing-library/react/dist/act-compat.js:47:25
    at renderRoot (/Users/heartofgold/Documents/Cursor Projects/cursor-auto-rules-agile-workflow/node_modules/@testing-library/react/dist/pure.js:188:26)
    at render (/Users/heartofgold/Documents/Cursor Projects/cursor-auto-rules-agile-workflow/node_modules/@testing-library/react/dist/pure.js:287:10)
    at Object.&lt;anonymous&gt; (/Users/heartofgold/Documents/Cursor Projects/cursor-auto-rules-agile-workflow/tests/unit/client/components/Question.test.tsx:100:13)
    at Promise.then.completed (/Users/heartofgold/Documents/Cursor Projects/cursor-auto-rules-agile-workflow/node_modules/jest-circus/build/utils.js:298:28)
    at new Promise (&lt;anonymous&gt;)
    at callAsyncCircusFn (/Users/heartofgold/Documents/Cursor Projects/cursor-auto-rules-agile-workflow/node_modules/jest-circus/build/utils.js:231:10)
    at _callCircusTest (/Users/heartofgold/Documents/Cursor Projects/cursor-auto-rules-agile-workflow/node_modules/jest-circus/build/run.js:316:40)
    at processTicksAndRejections (node:internal/process/task_queues:105:5)
    at _runTest (/Users/heartofgold/Documents/Cursor Projects/cursor-auto-rules-agile-workflow/node_modules/jest-circus/build/run.js:252:3)
    at _runTestsForDescribeBlock (/Users/heartofgold/Documents/Cursor Projects/cursor-auto-rules-agile-workflow/node_modules/jest-circus/build/run.js:126:9)
    at _runTestsForDescribeBlock (/Users/heartofgold/Documents/Cursor Projects/cursor-auto-rules-agile-workflow/node_modules/jest-circus/build/run.js:121:9)
    at _runTestsForDescribeBlock (/Users/heartofgold/Documents/Cursor Projects/cursor-auto-rules-agile-workflow/node_modules/jest-circus/build/run.js:121:9)
    at run (/Users/heartofgold/Documents/Cursor Projects/cursor-auto-rules-agile-workflow/node_modules/jest-circus/build/run.js:71:3)
    at runAndTransformResultsToJestFormat (/Users/heartofgold/Documents/Cursor Projects/cursor-auto-rules-agile-workflow/node_modules/jest-circus/build/legacy-code-todo-rewrite/jestAdapterInit.js:122:21)
    at jestAdapter (/Users/heartofgold/Documents/Cursor Projects/cursor-auto-rules-agile-workflow/node_modules/jest-circus/build/legacy-code-todo-rewrite/jestAdapter.js:79:19)
    at runTestInternal (/Users/heartofgold/Documents/Cursor Projects/cursor-auto-rules-agile-workflow/node_modules/jest-runner/build/runTest.js:367:16)
    at runTest (/Users/heartofgold/Documents/Cursor Projects/cursor-auto-rules-agile-workflow/node_modules/jest-runner/build/runTest.js:444:34)
    at Object.worker (/Users/heartofgold/Documents/Cursor Projects/cursor-auto-rules-agile-workflow/node_modules/jest-runner/build/testWorker.js:106:12)</failure>
    </testcase>
    <testcase classname="Question LIKERT_SCALE type renders all scale options" name="Question LIKERT_SCALE type renders all scale options" time="0.001">
      <failure>Error: A React Element from an older version of React was rendered. This is not supported. It can happen if:
- Multiple copies of the &quot;react&quot; package is used.
- A library pre-bundled an old copy of &quot;react&quot; or &quot;react/jsx-runtime&quot;.
- A compiler tries to &quot;inline&quot; JSX instead of using the runtime.
    at throwOnInvalidObjectType (/Users/heartofgold/Documents/Cursor Projects/cursor-auto-rules-agile-workflow/node_modules/react-dom/cjs/react-dom-client.development.js:4442:15)
    at reconcileChildFibersImpl (/Users/heartofgold/Documents/Cursor Projects/cursor-auto-rules-agile-workflow/node_modules/react-dom/cjs/react-dom-client.development.js:5376:11)
    at /Users/heartofgold/Documents/Cursor Projects/cursor-auto-rules-agile-workflow/node_modules/react-dom/cjs/react-dom-client.development.js:5415:33
    at reconcileChildren (/Users/heartofgold/Documents/Cursor Projects/cursor-auto-rules-agile-workflow/node_modules/react-dom/cjs/react-dom-client.development.js:7738:13)
    at updateFunctionComponent (/Users/heartofgold/Documents/Cursor Projects/cursor-auto-rules-agile-workflow/node_modules/react-dom/cjs/react-dom-client.development.js:8035:7)
    at beginWork (/Users/heartofgold/Documents/Cursor Projects/cursor-auto-rules-agile-workflow/node_modules/react-dom/cjs/react-dom-client.development.js:9683:18)
    at runWithFiberInDEV (/Users/heartofgold/Documents/Cursor Projects/cursor-auto-rules-agile-workflow/node_modules/react-dom/cjs/react-dom-client.development.js:543:16)
    at performUnitOfWork (/Users/heartofgold/Documents/Cursor Projects/cursor-auto-rules-agile-workflow/node_modules/react-dom/cjs/react-dom-client.development.js:15052:22)
    at workLoopSync (/Users/heartofgold/Documents/Cursor Projects/cursor-auto-rules-agile-workflow/node_modules/react-dom/cjs/react-dom-client.development.js:14870:41)
    at renderRootSync (/Users/heartofgold/Documents/Cursor Projects/cursor-auto-rules-agile-workflow/node_modules/react-dom/cjs/react-dom-client.development.js:14850:11)
    at performWorkOnRoot (/Users/heartofgold/Documents/Cursor Projects/cursor-auto-rules-agile-workflow/node_modules/react-dom/cjs/react-dom-client.development.js:14384:44)
    at performWorkOnRootViaSchedulerTask (/Users/heartofgold/Documents/Cursor Projects/cursor-auto-rules-agile-workflow/node_modules/react-dom/cjs/react-dom-client.development.js:15931:7)
    at flushActQueue (/Users/heartofgold/Documents/Cursor Projects/cursor-auto-rules-agile-workflow/node_modules/react/cjs/react.development.js:862:34)
    at Object.&lt;anonymous&gt;.process.env.NODE_ENV.exports.act (/Users/heartofgold/Documents/Cursor Projects/cursor-auto-rules-agile-workflow/node_modules/react/cjs/react.development.js:1151:10)
    at /Users/heartofgold/Documents/Cursor Projects/cursor-auto-rules-agile-workflow/node_modules/@testing-library/react/dist/act-compat.js:47:25
    at renderRoot (/Users/heartofgold/Documents/Cursor Projects/cursor-auto-rules-agile-workflow/node_modules/@testing-library/react/dist/pure.js:188:26)
    at render (/Users/heartofgold/Documents/Cursor Projects/cursor-auto-rules-agile-workflow/node_modules/@testing-library/react/dist/pure.js:287:10)
    at Object.&lt;anonymous&gt; (/Users/heartofgold/Documents/Cursor Projects/cursor-auto-rules-agile-workflow/tests/unit/client/components/Question.test.tsx:121:13)
    at Promise.then.completed (/Users/heartofgold/Documents/Cursor Projects/cursor-auto-rules-agile-workflow/node_modules/jest-circus/build/utils.js:298:28)
    at new Promise (&lt;anonymous&gt;)
    at callAsyncCircusFn (/Users/heartofgold/Documents/Cursor Projects/cursor-auto-rules-agile-workflow/node_modules/jest-circus/build/utils.js:231:10)
    at _callCircusTest (/Users/heartofgold/Documents/Cursor Projects/cursor-auto-rules-agile-workflow/node_modules/jest-circus/build/run.js:316:40)
    at processTicksAndRejections (node:internal/process/task_queues:105:5)
    at _runTest (/Users/heartofgold/Documents/Cursor Projects/cursor-auto-rules-agile-workflow/node_modules/jest-circus/build/run.js:252:3)
    at _runTestsForDescribeBlock (/Users/heartofgold/Documents/Cursor Projects/cursor-auto-rules-agile-workflow/node_modules/jest-circus/build/run.js:126:9)
    at _runTestsForDescribeBlock (/Users/heartofgold/Documents/Cursor Projects/cursor-auto-rules-agile-workflow/node_modules/jest-circus/build/run.js:121:9)
    at _runTestsForDescribeBlock (/Users/heartofgold/Documents/Cursor Projects/cursor-auto-rules-agile-workflow/node_modules/jest-circus/build/run.js:121:9)
    at run (/Users/heartofgold/Documents/Cursor Projects/cursor-auto-rules-agile-workflow/node_modules/jest-circus/build/run.js:71:3)
    at runAndTransformResultsToJestFormat (/Users/heartofgold/Documents/Cursor Projects/cursor-auto-rules-agile-workflow/node_modules/jest-circus/build/legacy-code-todo-rewrite/jestAdapterInit.js:122:21)
    at jestAdapter (/Users/heartofgold/Documents/Cursor Projects/cursor-auto-rules-agile-workflow/node_modules/jest-circus/build/legacy-code-todo-rewrite/jestAdapter.js:79:19)
    at runTestInternal (/Users/heartofgold/Documents/Cursor Projects/cursor-auto-rules-agile-workflow/node_modules/jest-runner/build/runTest.js:367:16)
    at runTest (/Users/heartofgold/Documents/Cursor Projects/cursor-auto-rules-agile-workflow/node_modules/jest-runner/build/runTest.js:444:34)
[...]
    at workLoopSync (/Users/heartofgold/Documents/Cursor Projects/cursor-auto-rules-agile-workflow/node_modules/react-dom/cjs/react-dom-client.development.js:14870:41)
    at renderRootSync (/Users/heartofgold/Documents/Cursor Projects/cursor-auto-rules-agile-workflow/node_modules/react-dom/cjs/react-dom-client.development.js:14850:11)
    at performWorkOnRoot (/Users/heartofgold/Documents/Cursor Projects/cursor-auto-rules-agile-workflow/node_modules/react-dom/cjs/react-dom-client.development.js:14384:44)
    at performWorkOnRootViaSchedulerTask (/Users/heartofgold/Documents/Cursor Projects/cursor-auto-rules-agile-workflow/node_modules/react-dom/cjs/react-dom-client.development.js:15931:7)
    at flushActQueue (/Users/heartofgold/Documents/Cursor Projects/cursor-auto-rules-agile-workflow/node_modules/react/cjs/react.development.js:862:34)
    at Object.&lt;anonymous&gt;.process.env.NODE_ENV.exports.act (/Users/heartofgold/Documents/Cursor Projects/cursor-auto-rules-agile-workflow/node_modules/react/cjs/react.development.js:1151:10)
    at /Users/heartofgold/Documents/Cursor Projects/cursor-auto-rules-agile-workflow/node_modules/@testing-library/react/dist/act-compat.js:47:25
    at renderRoot (/Users/heartofgold/Documents/Cursor Projects/cursor-auto-rules-agile-workflow/node_modules/@testing-library/react/dist/pure.js:188:26)
    at render (/Users/heartofgold/Documents/Cursor Projects/cursor-auto-rules-agile-workflow/node_modules/@testing-library/react/dist/pure.js:287:10)
    at renderWithProvider (/Users/heartofgold/Documents/Cursor Projects/cursor-auto-rules-agile-workflow/tests/unit/client/components/QuestionModule.test.tsx:19:16)
    at Object.&lt;anonymous&gt; (/Users/heartofgold/Documents/Cursor Projects/cursor-auto-rules-agile-workflow/tests/unit/client/components/QuestionModule.test.tsx:113:7)
    at Promise.then.completed (/Users/heartofgold/Documents/Cursor Projects/cursor-auto-rules-agile-workflow/node_modules/jest-circus/build/utils.js:298:28)
    at new Promise (&lt;anonymous&gt;)
    at callAsyncCircusFn (/Users/heartofgold/Documents/Cursor Projects/cursor-auto-rules-agile-workflow/node_modules/jest-circus/build/utils.js:231:10)
    at _callCircusTest (/Users/heartofgold/Documents/Cursor Projects/cursor-auto-rules-agile-workflow/node_modules/jest-circus/build/run.js:316:40)
    at processTicksAndRejections (node:internal/process/task_queues:105:5)
    at _runTest (/Users/heartofgold/Documents/Cursor Projects/cursor-auto-rules-agile-workflow/node_modules/jest-circus/build/run.js:252:3)
    at _runTestsForDescribeBlock (/Users/heartofgold/Documents/Cursor Projects/cursor-auto-rules-agile-workflow/node_modules/jest-circus/build/run.js:126:9)
    at _runTestsForDescribeBlock (/Users/heartofgold/Documents/Cursor Projects/cursor-auto-rules-agile-workflow/node_modules/jest-circus/build/run.js:121:9)
    at _runTestsForDescribeBlock (/Users/heartofgold/Documents/Cursor Projects/cursor-auto-rules-agile-workflow/node_modules/jest-circus/build/run.js:121:9)
    at run (/Users/heartofgold/Documents/Cursor Projects/cursor-auto-rules-agile-workflow/node_modules/jest-circus/build/run.js:71:3)
    at runAndTransformResultsToJestFormat (/Users/heartofgold/Documents/Cursor Projects/cursor-auto-rules-agile-workflow/node_modules/jest-circus/build/legacy-code-todo-rewrite/jestAdapterInit.js:122:21)
    at jestAdapter (/Users/heartofgold/Documents/Cursor Projects/cursor-auto-rules-agile-workflow/node_modules/jest-circus/build/legacy-code-todo-rewrite/jestAdapter.js:79:19)
    at runTestInternal (/Users/heartofgold/Documents/Cursor Projects/cursor-auto-rules-agile-workflow/node_modules/jest-runner/build/runTest.js:367:16)
    at runTest (/Users/heartofgold/Documents/Cursor Projects/cursor-auto-rules-agile-workflow/node_modules/jest-runner/build/runTest.js:444:34)
    at Object.worker (/Users/heartofgold/Documents/Cursor Projects/cursor-auto-rules-agile-workflow/node_modules/jest-runner/build/testWorker.js:106:12)</failure>
    </testcase>
    <testcase classname="QuestionModule accessibility progress bar has correct ARIA attributes" name="QuestionModule accessibility progress bar has correct ARIA attributes" time="0.001">
      <failure>TypeError: Cannot read properties of null (reading &apos;useState&apos;)
    at useState (/Users/heartofgold/Documents/Cursor Projects/cursor-auto-rules-agile-workflow/client/node_modules/react/cjs/react.development.js:1622:21)
    at QuestionModule (/Users/heartofgold/Documents/Cursor Projects/cursor-auto-rules-agile-workflow/client/src/components/assessment/QuestionModule.tsx:43:47)
    at Object.react-stack-bottom-frame (/Users/heartofgold/Documents/Cursor Projects/cursor-auto-rules-agile-workflow/node_modules/react-dom/cjs/react-dom-client.development.js:22428:20)
    at renderWithHooks (/Users/heartofgold/Documents/Cursor Projects/cursor-auto-rules-agile-workflow/node_modules/react-dom/cjs/react-dom-client.development.js:5757:22)
    at updateFunctionComponent (/Users/heartofgold/Documents/Cursor Projects/cursor-auto-rules-agile-workflow/node_modules/react-dom/cjs/react-dom-client.development.js:8018:19)
    at beginWork (/Users/heartofgold/Documents/Cursor Projects/cursor-auto-rules-agile-workflow/node_modules/react-dom/cjs/react-dom-client.development.js:9683:18)
    at runWithFiberInDEV (/Users/heartofgold/Documents/Cursor Projects/cursor-auto-rules-agile-workflow/node_modules/react-dom/cjs/react-dom-client.development.js:543:16)
    at performUnitOfWork (/Users/heartofgold/Documents/Cursor Projects/cursor-auto-rules-agile-workflow/node_modules/react-dom/cjs/react-dom-client.development.js:15052:22)
    at workLoopSync (/Users/heartofgold/Documents/Cursor Projects/cursor-auto-rules-agile-workflow/node_modules/react-dom/cjs/react-dom-client.development.js:14870:41)
    at renderRootSync (/Users/heartofgold/Documents/Cursor Projects/cursor-auto-rules-agile-workflow/node_modules/react-dom/cjs/react-dom-client.development.js:14850:11)
    at performWorkOnRoot (/Users/heartofgold/Documents/Cursor Projects/cursor-auto-rules-agile-workflow/node_modules/react-dom/cjs/react-dom-client.development.js:14384:44)
    at performWorkOnRootViaSchedulerTask (/Users/heartofgold/Documents/Cursor Projects/cursor-auto-rules-agile-workflow/node_modules/react-dom/cjs/react-dom-client.development.js:15931:7)
    at flushActQueue (/Users/heartofgold/Documents/Cursor Projects/cursor-auto-rules-agile-workflow/node_modules/react/cjs/react.development.js:862:34)
    at Object.&lt;anonymous&gt;.process.env.NODE_ENV.exports.act (/Users/heartofgold/Documents/Cursor Projects/cursor-auto-rules-agile-workflow/node_modules/react/cjs/react.development.js:1151:10)
    at /Users/heartofgold/Documents/Cursor Projects/cursor-auto-rules-agile-workflow/node_modules/@testing-library/react/dist/act-compat.js:47:25
    at renderRoot (/Users/heartofgold/Documents/Cursor Projects/cursor-auto-rules-agile-workflow/node_modules/@testing-library/react/dist/pure.js:188:26)
    at render (/Users/heartofgold/Documents/Cursor Projects/cursor-auto-rules-agile-workflow/node_modules/@testing-library/react/dist/pure.js:287:10)
    at renderWithProvider (/Users/heartofgold/Documents/Cursor Projects/cursor-auto-rules-agile-workflow/tests/unit/client/components/QuestionModule.test.tsx:19:16)
    at Object.&lt;anonymous&gt; (/Users/heartofgold/Documents/Cursor Projects/cursor-auto-rules-agile-workflow/tests/unit/client/components/QuestionModule.test.tsx:126:7)
    at Promise.then.completed (/Users/heartofgold/Documents/Cursor Projects/cursor-auto-rules-agile-workflow/node_modules/jest-circus/build/utils.js:298:28)
    at new Promise (&lt;anonymous&gt;)
    at callAsyncCircusFn (/Users/heartofgold/Documents/Cursor Projects/cursor-auto-rules-agile-workflow/node_modules/jest-circus/build/utils.js:231:10)
    at _callCircusTest (/Users/heartofgold/Documents/Cursor Projects/cursor-auto-rules-agile-workflow/node_modules/jest-circus/build/run.js:316:40)
    at processTicksAndRejections (node:internal/process/task_queues:105:5)
    at _runTest (/Users/heartofgold/Documents/Cursor Projects/cursor-auto-rules-agile-workflow/node_modules/jest-circus/build/run.js:252:3)
    at _runTestsForDescribeBlock (/Users/heartofgold/Documents/Cursor Projects/cursor-auto-rules-agile-workflow/node_modules/jest-circus/build/run.js:126:9)
    at _runTestsForDescribeBlock (/Users/heartofgold/Documents/Cursor Projects/cursor-auto-rules-agile-workflow/node_modules/jest-circus/build/run.js:121:9)
    at _runTestsForDescribeBlock (/Users/heartofgold/Documents/Cursor Projects/cursor-auto-rules-agile-workflow/node_modules/jest-circus/build/run.js:121:9)
    at run (/Users/heartofgold/Documents/Cursor Projects/cursor-auto-rules-agile-workflow/node_modules/jest-circus/build/run.js:71:3)
    at runAndTransformResultsToJestFormat (/Users/heartofgold/Documents/Cursor Projects/cursor-auto-rules-agile-workflow/node_modules/jest-circus/build/legacy-code-todo-rewrite/jestAdapterInit.js:122:21)
    at jestAdapter (/Users/heartofgold/Documents/Cursor Projects/cursor-auto-rules-agile-workflow/node_modules/jest-circus/build/legacy-code-todo-rewrite/jestAdapter.js:79:19)
    at runTestInternal (/Users/heartofgold/Documents/Cursor Projects/cursor-auto-rules-agile-workflow/node_modules/jest-runner/build/runTest.js:367:16)
    at runTest (/Users/heartofgold/Documents/Cursor Projects/cursor-auto-rules-agile-workflow/node_modules/jest-runner/build/runTest.js:444:34)
    at Object.worker (/Users/heartofgold/Documents/Cursor Projects/cursor-auto-rules-agile-workflow/node_modules/jest-runner/build/testWorker.js:106:12)</failure>
    </testcase>
    <testcase classname="QuestionModule accessibility expand/collapse button has correct ARIA attributes" name="QuestionModule accessibility expand/collapse button has correct ARIA attributes" time="0.001">
      <failure>TypeError: Cannot read properties of null (reading &apos;useState&apos;)
    at useState (/Users/heartofgold/Documents/Cursor Projects/cursor-auto-rules-agile-workflow/client/node_modules/react/cjs/react.development.js:1622:21)
    at QuestionModule (/Users/heartofgold/Documents/Cursor Projects/cursor-auto-rules-agile-workflow/client/src/components/assessment/QuestionModule.tsx:43:47)
    at Object.react-stack-bottom-frame (/Users/heartofgold/Documents/Cursor Projects/cursor-auto-rules-agile-workflow/node_modules/react-dom/cjs/react-dom-client.development.js:22428:20)
    at renderWithHooks (/Users/heartofgold/Documents/Cursor Projects/cursor-auto-rules-agile-workflow/node_modules/react-dom/cjs/react-dom-client.development.js:5757:22)
    at updateFunctionComponent (/Users/heartofgold/Documents/Cursor Projects/cursor-auto-rules-agile-workflow/node_modules/react-dom/cjs/react-dom-client.development.js:8018:19)
    at beginWork (/Users/heartofgold/Documents/Cursor Projects/cursor-auto-rules-agile-workflow/node_modules/react-dom/cjs/react-dom-client.development.js:9683:18)
    at runWithFiberInDEV (/Users/heartofgold/Documents/Cursor Projects/cursor-auto-rules-agile-workflow/node_modules/react-dom/cjs/react-dom-client.development.js:543:16)
    at performUnitOfWork (/Users/heartofgold/Documents/Cursor Projects/cursor-auto-rules-agile-workflow/node_modules/react-dom/cjs/react-dom-client.development.js:15052:22)
    at workLoopSync (/Users/heartofgold/Documents/Cursor Projects/cursor-auto-rules-agile-workflow/node_modules/react-dom/cjs/react-dom-client.development.js:14870:41)
    at renderRootSync (/Users/heartofgold/Documents/Cursor Projects/cursor-auto-rules-agile-workflow/node_modules/react-dom/cjs/react-dom-client.development.js:14850:11)
    at performWorkOnRoot (/Users/heartofgold/Documents/Cursor Projects/cursor-auto-rules-agile-workflow/node_modules/react-dom/cjs/react-dom-client.development.js:14384:44)
    at performWorkOnRootViaSchedulerTask (/Users/heartofgold/Documents/Cursor Projects/cursor-auto-rules-agile-workflow/node_modules/react-dom/cjs/react-dom-client.development.js:15931:7)
    at flushActQueue (/Users/heartofgold/Documents/Cursor Projects/cursor-auto-rules-agile-workflow/node_modules/react/cjs/react.development.js:862:34)
    at Object.&lt;anonymous&gt;.process.env.NODE_ENV.exports.act (/Users/heartofgold/Documents/Cursor Projects/cursor-auto-rules-agile-workflow/node_modules/react/cjs/react.development.js:1151:10)
    at /Users/heartofgold/Documents/Cursor Projects/cursor-auto-rules-agile-workflow/node_modules/@testing-library/react/dist/act-compat.js:47:25
    at renderRoot (/Users/heartofgold/Documents/Cursor Projects/cursor-auto-rules-agile-workflow/node_modules/@testing-library/react/dist/pure.js:188:26)
    at render (/Users/heartofgold/Documents/Cursor Projects/cursor-auto-rules-agile-workflow/node_modules/@testing-library/react/dist/pure.js:287:10)
    at renderWithProvider (/Users/heartofgold/Documents/Cursor Projects/cursor-auto-rules-agile-workflow/tests/unit/client/components/QuestionModule.test.tsx:19:16)
    at Object.&lt;anonymous&gt; (/Users/heartofgold/Documents/Cursor Projects/cursor-auto-rules-agile-workflow/tests/unit/client/components/QuestionModule.test.tsx:134:7)
    at Promise.then.completed (/Users/heartofgold/Documents/Cursor Projects/cursor-auto-rules-agile-workflow/node_modules/jest-circus/build/utils.js:298:28)
    at new Promise (&lt;anonymous&gt;)
    at callAsyncCircusFn (/Users/heartofgold/Documents/Cursor Projects/cursor-auto-rules-agile-workflow/node_modules/jest-circus/build/utils.js:231:10)
    at _callCircusTest (/Users/heartofgold/Documents/Cursor Projects/cursor-auto-rules-agile-workflow/node_modules/jest-circus/build/run.js:316:40)
    at processTicksAndRejections (node:internal/process/task_queues:105:5)
    at _runTest (/Users/heartofgold/Documents/Cursor Projects/cursor-auto-rules-agile-workflow/node_modules/jest-circus/build/run.js:252:3)
    at _runTestsForDescribeBlock (/Users/heartofgold/Documents/Cursor Projects/cursor-auto-rules-agile-workflow/node_modules/jest-circus/build/run.js:126:9)
    at _runTestsForDescribeBlock (/Users/heartofgold/Documents/Cursor Projects/cursor-auto-rules-agile-workflow/node_modules/jest-circus/build/run.js:121:9)
    at _runTestsForDescribeBlock (/Users/heartofgold/Documents/Cursor Projects/cursor-auto-rules-agile-workflow/node_modules/jest-circus/build/run.js:121:9)
    at run (/Users/heartofgold/Documents/Cursor Projects/cursor-auto-rules-agile-workflow/node_modules/jest-circus/build/run.js:71:3)
    at runAndTransformResultsToJestFormat (/Users/heartofgold/Documents/Cursor Projects/cursor-auto-rules-agile-workflow/node_modules/jest-circus/build/legacy-code-todo-rewrite/jestAdapterInit.js:122:21)
    at jestAdapter (/Users/heartofgold/Documents/Cursor Projects/cursor-auto-rules-agile-workflow/node_modules/jest-circus/build/legacy-code-todo-rewrite/jestAdapter.js:79:19)
    at runTestInternal (/Users/heartofgold/Documents/Cursor Projects/cursor-auto-rules-agile-workflow/node_modules/jest-runner/build/runTest.js:367:16)
    at runTest (/Users/heartofgold/Documents/Cursor Projects/cursor-auto-rules-agile-workflow/node_modules/jest-runner/build/runTest.js:444:34)
    at Object.worker (/Users/heartofgold/Documents/Cursor Projects/cursor-auto-rules-agile-workflow/node_modules/jest-runner/build/testWorker.js:106:12)</failure>
    </testcase>
  </testsuite>
  <testsuite name="QuestionService - All Modules" errors="0" failures="0" skipped="0" timestamp="2025-03-12T02:59:32" time="3.804" tests="16">
    <testcase classname="QuestionService - All Modules Loading All Questions should load all questions correctly" name="QuestionService - All Modules Loading All Questions should load all questions correctly" time="0.193">
    </testcase>
    <testcase classname="QuestionService - All Modules Financial Module Questions should retrieve financial questions by category" name="QuestionService - All Modules Financial Module Questions should retrieve financial questions by category" time="0.001">
    </testcase>
    <testcase classname="QuestionService - All Modules Financial Module Questions should retrieve cash flow planning questions" name="QuestionService - All Modules Financial Module Questions should retrieve cash flow planning questions" time="0.001">
    </testcase>
    <testcase classname="QuestionService - All Modules Operations Module Questions should retrieve operations questions by category" name="QuestionService - All Modules Operations Module Questions should retrieve operations questions by category" time="0.001">
    </testcase>
    <testcase classname="QuestionService - All Modules Operations Module Questions should retrieve scheduling questions" name="QuestionService - All Modules Operations Module Questions should retrieve scheduling questions" time="0">
    </testcase>
    <testcase classname="QuestionService - All Modules Staffing Module Questions should retrieve staffing questions by category" name="QuestionService - All Modules Staffing Module Questions should retrieve staffing questions by category" time="0">
    </testcase>
    <testcase classname="QuestionService - All Modules Staffing Module Questions should retrieve professional development questions" name="QuestionService - All Modules Staffing Module Questions should retrieve professional development questions" time="0.001">
    </testcase>
    <testcase classname="QuestionService - All Modules Technology Module Questions should retrieve technology questions by category" name="QuestionService - All Modules Technology Module Questions should retrieve technology questions by category" time="0.001">
    </testcase>
    <testcase classname="QuestionService - All Modules Technology Module Questions should retrieve data security questions" name="QuestionService - All Modules Technology Module Questions should retrieve data security questions" time="0">
    </testcase>
    <testcase classname="QuestionService - All Modules Patient Care Module Questions should retrieve patient care questions by category" name="QuestionService - All Modules Patient Care Module Questions should retrieve patient care questions by category" time="0.001">
    </testcase>
    <testcase classname="QuestionService - All Modules Patient Care Module Questions should retrieve outcomes tracking questions" name="QuestionService - All Modules Patient Care Module Questions should retrieve outcomes tracking questions" time="0">
    </testcase>
    <testcase classname="QuestionService - All Modules Filtering Questions Across Multiple Modules should filter questions by practice size across modules" name="QuestionService - All Modules Filtering Questions Across Multiple Modules should filter questions by practice size across modules" time="0.001">
    </testcase>
    <testcase classname="QuestionService - All Modules Filtering Questions Across Multiple Modules should filter questions by discipline across modules" name="QuestionService - All Modules Filtering Questions Across Multiple Modules should filter questions by discipline across modules" time="0.001">
    </testcase>
    <testcase classname="QuestionService - All Modules Filtering Questions Across Multiple Modules should filter questions by multiple criteria across modules" name="QuestionService - All Modules Filtering Questions Across Multiple Modules should filter questions by multiple criteria across modules" time="0.002">
    </testcase>
    <testcase classname="QuestionService - All Modules Question Types Across Modules should retrieve multiple choice questions across modules" name="QuestionService - All Modules Question Types Across Modules should retrieve multiple choice questions across modules" time="0">
    </testcase>
    <testcase classname="QuestionService - All Modules Question Types Across Modules should retrieve numeric questions across modules" name="QuestionService - All Modules Question Types Across Modules should retrieve numeric questions across modules" time="0">
    </testcase>
  </testsuite>
</testsuites>