TN:
SF:client/src/components/assessment/QuestionnaireNavigation.tsx
FN:13,QuestionnaireNavigation
FN:25,(anonymous_1)
FN:33,(anonymous_2)
FN:34,(anonymous_3)
FN:35,(anonymous_4)
FNF:5
FNH:3
FNDA:9,QuestionnaireNavigation
FNDA:16,(anonymous_1)
FNDA:1,(anonymous_2)
FNDA:0,(anonymous_3)
FNDA:0,(anonymous_4)
DA:1,1
DA:3,1
DA:20,9
DA:22,9
DA:26,16
DA:27,16
DA:29,16
DA:33,1
DA:34,0
DA:35,0
DA:67,1
LF:11
LH:9
BRDA:27,0,0,16
BRDA:27,0,1,9
BRDA:32,1,0,8
BRDA:32,1,1,8
BRDA:51,2,0,16
BRDA:51,2,1,16
BRDA:51,2,2,1
BRF:7
BRH:7
end_of_record
TN:
SF:client/src/components/tooltips/TooltipTestingDemo.tsx
FN:11,(anonymous_1)
FN:15,(anonymous_2)
FN:20,(anonymous_3)
FN:25,(anonymous_4)
FN:60,(anonymous_5)
FN:81,(anonymous_6)
FNF:6
FNH:0
FNDA:0,(anonymous_1)
FNDA:0,(anonymous_2)
FNDA:0,(anonymous_3)
FNDA:0,(anonymous_4)
FNDA:0,(anonymous_5)
FNDA:0,(anonymous_6)
DA:1,1
DA:2,1
DA:5,1
DA:11,1
DA:12,0
DA:13,0
DA:15,0
DA:16,0
DA:17,0
DA:20,0
DA:21,0
DA:22,0
DA:25,0
DA:26,0
DA:27,0
DA:28,0
DA:29,0
DA:30,0
DA:31,0
DA:32,0
DA:33,0
DA:34,0
DA:35,0
DA:38,0
DA:61,0
DA:82,0
DA:106,1
LF:27
LH:5
BRDA:52,0,0,0
BRDA:52,0,1,0
BRDA:52,0,2,0
BRDA:56,1,0,0
BRDA:56,1,1,0
BRDA:65,2,0,0
BRDA:65,2,1,0
BRDA:77,3,0,0
BRDA:77,3,1,0
BRF:9
BRH:0
end_of_record
TN:
SF:client/src/components/tooltips/TooltipUserTesting.tsx
FN:29,(anonymous_0)
FN:50,(anonymous_1)
FN:51,(anonymous_2)
FN:58,(anonymous_3)
FN:64,(anonymous_4)
FN:70,(anonymous_5)
FN:71,(anonymous_6)
FN:75,(anonymous_7)
FN:82,(anonymous_8)
FN:83,(anonymous_9)
FN:86,(anonymous_10)
FN:159,(anonymous_11)
FN:163,(anonymous_12)
FN:177,(anonymous_13)
FN:189,(anonymous_14)
FN:197,(anonymous_15)
FN:201,(anonymous_16)
FNF:17
FNH:1
FNDA:52,(anonymous_0)
FNDA:0,(anonymous_1)
FNDA:0,(anonymous_2)
FNDA:0,(anonymous_3)
FNDA:0,(anonymous_4)
FNDA:0,(anonymous_5)
FNDA:0,(anonymous_6)
FNDA:0,(anonymous_7)
FNDA:0,(anonymous_8)
FNDA:0,(anonymous_9)
FNDA:0,(anonymous_10)
FNDA:0,(anonymous_11)
FNDA:0,(anonymous_12)
FNDA:0,(anonymous_13)
FNDA:0,(anonymous_14)
FNDA:0,(anonymous_15)
FNDA:0,(anonymous_16)
DA:1,2
DA:3,2
DA:29,2
DA:35,52
DA:36,52
DA:37,52
DA:38,52
DA:39,52
DA:40,52
DA:45,52
DA:46,52
DA:47,52
DA:50,52
DA:51,0
DA:52,0
DA:55,0
DA:56,0
DA:58,0
DA:59,0
DA:64,0
DA:65,0
DA:66,0
DA:70,0
DA:71,0
DA:72,0
DA:75,0
DA:76,0
DA:77,0
DA:78,0
DA:82,0
DA:83,0
DA:86,0
DA:88,0
DA:90,0
DA:97,0
DA:104,0
DA:107,0
DA:108,0
DA:111,0
DA:112,0
DA:116,0
DA:117,0
DA:118,0
DA:119,0
DA:120,0
DA:121,0
DA:124,0
DA:160,0
DA:163,0
DA:177,0
DA:189,0
DA:198,0
DA:201,0
DA:236,2
LF:54
LH:14
BRDA:65,0,0,0
BRDA:65,1,0,0
BRDA:65,1,1,0
BRDA:76,2,0,0
BRDA:76,3,0,0
BRDA:76,3,1,0
BRDA:88,4,0,0
BRDA:88,4,1,0
BRDA:107,5,0,0
BRDA:111,6,0,0
BRDA:126,7,0,0
BRDA:126,7,1,0
BRDA:137,8,0,0
BRDA:137,8,1,0
BRDA:140,9,0,0
BRDA:140,9,1,0
BRDA:145,10,0,0
BRDA:145,10,1,0
BRDA:162,11,0,0
BRDA:162,11,1,0
BRDA:195,12,0,0
BRDA:195,12,1,0
BRDA:222,13,0,0
BRDA:222,13,1,0
BRF:24
BRH:0
end_of_record
TN:
SF:client/src/services/TooltipUserTestingService.ts
FN:18,(anonymous_0)
FN:27,(anonymous_1)
FN:44,(anonymous_2)
FN:57,(anonymous_3)
FN:58,(anonymous_4)
FN:66,(anonymous_5)
FN:75,(anonymous_6)
FN:90,(anonymous_7)
FN:94,(anonymous_8)
FN:95,(anonymous_9)
FN:99,(anonymous_10)
FN:100,(anonymous_11)
FN:115,(anonymous_12)
FN:123,(anonymous_13)
FN:131,(anonymous_14)
FN:144,(anonymous_15)
FNF:16
FNH:16
FNDA:1,(anonymous_0)
FNDA:7,(anonymous_1)
FNDA:7,(anonymous_2)
FNDA:2,(anonymous_3)
FNDA:2,(anonymous_4)
FNDA:2,(anonymous_5)
FNDA:2,(anonymous_6)
FNDA:2,(anonymous_7)
FNDA:2,(anonymous_8)
FNDA:2,(anonymous_9)
FNDA:2,(anonymous_10)
FNDA:3,(anonymous_11)
FNDA:4,(anonymous_12)
FNDA:4,(anonymous_13)
FNDA:1,(anonymous_14)
FNDA:9,(anonymous_15)
DA:19,1
DA:20,1
DA:28,7
DA:31,7
DA:36,7
DA:45,7
DA:46,5
DA:49,7
DA:58,2
DA:67,2
DA:76,2
DA:77,2
DA:80,2
DA:89,2
DA:90,2
DA:93,2
DA:94,2
DA:95,2
DA:99,2
DA:100,2
DA:101,3
DA:102,2
DA:104,3
DA:108,2
DA:116,4
DA:124,4
DA:132,1
DA:138,1
DA:145,9
DA:146,9
DA:151,1
DA:152,1
LF:32
LH:32
BRDA:45,0,0,5
BRDA:67,1,0,2
BRDA:67,1,1,1
BRDA:89,2,0,1
BRDA:93,3,0,1
BRDA:101,4,0,2
BRF:6
BRH:6
end_of_record
TN:
SF:client/src/types/assessment.types.ts
FN:4,(anonymous_0)
FN:16,(anonymous_1)
FN:32,(anonymous_2)
FNF:3
FNH:3
FNDA:2,(anonymous_0)
FNDA:2,(anonymous_1)
FNDA:2,(anonymous_2)
DA:4,2
DA:5,2
DA:6,2
DA:7,2
DA:8,2
DA:9,2
DA:10,2
DA:16,2
DA:17,2
DA:18,2
DA:19,2
DA:20,2
DA:21,2
DA:22,2
DA:23,2
DA:24,2
DA:25,2
DA:26,2
DA:32,2
DA:33,2
DA:34,2
DA:35,2
DA:36,2
DA:37,2
LF:24
LH:24
BRDA:4,0,0,2
BRDA:4,0,1,2
BRDA:16,1,0,2
BRDA:16,1,1,2
BRDA:32,2,0,2
BRDA:32,2,1,2
BRF:6
BRH:6
end_of_record
TN:
SF:server/src/data/questions/index.ts
FN:56,loadAllQuestions
FN:73,(anonymous_11)
FN:75,(anonymous_12)
FNF:3
FNH:3
FNDA:17,loadAllQuestions
FNDA:544,(anonymous_11)
FNDA:3672,(anonymous_12)
DA:9,2
DA:12,2
DA:15,2
DA:18,2
DA:21,2
DA:24,2
DA:27,2
DA:30,2
DA:33,2
DA:36,2
DA:39,2
DA:40,2
DA:41,2
DA:42,2
DA:43,2
DA:44,2
DA:45,2
DA:46,2
DA:47,2
DA:48,2
DA:56,2
DA:58,17
DA:72,17
DA:73,544
DA:75,3672
LF:25
LH:25
BRDA:75,0,0,3672
BRDA:75,0,1,3672
BRF:2
BRH:2
end_of_record
TN:
SF:server/src/data/questions/automation/ai-integration.ts
FNF:0
FNH:0
DA:10,2
DA:11,2
DA:12,2
DA:13,2
DA:14,2
DA:15,2
DA:17,2
LF:7
LH:7
BRF:0
BRH:0
end_of_record
TN:
SF:server/src/data/questions/automation/index.ts
FN:18,(anonymous_0)
FN:18,(anonymous_1)
FNF:2
FNH:2
FNDA:17,(anonymous_0)
FNDA:17,(anonymous_1)
DA:8,2
DA:9,2
DA:12,2
DA:18,19
LF:4
LH:4
BRF:0
BRH:0
end_of_record
TN:
SF:server/src/data/questions/automation/process-automation.ts
FNF:0
FNH:0
DA:10,2
DA:11,2
DA:12,2
DA:13,2
DA:14,2
DA:15,2
DA:17,2
LF:7
LH:7
BRF:0
BRH:0
end_of_record
TN:
SF:server/src/data/questions/compliance/index.ts
FN:19,(anonymous_0)
FN:20,(anonymous_1)
FNF:2
FNH:2
FNDA:17,(anonymous_0)
FNDA:17,(anonymous_1)
DA:8,3
DA:9,3
DA:12,3
DA:19,20
DA:20,20
LF:5
LH:5
BRF:0
BRH:0
end_of_record
TN:
SF:server/src/data/questions/compliance/regulatory-compliance.ts
FNF:0
FNH:0
DA:10,3
DA:11,3
DA:12,3
DA:13,3
DA:14,3
DA:15,3
DA:16,3
DA:19,3
LF:8
LH:8
BRF:0
BRH:0
end_of_record
TN:
SF:server/src/data/questions/compliance/risk-management.ts
FNF:0
FNH:0
DA:21,3
DA:22,3
DA:23,3
DA:24,3
DA:26,3
DA:27,3
DA:30,3
LF:7
LH:7
BRF:0
BRH:0
end_of_record
TN:
SF:server/src/data/questions/facilities/index.ts
FN:16,(anonymous_0)
FNF:1
FNH:1
FNDA:17,(anonymous_0)
DA:8,2
DA:11,2
DA:16,19
LF:3
LH:3
BRF:0
BRH:0
end_of_record
TN:
SF:server/src/data/questions/facilities/space-utilization.ts
FNF:0
FNH:0
DA:10,2
DA:11,2
DA:12,2
DA:13,2
DA:15,2
DA:16,2
DA:19,2
LF:7
LH:7
BRF:0
BRH:0
end_of_record
TN:
SF:server/src/data/questions/financial/cash-flow-planning.ts
FNF:0
FNH:0
DA:21,2
DA:22,2
DA:23,2
DA:24,2
DA:25,2
DA:26,2
DA:28,2
LF:7
LH:7
BRF:0
BRH:0
end_of_record
TN:
SF:server/src/data/questions/financial/expense-management.ts
FNF:0
FNH:0
DA:21,2
DA:22,2
DA:23,2
DA:24,2
DA:25,2
DA:26,2
DA:28,2
LF:7
LH:7
BRF:0
BRH:0
end_of_record
TN:
SF:server/src/data/questions/financial/index.ts
FN:23,(anonymous_0)
FN:24,(anonymous_1)
FN:25,(anonymous_2)
FN:26,(anonymous_3)
FNF:4
FNH:4
FNDA:18,(anonymous_0)
FNDA:18,(anonymous_1)
FNDA:18,(anonymous_2)
FNDA:18,(anonymous_3)
DA:8,2
DA:9,2
DA:10,2
DA:11,2
DA:14,2
DA:23,20
DA:24,20
DA:25,20
DA:26,20
LF:9
LH:9
BRF:0
BRH:0
end_of_record
TN:
SF:server/src/data/questions/financial/pricing-strategy.ts
FNF:0
FNH:0
DA:10,2
DA:11,2
DA:12,2
DA:13,2
DA:15,2
DA:16,2
DA:19,2
LF:7
LH:7
BRF:0
BRH:0
end_of_record
TN:
SF:server/src/data/questions/financial/revenue-tracking.ts
FNF:0
FNH:0
DA:10,2
DA:11,2
DA:12,2
DA:13,2
DA:15,2
DA:16,2
DA:19,2
LF:7
LH:7
BRF:0
BRH:0
end_of_record
TN:
SF:server/src/data/questions/geography/demographic-analysis.ts
FNF:0
FNH:0
DA:10,2
DA:11,2
DA:12,2
DA:13,2
DA:14,2
DA:15,2
DA:17,2
LF:7
LH:7
BRF:0
BRH:0
end_of_record
TN:
SF:server/src/data/questions/geography/index.ts
FN:18,(anonymous_0)
FN:18,(anonymous_1)
FNF:2
FNH:2
FNDA:17,(anonymous_0)
FNDA:17,(anonymous_1)
DA:8,2
DA:9,2
DA:12,2
DA:18,19
LF:4
LH:4
BRF:0
BRH:0
end_of_record
TN:
SF:server/src/data/questions/geography/location-strategy.ts
FNF:0
FNH:0
DA:10,2
DA:11,2
DA:12,2
DA:13,2
DA:15,2
DA:16,2
DA:19,2
LF:7
LH:7
BRF:0
BRH:0
end_of_record
TN:
SF:server/src/data/questions/marketing/index.ts
FN:16,(anonymous_0)
FNF:1
FNH:1
FNDA:17,(anonymous_0)
DA:8,2
DA:11,2
DA:16,19
LF:3
LH:3
BRF:0
BRH:0
end_of_record
TN:
SF:server/src/data/questions/marketing/referral-strategy.ts
FNF:0
FNH:0
DA:10,2
DA:11,2
DA:12,2
DA:13,2
DA:15,2
DA:16,2
DA:19,2
LF:7
LH:7
BRF:0
BRH:0
end_of_record
TN:
SF:server/src/data/questions/operations/appointment-scheduling.ts
FNF:0
FNH:0
DA:10,2
DA:11,2
DA:12,2
DA:13,2
DA:15,2
DA:16,2
DA:19,2
LF:7
LH:7
BRF:0
BRH:0
end_of_record
TN:
SF:server/src/data/questions/operations/index.ts
FN:18,(anonymous_0)
FN:19,(anonymous_1)
FNF:2
FNH:2
FNDA:17,(anonymous_0)
FNDA:17,(anonymous_1)
DA:8,2
DA:9,2
DA:12,2
DA:18,19
DA:19,19
LF:5
LH:5
BRF:0
BRH:0
end_of_record
TN:
SF:server/src/data/questions/operations/workflow-efficiency.ts
FNF:0
FNH:0
DA:10,2
DA:11,2
DA:12,2
DA:13,2
DA:15,2
DA:16,2
DA:19,2
LF:7
LH:7
BRF:0
BRH:0
end_of_record
TN:
SF:server/src/data/questions/patient-care/clinical-pathways.ts
FNF:0
FNH:0
DA:10,2
DA:11,2
DA:12,2
DA:13,2
DA:14,2
DA:15,2
DA:17,2
LF:7
LH:7
BRF:0
BRH:0
end_of_record
TN:
SF:server/src/data/questions/patient-care/index.ts
FN:21,(anonymous_0)
FN:22,(anonymous_1)
FN:23,(anonymous_2)
FNF:3
FNH:3
FNDA:17,(anonymous_0)
FNDA:17,(anonymous_1)
FNDA:17,(anonymous_2)
DA:8,2
DA:9,2
DA:10,2
DA:13,2
DA:21,19
DA:22,19
DA:23,19
LF:7
LH:7
BRF:0
BRH:0
end_of_record
TN:
SF:server/src/data/questions/patient-care/outcomes-tracking.ts
FNF:0
FNH:0
DA:10,2
DA:11,2
DA:12,2
DA:13,2
DA:15,2
DA:16,2
DA:19,2
LF:7
LH:7
BRF:0
BRH:0
end_of_record
TN:
SF:server/src/data/questions/patient-care/patient-experience.ts
FNF:0
FNH:0
DA:10,2
DA:11,2
DA:12,2
DA:13,2
DA:14,2
DA:15,2
DA:17,2
LF:7
LH:7
BRF:0
BRH:0
end_of_record
TN:
SF:server/src/data/questions/staffing/index.ts
FN:21,(anonymous_0)
FN:22,(anonymous_1)
FN:23,(anonymous_2)
FNF:3
FNH:3
FNDA:17,(anonymous_0)
FNDA:17,(anonymous_1)
FNDA:17,(anonymous_2)
DA:8,2
DA:9,2
DA:10,2
DA:13,2
DA:21,19
DA:22,19
DA:23,19
LF:7
LH:7
BRF:0
BRH:0
end_of_record
TN:
SF:server/src/data/questions/staffing/practitioner-performance.ts
FNF:0
FNH:0
DA:10,2
DA:11,2
DA:12,2
DA:13,2
DA:15,2
DA:16,2
DA:19,2
LF:7
LH:7
BRF:0
BRH:0
end_of_record
TN:
SF:server/src/data/questions/staffing/professional-development.ts
FNF:0
FNH:0
DA:10,2
DA:11,2
DA:12,2
DA:13,2
DA:14,2
DA:15,2
DA:17,2
LF:7
LH:7
BRF:0
BRH:0
end_of_record
TN:
SF:server/src/data/questions/staffing/recruitment-retention.ts
FNF:0
FNH:0
DA:10,2
DA:11,2
DA:12,2
DA:13,2
DA:14,2
DA:15,2
DA:17,2
LF:7
LH:7
BRF:0
BRH:0
end_of_record
TN:
SF:server/src/data/questions/technology/data-security.ts
FNF:0
FNH:0
DA:10,2
DA:11,2
DA:12,2
DA:13,2
DA:15,2
DA:16,2
DA:19,2
LF:7
LH:7
BRF:0
BRH:0
end_of_record
TN:
SF:server/src/data/questions/technology/digital-adoption.ts
FNF:0
FNH:0
DA:10,2
DA:11,2
DA:12,2
DA:13,2
DA:15,2
DA:16,2
DA:19,2
LF:7
LH:7
BRF:0
BRH:0
end_of_record
TN:
SF:server/src/data/questions/technology/index.ts
FN:18,(anonymous_0)
FN:19,(anonymous_1)
FNF:2
FNH:2
FNDA:17,(anonymous_0)
FNDA:17,(anonymous_1)
DA:8,2
DA:9,2
DA:12,2
DA:18,19
DA:19,19
LF:5
LH:5
BRF:0
BRH:0
end_of_record
TN:
SF:server/src/models/AssessmentCategory.ts
FN:4,(anonymous_0)
FNF:1
FNH:1
FNDA:6,(anonymous_0)
DA:4,6
DA:5,6
DA:6,6
DA:7,6
DA:8,6
DA:9,6
DA:10,6
DA:11,6
DA:12,6
DA:13,6
DA:14,6
LF:11
LH:11
BRDA:4,0,0,6
BRDA:4,0,1,6
BRF:2
BRH:2
end_of_record
TN:
SF:server/src/models/Country.ts
FN:4,(anonymous_0)
FNF:1
FNH:1
FNDA:4,(anonymous_0)
DA:4,4
DA:5,4
DA:6,4
DA:7,4
DA:8,4
DA:9,4
DA:10,4
LF:7
LH:7
BRDA:4,0,0,4
BRDA:4,0,1,4
BRF:2
BRH:2
end_of_record
TN:
SF:server/src/models/DisciplineType.ts
FN:4,(anonymous_0)
FNF:1
FNH:1
FNDA:5,(anonymous_0)
DA:4,5
DA:5,5
DA:6,5
DA:7,5
DA:8,5
DA:9,5
DA:10,5
DA:11,5
DA:12,5
DA:13,5
DA:14,5
LF:11
LH:11
BRDA:4,0,0,5
BRDA:4,0,1,5
BRF:2
BRH:2
end_of_record
TN:
SF:server/src/models/PracticeSize.ts
FN:4,(anonymous_0)
FNF:1
FNH:1
FNDA:4,(anonymous_0)
DA:4,4
DA:5,4
DA:6,4
DA:7,4
DA:8,4
DA:9,4
LF:6
LH:6
BRDA:4,0,0,4
BRDA:4,0,1,4
BRF:2
BRH:2
end_of_record
TN:
SF:server/src/models/QuestionType.ts
FN:4,(anonymous_0)
FNF:1
FNH:1
FNDA:3,(anonymous_0)
DA:4,3
DA:5,3
DA:6,3
DA:7,3
DA:8,3
DA:9,3
DA:10,3
LF:7
LH:7
BRDA:4,0,0,3
BRDA:4,0,1,3
BRF:2
BRH:2
end_of_record
TN:
SF:server/src/models/SOPType.ts
FN:4,(anonymous_0)
FNF:1
FNH:1
FNDA:4,(anonymous_0)
DA:4,4
DA:5,4
DA:6,4
DA:7,4
DA:8,4
DA:9,4
DA:10,4
DA:11,4
DA:12,4
DA:13,4
LF:10
LH:10
BRDA:4,0,0,4
BRDA:4,0,1,4
BRF:2
BRH:2
end_of_record
TN:
SF:server/src/models/ScorePosition.ts
FN:4,(anonymous_0)
FNF:1
FNH:1
FNDA:4,(anonymous_0)
DA:4,4
DA:5,4
DA:6,4
DA:7,4
DA:8,4
DA:9,4
LF:6
LH:6
BRDA:4,0,0,4
BRDA:4,0,1,4
BRF:2
BRH:2
end_of_record
TN:
SF:server/src/services/ModuleService.ts
FN:10,(anonymous_0)
FN:16,(anonymous_1)
FN:28,(anonymous_2)
FN:35,(anonymous_3)
FN:36,(anonymous_4)
FN:42,(anonymous_5)
FN:43,(anonymous_6)
FN:49,(anonymous_7)
FN:50,(anonymous_8)
FN:59,(anonymous_9)
FN:60,(anonymous_10)
FN:68,(anonymous_11)
FN:74,(anonymous_12)
FN:94,(anonymous_13)
FN:128,(anonymous_14)
FN:149,(anonymous_15)
FNF:16
FNH:16
FNDA:24,(anonymous_0)
FNDA:29,(anonymous_1)
FNDA:1,(anonymous_2)
FNDA:2,(anonymous_3)
FNDA:1,(anonymous_4)
FNDA:2,(anonymous_5)
FNDA:2,(anonymous_6)
FNDA:3,(anonymous_7)
FNDA:3,(anonymous_8)
FNDA:2,(anonymous_9)
FNDA:2,(anonymous_10)
FNDA:5,(anonymous_11)
FNDA:15,(anonymous_12)
FNDA:29,(anonymous_13)
FNDA:2,(anonymous_14)
FNDA:2,(anonymous_15)
DA:5,1
DA:10,1
DA:11,24
DA:18,29
DA:21,24
DA:22,24
DA:29,1
DA:36,2
DA:43,2
DA:50,3
DA:51,3
DA:60,2
DA:61,2
DA:74,5
DA:76,15
DA:81,15
DA:85,15
DA:87,15
DA:96,29
DA:97,1
DA:101,28
DA:102,1
DA:106,27
DA:107,1
DA:111,26
DA:112,1
DA:116,25
DA:121,1
DA:130,2
DA:131,1
DA:133,1
DA:143,1
DA:151,2
DA:152,1
DA:154,1
DA:161,1
LF:36
LH:36
BRDA:51,0,0,3
BRDA:51,0,1,2
BRDA:76,1,0,15
BRDA:76,1,1,9
BRDA:76,1,2,9
BRDA:81,2,0,15
BRDA:81,2,1,6
BRDA:85,3,0,15
BRDA:85,3,1,6
BRDA:87,4,0,15
BRDA:87,4,1,12
BRDA:87,4,2,12
BRDA:96,5,0,1
BRDA:96,6,0,29
BRDA:96,6,1,28
BRDA:96,6,2,28
BRDA:101,7,0,1
BRDA:106,8,0,1
BRDA:106,9,0,27
BRDA:106,9,1,26
BRDA:106,9,2,26
BRDA:111,10,0,1
BRDA:111,11,0,26
BRDA:111,11,1,26
BRDA:116,12,0,1
BRDA:116,13,0,25
BRDA:116,13,1,25
BRDA:116,13,2,24
BRDA:116,13,3,24
BRDA:116,13,4,24
BRDA:130,14,0,1
BRDA:130,15,0,2
BRDA:130,15,1,1
BRDA:135,16,0,1
BRDA:135,16,1,0
BRDA:136,17,0,1
BRDA:136,17,1,0
BRDA:137,18,0,1
BRDA:137,18,1,0
BRDA:138,19,0,1
BRDA:138,19,1,0
BRDA:151,20,0,1
BRDA:151,21,0,2
BRDA:151,21,1,1
BRDA:156,22,0,1
BRDA:156,22,1,0
BRF:46
BRH:41
end_of_record
TN:
SF:server/src/services/QuestionService.ts
FN:11,(anonymous_0)
FN:17,(anonymous_1)
FN:29,(anonymous_2)
FN:30,(anonymous_3)
FN:38,(anonymous_4)
FN:45,(anonymous_5)
FN:46,(anonymous_6)
FN:52,(anonymous_7)
FN:53,(anonymous_8)
FN:59,(anonymous_9)
FN:60,(anonymous_10)
FN:66,(anonymous_11)
FN:67,(anonymous_12)
FN:76,(anonymous_13)
FN:77,(anonymous_14)
FN:85,(anonymous_15)
FN:86,(anonymous_16)
FN:92,(anonymous_17)
FN:99,(anonymous_18)
FN:125,(anonymous_19)
FN:146,(anonymous_20)
FN:166,(anonymous_21)
FNF:22
FNH:22
FNDA:40,(anonymous_0)
FNDA:10,(anonymous_1)
FNDA:30,(anonymous_2)
FNDA:3756,(anonymous_3)
FNDA:1,(anonymous_4)
FNDA:109,(anonymous_5)
FNDA:6483,(anonymous_6)
FNDA:127,(anonymous_7)
FNDA:27016,(anonymous_8)
FNDA:1,(anonymous_9)
FNDA:4,(anonymous_10)
FNDA:3,(anonymous_11)
FNDA:224,(anonymous_12)
FNDA:2,(anonymous_13)
FNDA:220,(anonymous_14)
FNDA:3,(anonymous_15)
FNDA:436,(anonymous_16)
FNDA:8,(anonymous_17)
FNDA:1312,(anonymous_18)
FNDA:1,(anonymous_19)
FNDA:1,(anonymous_20)
FNDA:3766,(anonymous_21)
DA:2,3
DA:3,3
DA:11,3
DA:12,40
DA:19,10
DA:22,1
DA:23,1
DA:30,3756
DA:31,30
DA:32,30
DA:39,1
DA:46,6483
DA:53,27016
DA:60,4
DA:67,3
DA:68,224
DA:77,2
DA:78,220
DA:86,436
DA:99,8
DA:101,1312
DA:104,1312
DA:109,1312
DA:113,1312
DA:116,1312
DA:118,1312
DA:127,1
DA:128,1
DA:130,1
DA:140,0
DA:148,1
DA:149,1
DA:151,1
DA:160,0
DA:168,3766
DA:169,1
DA:173,3765
DA:174,1
DA:178,3764
DA:179,1
DA:183,3763
DA:184,1
DA:188,3762
DA:189,1
DA:193,3761
DA:194,2984
DA:195,1
DA:199,3760
DA:200,771
DA:201,1
DA:204,770
DA:205,1
DA:210,3758
DA:211,1
LF:54
LH:52
BRDA:68,0,0,224
BRDA:68,0,1,18
BRDA:101,1,0,1312
BRDA:101,1,1,0
BRDA:104,2,0,1312
BRDA:104,2,1,224
BRDA:104,2,2,13
BRDA:109,3,0,1312
BRDA:109,3,1,224
BRDA:113,4,0,1312
BRDA:113,4,1,232
BRDA:116,5,0,1312
BRDA:116,5,1,0
BRDA:118,6,0,1312
BRDA:118,6,1,1312
BRDA:118,6,2,1312
BRDA:118,6,3,1298
BRDA:118,6,4,1116
BRDA:127,7,0,1
BRDA:127,8,0,1
BRDA:127,8,1,1
BRDA:132,9,0,1
BRDA:132,9,1,0
BRDA:133,10,0,1
BRDA:133,10,1,1
BRDA:134,11,0,1
BRDA:134,11,1,1
BRDA:135,12,0,1
BRDA:135,12,1,0
BRDA:148,13,0,1
BRDA:148,14,0,1
BRDA:148,14,1,1
BRDA:153,15,0,1
BRDA:153,15,1,1
BRDA:154,16,0,1
BRDA:154,16,1,1
BRDA:155,17,0,1
BRDA:155,17,1,0
BRDA:168,18,0,1
BRDA:168,19,0,3766
BRDA:168,19,1,3765
BRDA:168,19,2,3765
BRDA:173,20,0,1
BRDA:178,21,0,1
BRDA:183,22,0,1
BRDA:183,23,0,3763
BRDA:183,23,1,3763
BRDA:188,24,0,1
BRDA:188,25,0,3762
BRDA:188,25,1,3762
BRDA:193,26,0,2984
BRDA:194,27,0,1
BRDA:194,28,0,2984
BRDA:194,28,1,2983
BRDA:199,29,0,771
BRDA:200,30,0,1
BRDA:200,31,0,771
BRDA:200,31,1,770
BRDA:204,32,0,1
BRDA:210,33,0,1
BRDA:210,34,0,3758
BRDA:210,34,1,3758
BRF:62
BRH:57
end_of_record
TN:
SF:server/src/services/ResearchDocumentationService.ts
FN:39,(anonymous_0)
FN:45,(anonymous_1)
FN:57,(anonymous_2)
FN:77,(anonymous_3)
FN:84,(anonymous_4)
FN:85,(anonymous_5)
FN:91,(anonymous_6)
FN:92,(anonymous_7)
FN:100,(anonymous_8)
FN:107,(anonymous_9)
FN:115,(anonymous_10)
FN:116,(anonymous_11)
FN:142,(anonymous_12)
FN:149,(anonymous_13)
FN:161,(anonymous_14)
FN:177,(anonymous_15)
FN:187,(anonymous_16)
FN:195,(anonymous_17)
FN:198,(anonymous_18)
FN:233,(anonymous_19)
FN:288,(anonymous_20)
FN:325,(anonymous_21)
FN:340,(anonymous_22)
FN:355,(anonymous_23)
FN:377,(anonymous_24)
FN:386,(anonymous_25)
FN:395,(anonymous_26)
FN:414,(anonymous_27)
FN:454,(anonymous_28)
FN:482,(anonymous_29)
FN:510,(anonymous_30)
FN:538,(anonymous_31)
FNF:32
FNH:30
FNDA:14,(anonymous_0)
FNDA:23,(anonymous_1)
FNDA:23,(anonymous_2)
FNDA:1,(anonymous_3)
FNDA:2,(anonymous_4)
FNDA:4,(anonymous_5)
FNDA:7,(anonymous_6)
FNDA:14,(anonymous_7)
FNDA:3,(anonymous_8)
FNDA:6,(anonymous_9)
FNDA:6,(anonymous_10)
FNDA:6,(anonymous_11)
FNDA:3,(anonymous_12)
FNDA:30,(anonymous_13)
FNDA:2,(anonymous_14)
FNDA:2,(anonymous_15)
FNDA:2,(anonymous_16)
FNDA:2,(anonymous_17)
FNDA:2,(anonymous_18)
FNDA:5,(anonymous_19)
FNDA:2,(anonymous_20)
FNDA:0,(anonymous_21)
FNDA:0,(anonymous_22)
FNDA:7,(anonymous_23)
FNDA:5,(anonymous_24)
FNDA:120,(anonymous_25)
FNDA:5,(anonymous_26)
FNDA:5,(anonymous_27)
FNDA:2,(anonymous_28)
FNDA:1,(anonymous_29)
FNDA:2,(anonymous_30)
FNDA:2,(anonymous_31)
DA:1,2
DA:39,2
DA:40,14
DA:47,23
DA:50,20
DA:51,20
DA:59,23
DA:60,1
DA:64,22
DA:65,1
DA:69,21
DA:70,1
DA:78,1
DA:85,4
DA:92,7
DA:93,14
DA:102,3
DA:105,3
DA:107,3
DA:108,6
DA:109,6
DA:111,6
DA:115,6
DA:116,6
DA:119,3
DA:120,3
DA:121,3
DA:124,3
DA:126,3
DA:146,3
DA:149,3
DA:150,30
DA:151,24
DA:155,3
DA:163,2
DA:167,2
DA:168,2
DA:170,0
DA:178,2
DA:180,2
DA:181,1
DA:185,2
DA:187,2
DA:188,2
DA:189,2
DA:191,2
DA:195,2
DA:196,2
DA:198,2
DA:199,2
DA:200,2
DA:201,2
DA:202,2
DA:203,2
DA:204,2
DA:205,2
DA:210,2
DA:211,2
DA:212,2
DA:214,2
DA:226,2
DA:243,5
DA:246,5
DA:249,5
DA:252,5
DA:255,5
DA:258,5
DA:261,5
DA:270,5
DA:290,2
DA:293,0
DA:297,2
DA:300,2
DA:301,2
DA:305,2
DA:306,1
DA:310,2
DA:311,2
DA:315,2
DA:316,2
DA:319,2
DA:326,0
DA:341,0
DA:357,7
DA:358,7
DA:359,7
DA:362,7
DA:365,7
DA:366,7
DA:371,7
DA:379,5
DA:386,5
DA:387,120
DA:396,5
DA:397,5
DA:398,5
DA:401,5
DA:402,5
DA:403,5
DA:406,5
DA:408,5
DA:422,5
DA:424,5
DA:425,5
DA:428,5
DA:429,0
DA:432,5
DA:433,3
DA:436,5
DA:437,4
DA:440,5
DA:441,3
DA:444,5
DA:445,0
DA:448,5
DA:455,2
DA:473,2
DA:474,2
DA:476,2
DA:483,1
DA:501,1
DA:502,1
DA:504,1
DA:511,2
DA:529,2
DA:530,2
DA:532,2
DA:539,2
DA:557,2
DA:558,2
DA:560,2
LF:131
LH:125
BRDA:59,0,0,1
BRDA:59,1,0,23
BRDA:59,1,1,22
BRDA:59,1,2,22
BRDA:64,2,0,1
BRDA:69,3,0,1
BRDA:69,4,0,21
BRDA:69,4,1,21
BRDA:108,5,0,6
BRDA:111,6,0,0
BRDA:111,6,1,6
BRDA:111,7,0,6
BRDA:111,7,1,6
BRDA:150,8,0,24
BRDA:150,9,0,30
BRDA:150,9,1,6
BRDA:150,10,0,0
BRDA:150,10,1,6
BRDA:150,11,0,6
BRDA:150,11,1,6
BRDA:161,12,0,0
BRDA:163,13,0,1
BRDA:163,13,1,1
BRDA:167,14,0,2
BRDA:167,14,1,0
BRDA:180,15,0,1
BRDA:188,16,0,2
BRDA:191,17,0,0
BRDA:191,17,1,2
BRDA:191,18,0,2
BRDA:191,18,1,2
BRDA:198,19,0,0
BRDA:198,19,1,2
BRDA:198,20,0,2
BRDA:198,20,1,2
BRDA:290,21,0,0
BRDA:290,22,0,2
BRDA:290,22,1,0
BRDA:290,22,2,0
BRDA:300,23,0,2
BRDA:305,24,0,1
BRDA:310,25,0,2
BRDA:315,26,0,2
BRDA:315,27,0,2
BRDA:315,27,1,2
BRDA:315,27,2,2
BRDA:359,28,0,7
BRDA:359,28,1,0
BRDA:371,29,0,7
BRDA:371,29,1,0
BRDA:387,30,0,120
BRDA:387,30,1,0
BRDA:402,31,0,5
BRDA:402,31,1,0
BRDA:424,32,0,5
BRDA:428,33,0,0
BRDA:432,34,0,3
BRDA:436,35,0,4
BRDA:440,36,0,3
BRDA:440,37,0,5
BRDA:440,37,1,4
BRDA:444,38,0,0
BRDA:473,39,0,2
BRDA:473,39,1,1
BRDA:501,40,0,1
BRDA:501,40,1,1
BRDA:529,41,0,2
BRDA:529,41,1,1
BRDA:557,42,0,2
BRDA:557,42,1,1
BRF:70
BRH:55
end_of_record
TN:
SF:tests/unit/client/components/tooltips/TestProvider.tsx
FN:7,(anonymous_1)
FN:17,(anonymous_2)
FNF:2
FNH:2
FNDA:14,(anonymous_1)
FNDA:7,(anonymous_2)
DA:1,1
DA:7,1
DA:8,14
DA:17,1
DA:18,7
LF:5
LH:5
BRDA:17,0,0,0
BRF:1
BRH:0
end_of_record
