{"/Users/heartofgold/Documents/Cursor Projects/cursor-auto-rules-agile-workflow/client/vite.config.ts": {"path":"/Users/heartofgold/Documents/Cursor Projects/cursor-auto-rules-agile-workflow/client/vite.config.ts","statementMap":{"0":{"start":{"line":1,"column":0},"end":{"line":1,"column":36}},"1":{"start":{"line":2,"column":0},"end":{"line":2,"column":41}},"2":{"start":{"line":4,"column":0},"end":{"line":12,"column":3}}},"fnMap":{},"branchMap":{},"s":{"0":0,"1":0,"2":0},"f":{},"b":{}}
,"/Users/heartofgold/Documents/Cursor Projects/cursor-auto-rules-agile-workflow/client/src/App.tsx": {"path":"/Users/heartofgold/Documents/Cursor Projects/cursor-auto-rules-agile-workflow/client/src/App.tsx","statementMap":{"0":{"start":{"line":2,"column":0},"end":{"line":2,"column":19}},"1":{"start":{"line":7,"column":22},"end":{"line":23,"column":1}},"2":{"start":{"line":8,"column":2},"end":{"line":22,"column":4}},"3":{"start":{"line":25,"column":0},"end":{"line":25,"column":19}}},"fnMap":{"0":{"name":"(anonymous_0)","decl":{"start":{"line":7,"column":22},"end":{"line":7,"column":25}},"loc":{"start":{"line":7,"column":27},"end":{"line":23,"column":1}}}},"branchMap":{},"s":{"0":0,"1":0,"2":0,"3":0},"f":{"0":0},"b":{}}
,"/Users/heartofgold/Documents/Cursor Projects/cursor-auto-rules-agile-workflow/client/src/main.tsx": {"path":"/Users/heartofgold/Documents/Cursor Projects/cursor-auto-rules-agile-workflow/client/src/main.tsx","statementMap":{"0":{"start":{"line":1,"column":0},"end":{"line":1,"column":26}},"1":{"start":{"line":2,"column":0},"end":{"line":2,"column":40}},"2":{"start":{"line":3,"column":0},"end":{"line":3,"column":52}},"3":{"start":{"line":4,"column":0},"end":{"line":4,"column":62}},"4":{"start":{"line":5,"column":0},"end":{"line":5,"column":21}},"5":{"start":{"line":7,"column":0},"end":{"line":13,"column":2}}},"fnMap":{},"branchMap":{},"s":{"0":0,"1":0,"2":0,"3":0,"4":0,"5":0},"f":{},"b":{}}
,"/Users/heartofgold/Documents/Cursor Projects/cursor-auto-rules-agile-workflow/client/src/setupTests.ts": {"path":"/Users/heartofgold/Documents/Cursor Projects/cursor-auto-rules-agile-workflow/client/src/setupTests.ts","statementMap":{"0":{"start":{"line":1,"column":0},"end":{"line":1,"column":35}},"1":{"start":{"line":2,"column":0},"end":{"line":2,"column":51}},"2":{"start":{"line":5,"column":0},"end":{"line":7,"column":3}},"3":{"start":{"line":10,"column":14},"end":{"line":10,"column":41}},"4":{"start":{"line":13,"column":0},"end":{"line":25,"column":3}},"5":{"start":{"line":15,"column":48},"end":{"line":24,"column":4}},"6":{"start":{"line":28,"column":0},"end":{"line":36,"column":2}},"7":{"start":{"line":29,"column":16},"end":{"line":29,"column":27}},"8":{"start":{"line":30,"column":2},"end":{"line":30,"column":42}},"9":{"start":{"line":31,"column":2},"end":{"line":34,"column":12}},"10":{"start":{"line":31,"column":32},"end":{"line":34,"column":12}},"11":{"start":{"line":32,"column":16},"end":{"line":32,"column":20}},"12":{"start":{"line":35,"column":2},"end":{"line":35,"column":15}},"13":{"start":{"line":39,"column":0},"end":{"line":42,"column":10}},"14":{"start":{"line":39,"column":29},"end":{"line":42,"column":10}},"15":{"start":{"line":45,"column":0},"end":{"line":49,"column":4}},"16":{"start":{"line":45,"column":60},"end":{"line":49,"column":2}},"17":{"start":{"line":52,"column":0},"end":{"line":56,"column":3}},"18":{"start":{"line":53,"column":14},"end":{"line":53,"column":43}},"19":{"start":{"line":54,"column":2},"end":{"line":54,"column":18}},"20":{"start":{"line":55,"column":2},"end":{"line":55,"column":33}},"21":{"start":{"line":58,"column":0},"end":{"line":63,"column":3}},"22":{"start":{"line":59,"column":15},"end":{"line":59,"column":46}},"23":{"start":{"line":60,"column":2},"end":{"line":62,"column":3}},"24":{"start":{"line":61,"column":4},"end":{"line":61,"column":36}}},"fnMap":{"0":{"name":"(anonymous_0)","decl":{"start":{"line":15,"column":38},"end":{"line":15,"column":43}},"loc":{"start":{"line":15,"column":48},"end":{"line":24,"column":4}}},"1":{"name":"(anonymous_1)","decl":{"start":{"line":28,"column":23},"end":{"line":28,"column":26}},"loc":{"start":{"line":28,"column":28},"end":{"line":36,"column":1}}},"2":{"name":"(anonymous_2)","decl":{"start":{"line":31,"column":25},"end":{"line":31,"column":28}},"loc":{"start":{"line":31,"column":32},"end":{"line":34,"column":12}}},"3":{"name":"(anonymous_3)","decl":{"start":{"line":32,"column":10},"end":{"line":32,"column":13}},"loc":{"start":{"line":32,"column":16},"end":{"line":32,"column":20}}},"4":{"name":"(anonymous_4)","decl":{"start":{"line":39,"column":22},"end":{"line":39,"column":25}},"loc":{"start":{"line":39,"column":29},"end":{"line":42,"column":10}}},"5":{"name":"(anonymous_5)","decl":{"start":{"line":45,"column":53},"end":{"line":45,"column":56}},"loc":{"start":{"line":45,"column":60},"end":{"line":49,"column":2}}},"6":{"name":"(anonymous_6)","decl":{"start":{"line":52,"column":11},"end":{"line":52,"column":14}},"loc":{"start":{"line":52,"column":16},"end":{"line":56,"column":1}}},"7":{"name":"(anonymous_7)","decl":{"start":{"line":58,"column":10},"end":{"line":58,"column":13}},"loc":{"start":{"line":58,"column":15},"end":{"line":63,"column":1}}}},"branchMap":{"0":{"loc":{"start":{"line":60,"column":2},"end":{"line":62,"column":3}},"type":"if","locations":[{"start":{"line":60,"column":2},"end":{"line":62,"column":3}}]}},"s":{"0":0,"1":0,"2":0,"3":0,"4":0,"5":0,"6":0,"7":0,"8":0,"9":0,"10":0,"11":0,"12":0,"13":0,"14":0,"15":0,"16":0,"17":0,"18":0,"19":0,"20":0,"21":0,"22":0,"23":0,"24":0},"f":{"0":0,"1":0,"2":0,"3":0,"4":0,"5":0,"6":0,"7":0},"b":{"0":[0]}}
,"/Users/heartofgold/Documents/Cursor Projects/cursor-auto-rules-agile-workflow/client/src/components/assessment/Question.tsx": {"path":"/Users/heartofgold/Documents/Cursor Projects/cursor-auto-rules-agile-workflow/client/src/components/assessment/Question.tsx","statementMap":{"0":{"start":{"line":2,"column":0},"end":{"line":2,"column":24}},"1":{"start":{"line":29,"column":42},"end":{"line":124,"column":1}},"2":{"start":{"line":39,"column":30},"end":{"line":103,"column":3}},"3":{"start":{"line":40,"column":4},"end":{"line":102,"column":5}},"4":{"start":{"line":42,"column":8},"end":{"line":57,"column":10}},"5":{"start":{"line":45,"column":14},"end":{"line":45,"column":40}},"6":{"start":{"line":51,"column":34},"end":{"line":51,"column":56}},"7":{"start":{"line":60,"column":8},"end":{"line":68,"column":10}},"8":{"start":{"line":65,"column":29},"end":{"line":65,"column":65}},"9":{"start":{"line":71,"column":8},"end":{"line":79,"column":10}},"10":{"start":{"line":75,"column":29},"end":{"line":75,"column":53}},"11":{"start":{"line":82,"column":8},"end":{"line":98,"column":10}},"12":{"start":{"line":85,"column":14},"end":{"line":85,"column":40}},"13":{"start":{"line":91,"column":34},"end":{"line":91,"column":56}},"14":{"start":{"line":101,"column":8},"end":{"line":101,"column":20}},"15":{"start":{"line":105,"column":2},"end":{"line":123,"column":4}},"16":{"start":{"line":126,"column":0},"end":{"line":126,"column":24}}},"fnMap":{"0":{"name":"(anonymous_0)","decl":{"start":{"line":29,"column":42},"end":{"line":29,"column":43}},"loc":{"start":{"line":37,"column":5},"end":{"line":124,"column":1}}},"1":{"name":"(anonymous_1)","decl":{"start":{"line":39,"column":30},"end":{"line":39,"column":33}},"loc":{"start":{"line":39,"column":35},"end":{"line":103,"column":3}}},"2":{"name":"(anonymous_2)","decl":{"start":{"line":44,"column":25},"end":{"line":44,"column":26}},"loc":{"start":{"line":45,"column":14},"end":{"line":45,"column":40}}},"3":{"name":"(anonymous_3)","decl":{"start":{"line":51,"column":28},"end":{"line":51,"column":31}},"loc":{"start":{"line":51,"column":34},"end":{"line":51,"column":56}}},"4":{"name":"(anonymous_4)","decl":{"start":{"line":65,"column":22},"end":{"line":65,"column":23}},"loc":{"start":{"line":65,"column":29},"end":{"line":65,"column":65}}},"5":{"name":"(anonymous_5)","decl":{"start":{"line":75,"column":22},"end":{"line":75,"column":23}},"loc":{"start":{"line":75,"column":29},"end":{"line":75,"column":53}}},"6":{"name":"(anonymous_6)","decl":{"start":{"line":84,"column":25},"end":{"line":84,"column":26}},"loc":{"start":{"line":85,"column":14},"end":{"line":85,"column":40}}},"7":{"name":"(anonymous_7)","decl":{"start":{"line":91,"column":28},"end":{"line":91,"column":31}},"loc":{"start":{"line":91,"column":34},"end":{"line":91,"column":56}}}},"branchMap":{"0":{"loc":{"start":{"line":34,"column":2},"end":{"line":34,"column":14}},"type":"default-arg","locations":[{"start":{"line":34,"column":12},"end":{"line":34,"column":14}}]},"1":{"loc":{"start":{"line":40,"column":4},"end":{"line":102,"column":5}},"type":"switch","locations":[{"start":{"line":41,"column":6},"end":{"line":57,"column":10}},{"start":{"line":59,"column":6},"end":{"line":68,"column":10}},{"start":{"line":70,"column":6},"end":{"line":79,"column":10}},{"start":{"line":81,"column":6},"end":{"line":98,"column":10}},{"start":{"line":100,"column":6},"end":{"line":101,"column":20}}]},"2":{"loc":{"start":{"line":64,"column":19},"end":{"line":64,"column":40}},"type":"binary-expr","locations":[{"start":{"line":64,"column":19},"end":{"line":64,"column":34}},{"start":{"line":64,"column":38},"end":{"line":64,"column":40}}]},"3":{"loc":{"start":{"line":74,"column":19},"end":{"line":74,"column":40}},"type":"binary-expr","locations":[{"start":{"line":74,"column":19},"end":{"line":74,"column":34}},{"start":{"line":74,"column":38},"end":{"line":74,"column":40}}]},"4":{"loc":{"start":{"line":110,"column":11},"end":{"line":114,"column":null}},"type":"binary-expr","locations":[{"start":{"line":110,"column":11},"end":{"line":110,"column":19}},{"start":{"line":111,"column":12},"end":{"line":113,"column":null}}]}},"s":{"0":2,"1":2,"2":32,"3":32,"4":6,"5":18,"6":0,"7":6,"8":0,"9":14,"10":0,"11":6,"12":30,"13":0,"14":0,"15":32,"16":2},"f":{"0":32,"1":32,"2":18,"3":0,"4":0,"5":0,"6":30,"7":0},"b":{"0":[20],"1":[6,6,14,6,0],"2":[6,4],"3":[14,12],"4":[32,4]}}
,"/Users/heartofgold/Documents/Cursor Projects/cursor-auto-rules-agile-workflow/client/src/components/assessment/QuestionModule.tsx": {"path":"/Users/heartofgold/Documents/Cursor Projects/cursor-auto-rules-agile-workflow/client/src/components/assessment/QuestionModule.tsx","statementMap":{"0":{"start":{"line":1,"column":0},"end":{"line":1,"column":40}},"1":{"start":{"line":2,"column":0},"end":{"line":2,"column":34}},"2":{"start":{"line":3,"column":0},"end":{"line":3,"column":30}},"3":{"start":{"line":35,"column":54},"end":{"line":114,"column":1}},"4":{"start":{"line":43,"column":38},"end":{"line":43,"column":52}},"5":{"start":{"line":46,"column":28},"end":{"line":46,"column":78}},"6":{"start":{"line":46,"column":50},"end":{"line":46,"column":77}},"7":{"start":{"line":47,"column":31},"end":{"line":49,"column":7}},"8":{"start":{"line":52,"column":23},"end":{"line":54,"column":3}},"9":{"start":{"line":53,"column":4},"end":{"line":53,"column":31}},"10":{"start":{"line":56,"column":2},"end":{"line":113,"column":4}},"11":{"start":{"line":98,"column":14},"end":{"line":99,"column":null}},"12":{"start":{"line":106,"column":37},"end":{"line":106,"column":71}},"13":{"start":{"line":116,"column":0},"end":{"line":116,"column":30}}},"fnMap":{"0":{"name":"(anonymous_1)","decl":{"start":{"line":35,"column":54},"end":{"line":35,"column":55}},"loc":{"start":{"line":42,"column":5},"end":{"line":114,"column":1}}},"1":{"name":"(anonymous_2)","decl":{"start":{"line":46,"column":45},"end":{"line":46,"column":46}},"loc":{"start":{"line":46,"column":50},"end":{"line":46,"column":77}}},"2":{"name":"(anonymous_3)","decl":{"start":{"line":52,"column":23},"end":{"line":52,"column":26}},"loc":{"start":{"line":52,"column":28},"end":{"line":54,"column":3}}},"3":{"name":"(anonymous_4)","decl":{"start":{"line":97,"column":27},"end":{"line":97,"column":35}},"loc":{"start":{"line":98,"column":14},"end":{"line":99,"column":null}}},"4":{"name":"(anonymous_5)","decl":{"start":{"line":106,"column":26},"end":{"line":106,"column":27}},"loc":{"start":{"line":106,"column":37},"end":{"line":106,"column":71}}}},"branchMap":{"0":{"loc":{"start":{"line":47,"column":31},"end":{"line":49,"column":7}},"type":"cond-expr","locations":[{"start":{"line":48,"column":6},"end":{"line":48,"column":69}},{"start":{"line":49,"column":6},"end":{"line":49,"column":7}}]},"1":{"loc":{"start":{"line":80,"column":11},"end":{"line":80,"column":33}},"type":"cond-expr","locations":[{"start":{"line":80,"column":24},"end":{"line":80,"column":27}},{"start":{"line":80,"column":30},"end":{"line":80,"column":33}}]},"2":{"loc":{"start":{"line":84,"column":7},"end":{"line":110,"column":null}},"type":"binary-expr","locations":[{"start":{"line":84,"column":7},"end":{"line":84,"column":17}},{"start":{"line":85,"column":8},"end":{"line":109,"column":null}}]},"3":{"loc":{"start":{"line":90,"column":11},"end":{"line":93,"column":null}},"type":"binary-expr","locations":[{"start":{"line":90,"column":11},"end":{"line":90,"column":22}},{"start":{"line":91,"column":12},"end":{"line":92,"column":null}}]}},"s":{"0":1,"1":1,"2":1,"3":1,"4":24,"5":0,"6":0,"7":0,"8":0,"9":0,"10":0,"11":0,"12":0,"13":1},"f":{"0":24,"1":0,"2":0,"3":0,"4":0},"b":{"0":[0,0],"1":[0,0],"2":[0,0],"3":[0,0]}}
,"/Users/heartofgold/Documents/Cursor Projects/cursor-auto-rules-agile-workflow/client/src/components/assessment/QuestionnaireNavigation.tsx": {"path":"/Users/heartofgold/Documents/Cursor Projects/cursor-auto-rules-agile-workflow/client/src/components/assessment/QuestionnaireNavigation.tsx","statementMap":{"0":{"start":{"line":2,"column":0},"end":{"line":2,"column":76}},"1":{"start":{"line":3,"column":0},"end":{"line":3,"column":39}},"2":{"start":{"line":13,"column":79},"end":{"line":50,"column":1}},"3":{"start":{"line":20,"column":21},"end":{"line":20,"column":78}},"4":{"start":{"line":22,"column":2},"end":{"line":49,"column":4}},"5":{"start":{"line":26,"column":10},"end":{"line":27,"column":null}},"6":{"start":{"line":29,"column":27},"end":{"line":29,"column":52}},"7":{"start":{"line":38,"column":10},"end":{"line":39,"column":null}},"8":{"start":{"line":41,"column":27},"end":{"line":41,"column":53}},"9":{"start":{"line":13,"column":13},"end":{"line":13,"column":79}}},"fnMap":{"0":{"name":"(anonymous_0)","decl":{"start":{"line":13,"column":79},"end":{"line":13,"column":80}},"loc":{"start":{"line":19,"column":5},"end":{"line":50,"column":1}}},"1":{"name":"(anonymous_1)","decl":{"start":{"line":25,"column":21},"end":{"line":25,"column":22}},"loc":{"start":{"line":26,"column":10},"end":{"line":27,"column":null}}},"2":{"name":"(anonymous_2)","decl":{"start":{"line":29,"column":21},"end":{"line":29,"column":24}},"loc":{"start":{"line":29,"column":27},"end":{"line":29,"column":52}}},"3":{"name":"(anonymous_3)","decl":{"start":{"line":37,"column":24},"end":{"line":37,"column":25}},"loc":{"start":{"line":38,"column":10},"end":{"line":39,"column":null}}},"4":{"name":"(anonymous_4)","decl":{"start":{"line":41,"column":21},"end":{"line":41,"column":24}},"loc":{"start":{"line":41,"column":27},"end":{"line":41,"column":53}}}},"branchMap":{"0":{"loc":{"start":{"line":28,"column":23},"end":{"line":28,"column":66}},"type":"cond-expr","locations":[{"start":{"line":28,"column":53},"end":{"line":28,"column":61}},{"start":{"line":28,"column":64},"end":{"line":28,"column":66}}]},"1":{"loc":{"start":{"line":40,"column":23},"end":{"line":40,"column":67}},"type":"cond-expr","locations":[{"start":{"line":40,"column":54},"end":{"line":40,"column":62}},{"start":{"line":40,"column":65},"end":{"line":40,"column":67}}]}},"s":{"0":1,"1":1,"2":1,"3":18,"4":18,"5":32,"6":0,"7":180,"8":0,"9":1},"f":{"0":18,"1":32,"2":0,"3":180,"4":0},"b":{"0":[16,16],"1":[18,162]}}
,"/Users/heartofgold/Documents/Cursor Projects/cursor-auto-rules-agile-workflow/client/src/contexts/SupabaseContext.tsx": {"path":"/Users/heartofgold/Documents/Cursor Projects/cursor-auto-rules-agile-workflow/client/src/contexts/SupabaseContext.tsx","statementMap":{"0":{"start":{"line":1,"column":0},"end":{"line":1,"column":68}},"1":{"start":{"line":3,"column":0},"end":{"line":3,"column":51}},"2":{"start":{"line":16,"column":24},"end":{"line":16,"column":81}},"3":{"start":{"line":19,"column":67},"end":{"line":36,"column":1}},"4":{"start":{"line":20,"column":60},"end":{"line":20,"column":73}},"5":{"start":{"line":22,"column":16},"end":{"line":29,"column":4}},"6":{"start":{"line":31,"column":2},"end":{"line":35,"column":4}},"7":{"start":{"line":19,"column":13},"end":{"line":19,"column":67}},"8":{"start":{"line":39,"column":34},"end":{"line":45,"column":1}},"9":{"start":{"line":40,"column":18},"end":{"line":40,"column":45}},"10":{"start":{"line":41,"column":2},"end":{"line":43,"column":3}},"11":{"start":{"line":42,"column":4},"end":{"line":42,"column":81}},"12":{"start":{"line":44,"column":2},"end":{"line":44,"column":17}},"13":{"start":{"line":39,"column":13},"end":{"line":39,"column":34}}},"fnMap":{"0":{"name":"(anonymous_0)","decl":{"start":{"line":19,"column":67},"end":{"line":19,"column":68}},"loc":{"start":{"line":19,"column":84},"end":{"line":36,"column":1}}},"1":{"name":"(anonymous_1)","decl":{"start":{"line":39,"column":34},"end":{"line":39,"column":58}},"loc":{"start":{"line":39,"column":60},"end":{"line":45,"column":1}}}},"branchMap":{"0":{"loc":{"start":{"line":41,"column":2},"end":{"line":43,"column":3}},"type":"if","locations":[{"start":{"line":41,"column":2},"end":{"line":43,"column":3}}]}},"s":{"0":0,"1":0,"2":0,"3":0,"4":0,"5":0,"6":0,"7":0,"8":0,"9":0,"10":0,"11":0,"12":0,"13":0},"f":{"0":0,"1":0},"b":{"0":[0]}}
,"/Users/heartofgold/Documents/Cursor Projects/cursor-auto-rules-agile-workflow/client/src/hooks/useSupabase.ts": {"path":"/Users/heartofgold/Documents/Cursor Projects/cursor-auto-rules-agile-workflow/client/src/hooks/useSupabase.ts","statementMap":{"0":{"start":{"line":1,"column":0},"end":{"line":1,"column":44}},"1":{"start":{"line":2,"column":0},"end":{"line":2,"column":64}},"2":{"start":{"line":20,"column":27},"end":{"line":136,"column":1}},"3":{"start":{"line":21,"column":26},"end":{"line":21,"column":53}},"4":{"start":{"line":22,"column":32},"end":{"line":22,"column":46}},"5":{"start":{"line":23,"column":28},"end":{"line":23,"column":56}},"6":{"start":{"line":25,"column":2},"end":{"line":58,"column":9}},"7":{"start":{"line":27,"column":27},"end":{"line":38,"column":5}},"8":{"start":{"line":28,"column":6},"end":{"line":37,"column":7}},"9":{"start":{"line":29,"column":8},"end":{"line":29,"column":25}},"10":{"start":{"line":30,"column":28},"end":{"line":30,"column":50}},"11":{"start":{"line":31,"column":8},"end":{"line":31,"column":29}},"12":{"start":{"line":33,"column":8},"end":{"line":33,"column":79}},"13":{"start":{"line":34,"column":8},"end":{"line":34,"column":55}},"14":{"start":{"line":36,"column":8},"end":{"line":36,"column":26}},"15":{"start":{"line":40,"column":4},"end":{"line":40,"column":21}},"16":{"start":{"line":43,"column":35},"end":{"line":51,"column":null}},"17":{"start":{"line":45,"column":8},"end":{"line":49,"column":9}},"18":{"start":{"line":46,"column":10},"end":{"line":46,"column":32}},"19":{"start":{"line":48,"column":10},"end":{"line":48,"column":24}},"20":{"start":{"line":50,"column":8},"end":{"line":50,"column":26}},"21":{"start":{"line":55,"column":4},"end":{"line":57,"column":6}},"22":{"start":{"line":56,"column":6},"end":{"line":56,"column":46}},"23":{"start":{"line":66,"column":17},"end":{"line":83,"column":3}},"24":{"start":{"line":67,"column":4},"end":{"line":82,"column":5}},"25":{"start":{"line":68,"column":6},"end":{"line":68,"column":23}},"26":{"start":{"line":69,"column":30},"end":{"line":72,"column":8}},"27":{"start":{"line":74,"column":6},"end":{"line":74,"column":29}},"28":{"start":{"line":74,"column":17},"end":{"line":74,"column":29}},"29":{"start":{"line":75,"column":6},"end":{"line":75,"column":44}},"30":{"start":{"line":77,"column":6},"end":{"line":77,"column":76}},"31":{"start":{"line":78,"column":6},"end":{"line":78,"column":46}},"32":{"start":{"line":79,"column":6},"end":{"line":79,"column":100}},"33":{"start":{"line":81,"column":6},"end":{"line":81,"column":24}},"34":{"start":{"line":91,"column":17},"end":{"line":108,"column":3}},"35":{"start":{"line":92,"column":4},"end":{"line":107,"column":5}},"36":{"start":{"line":93,"column":6},"end":{"line":93,"column":23}},"37":{"start":{"line":94,"column":30},"end":{"line":97,"column":8}},"38":{"start":{"line":99,"column":6},"end":{"line":99,"column":29}},"39":{"start":{"line":99,"column":17},"end":{"line":99,"column":29}},"40":{"start":{"line":100,"column":6},"end":{"line":100,"column":44}},"41":{"start":{"line":102,"column":6},"end":{"line":102,"column":76}},"42":{"start":{"line":103,"column":6},"end":{"line":103,"column":46}},"43":{"start":{"line":104,"column":6},"end":{"line":104,"column":100}},"44":{"start":{"line":106,"column":6},"end":{"line":106,"column":24}},"45":{"start":{"line":113,"column":22},"end":{"line":125,"column":3}},"46":{"start":{"line":114,"column":4},"end":{"line":124,"column":5}},"47":{"start":{"line":115,"column":6},"end":{"line":115,"column":23}},"48":{"start":{"line":116,"column":24},"end":{"line":116,"column":53}},"49":{"start":{"line":117,"column":6},"end":{"line":117,"column":29}},"50":{"start":{"line":117,"column":17},"end":{"line":117,"column":29}},"51":{"start":{"line":118,"column":6},"end":{"line":118,"column":20}},"52":{"start":{"line":120,"column":6},"end":{"line":120,"column":77}},"53":{"start":{"line":121,"column":6},"end":{"line":121,"column":47}},"54":{"start":{"line":123,"column":6},"end":{"line":123,"column":24}},"55":{"start":{"line":127,"column":2},"end":{"line":135,"column":4}},"56":{"start":{"line":20,"column":13},"end":{"line":20,"column":27}}},"fnMap":{"0":{"name":"(anonymous_0)","decl":{"start":{"line":20,"column":27},"end":{"line":20,"column":47}},"loc":{"start":{"line":20,"column":49},"end":{"line":136,"column":1}}},"1":{"name":"(anonymous_1)","decl":{"start":{"line":25,"column":12},"end":{"line":25,"column":15}},"loc":{"start":{"line":25,"column":17},"end":{"line":58,"column":3}}},"2":{"name":"(anonymous_2)","decl":{"start":{"line":27,"column":27},"end":{"line":27,"column":32}},"loc":{"start":{"line":27,"column":38},"end":{"line":38,"column":5}}},"3":{"name":"(anonymous_3)","decl":{"start":{"line":44,"column":6},"end":{"line":44,"column":11}},"loc":{"start":{"line":44,"column":31},"end":{"line":51,"column":7}}},"4":{"name":"(anonymous_4)","decl":{"start":{"line":55,"column":11},"end":{"line":55,"column":14}},"loc":{"start":{"line":55,"column":16},"end":{"line":57,"column":5}}},"5":{"name":"(anonymous_5)","decl":{"start":{"line":66,"column":17},"end":{"line":66,"column":22}},"loc":{"start":{"line":66,"column":59},"end":{"line":83,"column":3}}},"6":{"name":"(anonymous_6)","decl":{"start":{"line":91,"column":17},"end":{"line":91,"column":22}},"loc":{"start":{"line":91,"column":59},"end":{"line":108,"column":3}}},"7":{"name":"(anonymous_7)","decl":{"start":{"line":113,"column":22},"end":{"line":113,"column":27}},"loc":{"start":{"line":113,"column":33},"end":{"line":125,"column":3}}}},"branchMap":{"0":{"loc":{"start":{"line":33,"column":17},"end":{"line":33,"column":77}},"type":"cond-expr","locations":[{"start":{"line":33,"column":40},"end":{"line":33,"column":43}},{"start":{"line":33,"column":46},"end":{"line":33,"column":77}}]},"1":{"loc":{"start":{"line":45,"column":8},"end":{"line":49,"column":9}},"type":"if","locations":[{"start":{"line":45,"column":8},"end":{"line":49,"column":9}},{"start":{"line":47,"column":15},"end":{"line":49,"column":9}}]},"2":{"loc":{"start":{"line":74,"column":6},"end":{"line":74,"column":29}},"type":"if","locations":[{"start":{"line":74,"column":6},"end":{"line":74,"column":29}}]},"3":{"loc":{"start":{"line":77,"column":15},"end":{"line":77,"column":74}},"type":"cond-expr","locations":[{"start":{"line":77,"column":38},"end":{"line":77,"column":41}},{"start":{"line":77,"column":44},"end":{"line":77,"column":74}}]},"4":{"loc":{"start":{"line":79,"column":38},"end":{"line":79,"column":97}},"type":"cond-expr","locations":[{"start":{"line":79,"column":61},"end":{"line":79,"column":64}},{"start":{"line":79,"column":67},"end":{"line":79,"column":97}}]},"5":{"loc":{"start":{"line":99,"column":6},"end":{"line":99,"column":29}},"type":"if","locations":[{"start":{"line":99,"column":6},"end":{"line":99,"column":29}}]},"6":{"loc":{"start":{"line":102,"column":15},"end":{"line":102,"column":74}},"type":"cond-expr","locations":[{"start":{"line":102,"column":38},"end":{"line":102,"column":41}},{"start":{"line":102,"column":44},"end":{"line":102,"column":74}}]},"7":{"loc":{"start":{"line":104,"column":38},"end":{"line":104,"column":97}},"type":"cond-expr","locations":[{"start":{"line":104,"column":61},"end":{"line":104,"column":64}},{"start":{"line":104,"column":67},"end":{"line":104,"column":97}}]},"8":{"loc":{"start":{"line":117,"column":6},"end":{"line":117,"column":29}},"type":"if","locations":[{"start":{"line":117,"column":6},"end":{"line":117,"column":29}}]},"9":{"loc":{"start":{"line":120,"column":15},"end":{"line":120,"column":75}},"type":"cond-expr","locations":[{"start":{"line":120,"column":38},"end":{"line":120,"column":41}},{"start":{"line":120,"column":44},"end":{"line":120,"column":75}}]}},"s":{"0":0,"1":0,"2":0,"3":0,"4":0,"5":0,"6":0,"7":0,"8":0,"9":0,"10":0,"11":0,"12":0,"13":0,"14":0,"15":0,"16":0,"17":0,"18":0,"19":0,"20":0,"21":0,"22":0,"23":0,"24":0,"25":0,"26":0,"27":0,"28":0,"29":0,"30":0,"31":0,"32":0,"33":0,"34":0,"35":0,"36":0,"37":0,"38":0,"39":0,"40":0,"41":0,"42":0,"43":0,"44":0,"45":0,"46":0,"47":0,"48":0,"49":0,"50":0,"51":0,"52":0,"53":0,"54":0,"55":0,"56":0},"f":{"0":0,"1":0,"2":0,"3":0,"4":0,"5":0,"6":0,"7":0},"b":{"0":[0,0],"1":[0,0],"2":[0],"3":[0,0],"4":[0,0],"5":[0],"6":[0,0],"7":[0,0],"8":[0],"9":[0,0]}}
,"/Users/heartofgold/Documents/Cursor Projects/cursor-auto-rules-agile-workflow/client/src/pages/AssessmentPage.tsx": {"path":"/Users/heartofgold/Documents/Cursor Projects/cursor-auto-rules-agile-workflow/client/src/pages/AssessmentPage.tsx","statementMap":{"0":{"start":{"line":1,"column":0},"end":{"line":1,"column":40}},"1":{"start":{"line":2,"column":0},"end":{"line":2,"column":69}},"2":{"start":{"line":3,"column":0},"end":{"line":3,"column":30}},"3":{"start":{"line":14,"column":33},"end":{"line":153,"column":1}},"4":{"start":{"line":16,"column":20},"end":{"line":82,"column":4}},"5":{"start":{"line":85,"column":32},"end":{"line":85,"column":77}},"6":{"start":{"line":88,"column":29},"end":{"line":93,"column":3}},"7":{"start":{"line":89,"column":4},"end":{"line":92,"column":8}},"8":{"start":{"line":89,"column":24},"end":{"line":92,"column":6}},"9":{"start":{"line":96,"column":25},"end":{"line":96,"column":90}},"10":{"start":{"line":96,"column":57},"end":{"line":96,"column":86}},"11":{"start":{"line":97,"column":28},"end":{"line":97,"column":55}},"12":{"start":{"line":98,"column":26},"end":{"line":100,"column":7}},"13":{"start":{"line":102,"column":2},"end":{"line":152,"column":4}},"14":{"start":{"line":130,"column":10},"end":{"line":131,"column":null}},"15":{"start":{"line":155,"column":0},"end":{"line":155,"column":30}}},"fnMap":{"0":{"name":"(anonymous_1)","decl":{"start":{"line":14,"column":33},"end":{"line":14,"column":36}},"loc":{"start":{"line":14,"column":38},"end":{"line":153,"column":1}}},"1":{"name":"(anonymous_2)","decl":{"start":{"line":88,"column":29},"end":{"line":88,"column":30}},"loc":{"start":{"line":88,"column":76},"end":{"line":93,"column":3}}},"2":{"name":"(anonymous_3)","decl":{"start":{"line":89,"column":15},"end":{"line":89,"column":19}},"loc":{"start":{"line":89,"column":24},"end":{"line":92,"column":6}}},"3":{"name":"(anonymous_4)","decl":{"start":{"line":96,"column":40},"end":{"line":96,"column":41}},"loc":{"start":{"line":96,"column":57},"end":{"line":96,"column":86}}},"4":{"name":"(anonymous_5)","decl":{"start":{"line":129,"column":21},"end":{"line":129,"column":27}},"loc":{"start":{"line":130,"column":10},"end":{"line":131,"column":null}}}},"branchMap":{"0":{"loc":{"start":{"line":98,"column":26},"end":{"line":100,"column":7}},"type":"cond-expr","locations":[{"start":{"line":99,"column":6},"end":{"line":99,"column":60}},{"start":{"line":100,"column":6},"end":{"line":100,"column":7}}]},"1":{"loc":{"start":{"line":148,"column":11},"end":{"line":148,"column":88}},"type":"cond-expr","locations":[{"start":{"line":148,"column":35},"end":{"line":148,"column":66}},{"start":{"line":148,"column":69},"end":{"line":148,"column":88}}]}},"s":{"0":0,"1":0,"2":0,"3":0,"4":0,"5":0,"6":0,"7":0,"8":0,"9":0,"10":0,"11":0,"12":0,"13":0,"14":0,"15":0},"f":{"0":0,"1":0,"2":0,"3":0,"4":0},"b":{"0":[0,0],"1":[0,0]}}
,"/Users/heartofgold/Documents/Cursor Projects/cursor-auto-rules-agile-workflow/client/src/services/database.ts": {"path":"/Users/heartofgold/Documents/Cursor Projects/cursor-auto-rules-agile-workflow/client/src/services/database.ts","statementMap":{"0":{"start":{"line":1,"column":0},"end":{"line":1,"column":38}},"1":{"start":{"line":7,"column":13},"end":{"line":90,"column":2}},"2":{"start":{"line":14,"column":28},"end":{"line":18,"column":15}},"3":{"start":{"line":20,"column":4},"end":{"line":20,"column":27}},"4":{"start":{"line":20,"column":15},"end":{"line":20,"column":27}},"5":{"start":{"line":21,"column":4},"end":{"line":21,"column":16}},"6":{"start":{"line":30,"column":28},"end":{"line":34,"column":15}},"7":{"start":{"line":36,"column":4},"end":{"line":36,"column":27}},"8":{"start":{"line":36,"column":15},"end":{"line":36,"column":27}},"9":{"start":{"line":37,"column":4},"end":{"line":37,"column":16}},"10":{"start":{"line":45,"column":27},"end":{"line":45,"column":56}},"11":{"start":{"line":47,"column":4},"end":{"line":47,"column":57}},"12":{"start":{"line":47,"column":20},"end":{"line":47,"column":57}},"13":{"start":{"line":49,"column":28},"end":{"line":52,"column":33}},"14":{"start":{"line":54,"column":4},"end":{"line":54,"column":27}},"15":{"start":{"line":54,"column":15},"end":{"line":54,"column":27}},"16":{"start":{"line":55,"column":4},"end":{"line":55,"column":16}},"17":{"start":{"line":65,"column":28},"end":{"line":70,"column":15}},"18":{"start":{"line":72,"column":4},"end":{"line":72,"column":27}},"19":{"start":{"line":72,"column":15},"end":{"line":72,"column":27}},"20":{"start":{"line":73,"column":4},"end":{"line":73,"column":16}},"21":{"start":{"line":82,"column":22},"end":{"line":85,"column":19}},"22":{"start":{"line":87,"column":4},"end":{"line":87,"column":27}},"23":{"start":{"line":87,"column":15},"end":{"line":87,"column":27}},"24":{"start":{"line":88,"column":4},"end":{"line":88,"column":16}},"25":{"start":{"line":95,"column":13},"end":{"line":124,"column":2}},"26":{"start":{"line":101,"column":28},"end":{"line":103,"column":18}},"27":{"start":{"line":105,"column":4},"end":{"line":105,"column":27}},"28":{"start":{"line":105,"column":15},"end":{"line":105,"column":27}},"29":{"start":{"line":106,"column":4},"end":{"line":106,"column":16}},"30":{"start":{"line":115,"column":28},"end":{"line":119,"column":15}},"31":{"start":{"line":121,"column":4},"end":{"line":121,"column":27}},"32":{"start":{"line":121,"column":15},"end":{"line":121,"column":27}},"33":{"start":{"line":122,"column":4},"end":{"line":122,"column":16}},"34":{"start":{"line":129,"column":13},"end":{"line":206,"column":2}},"35":{"start":{"line":141,"column":28},"end":{"line":145,"column":15}},"36":{"start":{"line":147,"column":4},"end":{"line":147,"column":27}},"37":{"start":{"line":147,"column":15},"end":{"line":147,"column":27}},"38":{"start":{"line":150,"column":38},"end":{"line":153,"column":7}},"39":{"start":{"line":150,"column":67},"end":{"line":153,"column":6}},"40":{"start":{"line":156,"column":31},"end":{"line":158,"column":40}},"41":{"start":{"line":160,"column":4},"end":{"line":160,"column":31}},"42":{"start":{"line":160,"column":17},"end":{"line":160,"column":31}},"43":{"start":{"line":162,"column":4},"end":{"line":162,"column":16}},"44":{"start":{"line":171,"column":28},"end":{"line":174,"column":35}},"45":{"start":{"line":176,"column":4},"end":{"line":176,"column":27}},"46":{"start":{"line":176,"column":15},"end":{"line":176,"column":27}},"47":{"start":{"line":177,"column":4},"end":{"line":177,"column":16}},"48":{"start":{"line":186,"column":40},"end":{"line":190,"column":15}},"49":{"start":{"line":192,"column":4},"end":{"line":192,"column":27}},"50":{"start":{"line":192,"column":15},"end":{"line":192,"column":27}},"51":{"start":{"line":194,"column":56},"end":{"line":197,"column":39}},"52":{"start":{"line":199,"column":4},"end":{"line":199,"column":31}},"53":{"start":{"line":199,"column":17},"end":{"line":199,"column":31}},"54":{"start":{"line":201,"column":4},"end":{"line":204,"column":6}},"55":{"start":{"line":211,"column":13},"end":{"line":250,"column":2}},"56":{"start":{"line":218,"column":28},"end":{"line":221,"column":35}},"57":{"start":{"line":223,"column":4},"end":{"line":223,"column":27}},"58":{"start":{"line":223,"column":15},"end":{"line":223,"column":27}},"59":{"start":{"line":224,"column":4},"end":{"line":224,"column":16}},"60":{"start":{"line":237,"column":28},"end":{"line":245,"column":15}},"61":{"start":{"line":247,"column":4},"end":{"line":247,"column":27}},"62":{"start":{"line":247,"column":15},"end":{"line":247,"column":27}},"63":{"start":{"line":248,"column":4},"end":{"line":248,"column":16}}},"fnMap":{"0":{"name":"(anonymous_0)","decl":{"start":{"line":13,"column":18},"end":{"line":13,"column":23}},"loc":{"start":{"line":13,"column":90},"end":{"line":22,"column":3}}},"1":{"name":"(anonymous_1)","decl":{"start":{"line":29,"column":15},"end":{"line":29,"column":20}},"loc":{"start":{"line":29,"column":36},"end":{"line":38,"column":3}}},"2":{"name":"(anonymous_2)","decl":{"start":{"line":44,"column":20},"end":{"line":44,"column":25}},"loc":{"start":{"line":44,"column":31},"end":{"line":56,"column":3}}},"3":{"name":"(anonymous_3)","decl":{"start":{"line":64,"column":18},"end":{"line":64,"column":23}},"loc":{"start":{"line":64,"column":102},"end":{"line":74,"column":3}}},"4":{"name":"(anonymous_4)","decl":{"start":{"line":81,"column":18},"end":{"line":81,"column":23}},"loc":{"start":{"line":81,"column":39},"end":{"line":89,"column":3}}},"5":{"name":"(anonymous_5)","decl":{"start":{"line":100,"column":14},"end":{"line":100,"column":19}},"loc":{"start":{"line":100,"column":25},"end":{"line":107,"column":3}}},"6":{"name":"(anonymous_6)","decl":{"start":{"line":114,"column":13},"end":{"line":114,"column":18}},"loc":{"start":{"line":114,"column":34},"end":{"line":123,"column":3}}},"7":{"name":"(anonymous_7)","decl":{"start":{"line":136,"column":28},"end":{"line":136,"column":33}},"loc":{"start":{"line":139,"column":6},"end":{"line":163,"column":3}}},"8":{"name":"(anonymous_8)","decl":{"start":{"line":150,"column":60},"end":{"line":150,"column":62}},"loc":{"start":{"line":150,"column":67},"end":{"line":153,"column":6}}},"9":{"name":"(anonymous_9)","decl":{"start":{"line":170,"column":26},"end":{"line":170,"column":31}},"loc":{"start":{"line":170,"column":55},"end":{"line":178,"column":3}}},"10":{"name":"(anonymous_10)","decl":{"start":{"line":185,"column":30},"end":{"line":185,"column":35}},"loc":{"start":{"line":185,"column":61},"end":{"line":205,"column":3}}},"11":{"name":"(anonymous_11)","decl":{"start":{"line":217,"column":30},"end":{"line":217,"column":35}},"loc":{"start":{"line":217,"column":59},"end":{"line":225,"column":3}}},"12":{"name":"(anonymous_12)","decl":{"start":{"line":233,"column":30},"end":{"line":233,"column":35}},"loc":{"start":{"line":236,"column":6},"end":{"line":249,"column":3}}}},"branchMap":{"0":{"loc":{"start":{"line":20,"column":4},"end":{"line":20,"column":27}},"type":"if","locations":[{"start":{"line":20,"column":4},"end":{"line":20,"column":27}}]},"1":{"loc":{"start":{"line":36,"column":4},"end":{"line":36,"column":27}},"type":"if","locations":[{"start":{"line":36,"column":4},"end":{"line":36,"column":27}}]},"2":{"loc":{"start":{"line":47,"column":4},"end":{"line":47,"column":57}},"type":"if","locations":[{"start":{"line":47,"column":4},"end":{"line":47,"column":57}}]},"3":{"loc":{"start":{"line":54,"column":4},"end":{"line":54,"column":27}},"type":"if","locations":[{"start":{"line":54,"column":4},"end":{"line":54,"column":27}}]},"4":{"loc":{"start":{"line":72,"column":4},"end":{"line":72,"column":27}},"type":"if","locations":[{"start":{"line":72,"column":4},"end":{"line":72,"column":27}}]},"5":{"loc":{"start":{"line":87,"column":4},"end":{"line":87,"column":27}},"type":"if","locations":[{"start":{"line":87,"column":4},"end":{"line":87,"column":27}}]},"6":{"loc":{"start":{"line":105,"column":4},"end":{"line":105,"column":27}},"type":"if","locations":[{"start":{"line":105,"column":4},"end":{"line":105,"column":27}}]},"7":{"loc":{"start":{"line":121,"column":4},"end":{"line":121,"column":27}},"type":"if","locations":[{"start":{"line":121,"column":4},"end":{"line":121,"column":27}}]},"8":{"loc":{"start":{"line":147,"column":4},"end":{"line":147,"column":27}},"type":"if","locations":[{"start":{"line":147,"column":4},"end":{"line":147,"column":27}}]},"9":{"loc":{"start":{"line":160,"column":4},"end":{"line":160,"column":31}},"type":"if","locations":[{"start":{"line":160,"column":4},"end":{"line":160,"column":31}}]},"10":{"loc":{"start":{"line":176,"column":4},"end":{"line":176,"column":27}},"type":"if","locations":[{"start":{"line":176,"column":4},"end":{"line":176,"column":27}}]},"11":{"loc":{"start":{"line":192,"column":4},"end":{"line":192,"column":27}},"type":"if","locations":[{"start":{"line":192,"column":4},"end":{"line":192,"column":27}}]},"12":{"loc":{"start":{"line":199,"column":4},"end":{"line":199,"column":31}},"type":"if","locations":[{"start":{"line":199,"column":4},"end":{"line":199,"column":31}}]},"13":{"loc":{"start":{"line":223,"column":4},"end":{"line":223,"column":27}},"type":"if","locations":[{"start":{"line":223,"column":4},"end":{"line":223,"column":27}}]},"14":{"loc":{"start":{"line":247,"column":4},"end":{"line":247,"column":27}},"type":"if","locations":[{"start":{"line":247,"column":4},"end":{"line":247,"column":27}}]}},"s":{"0":0,"1":0,"2":0,"3":0,"4":0,"5":0,"6":0,"7":0,"8":0,"9":0,"10":0,"11":0,"12":0,"13":0,"14":0,"15":0,"16":0,"17":0,"18":0,"19":0,"20":0,"21":0,"22":0,"23":0,"24":0,"25":0,"26":0,"27":0,"28":0,"29":0,"30":0,"31":0,"32":0,"33":0,"34":0,"35":0,"36":0,"37":0,"38":0,"39":0,"40":0,"41":0,"42":0,"43":0,"44":0,"45":0,"46":0,"47":0,"48":0,"49":0,"50":0,"51":0,"52":0,"53":0,"54":0,"55":0,"56":0,"57":0,"58":0,"59":0,"60":0,"61":0,"62":0,"63":0},"f":{"0":0,"1":0,"2":0,"3":0,"4":0,"5":0,"6":0,"7":0,"8":0,"9":0,"10":0,"11":0,"12":0},"b":{"0":[0],"1":[0],"2":[0],"3":[0],"4":[0],"5":[0],"6":[0],"7":[0],"8":[0],"9":[0],"10":[0],"11":[0],"12":[0],"13":[0],"14":[0]}}
,"/Users/heartofgold/Documents/Cursor Projects/cursor-auto-rules-agile-workflow/client/src/utils/pathResolver.ts": {"path":"/Users/heartofgold/Documents/Cursor Projects/cursor-auto-rules-agile-workflow/client/src/utils/pathResolver.ts","statementMap":{"0":{"start":{"line":1,"column":0},"end":{"line":1,"column":24}},"1":{"start":{"line":3,"column":15},"end":{"line":3,"column":46}},"2":{"start":{"line":4,"column":14},"end":{"line":4,"column":52}},"3":{"start":{"line":13,"column":4},"end":{"line":13,"column":43}},"4":{"start":{"line":17,"column":4},"end":{"line":19,"column":5}},"5":{"start":{"line":18,"column":6},"end":{"line":18,"column":49}},"6":{"start":{"line":20,"column":4},"end":{"line":20,"column":33}},"7":{"start":{"line":24,"column":4},"end":{"line":26,"column":5}},"8":{"start":{"line":25,"column":6},"end":{"line":25,"column":51}},"9":{"start":{"line":27,"column":4},"end":{"line":29,"column":5}},"10":{"start":{"line":28,"column":6},"end":{"line":28,"column":48}},"11":{"start":{"line":30,"column":4},"end":{"line":30,"column":39}},"12":{"start":{"line":34,"column":25},"end":{"line":34,"column":43}},"13":{"start":{"line":35,"column":4},"end":{"line":37,"column":5}},"14":{"start":{"line":36,"column":6},"end":{"line":36,"column":49}},"15":{"start":{"line":38,"column":4},"end":{"line":38,"column":24}},"16":{"start":{"line":42,"column":25},"end":{"line":42,"column":58}},"17":{"start":{"line":43,"column":4},"end":{"line":43,"column":56}},"18":{"start":{"line":47,"column":33},"end":{"line":49,"column":1}},"19":{"start":{"line":48,"column":2},"end":{"line":48,"column":67}},"20":{"start":{"line":47,"column":13},"end":{"line":47,"column":33}},"21":{"start":{"line":51,"column":28},"end":{"line":54,"column":1}},"22":{"start":{"line":52,"column":23},"end":{"line":52,"column":46}},"23":{"start":{"line":53,"column":2},"end":{"line":53,"column":31}},"24":{"start":{"line":51,"column":13},"end":{"line":51,"column":28}}},"fnMap":{"0":{"name":"(anonymous_1)","decl":{"start":{"line":12,"column":2},"end":{"line":12,"column":null}},"loc":{"start":{"line":12,"column":2},"end":{"line":14,"column":3}}},"1":{"name":"(anonymous_2)","decl":{"start":{"line":16,"column":2},"end":{"line":16,"column":8}},"loc":{"start":{"line":16,"column":20},"end":{"line":21,"column":3}}},"2":{"name":"(anonymous_3)","decl":{"start":{"line":23,"column":10},"end":{"line":23,"column":26}},"loc":{"start":{"line":23,"column":26},"end":{"line":31,"column":3}}},"3":{"name":"(anonymous_4)","decl":{"start":{"line":33,"column":2},"end":{"line":33,"column":19}},"loc":{"start":{"line":33,"column":45},"end":{"line":39,"column":3}}},"4":{"name":"(anonymous_5)","decl":{"start":{"line":41,"column":10},"end":{"line":41,"column":26}},"loc":{"start":{"line":41,"column":44},"end":{"line":44,"column":3}}},"5":{"name":"(anonymous_6)","decl":{"start":{"line":47,"column":33},"end":{"line":47,"column":34}},"loc":{"start":{"line":47,"column":71},"end":{"line":49,"column":1}}},"6":{"name":"(anonymous_7)","decl":{"start":{"line":51,"column":28},"end":{"line":51,"column":29}},"loc":{"start":{"line":51,"column":45},"end":{"line":54,"column":1}}}},"branchMap":{"0":{"loc":{"start":{"line":17,"column":4},"end":{"line":19,"column":5}},"type":"if","locations":[{"start":{"line":17,"column":4},"end":{"line":19,"column":5}}]},"1":{"loc":{"start":{"line":24,"column":4},"end":{"line":26,"column":5}},"type":"if","locations":[{"start":{"line":24,"column":4},"end":{"line":26,"column":5}}]},"2":{"loc":{"start":{"line":27,"column":4},"end":{"line":29,"column":5}},"type":"if","locations":[{"start":{"line":27,"column":4},"end":{"line":29,"column":5}}]},"3":{"loc":{"start":{"line":35,"column":4},"end":{"line":37,"column":5}},"type":"if","locations":[{"start":{"line":35,"column":4},"end":{"line":37,"column":5}}]}},"s":{"0":0,"1":0,"2":0,"3":0,"4":0,"5":0,"6":0,"7":0,"8":0,"9":0,"10":0,"11":0,"12":0,"13":0,"14":0,"15":0,"16":0,"17":0,"18":0,"19":0,"20":0,"21":0,"22":0,"23":0,"24":0},"f":{"0":0,"1":0,"2":0,"3":0,"4":0,"5":0,"6":0},"b":{"0":[0],"1":[0],"2":[0],"3":[0]}}
,"/Users/heartofgold/Documents/Cursor Projects/cursor-auto-rules-agile-workflow/server/src/data/physiotherapy-modules.ts": {"path":"/Users/heartofgold/Documents/Cursor Projects/cursor-auto-rules-agile-workflow/server/src/data/physiotherapy-modules.ts","statementMap":{"0":{"start":{"line":2,"column":0},"end":{"line":2,"column":66}},"1":{"start":{"line":3,"column":0},"end":{"line":3,"column":58}},"2":{"start":{"line":4,"column":0},"end":{"line":4,"column":54}},"3":{"start":{"line":5,"column":0},"end":{"line":5,"column":44}},"4":{"start":{"line":6,"column":0},"end":{"line":6,"column":56}},"5":{"start":{"line":7,"column":0},"end":{"line":7,"column":44}},"6":{"start":{"line":12,"column":13},"end":{"line":453,"column":2}}},"fnMap":{},"branchMap":{},"s":{"0":0,"1":0,"2":0,"3":0,"4":0,"5":0,"6":0},"f":{},"b":{}}
,"/Users/heartofgold/Documents/Cursor Projects/cursor-auto-rules-agile-workflow/server/src/data/questions/index.ts": {"path":"/Users/heartofgold/Documents/Cursor Projects/cursor-auto-rules-agile-workflow/server/src/data/questions/index.ts","statementMap":{"0":{"start":{"line":56,"column":0},"end":{"line":56,"column":16}},"1":{"start":{"line":9,"column":0},"end":{"line":9,"column":28}},"2":{"start":{"line":12,"column":0},"end":{"line":12,"column":29}},"3":{"start":{"line":15,"column":0},"end":{"line":15,"column":31}},"4":{"start":{"line":18,"column":0},"end":{"line":18,"column":29}},"5":{"start":{"line":21,"column":0},"end":{"line":21,"column":27}},"6":{"start":{"line":24,"column":0},"end":{"line":24,"column":28}},"7":{"start":{"line":27,"column":0},"end":{"line":27,"column":29}},"8":{"start":{"line":30,"column":0},"end":{"line":30,"column":29}},"9":{"start":{"line":33,"column":0},"end":{"line":33,"column":28}},"10":{"start":{"line":36,"column":0},"end":{"line":36,"column":29}},"11":{"start":{"line":39,"column":0},"end":{"line":39,"column":41}},"12":{"start":{"line":40,"column":0},"end":{"line":40,"column":43}},"13":{"start":{"line":41,"column":0},"end":{"line":41,"column":46}},"14":{"start":{"line":42,"column":0},"end":{"line":42,"column":43}},"15":{"start":{"line":43,"column":0},"end":{"line":43,"column":39}},"16":{"start":{"line":44,"column":0},"end":{"line":44,"column":41}},"17":{"start":{"line":45,"column":0},"end":{"line":45,"column":43}},"18":{"start":{"line":46,"column":0},"end":{"line":46,"column":43}},"19":{"start":{"line":47,"column":0},"end":{"line":47,"column":41}},"20":{"start":{"line":48,"column":0},"end":{"line":48,"column":43}},"21":{"start":{"line":58,"column":28},"end":{"line":69,"column":4}},"22":{"start":{"line":72,"column":2},"end":{"line":75,"column":28}},"23":{"start":{"line":73,"column":20},"end":{"line":73,"column":39}},"24":{"start":{"line":75,"column":17},"end":{"line":75,"column":26}}},"fnMap":{"0":{"name":"loadAllQuestions","decl":{"start":{"line":56,"column":16},"end":{"line":56,"column":32}},"loc":{"start":{"line":56,"column":32},"end":{"line":76,"column":1}}},"1":{"name":"(anonymous_11)","decl":{"start":{"line":73,"column":12},"end":{"line":73,"column":16}},"loc":{"start":{"line":73,"column":20},"end":{"line":73,"column":39}}},"2":{"name":"(anonymous_12)","decl":{"start":{"line":75,"column":12},"end":{"line":75,"column":13}},"loc":{"start":{"line":75,"column":17},"end":{"line":75,"column":26}}}},"branchMap":{"0":{"loc":{"start":{"line":75,"column":17},"end":{"line":75,"column":26}},"type":"binary-expr","locations":[{"start":{"line":75,"column":17},"end":{"line":75,"column":18}},{"start":{"line":75,"column":22},"end":{"line":75,"column":26}}]}},"s":{"0":2,"1":2,"2":2,"3":2,"4":2,"5":2,"6":2,"7":2,"8":2,"9":2,"10":2,"11":2,"12":2,"13":2,"14":2,"15":2,"16":2,"17":2,"18":2,"19":2,"20":2,"21":17,"22":17,"23":544,"24":3672},"f":{"0":17,"1":544,"2":3672},"b":{"0":[3672,3672]}}
,"/Users/heartofgold/Documents/Cursor Projects/cursor-auto-rules-agile-workflow/server/src/data/questions/automation/ai-integration.ts": {"path":"/Users/heartofgold/Documents/Cursor Projects/cursor-auto-rules-agile-workflow/server/src/data/questions/automation/ai-integration.ts","statementMap":{"0":{"start":{"line":10,"column":0},"end":{"line":10,"column":60}},"1":{"start":{"line":11,"column":0},"end":{"line":11,"column":72}},"2":{"start":{"line":12,"column":0},"end":{"line":12,"column":64}},"3":{"start":{"line":13,"column":0},"end":{"line":13,"column":60}},"4":{"start":{"line":14,"column":0},"end":{"line":14,"column":62}},"5":{"start":{"line":15,"column":0},"end":{"line":15,"column":50}},"6":{"start":{"line":17,"column":13},"end":{"line":225,"column":2}}},"fnMap":{},"branchMap":{},"s":{"0":2,"1":2,"2":2,"3":2,"4":2,"5":2,"6":2},"f":{},"b":{}}
,"/Users/heartofgold/Documents/Cursor Projects/cursor-auto-rules-agile-workflow/server/src/data/questions/automation/index.ts": {"path":"/Users/heartofgold/Documents/Cursor Projects/cursor-auto-rules-agile-workflow/server/src/data/questions/automation/index.ts","statementMap":{"0":{"start":{"line":8,"column":0},"end":{"line":8,"column":9}},"1":{"start":{"line":18,"column":9},"end":{"line":8,"column":66}},"2":{"start":{"line":9,"column":0},"end":{"line":9,"column":9}},"3":{"start":{"line":18,"column":37},"end":{"line":9,"column":58}},"4":{"start":{"line":12,"column":13},"end":{"line":15,"column":2}}},"fnMap":{"0":{"name":"(anonymous_0)","decl":{"start":{"line":18,"column":9},"end":{"line":18,"column":35}},"loc":{"start":{"line":18,"column":9},"end":{"line":8,"column":66}}},"1":{"name":"(anonymous_1)","decl":{"start":{"line":18,"column":37},"end":{"line":18,"column":59}},"loc":{"start":{"line":18,"column":37},"end":{"line":9,"column":58}}}},"branchMap":{},"s":{"0":2,"1":19,"2":2,"3":19,"4":2},"f":{"0":17,"1":17},"b":{}}
,"/Users/heartofgold/Documents/Cursor Projects/cursor-auto-rules-agile-workflow/server/src/data/questions/automation/process-automation.ts": {"path":"/Users/heartofgold/Documents/Cursor Projects/cursor-auto-rules-agile-workflow/server/src/data/questions/automation/process-automation.ts","statementMap":{"0":{"start":{"line":10,"column":0},"end":{"line":10,"column":60}},"1":{"start":{"line":11,"column":0},"end":{"line":11,"column":72}},"2":{"start":{"line":12,"column":0},"end":{"line":12,"column":64}},"3":{"start":{"line":13,"column":0},"end":{"line":13,"column":60}},"4":{"start":{"line":14,"column":0},"end":{"line":14,"column":62}},"5":{"start":{"line":15,"column":0},"end":{"line":15,"column":50}},"6":{"start":{"line":17,"column":13},"end":{"line":232,"column":2}}},"fnMap":{},"branchMap":{},"s":{"0":2,"1":2,"2":2,"3":2,"4":2,"5":2,"6":2},"f":{},"b":{}}
,"/Users/heartofgold/Documents/Cursor Projects/cursor-auto-rules-agile-workflow/server/src/data/questions/compliance/index.ts": {"path":"/Users/heartofgold/Documents/Cursor Projects/cursor-auto-rules-agile-workflow/server/src/data/questions/compliance/index.ts","statementMap":{"0":{"start":{"line":8,"column":0},"end":{"line":8,"column":9}},"1":{"start":{"line":19,"column":2},"end":{"line":8,"column":60}},"2":{"start":{"line":9,"column":0},"end":{"line":9,"column":9}},"3":{"start":{"line":20,"column":2},"end":{"line":9,"column":72}},"4":{"start":{"line":12,"column":13},"end":{"line":15,"column":2}}},"fnMap":{"0":{"name":"(anonymous_0)","decl":{"start":{"line":19,"column":2},"end":{"line":19,"column":25}},"loc":{"start":{"line":19,"column":2},"end":{"line":8,"column":60}}},"1":{"name":"(anonymous_1)","decl":{"start":{"line":20,"column":2},"end":{"line":20,"column":31}},"loc":{"start":{"line":20,"column":2},"end":{"line":9,"column":72}}}},"branchMap":{},"s":{"0":3,"1":20,"2":3,"3":20,"4":3},"f":{"0":17,"1":17},"b":{}}
,"/Users/heartofgold/Documents/Cursor Projects/cursor-auto-rules-agile-workflow/server/src/data/questions/compliance/regulatory-compliance.ts": {"path":"/Users/heartofgold/Documents/Cursor Projects/cursor-auto-rules-agile-workflow/server/src/data/questions/compliance/regulatory-compliance.ts","statementMap":{"0":{"start":{"line":10,"column":0},"end":{"line":10,"column":60}},"1":{"start":{"line":11,"column":0},"end":{"line":11,"column":72}},"2":{"start":{"line":12,"column":0},"end":{"line":12,"column":64}},"3":{"start":{"line":13,"column":0},"end":{"line":13,"column":60}},"4":{"start":{"line":14,"column":0},"end":{"line":14,"column":50}},"5":{"start":{"line":15,"column":0},"end":{"line":15,"column":62}},"6":{"start":{"line":16,"column":0},"end":{"line":16,"column":50}},"7":{"start":{"line":19,"column":13},"end":{"line":172,"column":2}}},"fnMap":{},"branchMap":{},"s":{"0":3,"1":3,"2":3,"3":3,"4":3,"5":3,"6":3,"7":3},"f":{},"b":{}}
,"/Users/heartofgold/Documents/Cursor Projects/cursor-auto-rules-agile-workflow/server/src/data/questions/compliance/risk-management.ts": {"path":"/Users/heartofgold/Documents/Cursor Projects/cursor-auto-rules-agile-workflow/server/src/data/questions/compliance/risk-management.ts","statementMap":{"0":{"start":{"line":21,"column":0},"end":{"line":21,"column":60}},"1":{"start":{"line":22,"column":0},"end":{"line":22,"column":72}},"2":{"start":{"line":23,"column":0},"end":{"line":23,"column":64}},"3":{"start":{"line":24,"column":0},"end":{"line":24,"column":60}},"4":{"start":{"line":26,"column":0},"end":{"line":26,"column":62}},"5":{"start":{"line":27,"column":0},"end":{"line":27,"column":50}},"6":{"start":{"line":30,"column":13},"end":{"line":254,"column":2}}},"fnMap":{},"branchMap":{},"s":{"0":3,"1":3,"2":3,"3":3,"4":3,"5":3,"6":3},"f":{},"b":{}}
,"/Users/heartofgold/Documents/Cursor Projects/cursor-auto-rules-agile-workflow/server/src/data/questions/facilities/index.ts": {"path":"/Users/heartofgold/Documents/Cursor Projects/cursor-auto-rules-agile-workflow/server/src/data/questions/facilities/index.ts","statementMap":{"0":{"start":{"line":8,"column":0},"end":{"line":8,"column":9}},"1":{"start":{"line":16,"column":9},"end":{"line":8,"column":64}},"2":{"start":{"line":11,"column":13},"end":{"line":13,"column":2}}},"fnMap":{"0":{"name":"(anonymous_0)","decl":{"start":{"line":16,"column":9},"end":{"line":16,"column":34}},"loc":{"start":{"line":16,"column":9},"end":{"line":8,"column":64}}}},"branchMap":{},"s":{"0":2,"1":19,"2":2},"f":{"0":17},"b":{}}
,"/Users/heartofgold/Documents/Cursor Projects/cursor-auto-rules-agile-workflow/server/src/data/questions/facilities/space-utilization.ts": {"path":"/Users/heartofgold/Documents/Cursor Projects/cursor-auto-rules-agile-workflow/server/src/data/questions/facilities/space-utilization.ts","statementMap":{"0":{"start":{"line":10,"column":0},"end":{"line":10,"column":60}},"1":{"start":{"line":11,"column":0},"end":{"line":11,"column":72}},"2":{"start":{"line":12,"column":0},"end":{"line":12,"column":64}},"3":{"start":{"line":13,"column":0},"end":{"line":13,"column":60}},"4":{"start":{"line":15,"column":0},"end":{"line":15,"column":62}},"5":{"start":{"line":16,"column":0},"end":{"line":16,"column":50}},"6":{"start":{"line":19,"column":13},"end":{"line":220,"column":2}}},"fnMap":{},"branchMap":{},"s":{"0":2,"1":2,"2":2,"3":2,"4":2,"5":2,"6":2},"f":{},"b":{}}
,"/Users/heartofgold/Documents/Cursor Projects/cursor-auto-rules-agile-workflow/server/src/data/questions/financial/cash-flow-planning.ts": {"path":"/Users/heartofgold/Documents/Cursor Projects/cursor-auto-rules-agile-workflow/server/src/data/questions/financial/cash-flow-planning.ts","statementMap":{"0":{"start":{"line":21,"column":0},"end":{"line":21,"column":60}},"1":{"start":{"line":22,"column":0},"end":{"line":22,"column":72}},"2":{"start":{"line":23,"column":0},"end":{"line":23,"column":64}},"3":{"start":{"line":24,"column":0},"end":{"line":24,"column":60}},"4":{"start":{"line":25,"column":0},"end":{"line":25,"column":62}},"5":{"start":{"line":26,"column":0},"end":{"line":26,"column":50}},"6":{"start":{"line":28,"column":13},"end":{"line":248,"column":2}}},"fnMap":{},"branchMap":{},"s":{"0":2,"1":2,"2":2,"3":2,"4":2,"5":2,"6":2},"f":{},"b":{}}
,"/Users/heartofgold/Documents/Cursor Projects/cursor-auto-rules-agile-workflow/server/src/data/questions/financial/expense-management.ts": {"path":"/Users/heartofgold/Documents/Cursor Projects/cursor-auto-rules-agile-workflow/server/src/data/questions/financial/expense-management.ts","statementMap":{"0":{"start":{"line":21,"column":0},"end":{"line":21,"column":60}},"1":{"start":{"line":22,"column":0},"end":{"line":22,"column":72}},"2":{"start":{"line":23,"column":0},"end":{"line":23,"column":64}},"3":{"start":{"line":24,"column":0},"end":{"line":24,"column":60}},"4":{"start":{"line":25,"column":0},"end":{"line":25,"column":62}},"5":{"start":{"line":26,"column":0},"end":{"line":26,"column":50}},"6":{"start":{"line":28,"column":13},"end":{"line":242,"column":2}}},"fnMap":{},"branchMap":{},"s":{"0":2,"1":2,"2":2,"3":2,"4":2,"5":2,"6":2},"f":{},"b":{}}
,"/Users/heartofgold/Documents/Cursor Projects/cursor-auto-rules-agile-workflow/server/src/data/questions/financial/index.ts": {"path":"/Users/heartofgold/Documents/Cursor Projects/cursor-auto-rules-agile-workflow/server/src/data/questions/financial/index.ts","statementMap":{"0":{"start":{"line":8,"column":0},"end":{"line":8,"column":9}},"1":{"start":{"line":23,"column":2},"end":{"line":8,"column":62}},"2":{"start":{"line":9,"column":0},"end":{"line":9,"column":9}},"3":{"start":{"line":24,"column":2},"end":{"line":9,"column":62}},"4":{"start":{"line":10,"column":0},"end":{"line":10,"column":9}},"5":{"start":{"line":25,"column":2},"end":{"line":10,"column":66}},"6":{"start":{"line":11,"column":0},"end":{"line":11,"column":9}},"7":{"start":{"line":26,"column":2},"end":{"line":11,"column":65}},"8":{"start":{"line":14,"column":13},"end":{"line":19,"column":2}}},"fnMap":{"0":{"name":"(anonymous_0)","decl":{"start":{"line":23,"column":2},"end":{"line":23,"column":26}},"loc":{"start":{"line":23,"column":2},"end":{"line":8,"column":62}}},"1":{"name":"(anonymous_1)","decl":{"start":{"line":24,"column":2},"end":{"line":24,"column":26}},"loc":{"start":{"line":24,"column":2},"end":{"line":9,"column":62}}},"2":{"name":"(anonymous_2)","decl":{"start":{"line":25,"column":2},"end":{"line":25,"column":28}},"loc":{"start":{"line":25,"column":2},"end":{"line":10,"column":66}}},"3":{"name":"(anonymous_3)","decl":{"start":{"line":26,"column":2},"end":{"line":26,"column":27}},"loc":{"start":{"line":26,"column":2},"end":{"line":11,"column":65}}}},"branchMap":{},"s":{"0":2,"1":20,"2":2,"3":20,"4":2,"5":20,"6":2,"7":20,"8":2},"f":{"0":18,"1":18,"2":18,"3":18},"b":{}}
,"/Users/heartofgold/Documents/Cursor Projects/cursor-auto-rules-agile-workflow/server/src/data/questions/financial/pricing-strategy.ts": {"path":"/Users/heartofgold/Documents/Cursor Projects/cursor-auto-rules-agile-workflow/server/src/data/questions/financial/pricing-strategy.ts","statementMap":{"0":{"start":{"line":10,"column":0},"end":{"line":10,"column":60}},"1":{"start":{"line":11,"column":0},"end":{"line":11,"column":72}},"2":{"start":{"line":12,"column":0},"end":{"line":12,"column":64}},"3":{"start":{"line":13,"column":0},"end":{"line":13,"column":60}},"4":{"start":{"line":15,"column":0},"end":{"line":15,"column":62}},"5":{"start":{"line":16,"column":0},"end":{"line":16,"column":50}},"6":{"start":{"line":19,"column":13},"end":{"line":221,"column":2}}},"fnMap":{},"branchMap":{},"s":{"0":2,"1":2,"2":2,"3":2,"4":2,"5":2,"6":2},"f":{},"b":{}}
,"/Users/heartofgold/Documents/Cursor Projects/cursor-auto-rules-agile-workflow/server/src/data/questions/financial/revenue-tracking.ts": {"path":"/Users/heartofgold/Documents/Cursor Projects/cursor-auto-rules-agile-workflow/server/src/data/questions/financial/revenue-tracking.ts","statementMap":{"0":{"start":{"line":10,"column":0},"end":{"line":10,"column":60}},"1":{"start":{"line":11,"column":0},"end":{"line":11,"column":72}},"2":{"start":{"line":12,"column":0},"end":{"line":12,"column":64}},"3":{"start":{"line":13,"column":0},"end":{"line":13,"column":60}},"4":{"start":{"line":15,"column":0},"end":{"line":15,"column":62}},"5":{"start":{"line":16,"column":0},"end":{"line":16,"column":50}},"6":{"start":{"line":19,"column":13},"end":{"line":203,"column":2}}},"fnMap":{},"branchMap":{},"s":{"0":2,"1":2,"2":2,"3":2,"4":2,"5":2,"6":2},"f":{},"b":{}}
,"/Users/heartofgold/Documents/Cursor Projects/cursor-auto-rules-agile-workflow/server/src/data/questions/geography/demographic-analysis.ts": {"path":"/Users/heartofgold/Documents/Cursor Projects/cursor-auto-rules-agile-workflow/server/src/data/questions/geography/demographic-analysis.ts","statementMap":{"0":{"start":{"line":10,"column":0},"end":{"line":10,"column":60}},"1":{"start":{"line":11,"column":0},"end":{"line":11,"column":72}},"2":{"start":{"line":12,"column":0},"end":{"line":12,"column":64}},"3":{"start":{"line":13,"column":0},"end":{"line":13,"column":60}},"4":{"start":{"line":14,"column":0},"end":{"line":14,"column":62}},"5":{"start":{"line":15,"column":0},"end":{"line":15,"column":50}},"6":{"start":{"line":17,"column":13},"end":{"line":233,"column":2}}},"fnMap":{},"branchMap":{},"s":{"0":2,"1":2,"2":2,"3":2,"4":2,"5":2,"6":2},"f":{},"b":{}}
,"/Users/heartofgold/Documents/Cursor Projects/cursor-auto-rules-agile-workflow/server/src/data/questions/geography/index.ts": {"path":"/Users/heartofgold/Documents/Cursor Projects/cursor-auto-rules-agile-workflow/server/src/data/questions/geography/index.ts","statementMap":{"0":{"start":{"line":8,"column":0},"end":{"line":8,"column":9}},"1":{"start":{"line":18,"column":9},"end":{"line":8,"column":64}},"2":{"start":{"line":9,"column":0},"end":{"line":9,"column":9}},"3":{"start":{"line":18,"column":36},"end":{"line":9,"column":70}},"4":{"start":{"line":12,"column":13},"end":{"line":15,"column":2}}},"fnMap":{"0":{"name":"(anonymous_0)","decl":{"start":{"line":18,"column":9},"end":{"line":18,"column":34}},"loc":{"start":{"line":18,"column":9},"end":{"line":8,"column":64}}},"1":{"name":"(anonymous_1)","decl":{"start":{"line":18,"column":36},"end":{"line":18,"column":64}},"loc":{"start":{"line":18,"column":36},"end":{"line":9,"column":70}}}},"branchMap":{},"s":{"0":2,"1":19,"2":2,"3":19,"4":2},"f":{"0":17,"1":17},"b":{}}
,"/Users/heartofgold/Documents/Cursor Projects/cursor-auto-rules-agile-workflow/server/src/data/questions/geography/location-strategy.ts": {"path":"/Users/heartofgold/Documents/Cursor Projects/cursor-auto-rules-agile-workflow/server/src/data/questions/geography/location-strategy.ts","statementMap":{"0":{"start":{"line":10,"column":0},"end":{"line":10,"column":60}},"1":{"start":{"line":11,"column":0},"end":{"line":11,"column":72}},"2":{"start":{"line":12,"column":0},"end":{"line":12,"column":64}},"3":{"start":{"line":13,"column":0},"end":{"line":13,"column":60}},"4":{"start":{"line":15,"column":0},"end":{"line":15,"column":62}},"5":{"start":{"line":16,"column":0},"end":{"line":16,"column":50}},"6":{"start":{"line":19,"column":13},"end":{"line":229,"column":2}}},"fnMap":{},"branchMap":{},"s":{"0":2,"1":2,"2":2,"3":2,"4":2,"5":2,"6":2},"f":{},"b":{}}
,"/Users/heartofgold/Documents/Cursor Projects/cursor-auto-rules-agile-workflow/server/src/data/questions/marketing/index.ts": {"path":"/Users/heartofgold/Documents/Cursor Projects/cursor-auto-rules-agile-workflow/server/src/data/questions/marketing/index.ts","statementMap":{"0":{"start":{"line":8,"column":0},"end":{"line":8,"column":9}},"1":{"start":{"line":16,"column":9},"end":{"line":8,"column":64}},"2":{"start":{"line":11,"column":13},"end":{"line":13,"column":2}}},"fnMap":{"0":{"name":"(anonymous_0)","decl":{"start":{"line":16,"column":9},"end":{"line":16,"column":34}},"loc":{"start":{"line":16,"column":9},"end":{"line":8,"column":64}}}},"branchMap":{},"s":{"0":2,"1":19,"2":2},"f":{"0":17},"b":{}}
,"/Users/heartofgold/Documents/Cursor Projects/cursor-auto-rules-agile-workflow/server/src/data/questions/marketing/referral-strategy.ts": {"path":"/Users/heartofgold/Documents/Cursor Projects/cursor-auto-rules-agile-workflow/server/src/data/questions/marketing/referral-strategy.ts","statementMap":{"0":{"start":{"line":10,"column":0},"end":{"line":10,"column":60}},"1":{"start":{"line":11,"column":0},"end":{"line":11,"column":72}},"2":{"start":{"line":12,"column":0},"end":{"line":12,"column":64}},"3":{"start":{"line":13,"column":0},"end":{"line":13,"column":60}},"4":{"start":{"line":15,"column":0},"end":{"line":15,"column":62}},"5":{"start":{"line":16,"column":0},"end":{"line":16,"column":50}},"6":{"start":{"line":19,"column":13},"end":{"line":237,"column":2}}},"fnMap":{},"branchMap":{},"s":{"0":2,"1":2,"2":2,"3":2,"4":2,"5":2,"6":2},"f":{},"b":{}}
,"/Users/heartofgold/Documents/Cursor Projects/cursor-auto-rules-agile-workflow/server/src/data/questions/operations/appointment-scheduling.ts": {"path":"/Users/heartofgold/Documents/Cursor Projects/cursor-auto-rules-agile-workflow/server/src/data/questions/operations/appointment-scheduling.ts","statementMap":{"0":{"start":{"line":10,"column":0},"end":{"line":10,"column":60}},"1":{"start":{"line":11,"column":0},"end":{"line":11,"column":72}},"2":{"start":{"line":12,"column":0},"end":{"line":12,"column":64}},"3":{"start":{"line":13,"column":0},"end":{"line":13,"column":60}},"4":{"start":{"line":15,"column":0},"end":{"line":15,"column":62}},"5":{"start":{"line":16,"column":0},"end":{"line":16,"column":50}},"6":{"start":{"line":19,"column":13},"end":{"line":222,"column":2}}},"fnMap":{},"branchMap":{},"s":{"0":2,"1":2,"2":2,"3":2,"4":2,"5":2,"6":2},"f":{},"b":{}}
,"/Users/heartofgold/Documents/Cursor Projects/cursor-auto-rules-agile-workflow/server/src/data/questions/operations/index.ts": {"path":"/Users/heartofgold/Documents/Cursor Projects/cursor-auto-rules-agile-workflow/server/src/data/questions/operations/index.ts","statementMap":{"0":{"start":{"line":8,"column":0},"end":{"line":8,"column":9}},"1":{"start":{"line":18,"column":9},"end":{"line":8,"column":74}},"2":{"start":{"line":9,"column":0},"end":{"line":9,"column":9}},"3":{"start":{"line":19,"column":9},"end":{"line":9,"column":68}},"4":{"start":{"line":12,"column":13},"end":{"line":15,"column":2}}},"fnMap":{"0":{"name":"(anonymous_0)","decl":{"start":{"line":18,"column":9},"end":{"line":18,"column":39}},"loc":{"start":{"line":18,"column":9},"end":{"line":8,"column":74}}},"1":{"name":"(anonymous_1)","decl":{"start":{"line":19,"column":9},"end":{"line":19,"column":36}},"loc":{"start":{"line":19,"column":9},"end":{"line":9,"column":68}}}},"branchMap":{},"s":{"0":2,"1":19,"2":2,"3":19,"4":2},"f":{"0":17,"1":17},"b":{}}
,"/Users/heartofgold/Documents/Cursor Projects/cursor-auto-rules-agile-workflow/server/src/data/questions/operations/workflow-efficiency.ts": {"path":"/Users/heartofgold/Documents/Cursor Projects/cursor-auto-rules-agile-workflow/server/src/data/questions/operations/workflow-efficiency.ts","statementMap":{"0":{"start":{"line":10,"column":0},"end":{"line":10,"column":60}},"1":{"start":{"line":11,"column":0},"end":{"line":11,"column":72}},"2":{"start":{"line":12,"column":0},"end":{"line":12,"column":64}},"3":{"start":{"line":13,"column":0},"end":{"line":13,"column":60}},"4":{"start":{"line":15,"column":0},"end":{"line":15,"column":62}},"5":{"start":{"line":16,"column":0},"end":{"line":16,"column":50}},"6":{"start":{"line":19,"column":13},"end":{"line":247,"column":2}}},"fnMap":{},"branchMap":{},"s":{"0":2,"1":2,"2":2,"3":2,"4":2,"5":2,"6":2},"f":{},"b":{}}
,"/Users/heartofgold/Documents/Cursor Projects/cursor-auto-rules-agile-workflow/server/src/data/questions/patient-care/clinical-pathways.ts": {"path":"/Users/heartofgold/Documents/Cursor Projects/cursor-auto-rules-agile-workflow/server/src/data/questions/patient-care/clinical-pathways.ts","statementMap":{"0":{"start":{"line":10,"column":0},"end":{"line":10,"column":60}},"1":{"start":{"line":11,"column":0},"end":{"line":11,"column":72}},"2":{"start":{"line":12,"column":0},"end":{"line":12,"column":64}},"3":{"start":{"line":13,"column":0},"end":{"line":13,"column":60}},"4":{"start":{"line":14,"column":0},"end":{"line":14,"column":62}},"5":{"start":{"line":15,"column":0},"end":{"line":15,"column":50}},"6":{"start":{"line":17,"column":13},"end":{"line":229,"column":2}}},"fnMap":{},"branchMap":{},"s":{"0":2,"1":2,"2":2,"3":2,"4":2,"5":2,"6":2},"f":{},"b":{}}
,"/Users/heartofgold/Documents/Cursor Projects/cursor-auto-rules-agile-workflow/server/src/data/questions/patient-care/index.ts": {"path":"/Users/heartofgold/Documents/Cursor Projects/cursor-auto-rules-agile-workflow/server/src/data/questions/patient-care/index.ts","statementMap":{"0":{"start":{"line":8,"column":0},"end":{"line":8,"column":9}},"1":{"start":{"line":21,"column":2},"end":{"line":8,"column":64}},"2":{"start":{"line":9,"column":0},"end":{"line":9,"column":9}},"3":{"start":{"line":22,"column":2},"end":{"line":9,"column":66}},"4":{"start":{"line":10,"column":0},"end":{"line":10,"column":9}},"5":{"start":{"line":23,"column":2},"end":{"line":10,"column":64}},"6":{"start":{"line":13,"column":13},"end":{"line":17,"column":2}}},"fnMap":{"0":{"name":"(anonymous_0)","decl":{"start":{"line":21,"column":2},"end":{"line":21,"column":27}},"loc":{"start":{"line":21,"column":2},"end":{"line":8,"column":64}}},"1":{"name":"(anonymous_1)","decl":{"start":{"line":22,"column":2},"end":{"line":22,"column":28}},"loc":{"start":{"line":22,"column":2},"end":{"line":9,"column":66}}},"2":{"name":"(anonymous_2)","decl":{"start":{"line":23,"column":2},"end":{"line":23,"column":27}},"loc":{"start":{"line":23,"column":2},"end":{"line":10,"column":64}}}},"branchMap":{},"s":{"0":2,"1":19,"2":2,"3":19,"4":2,"5":19,"6":2},"f":{"0":17,"1":17,"2":17},"b":{}}
,"/Users/heartofgold/Documents/Cursor Projects/cursor-auto-rules-agile-workflow/server/src/data/questions/patient-care/outcomes-tracking.ts": {"path":"/Users/heartofgold/Documents/Cursor Projects/cursor-auto-rules-agile-workflow/server/src/data/questions/patient-care/outcomes-tracking.ts","statementMap":{"0":{"start":{"line":10,"column":0},"end":{"line":10,"column":60}},"1":{"start":{"line":11,"column":0},"end":{"line":11,"column":72}},"2":{"start":{"line":12,"column":0},"end":{"line":12,"column":64}},"3":{"start":{"line":13,"column":0},"end":{"line":13,"column":60}},"4":{"start":{"line":15,"column":0},"end":{"line":15,"column":62}},"5":{"start":{"line":16,"column":0},"end":{"line":16,"column":50}},"6":{"start":{"line":19,"column":13},"end":{"line":256,"column":2}}},"fnMap":{},"branchMap":{},"s":{"0":2,"1":2,"2":2,"3":2,"4":2,"5":2,"6":2},"f":{},"b":{}}
,"/Users/heartofgold/Documents/Cursor Projects/cursor-auto-rules-agile-workflow/server/src/data/questions/patient-care/patient-experience.ts": {"path":"/Users/heartofgold/Documents/Cursor Projects/cursor-auto-rules-agile-workflow/server/src/data/questions/patient-care/patient-experience.ts","statementMap":{"0":{"start":{"line":10,"column":0},"end":{"line":10,"column":60}},"1":{"start":{"line":11,"column":0},"end":{"line":11,"column":72}},"2":{"start":{"line":12,"column":0},"end":{"line":12,"column":64}},"3":{"start":{"line":13,"column":0},"end":{"line":13,"column":60}},"4":{"start":{"line":14,"column":0},"end":{"line":14,"column":62}},"5":{"start":{"line":15,"column":0},"end":{"line":15,"column":50}},"6":{"start":{"line":17,"column":13},"end":{"line":234,"column":2}}},"fnMap":{},"branchMap":{},"s":{"0":2,"1":2,"2":2,"3":2,"4":2,"5":2,"6":2},"f":{},"b":{}}
,"/Users/heartofgold/Documents/Cursor Projects/cursor-auto-rules-agile-workflow/server/src/data/questions/staffing/index.ts": {"path":"/Users/heartofgold/Documents/Cursor Projects/cursor-auto-rules-agile-workflow/server/src/data/questions/staffing/index.ts","statementMap":{"0":{"start":{"line":8,"column":0},"end":{"line":8,"column":9}},"1":{"start":{"line":21,"column":2},"end":{"line":8,"column":78}},"2":{"start":{"line":9,"column":0},"end":{"line":9,"column":9}},"3":{"start":{"line":22,"column":2},"end":{"line":9,"column":72}},"4":{"start":{"line":10,"column":0},"end":{"line":10,"column":9}},"5":{"start":{"line":23,"column":2},"end":{"line":10,"column":78}},"6":{"start":{"line":13,"column":13},"end":{"line":17,"column":2}}},"fnMap":{"0":{"name":"(anonymous_0)","decl":{"start":{"line":21,"column":2},"end":{"line":21,"column":34}},"loc":{"start":{"line":21,"column":2},"end":{"line":8,"column":78}}},"1":{"name":"(anonymous_1)","decl":{"start":{"line":22,"column":2},"end":{"line":22,"column":31}},"loc":{"start":{"line":22,"column":2},"end":{"line":9,"column":72}}},"2":{"name":"(anonymous_2)","decl":{"start":{"line":23,"column":2},"end":{"line":23,"column":34}},"loc":{"start":{"line":23,"column":2},"end":{"line":10,"column":78}}}},"branchMap":{},"s":{"0":2,"1":19,"2":2,"3":19,"4":2,"5":19,"6":2},"f":{"0":17,"1":17,"2":17},"b":{}}
,"/Users/heartofgold/Documents/Cursor Projects/cursor-auto-rules-agile-workflow/server/src/data/questions/staffing/practitioner-performance.ts": {"path":"/Users/heartofgold/Documents/Cursor Projects/cursor-auto-rules-agile-workflow/server/src/data/questions/staffing/practitioner-performance.ts","statementMap":{"0":{"start":{"line":10,"column":0},"end":{"line":10,"column":60}},"1":{"start":{"line":11,"column":0},"end":{"line":11,"column":72}},"2":{"start":{"line":12,"column":0},"end":{"line":12,"column":64}},"3":{"start":{"line":13,"column":0},"end":{"line":13,"column":60}},"4":{"start":{"line":15,"column":0},"end":{"line":15,"column":62}},"5":{"start":{"line":16,"column":0},"end":{"line":16,"column":50}},"6":{"start":{"line":19,"column":13},"end":{"line":226,"column":2}}},"fnMap":{},"branchMap":{},"s":{"0":2,"1":2,"2":2,"3":2,"4":2,"5":2,"6":2},"f":{},"b":{}}
,"/Users/heartofgold/Documents/Cursor Projects/cursor-auto-rules-agile-workflow/server/src/data/questions/staffing/professional-development.ts": {"path":"/Users/heartofgold/Documents/Cursor Projects/cursor-auto-rules-agile-workflow/server/src/data/questions/staffing/professional-development.ts","statementMap":{"0":{"start":{"line":10,"column":0},"end":{"line":10,"column":60}},"1":{"start":{"line":11,"column":0},"end":{"line":11,"column":72}},"2":{"start":{"line":12,"column":0},"end":{"line":12,"column":64}},"3":{"start":{"line":13,"column":0},"end":{"line":13,"column":60}},"4":{"start":{"line":14,"column":0},"end":{"line":14,"column":62}},"5":{"start":{"line":15,"column":0},"end":{"line":15,"column":50}},"6":{"start":{"line":17,"column":13},"end":{"line":229,"column":2}}},"fnMap":{},"branchMap":{},"s":{"0":2,"1":2,"2":2,"3":2,"4":2,"5":2,"6":2},"f":{},"b":{}}
,"/Users/heartofgold/Documents/Cursor Projects/cursor-auto-rules-agile-workflow/server/src/data/questions/staffing/recruitment-retention.ts": {"path":"/Users/heartofgold/Documents/Cursor Projects/cursor-auto-rules-agile-workflow/server/src/data/questions/staffing/recruitment-retention.ts","statementMap":{"0":{"start":{"line":10,"column":0},"end":{"line":10,"column":60}},"1":{"start":{"line":11,"column":0},"end":{"line":11,"column":72}},"2":{"start":{"line":12,"column":0},"end":{"line":12,"column":64}},"3":{"start":{"line":13,"column":0},"end":{"line":13,"column":60}},"4":{"start":{"line":14,"column":0},"end":{"line":14,"column":62}},"5":{"start":{"line":15,"column":0},"end":{"line":15,"column":50}},"6":{"start":{"line":17,"column":13},"end":{"line":230,"column":2}}},"fnMap":{},"branchMap":{},"s":{"0":2,"1":2,"2":2,"3":2,"4":2,"5":2,"6":2},"f":{},"b":{}}
,"/Users/heartofgold/Documents/Cursor Projects/cursor-auto-rules-agile-workflow/server/src/data/questions/technology/data-security.ts": {"path":"/Users/heartofgold/Documents/Cursor Projects/cursor-auto-rules-agile-workflow/server/src/data/questions/technology/data-security.ts","statementMap":{"0":{"start":{"line":10,"column":0},"end":{"line":10,"column":60}},"1":{"start":{"line":11,"column":0},"end":{"line":11,"column":72}},"2":{"start":{"line":12,"column":0},"end":{"line":12,"column":64}},"3":{"start":{"line":13,"column":0},"end":{"line":13,"column":60}},"4":{"start":{"line":15,"column":0},"end":{"line":15,"column":62}},"5":{"start":{"line":16,"column":0},"end":{"line":16,"column":50}},"6":{"start":{"line":19,"column":13},"end":{"line":244,"column":2}}},"fnMap":{},"branchMap":{},"s":{"0":2,"1":2,"2":2,"3":2,"4":2,"5":2,"6":2},"f":{},"b":{}}
,"/Users/heartofgold/Documents/Cursor Projects/cursor-auto-rules-agile-workflow/server/src/data/questions/technology/digital-adoption.ts": {"path":"/Users/heartofgold/Documents/Cursor Projects/cursor-auto-rules-agile-workflow/server/src/data/questions/technology/digital-adoption.ts","statementMap":{"0":{"start":{"line":10,"column":0},"end":{"line":10,"column":60}},"1":{"start":{"line":11,"column":0},"end":{"line":11,"column":72}},"2":{"start":{"line":12,"column":0},"end":{"line":12,"column":64}},"3":{"start":{"line":13,"column":0},"end":{"line":13,"column":60}},"4":{"start":{"line":15,"column":0},"end":{"line":15,"column":62}},"5":{"start":{"line":16,"column":0},"end":{"line":16,"column":50}},"6":{"start":{"line":19,"column":13},"end":{"line":233,"column":2}}},"fnMap":{},"branchMap":{},"s":{"0":2,"1":2,"2":2,"3":2,"4":2,"5":2,"6":2},"f":{},"b":{}}
,"/Users/heartofgold/Documents/Cursor Projects/cursor-auto-rules-agile-workflow/server/src/data/questions/technology/index.ts": {"path":"/Users/heartofgold/Documents/Cursor Projects/cursor-auto-rules-agile-workflow/server/src/data/questions/technology/index.ts","statementMap":{"0":{"start":{"line":8,"column":0},"end":{"line":8,"column":9}},"1":{"start":{"line":18,"column":9},"end":{"line":8,"column":62}},"2":{"start":{"line":9,"column":0},"end":{"line":9,"column":9}},"3":{"start":{"line":19,"column":9},"end":{"line":9,"column":47}},"4":{"start":{"line":12,"column":13},"end":{"line":15,"column":2}}},"fnMap":{"0":{"name":"(anonymous_0)","decl":{"start":{"line":18,"column":9},"end":{"line":18,"column":33}},"loc":{"start":{"line":18,"column":9},"end":{"line":8,"column":62}}},"1":{"name":"(anonymous_1)","decl":{"start":{"line":19,"column":9},"end":{"line":19,"column":21}},"loc":{"start":{"line":19,"column":9},"end":{"line":9,"column":47}}}},"branchMap":{},"s":{"0":2,"1":19,"2":2,"3":19,"4":2},"f":{"0":17,"1":17},"b":{}}
,"/Users/heartofgold/Documents/Cursor Projects/cursor-auto-rules-agile-workflow/server/src/models/AssessmentCategory.ts": {"path":"/Users/heartofgold/Documents/Cursor Projects/cursor-auto-rules-agile-workflow/server/src/models/AssessmentCategory.ts","statementMap":{"0":{"start":{"line":4,"column":0},"end":{"line":4,"column":null}},"1":{"start":{"line":5,"column":2},"end":{"line":5,"column":null}},"2":{"start":{"line":6,"column":2},"end":{"line":6,"column":null}},"3":{"start":{"line":7,"column":2},"end":{"line":7,"column":null}},"4":{"start":{"line":8,"column":2},"end":{"line":8,"column":null}},"5":{"start":{"line":9,"column":2},"end":{"line":9,"column":null}},"6":{"start":{"line":10,"column":2},"end":{"line":10,"column":null}},"7":{"start":{"line":11,"column":2},"end":{"line":11,"column":null}},"8":{"start":{"line":12,"column":2},"end":{"line":12,"column":null}},"9":{"start":{"line":13,"column":2},"end":{"line":13,"column":null}},"10":{"start":{"line":14,"column":2},"end":{"line":14,"column":null}}},"fnMap":{"0":{"name":"(anonymous_0)","decl":{"start":{"line":4,"column":0},"end":{"line":4,"column":12}},"loc":{"start":{"line":4,"column":30},"end":{"line":15,"column":1}}}},"branchMap":{"0":{"loc":{"start":{"line":4,"column":12},"end":{"line":4,"column":null}},"type":"binary-expr","locations":[{"start":{"line":4,"column":12},"end":{"line":4,"column":30}},{"start":{"line":4,"column":30},"end":{"line":4,"column":null}}]}},"s":{"0":7,"1":7,"2":7,"3":7,"4":7,"5":7,"6":7,"7":7,"8":7,"9":7,"10":7},"f":{"0":7},"b":{"0":[7,7]}}
,"/Users/heartofgold/Documents/Cursor Projects/cursor-auto-rules-agile-workflow/server/src/models/Country.ts": {"path":"/Users/heartofgold/Documents/Cursor Projects/cursor-auto-rules-agile-workflow/server/src/models/Country.ts","statementMap":{"0":{"start":{"line":4,"column":0},"end":{"line":4,"column":null}},"1":{"start":{"line":5,"column":2},"end":{"line":5,"column":null}},"2":{"start":{"line":6,"column":2},"end":{"line":6,"column":null}},"3":{"start":{"line":7,"column":2},"end":{"line":7,"column":null}},"4":{"start":{"line":8,"column":2},"end":{"line":8,"column":null}},"5":{"start":{"line":9,"column":2},"end":{"line":9,"column":null}},"6":{"start":{"line":10,"column":2},"end":{"line":10,"column":null}}},"fnMap":{"0":{"name":"(anonymous_0)","decl":{"start":{"line":4,"column":0},"end":{"line":4,"column":12}},"loc":{"start":{"line":4,"column":19},"end":{"line":11,"column":1}}}},"branchMap":{"0":{"loc":{"start":{"line":4,"column":12},"end":{"line":4,"column":null}},"type":"binary-expr","locations":[{"start":{"line":4,"column":12},"end":{"line":4,"column":19}},{"start":{"line":4,"column":19},"end":{"line":4,"column":null}}]}},"s":{"0":4,"1":4,"2":4,"3":4,"4":4,"5":4,"6":4},"f":{"0":4},"b":{"0":[4,4]}}
[...]
e":302,"column":5}},"type":"if","locations":[{"start":{"line":300,"column":4},"end":{"line":302,"column":5}}]},"16":{"loc":{"start":{"line":305,"column":4},"end":{"line":307,"column":5}},"type":"if","locations":[{"start":{"line":305,"column":4},"end":{"line":307,"column":5}}]},"17":{"loc":{"start":{"line":310,"column":4},"end":{"line":312,"column":5}},"type":"if","locations":[{"start":{"line":310,"column":4},"end":{"line":312,"column":5}}]},"18":{"loc":{"start":{"line":315,"column":4},"end":{"line":317,"column":5}},"type":"if","locations":[{"start":{"line":315,"column":4},"end":{"line":317,"column":5}}]},"19":{"loc":{"start":{"line":315,"column":8},"end":{"line":315,"column":101}},"type":"binary-expr","locations":[{"start":{"line":315,"column":8},"end":{"line":315,"column":36}},{"start":{"line":315,"column":40},"end":{"line":315,"column":68}},{"start":{"line":315,"column":72},"end":{"line":315,"column":101}}]},"20":{"loc":{"start":{"line":359,"column":25},"end":{"line":359,"column":59}},"type":"binary-expr","locations":[{"start":{"line":359,"column":25},"end":{"line":359,"column":53}},{"start":{"line":359,"column":57},"end":{"line":359,"column":59}}]},"21":{"loc":{"start":{"line":371,"column":11},"end":{"line":371,"column":65}},"type":"binary-expr","locations":[{"start":{"line":371,"column":11},"end":{"line":371,"column":37}},{"start":{"line":371,"column":41},"end":{"line":371,"column":65}}]},"22":{"loc":{"start":{"line":387,"column":6},"end":{"line":388,"column":103}},"type":"binary-expr","locations":[{"start":{"line":387,"column":6},"end":{"line":387,"column":49}},{"start":{"line":388,"column":6},"end":{"line":388,"column":103}}]},"23":{"loc":{"start":{"line":402,"column":25},"end":{"line":402,"column":59}},"type":"binary-expr","locations":[{"start":{"line":402,"column":25},"end":{"line":402,"column":53}},{"start":{"line":402,"column":57},"end":{"line":402,"column":59}}]},"24":{"loc":{"start":{"line":424,"column":4},"end":{"line":426,"column":5}},"type":"if","locations":[{"start":{"line":424,"column":4},"end":{"line":426,"column":5}}]},"25":{"loc":{"start":{"line":428,"column":4},"end":{"line":430,"column":5}},"type":"if","locations":[{"start":{"line":428,"column":4},"end":{"line":430,"column":5}}]},"26":{"loc":{"start":{"line":432,"column":4},"end":{"line":434,"column":5}},"type":"if","locations":[{"start":{"line":432,"column":4},"end":{"line":434,"column":5}}]},"27":{"loc":{"start":{"line":436,"column":4},"end":{"line":438,"column":5}},"type":"if","locations":[{"start":{"line":436,"column":4},"end":{"line":438,"column":5}}]},"28":{"loc":{"start":{"line":440,"column":4},"end":{"line":442,"column":5}},"type":"if","locations":[{"start":{"line":440,"column":4},"end":{"line":442,"column":5}}]},"29":{"loc":{"start":{"line":440,"column":8},"end":{"line":440,"column":47}},"type":"binary-expr","locations":[{"start":{"line":440,"column":8},"end":{"line":440,"column":22}},{"start":{"line":440,"column":26},"end":{"line":440,"column":47}}]},"30":{"loc":{"start":{"line":444,"column":4},"end":{"line":446,"column":5}},"type":"if","locations":[{"start":{"line":444,"column":4},"end":{"line":446,"column":5}}]},"31":{"loc":{"start":{"line":473,"column":29},"end":{"line":473,"column":70}},"type":"binary-expr","locations":[{"start":{"line":473,"column":29},"end":{"line":473,"column":47}},{"start":{"line":473,"column":51},"end":{"line":473,"column":70}}]},"32":{"loc":{"start":{"line":501,"column":28},"end":{"line":501,"column":67}},"type":"binary-expr","locations":[{"start":{"line":501,"column":28},"end":{"line":501,"column":45}},{"start":{"line":501,"column":49},"end":{"line":501,"column":67}}]},"33":{"loc":{"start":{"line":529,"column":29},"end":{"line":529,"column":70}},"type":"binary-expr","locations":[{"start":{"line":529,"column":29},"end":{"line":529,"column":47}},{"start":{"line":529,"column":51},"end":{"line":529,"column":70}}]},"34":{"loc":{"start":{"line":557,"column":28},"end":{"line":557,"column":67}},"type":"binary-expr","locations":[{"start":{"line":557,"column":28},"end":{"line":557,"column":45}},{"start":{"line":557,"column":49},"end":{"line":557,"column":67}}]}},"s":{"0":3,"1":14,"2":23,"3":20,"4":20,"5":23,"6":1,"7":22,"8":1,"9":21,"10":1,"11":1,"12":2,"13":4,"14":7,"15":14,"16":3,"17":3,"18":3,"19":6,"20":6,"21":6,"22":3,"23":6,"24":3,"25":6,"26":3,"27":3,"28":3,"29":3,"30":3,"31":3,"32":3,"33":30,"34":24,"35":3,"36":2,"37":2,"38":2,"39":0,"40":2,"41":2,"42":1,"43":2,"44":2,"45":2,"46":2,"47":2,"48":2,"49":2,"50":2,"51":2,"52":2,"53":2,"54":2,"55":2,"56":2,"57":2,"58":2,"59":2,"60":2,"61":2,"62":3,"63":9,"64":9,"65":9,"66":9,"67":9,"68":9,"69":9,"70":9,"71":6,"72":0,"73":6,"74":6,"75":6,"76":6,"77":4,"78":6,"79":6,"80":6,"81":6,"82":6,"83":0,"84":0,"85":15,"86":15,"87":15,"88":15,"89":15,"90":15,"91":15,"92":9,"93":9,"94":216,"95":9,"96":9,"97":9,"98":9,"99":9,"100":9,"101":9,"102":9,"103":9,"104":9,"105":9,"106":9,"107":1,"108":9,"109":6,"110":9,"111":8,"112":9,"113":6,"114":9,"115":0,"116":9,"117":6,"118":6,"119":6,"120":6,"121":4,"122":4,"123":4,"124":4,"125":6,"126":6,"127":6,"128":6,"129":6,"130":6,"131":6,"132":6,"133":3},"f":{"0":14,"1":23,"2":23,"3":1,"4":2,"5":4,"6":7,"7":14,"8":3,"9":6,"10":6,"11":6,"12":3,"13":30,"14":2,"15":2,"16":2,"17":2,"18":2,"19":9,"20":6,"21":0,"22":0,"23":15,"24":9,"25":216,"26":9,"27":9,"28":6,"29":4,"30":6,"31":6},"b":{"0":[1],"1":[23,22,22],"2":[1],"3":[1],"4":[21,21],"5":[6],"6":[24],"7":[30,6],"8":[0],"9":[1,1],"10":[2,0],"11":[1],"12":[2],"13":[0],"14":[6,1,1],"15":[6],"16":[4],"17":[6],"18":[6],"19":[6,6,6],"20":[15,0],"21":[15,0],"22":[216,1],"23":[9,0],"24":[9],"25":[1],"26":[6],"27":[8],"28":[6],"29":[9,8],"30":[0],"31":[6,3],"32":[4,3],"33":[6,3],"34":[6,3]}}
,"/Users/heartofgold/Documents/Cursor Projects/cursor-auto-rules-agile-workflow/server/src/utils/tooltip-review.ts": {"path":"/Users/heartofgold/Documents/Cursor Projects/cursor-auto-rules-agile-workflow/server/src/utils/tooltip-review.ts","statementMap":{"0":{"start":{"line":18,"column":0},"end":{"line":18,"column":16}},"1":{"start":{"line":73,"column":0},"end":{"line":73,"column":16}},"2":{"start":{"line":232,"column":0},"end":{"line":232,"column":16}},"3":{"start":{"line":275,"column":0},"end":{"line":275,"column":7}},"4":{"start":{"line":2,"column":0},"end":{"line":2,"column":66}},"5":{"start":{"line":3,"column":0},"end":{"line":3,"column":20}},"6":{"start":{"line":19,"column":2},"end":{"line":29,"column":3}},"7":{"start":{"line":20,"column":4},"end":{"line":28,"column":6}},"8":{"start":{"line":32,"column":16},"end":{"line":32,"column":37}},"9":{"start":{"line":33,"column":20},"end":{"line":33,"column":32}},"10":{"start":{"line":36,"column":33},"end":{"line":36,"column":104}},"11":{"start":{"line":39,"column":31},"end":{"line":39,"column":108}},"12":{"start":{"line":42,"column":32},"end":{"line":42,"column":107}},"13":{"start":{"line":45,"column":31},"end":{"line":45,"column":131}},"14":{"start":{"line":49,"column":20},"end":{"line":49,"column":77}},"15":{"start":{"line":49,"column":57},"end":{"line":49,"column":76}},"16":{"start":{"line":50,"column":34},"end":{"line":50,"column":89}},"17":{"start":{"line":51,"column":28},"end":{"line":52,"column":72}},"18":{"start":{"line":52,"column":32},"end":{"line":52,"column":49}},"19":{"start":{"line":56,"column":27},"end":{"line":56,"column":92}},"20":{"start":{"line":59,"column":27},"end":{"line":59,"column":48}},"21":{"start":{"line":61,"column":2},"end":{"line":69,"column":4}},"22":{"start":{"line":95,"column":17},"end":{"line":115,"column":4}},"23":{"start":{"line":118,"column":2},"end":{"line":124,"column":5}},"24":{"start":{"line":119,"column":4},"end":{"line":123,"column":6}},"25":{"start":{"line":127,"column":30},"end":{"line":127,"column":31}},"26":{"start":{"line":128,"column":27},"end":{"line":128,"column":28}},"27":{"start":{"line":130,"column":2},"end":{"line":210,"column":5}},"28":{"start":{"line":131,"column":21},"end":{"line":131,"column":44}},"29":{"start":{"line":132,"column":21},"end":{"line":132,"column":38}},"30":{"start":{"line":135,"column":4},"end":{"line":135,"column":45}},"31":{"start":{"line":138,"column":4},"end":{"line":151,"column":5}},"32":{"start":{"line":139,"column":6},"end":{"line":139,"column":39}},"33":{"start":{"line":140,"column":6},"end":{"line":140,"column":58}},"34":{"start":{"line":142,"column":6},"end":{"line":149,"column":9}},"35":{"start":{"line":150,"column":6},"end":{"line":150,"column":13}},"36":{"start":{"line":154,"column":21},"end":{"line":154,"column":45}},"37":{"start":{"line":157,"column":4},"end":{"line":160,"column":5}},"38":{"start":{"line":158,"column":6},"end":{"line":158,"column":57}},"39":{"start":{"line":159,"column":6},"end":{"line":159,"column":27}},"40":{"start":{"line":163,"column":29},"end":{"line":168,"column":51}},"41":{"start":{"line":170,"column":4},"end":{"line":209,"column":5}},"42":{"start":{"line":171,"column":6},"end":{"line":171,"column":50}},"43":{"start":{"line":172,"column":6},"end":{"line":172,"column":58}},"44":{"start":{"line":175,"column":36},"end":{"line":175,"column":38}},"45":{"start":{"line":177,"column":6},"end":{"line":179,"column":7}},"46":{"start":{"line":178,"column":8},"end":{"line":178,"column":77}},"47":{"start":{"line":181,"column":6},"end":{"line":183,"column":7}},"48":{"start":{"line":182,"column":8},"end":{"line":182,"column":119}},"49":{"start":{"line":185,"column":6},"end":{"line":187,"column":7}},"50":{"start":{"line":186,"column":8},"end":{"line":186,"column":90}},"51":{"start":{"line":189,"column":6},"end":{"line":191,"column":7}},"52":{"start":{"line":190,"column":8},"end":{"line":190,"column":83}},"53":{"start":{"line":193,"column":6},"end":{"line":195,"column":7}},"54":{"start":{"line":194,"column":8},"end":{"line":194,"column":95}},"55":{"start":{"line":197,"column":6},"end":{"line":199,"column":7}},"56":{"start":{"line":198,"column":8},"end":{"line":198,"column":79}},"57":{"start":{"line":201,"column":6},"end":{"line":208,"column":9}},"58":{"start":{"line":213,"column":2},"end":{"line":214,"column":51}},"59":{"start":{"line":217,"column":2},"end":{"line":226,"column":5}},"60":{"start":{"line":218,"column":30},"end":{"line":218,"column":90}},"61":{"start":{"line":218,"column":52},"end":{"line":218,"column":89}},"62":{"start":{"line":219,"column":4},"end":{"line":225,"column":5}},"63":{"start":{"line":220,"column":28},"end":{"line":223,"column":11}},"64":{"start":{"line":221,"column":25},"end":{"line":221,"column":57}},"65":{"start":{"line":222,"column":8},"end":{"line":222,"column":47}},"66":{"start":{"line":224,"column":6},"end":{"line":224,"column":95}},"67":{"start":{"line":228,"column":2},"end":{"line":228,"column":16}},"68":{"start":{"line":233,"column":18},"end":{"line":269,"column":2}},"69":{"start":{"line":242,"column":68},"end":{"line":247,"column":2}},"70":{"start":{"line":250,"column":46},"end":{"line":268,"column":2}},"71":{"start":{"line":267,"column":36},"end":{"line":267,"column":44}},"72":{"start":{"line":271,"column":2},"end":{"line":271,"column":38}},"73":{"start":{"line":276,"column":20},"end":{"line":276,"column":54}},"74":{"start":{"line":277,"column":17},"end":{"line":277,"column":55}},"75":{"start":{"line":278,"column":2},"end":{"line":278,"column":48}},"76":{"start":{"line":280,"column":2},"end":{"line":280,"column":66}},"77":{"start":{"line":281,"column":2},"end":{"line":281,"column":136}}},"fnMap":{"0":{"name":"analyzeTooltip","decl":{"start":{"line":18,"column":16},"end":{"line":18,"column":30}},"loc":{"start":{"line":18,"column":47},"end":{"line":70,"column":1}}},"1":{"name":"(anonymous_2)","decl":{"start":{"line":49,"column":52},"end":{"line":49,"column":53}},"loc":{"start":{"line":49,"column":57},"end":{"line":49,"column":76}}},"2":{"name":"(anonymous_3)","decl":{"start":{"line":52,"column":17},"end":{"line":52,"column":18}},"loc":{"start":{"line":52,"column":32},"end":{"line":52,"column":49}}},"3":{"name":"generateTooltipReviewReport","decl":{"start":{"line":73,"column":16},"end":{"line":73,"column":43}},"loc":{"start":{"line":73,"column":65},"end":{"line":229,"column":1}}},"4":{"name":"(anonymous_5)","decl":{"start":{"line":118,"column":44},"end":{"line":118,"column":52}},"loc":{"start":{"line":118,"column":55},"end":{"line":124,"column":3}}},"5":{"name":"(anonymous_6)","decl":{"start":{"line":130,"column":20},"end":{"line":130,"column":28}},"loc":{"start":{"line":130,"column":31},"end":{"line":210,"column":3}}},"6":{"name":"(anonymous_7)","decl":{"start":{"line":217,"column":44},"end":{"line":217,"column":52}},"loc":{"start":{"line":217,"column":55},"end":{"line":226,"column":3}}},"7":{"name":"(anonymous_8)","decl":{"start":{"line":218,"column":47},"end":{"line":218,"column":48}},"loc":{"start":{"line":218,"column":52},"end":{"line":218,"column":89}}},"8":{"name":"(anonymous_9)","decl":{"start":{"line":220,"column":53},"end":{"line":220,"column":54}},"loc":{"start":{"line":220,"column":64},"end":{"line":223,"column":7}}},"9":{"name":"exportTooltipReportToFile","decl":{"start":{"line":232,"column":16},"end":{"line":232,"column":41}},"loc":{"start":{"line":232,"column":114},"end":{"line":272,"column":1}}},"10":{"name":"(anonymous_11)","decl":{"start":{"line":242,"column":45},"end":{"line":242,"column":46}},"loc":{"start":{"line":242,"column":68},"end":{"line":247,"column":2}}},"11":{"name":"(anonymous_12)","decl":{"start":{"line":250,"column":41},"end":{"line":250,"column":42}},"loc":{"start":{"line":250,"column":46},"end":{"line":268,"column":2}}},"12":{"name":"(anonymous_13)","decl":{"start":{"line":267,"column":31},"end":{"line":267,"column":32}},"loc":{"start":{"line":267,"column":36},"end":{"line":267,"column":44}}},"13":{"name":"runTooltipReview","decl":{"start":{"line":275,"column":22},"end":{"line":275,"column":38}},"loc":{"start":{"line":275,"column":80},"end":{"line":282,"column":1}}}},"branchMap":{"0":{"loc":{"start":{"line":19,"column":2},"end":{"line":29,"column":3}},"type":"if","locations":[{"start":{"line":19,"column":2},"end":{"line":29,"column":3}}]},"1":{"loc":{"start":{"line":50,"column":34},"end":{"line":50,"column":89}},"type":"cond-expr","locations":[{"start":{"line":50,"column":57},"end":{"line":50,"column":85}},{"start":{"line":50,"column":88},"end":{"line":50,"column":89}}]},"2":{"loc":{"start":{"line":51,"column":28},"end":{"line":52,"column":72}},"type":"cond-expr","locations":[{"start":{"line":52,"column":4},"end":{"line":52,"column":68}},{"start":{"line":52,"column":71},"end":{"line":52,"column":72}}]},"3":{"loc":{"start":{"line":131,"column":21},"end":{"line":131,"column":44}},"type":"binary-expr","locations":[{"start":{"line":131,"column":21},"end":{"line":131,"column":38}},{"start":{"line":131,"column":42},"end":{"line":131,"column":44}}]},"4":{"loc":{"start":{"line":138,"column":4},"end":{"line":151,"column":5}},"type":"if","locations":[{"start":{"line":138,"column":4},"end":{"line":151,"column":5}}]},"5":{"loc":{"start":{"line":157,"column":4},"end":{"line":160,"column":5}},"type":"if","locations":[{"start":{"line":157,"column":4},"end":{"line":160,"column":5}}]},"6":{"loc":{"start":{"line":163,"column":29},"end":{"line":168,"column":51}},"type":"binary-expr","locations":[{"start":{"line":163,"column":29},"end":{"line":163,"column":55}},{"start":{"line":164,"column":28},"end":{"line":164,"column":60}},{"start":{"line":165,"column":28},"end":{"line":165,"column":58}},{"start":{"line":166,"column":28},"end":{"line":166,"column":59}},{"start":{"line":167,"column":28},"end":{"line":167,"column":58}},{"start":{"line":168,"column":28},"end":{"line":168,"column":51}}]},"7":{"loc":{"start":{"line":170,"column":4},"end":{"line":209,"column":5}},"type":"if","locations":[{"start":{"line":170,"column":4},"end":{"line":209,"column":5}}]},"8":{"loc":{"start":{"line":177,"column":6},"end":{"line":179,"column":7}},"type":"if","locations":[{"start":{"line":177,"column":6},"end":{"line":179,"column":7}}]},"9":{"loc":{"start":{"line":181,"column":6},"end":{"line":183,"column":7}},"type":"if","locations":[{"start":{"line":181,"column":6},"end":{"line":183,"column":7}}]},"10":{"loc":{"start":{"line":185,"column":6},"end":{"line":187,"column":7}},"type":"if","locations":[{"start":{"line":185,"column":6},"end":{"line":187,"column":7}}]},"11":{"loc":{"start":{"line":189,"column":6},"end":{"line":191,"column":7}},"type":"if","locations":[{"start":{"line":189,"column":6},"end":{"line":191,"column":7}}]},"12":{"loc":{"start":{"line":193,"column":6},"end":{"line":195,"column":7}},"type":"if","locations":[{"start":{"line":193,"column":6},"end":{"line":195,"column":7}}]},"13":{"loc":{"start":{"line":197,"column":6},"end":{"line":199,"column":7}},"type":"if","locations":[{"start":{"line":197,"column":6},"end":{"line":199,"column":7}}]},"14":{"loc":{"start":{"line":213,"column":43},"end":{"line":214,"column":50}},"type":"cond-expr","locations":[{"start":{"line":214,"column":4},"end":{"line":214,"column":46}},{"start":{"line":214,"column":49},"end":{"line":214,"column":50}}]},"15":{"loc":{"start":{"line":218,"column":52},"end":{"line":218,"column":89}},"type":"binary-expr","locations":[{"start":{"line":218,"column":52},"end":{"line":218,"column":75}},{"start":{"line":218,"column":79},"end":{"line":218,"column":89}}]},"16":{"loc":{"start":{"line":219,"column":4},"end":{"line":225,"column":5}},"type":"if","locations":[{"start":{"line":219,"column":4},"end":{"line":225,"column":5}}]},"17":{"loc":{"start":{"line":221,"column":40},"end":{"line":221,"column":56}},"type":"binary-expr","locations":[{"start":{"line":221,"column":40},"end":{"line":221,"column":50}},{"start":{"line":221,"column":54},"end":{"line":221,"column":56}}]},"18":{"loc":{"start":{"line":255,"column":2},"end":{"line":255,"column":32}},"type":"binary-expr","locations":[{"start":{"line":255,"column":2},"end":{"line":255,"column":19}},{"start":{"line":255,"column":23},"end":{"line":255,"column":32}}]},"19":{"loc":{"start":{"line":258,"column":20},"end":{"line":258,"column":66}},"type":"cond-expr","locations":[{"start":{"line":258,"column":57},"end":{"line":258,"column":60}},{"start":{"line":258,"column":63},"end":{"line":258,"column":66}}]},"20":{"loc":{"start":{"line":259,"column":26},"end":{"line":259,"column":78}},"type":"cond-expr","locations":[{"start":{"line":259,"column":69},"end":{"line":259,"column":72}},{"start":{"line":259,"column":75},"end":{"line":259,"column":78}}]},"21":{"loc":{"start":{"line":260,"column":24},"end":{"line":260,"column":74}},"type":"cond-expr","locations":[{"start":{"line":260,"column":65},"end":{"line":260,"column":68}},{"start":{"line":260,"column":71},"end":{"line":260,"column":74}}]},"22":{"loc":{"start":{"line":261,"column":25},"end":{"line":261,"column":76}},"type":"cond-expr","locations":[{"start":{"line":261,"column":67},"end":{"line":261,"column":70}},{"start":{"line":261,"column":73},"end":{"line":261,"column":76}}]},"23":{"loc":{"start":{"line":262,"column":24},"end":{"line":262,"column":74}},"type":"cond-expr","locations":[{"start":{"line":262,"column":65},"end":{"line":262,"column":68}},{"start":{"line":262,"column":71},"end":{"line":262,"column":74}}]}},"s":{"0":0,"1":0,"2":0,"3":0,"4":0,"5":0,"6":0,"7":0,"8":0,"9":0,"10":0,"11":0,"12":0,"13":0,"14":0,"15":0,"16":0,"17":0,"18":0,"19":0,"20":0,"21":0,"22":0,"23":0,"24":0,"25":0,"26":0,"27":0,"28":0,"29":0,"30":0,"31":0,"32":0,"33":0,"34":0,"35":0,"36":0,"37":0,"38":0,"39":0,"40":0,"41":0,"42":0,"43":0,"44":0,"45":0,"46":0,"47":0,"48":0,"49":0,"50":0,"51":0,"52":0,"53":0,"54":0,"55":0,"56":0,"57":0,"58":0,"59":0,"60":0,"61":0,"62":0,"63":0,"64":0,"65":0,"66":0,"67":0,"68":0,"69":0,"70":0,"71":0,"72":0,"73":0,"74":0,"75":0,"76":0,"77":0},"f":{"0":0,"1":0,"2":0,"3":0,"4":0,"5":0,"6":0,"7":0,"8":0,"9":0,"10":0,"11":0,"12":0,"13":0},"b":{"0":[0],"1":[0,0],"2":[0,0],"3":[0,0],"4":[0],"5":[0],"6":[0,0,0,0,0,0],"7":[0],"8":[0],"9":[0],"10":[0],"11":[0],"12":[0],"13":[0],"14":[0,0],"15":[0,0],"16":[0],"17":[0,0],"18":[0,0],"19":[0,0],"20":[0,0],"21":[0,0],"22":[0,0],"23":[0,0]}}
}
