TN:
SF:client/vite.config.ts
FNF:0
FNH:0
DA:1,0
DA:2,0
DA:4,0
LF:3
LH:0
BRF:0
BRH:0
end_of_record
TN:
SF:client/src/App.tsx
FN:7,(anonymous_0)
FNF:1
FNH:0
FNDA:0,(anonymous_0)
DA:2,0
DA:7,0
DA:8,0
DA:25,0
LF:4
LH:0
BRF:0
BRH:0
end_of_record
TN:
SF:client/src/main.tsx
FNF:0
FNH:0
DA:1,0
DA:2,0
DA:3,0
DA:4,0
DA:5,0
DA:7,0
LF:6
LH:0
BRF:0
BRH:0
end_of_record
TN:
SF:client/src/setupTests.ts
FN:15,(anonymous_0)
FN:28,(anonymous_1)
FN:31,(anonymous_2)
FN:32,(anonymous_3)
FN:39,(anonymous_4)
FN:45,(anonymous_5)
FN:52,(anonymous_6)
FN:58,(anonymous_7)
FNF:8
FNH:0
FNDA:0,(anonymous_0)
FNDA:0,(anonymous_1)
FNDA:0,(anonymous_2)
FNDA:0,(anonymous_3)
FNDA:0,(anonymous_4)
FNDA:0,(anonymous_5)
FNDA:0,(anonymous_6)
FNDA:0,(anonymous_7)
DA:1,0
DA:2,0
DA:5,0
DA:10,0
DA:13,0
DA:15,0
DA:28,0
DA:29,0
DA:30,0
DA:31,0
DA:32,0
DA:35,0
DA:39,0
DA:45,0
DA:52,0
DA:53,0
DA:54,0
DA:55,0
DA:58,0
DA:59,0
DA:60,0
DA:61,0
LF:22
LH:0
BRDA:60,0,0,0
BRF:1
BRH:0
end_of_record
TN:
SF:client/src/components/assessment/Question.tsx
FN:29,(anonymous_0)
FN:39,(anonymous_1)
FN:44,(anonymous_2)
FN:51,(anonymous_3)
FN:65,(anonymous_4)
FN:75,(anonymous_5)
FN:84,(anonymous_6)
FN:91,(anonymous_7)
FNF:8
FNH:4
FNDA:32,(anonymous_0)
FNDA:32,(anonymous_1)
FNDA:18,(anonymous_2)
FNDA:0,(anonymous_3)
FNDA:0,(anonymous_4)
FNDA:0,(anonymous_5)
FNDA:30,(anonymous_6)
FNDA:0,(anonymous_7)
DA:2,2
DA:29,2
DA:39,32
DA:40,32
DA:42,6
DA:45,18
DA:51,0
DA:60,6
DA:65,0
DA:71,14
DA:75,0
DA:82,6
DA:85,30
DA:91,0
DA:101,0
DA:105,32
DA:126,2
LF:17
LH:12
BRDA:34,0,0,20
BRDA:40,1,0,6
BRDA:40,1,1,6
BRDA:40,1,2,14
BRDA:40,1,3,6
BRDA:40,1,4,0
BRDA:64,2,0,6
BRDA:64,2,1,4
BRDA:74,3,0,14
BRDA:74,3,1,12
BRDA:110,4,0,32
BRDA:110,4,1,4
BRF:12
BRH:11
end_of_record
TN:
SF:client/src/components/assessment/QuestionModule.tsx
FN:35,(anonymous_1)
FN:46,(anonymous_2)
FN:52,(anonymous_3)
FN:97,(anonymous_4)
FN:106,(anonymous_5)
FNF:5
FNH:1
FNDA:24,(anonymous_1)
FNDA:0,(anonymous_2)
FNDA:0,(anonymous_3)
FNDA:0,(anonymous_4)
FNDA:0,(anonymous_5)
DA:1,1
DA:2,1
DA:3,1
DA:35,1
DA:43,24
DA:46,0
DA:47,0
DA:52,0
DA:53,0
DA:56,0
DA:98,0
DA:106,0
DA:116,1
LF:13
LH:6
BRDA:47,0,0,0
BRDA:47,0,1,0
BRDA:80,1,0,0
BRDA:80,1,1,0
BRDA:84,2,0,0
BRDA:84,2,1,0
BRDA:90,3,0,0
BRDA:90,3,1,0
BRF:8
BRH:0
end_of_record
TN:
SF:client/src/components/assessment/QuestionnaireNavigation.tsx
FN:13,(anonymous_0)
FN:25,(anonymous_1)
FN:29,(anonymous_2)
FN:37,(anonymous_3)
FN:41,(anonymous_4)
FNF:5
FNH:3
FNDA:18,(anonymous_0)
FNDA:32,(anonymous_1)
FNDA:0,(anonymous_2)
FNDA:180,(anonymous_3)
FNDA:0,(anonymous_4)
DA:2,1
DA:3,1
DA:13,1
DA:20,18
DA:22,18
DA:26,32
DA:29,0
DA:38,180
DA:41,0
LF:9
LH:7
BRDA:28,0,0,16
BRDA:28,0,1,16
BRDA:40,1,0,18
BRDA:40,1,1,162
BRF:4
BRH:4
end_of_record
TN:
SF:client/src/contexts/SupabaseContext.tsx
FN:19,(anonymous_0)
FN:39,(anonymous_1)
FNF:2
FNH:0
FNDA:0,(anonymous_0)
FNDA:0,(anonymous_1)
DA:1,0
DA:3,0
DA:16,0
DA:19,0
DA:20,0
DA:22,0
DA:31,0
DA:39,0
DA:40,0
DA:41,0
DA:42,0
DA:44,0
LF:12
LH:0
BRDA:41,0,0,0
BRF:1
BRH:0
end_of_record
TN:
SF:client/src/hooks/useSupabase.ts
FN:20,(anonymous_0)
FN:25,(anonymous_1)
FN:27,(anonymous_2)
FN:44,(anonymous_3)
FN:55,(anonymous_4)
FN:66,(anonymous_5)
FN:91,(anonymous_6)
FN:113,(anonymous_7)
FNF:8
FNH:0
FNDA:0,(anonymous_0)
FNDA:0,(anonymous_1)
FNDA:0,(anonymous_2)
FNDA:0,(anonymous_3)
FNDA:0,(anonymous_4)
FNDA:0,(anonymous_5)
FNDA:0,(anonymous_6)
FNDA:0,(anonymous_7)
DA:1,0
DA:2,0
DA:20,0
DA:21,0
DA:22,0
DA:23,0
DA:25,0
DA:27,0
DA:28,0
DA:29,0
DA:30,0
DA:31,0
DA:33,0
DA:34,0
DA:36,0
DA:40,0
DA:43,0
DA:45,0
DA:46,0
DA:48,0
DA:50,0
DA:55,0
DA:56,0
DA:66,0
DA:67,0
DA:68,0
DA:69,0
DA:74,0
DA:75,0
DA:77,0
DA:78,0
DA:79,0
DA:81,0
DA:91,0
DA:92,0
DA:93,0
DA:94,0
DA:99,0
DA:100,0
DA:102,0
DA:103,0
DA:104,0
DA:106,0
DA:113,0
DA:114,0
DA:115,0
DA:116,0
DA:117,0
DA:118,0
DA:120,0
DA:121,0
DA:123,0
DA:127,0
LF:53
LH:0
BRDA:33,0,0,0
BRDA:33,0,1,0
BRDA:45,1,0,0
BRDA:45,1,1,0
BRDA:74,2,0,0
BRDA:77,3,0,0
BRDA:77,3,1,0
BRDA:79,4,0,0
BRDA:79,4,1,0
BRDA:99,5,0,0
BRDA:102,6,0,0
BRDA:102,6,1,0
BRDA:104,7,0,0
BRDA:104,7,1,0
BRDA:117,8,0,0
BRDA:120,9,0,0
BRDA:120,9,1,0
BRF:17
BRH:0
end_of_record
TN:
SF:client/src/pages/AssessmentPage.tsx
FN:14,(anonymous_1)
FN:88,(anonymous_2)
FN:89,(anonymous_3)
FN:96,(anonymous_4)
FN:129,(anonymous_5)
FNF:5
FNH:0
FNDA:0,(anonymous_1)
FNDA:0,(anonymous_2)
FNDA:0,(anonymous_3)
FNDA:0,(anonymous_4)
FNDA:0,(anonymous_5)
DA:1,0
DA:2,0
DA:3,0
DA:14,0
DA:16,0
DA:85,0
DA:88,0
DA:89,0
DA:96,0
DA:97,0
DA:98,0
DA:102,0
DA:130,0
DA:155,0
LF:14
LH:0
BRDA:98,0,0,0
BRDA:98,0,1,0
BRDA:148,1,0,0
BRDA:148,1,1,0
BRF:4
BRH:0
end_of_record
TN:
SF:client/src/services/database.ts
FN:13,(anonymous_0)
FN:29,(anonymous_1)
FN:44,(anonymous_2)
FN:64,(anonymous_3)
FN:81,(anonymous_4)
FN:100,(anonymous_5)
FN:114,(anonymous_6)
FN:136,(anonymous_7)
FN:150,(anonymous_8)
FN:170,(anonymous_9)
FN:185,(anonymous_10)
FN:217,(anonymous_11)
FN:233,(anonymous_12)
FNF:13
FNH:0
FNDA:0,(anonymous_0)
FNDA:0,(anonymous_1)
FNDA:0,(anonymous_2)
FNDA:0,(anonymous_3)
FNDA:0,(anonymous_4)
FNDA:0,(anonymous_5)
FNDA:0,(anonymous_6)
FNDA:0,(anonymous_7)
FNDA:0,(anonymous_8)
FNDA:0,(anonymous_9)
FNDA:0,(anonymous_10)
FNDA:0,(anonymous_11)
FNDA:0,(anonymous_12)
DA:1,0
DA:7,0
DA:14,0
DA:20,0
DA:21,0
DA:30,0
DA:36,0
DA:37,0
DA:45,0
DA:47,0
DA:49,0
DA:54,0
DA:55,0
DA:65,0
DA:72,0
DA:73,0
DA:82,0
DA:87,0
DA:88,0
DA:95,0
DA:101,0
DA:105,0
DA:106,0
DA:115,0
DA:121,0
DA:122,0
DA:129,0
DA:141,0
DA:147,0
DA:150,0
DA:156,0
DA:160,0
DA:162,0
DA:171,0
DA:176,0
DA:177,0
DA:186,0
DA:192,0
DA:194,0
DA:199,0
DA:201,0
DA:211,0
DA:218,0
DA:223,0
DA:224,0
DA:237,0
DA:247,0
DA:248,0
LF:48
LH:0
BRDA:20,0,0,0
BRDA:36,1,0,0
BRDA:47,2,0,0
BRDA:54,3,0,0
BRDA:72,4,0,0
BRDA:87,5,0,0
BRDA:105,6,0,0
BRDA:121,7,0,0
BRDA:147,8,0,0
BRDA:160,9,0,0
BRDA:176,10,0,0
BRDA:192,11,0,0
BRDA:199,12,0,0
BRDA:223,13,0,0
BRDA:247,14,0,0
BRF:15
BRH:0
end_of_record
TN:
SF:client/src/utils/pathResolver.ts
FN:12,(anonymous_1)
FN:16,(anonymous_2)
FN:23,(anonymous_3)
FN:33,(anonymous_4)
FN:41,(anonymous_5)
FN:47,(anonymous_6)
FN:51,(anonymous_7)
FNF:7
FNH:0
FNDA:0,(anonymous_1)
FNDA:0,(anonymous_2)
FNDA:0,(anonymous_3)
FNDA:0,(anonymous_4)
FNDA:0,(anonymous_5)
FNDA:0,(anonymous_6)
FNDA:0,(anonymous_7)
DA:1,0
DA:3,0
DA:4,0
DA:13,0
DA:17,0
DA:18,0
DA:20,0
DA:24,0
DA:25,0
DA:27,0
DA:28,0
DA:30,0
DA:34,0
DA:35,0
DA:36,0
DA:38,0
DA:42,0
DA:43,0
DA:47,0
DA:48,0
DA:51,0
DA:52,0
DA:53,0
LF:23
LH:0
BRDA:17,0,0,0
BRDA:24,1,0,0
BRDA:27,2,0,0
BRDA:35,3,0,0
BRF:4
BRH:0
end_of_record
TN:
SF:server/src/data/physiotherapy-modules.ts
FNF:0
FNH:0
DA:2,0
DA:3,0
DA:4,0
DA:5,0
DA:6,0
DA:7,0
DA:12,0
LF:7
LH:0
BRF:0
BRH:0
end_of_record
TN:
SF:server/src/data/questions/index.ts
FN:56,loadAllQuestions
FN:73,(anonymous_11)
FN:75,(anonymous_12)
FNF:3
FNH:3
FNDA:17,loadAllQuestions
FNDA:544,(anonymous_11)
FNDA:3672,(anonymous_12)
DA:9,2
DA:12,2
DA:15,2
DA:18,2
DA:21,2
DA:24,2
DA:27,2
DA:30,2
DA:33,2
DA:36,2
DA:39,2
DA:40,2
DA:41,2
DA:42,2
DA:43,2
DA:44,2
DA:45,2
DA:46,2
DA:47,2
DA:48,2
DA:56,2
DA:58,17
DA:72,17
DA:73,544
DA:75,3672
LF:25
LH:25
BRDA:75,0,0,3672
BRDA:75,0,1,3672
BRF:2
BRH:2
end_of_record
TN:
SF:server/src/data/questions/automation/ai-integration.ts
FNF:0
FNH:0
DA:10,2
DA:11,2
DA:12,2
DA:13,2
DA:14,2
DA:15,2
DA:17,2
LF:7
LH:7
BRF:0
BRH:0
end_of_record
TN:
SF:server/src/data/questions/automation/index.ts
FN:18,(anonymous_0)
FN:18,(anonymous_1)
FNF:2
FNH:2
FNDA:17,(anonymous_0)
FNDA:17,(anonymous_1)
DA:8,2
DA:9,2
DA:12,2
DA:18,19
LF:4
LH:4
BRF:0
BRH:0
end_of_record
TN:
SF:server/src/data/questions/automation/process-automation.ts
FNF:0
FNH:0
DA:10,2
DA:11,2
DA:12,2
DA:13,2
DA:14,2
DA:15,2
DA:17,2
LF:7
LH:7
BRF:0
BRH:0
end_of_record
TN:
SF:server/src/data/questions/compliance/index.ts
FN:19,(anonymous_0)
FN:20,(anonymous_1)
FNF:2
FNH:2
FNDA:17,(anonymous_0)
FNDA:17,(anonymous_1)
DA:8,3
DA:9,3
DA:12,3
DA:19,20
DA:20,20
LF:5
LH:5
BRF:0
BRH:0
end_of_record
TN:
SF:server/src/data/questions/compliance/regulatory-compliance.ts
FNF:0
FNH:0
DA:10,3
DA:11,3
DA:12,3
DA:13,3
DA:14,3
DA:15,3
DA:16,3
DA:19,3
LF:8
LH:8
BRF:0
BRH:0
end_of_record
TN:
SF:server/src/data/questions/compliance/risk-management.ts
FNF:0
FNH:0
DA:21,3
DA:22,3
DA:23,3
DA:24,3
DA:26,3
DA:27,3
DA:30,3
LF:7
LH:7
BRF:0
BRH:0
end_of_record
TN:
SF:server/src/data/questions/facilities/index.ts
FN:16,(anonymous_0)
FNF:1
FNH:1
FNDA:17,(anonymous_0)
DA:8,2
DA:11,2
DA:16,19
LF:3
LH:3
BRF:0
BRH:0
end_of_record
TN:
SF:server/src/data/questions/facilities/space-utilization.ts
FNF:0
FNH:0
DA:10,2
DA:11,2
DA:12,2
DA:13,2
DA:15,2
DA:16,2
DA:19,2
LF:7
LH:7
BRF:0
BRH:0
end_of_record
TN:
SF:server/src/data/questions/financial/cash-flow-planning.ts
FNF:0
FNH:0
DA:21,2
DA:22,2
DA:23,2
DA:24,2
DA:25,2
DA:26,2
DA:28,2
LF:7
LH:7
BRF:0
BRH:0
end_of_record
TN:
SF:server/src/data/questions/financial/expense-management.ts
FNF:0
FNH:0
DA:21,2
DA:22,2
DA:23,2
DA:24,2
DA:25,2
DA:26,2
DA:28,2
LF:7
LH:7
BRF:0
BRH:0
end_of_record
TN:
SF:server/src/data/questions/financial/index.ts
FN:23,(anonymous_0)
FN:24,(anonymous_1)
FN:25,(anonymous_2)
FN:26,(anonymous_3)
FNF:4
FNH:4
FNDA:18,(anonymous_0)
FNDA:18,(anonymous_1)
FNDA:18,(anonymous_2)
FNDA:18,(anonymous_3)
DA:8,2
DA:9,2
DA:10,2
DA:11,2
DA:14,2
DA:23,20
DA:24,20
DA:25,20
DA:26,20
LF:9
LH:9
BRF:0
BRH:0
end_of_record
TN:
SF:server/src/data/questions/financial/pricing-strategy.ts
FNF:0
FNH:0
DA:10,2
DA:11,2
DA:12,2
DA:13,2
DA:15,2
DA:16,2
DA:19,2
LF:7
LH:7
BRF:0
BRH:0
end_of_record
TN:
SF:server/src/data/questions/financial/revenue-tracking.ts
FNF:0
FNH:0
DA:10,2
DA:11,2
DA:12,2
DA:13,2
DA:15,2
DA:16,2
DA:19,2
LF:7
LH:7
BRF:0
BRH:0
end_of_record
TN:
SF:server/src/data/questions/geography/demographic-analysis.ts
FNF:0
FNH:0
DA:10,2
DA:11,2
DA:12,2
DA:13,2
DA:14,2
DA:15,2
DA:17,2
LF:7
LH:7
BRF:0
BRH:0
end_of_record
TN:
SF:server/src/data/questions/geography/index.ts
FN:18,(anonymous_0)
FN:18,(anonymous_1)
FNF:2
FNH:2
FNDA:17,(anonymous_0)
FNDA:17,(anonymous_1)
DA:8,2
DA:9,2
DA:12,2
DA:18,19
LF:4
LH:4
BRF:0
BRH:0
end_of_record
TN:
SF:server/src/data/questions/geography/location-strategy.ts
FNF:0
FNH:0
DA:10,2
DA:11,2
DA:12,2
DA:13,2
DA:15,2
DA:16,2
DA:19,2
LF:7
LH:7
BRF:0
BRH:0
end_of_record
TN:
SF:server/src/data/questions/marketing/index.ts
FN:16,(anonymous_0)
FNF:1
FNH:1
FNDA:17,(anonymous_0)
DA:8,2
DA:11,2
DA:16,19
LF:3
LH:3
BRF:0
BRH:0
end_of_record
TN:
SF:server/src/data/questions/marketing/referral-strategy.ts
FNF:0
FNH:0
DA:10,2
DA:11,2
DA:12,2
DA:13,2
DA:15,2
DA:16,2
DA:19,2
LF:7
LH:7
BRF:0
BRH:0
end_of_record
TN:
SF:server/src/data/questions/operations/appointment-scheduling.ts
FNF:0
FNH:0
DA:10,2
DA:11,2
DA:12,2
DA:13,2
DA:15,2
DA:16,2
DA:19,2
LF:7
LH:7
BRF:0
BRH:0
end_of_record
TN:
SF:server/src/data/questions/operations/index.ts
FN:18,(anonymous_0)
FN:19,(anonymous_1)
FNF:2
FNH:2
FNDA:17,(anonymous_0)
FNDA:17,(anonymous_1)
DA:8,2
DA:9,2
DA:12,2
DA:18,19
DA:19,19
LF:5
LH:5
BRF:0
BRH:0
end_of_record
TN:
SF:server/src/data/questions/operations/workflow-efficiency.ts
FNF:0
FNH:0
DA:10,2
DA:11,2
DA:12,2
DA:13,2
DA:15,2
DA:16,2
DA:19,2
LF:7
LH:7
BRF:0
BRH:0
end_of_record
TN:
SF:server/src/data/questions/patient-care/clinical-pathways.ts
FNF:0
FNH:0
DA:10,2
DA:11,2
DA:12,2
DA:13,2
DA:14,2
DA:15,2
DA:17,2
LF:7
LH:7
BRF:0
BRH:0
end_of_record
TN:
SF:server/src/data/questions/patient-care/index.ts
FN:21,(anonymous_0)
FN:22,(anonymous_1)
FN:23,(anonymous_2)
FNF:3
FNH:3
FNDA:17,(anonymous_0)
FNDA:17,(anonymous_1)
FNDA:17,(anonymous_2)
DA:8,2
DA:9,2
DA:10,2
DA:13,2
DA:21,19
DA:22,19
DA:23,19
LF:7
LH:7
BRF:0
BRH:0
end_of_record
TN:
SF:server/src/data/questions/patient-care/outcomes-tracking.ts
FNF:0
FNH:0
DA:10,2
DA:11,2
DA:12,2
DA:13,2
DA:15,2
DA:16,2
DA:19,2
LF:7
LH:7
BRF:0
BRH:0
end_of_record
TN:
SF:server/src/data/questions/patient-care/patient-experience.ts
FNF:0
FNH:0
DA:10,2
DA:11,2
DA:12,2
DA:13,2
DA:14,2
DA:15,2
DA:17,2
LF:7
LH:7
BRF:0
BRH:0
end_of_record
TN:
SF:server/src/data/questions/staffing/index.ts
FN:21,(anonymous_0)
FN:22,(anonymous_1)
FN:23,(anonymous_2)
FNF:3
FNH:3
FNDA:17,(anonymous_0)
FNDA:17,(anonymous_1)
FNDA:17,(anonymous_2)
DA:8,2
DA:9,2
DA:10,2
DA:13,2
DA:21,19
DA:22,19
DA:23,19
LF:7
LH:7
BRF:0
BRH:0
end_of_record
TN:
SF:server/src/data/questions/staffing/practitioner-performance.ts
FNF:0
FNH:0
DA:10,2
DA:11,2
DA:12,2
DA:13,2
DA:15,2
DA:16,2
DA:19,2
LF:7
LH:7
BRF:0
BRH:0
end_of_record
TN:
SF:server/src/data/questions/staffing/professional-development.ts
FNF:0
FNH:0
DA:10,2
DA:11,2
DA:12,2
DA:13,2
DA:14,2
DA:15,2
DA:17,2
LF:7
LH:7
BRF:0
BRH:0
end_of_record
TN:
SF:server/src/data/questions/staffing/recruitment-retention.ts
FNF:0
FNH:0
DA:10,2
DA:11,2
DA:12,2
DA:13,2
DA:14,2
DA:15,2
DA:17,2
LF:7
LH:7
BRF:0
BRH:0
end_of_record
TN:
SF:server/src/data/questions/technology/data-security.ts
FNF:0
FNH:0
DA:10,2
DA:11,2
DA:12,2
DA:13,2
DA:15,2
DA:16,2
DA:19,2
LF:7
LH:7
BRF:0
BRH:0
end_of_record
TN:
SF:server/src/data/questions/technology/digital-adoption.ts
FNF:0
FNH:0
DA:10,2
DA:11,2
DA:12,2
DA:13,2
DA:15,2
DA:16,2
DA:19,2
LF:7
LH:7
BRF:0
BRH:0
end_of_record
TN:
SF:server/src/data/questions/technology/index.ts
FN:18,(anonymous_0)
FN:19,(anonymous_1)
FNF:2
FNH:2
FNDA:17,(anonymous_0)
FNDA:17,(anonymous_1)
DA:8,2
DA:9,2
DA:12,2
DA:18,19
DA:19,19
LF:5
LH:5
BRF:0
BRH:0
end_of_record
TN:
SF:server/src/models/AssessmentCategory.ts
FN:4,(anonymous_0)
FNF:1
FNH:1
FNDA:7,(anonymous_0)
DA:4,7
DA:5,7
DA:6,7
DA:7,7
DA:8,7
DA:9,7
DA:10,7
DA:11,7
DA:12,7
DA:13,7
DA:14,7
LF:11
LH:11
BRDA:4,0,0,7
BRDA:4,0,1,7
BRF:2
BRH:2
end_of_record
TN:
SF:server/src/models/Country.ts
FN:4,(anonymous_0)
FNF:1
FNH:1
FNDA:4,(anonymous_0)
DA:4,4
DA:5,4
DA:6,4
DA:7,4
DA:8,4
DA:9,4
DA:10,4
LF:7
LH:7
BRDA:4,0,0,4
BRDA:4,0,1,4
BRF:2
BRH:2
end_of_record
TN:
SF:server/src/models/DisciplineType.ts
FN:4,(anonymous_0)
FNF:1
FNH:1
FNDA:5,(anonymous_0)
DA:4,5
DA:5,5
DA:6,5
DA:7,5
DA:8,5
DA:9,5
DA:10,5
DA:11,5
DA:12,5
DA:13,5
DA:14,5
LF:11
LH:11
BRDA:4,0,0,5
BRDA:4,0,1,5
BRF:2
BRH:2
end_of_record
TN:
SF:server/src/models/MaterialResourceType.ts
FN:5,(anonymous_0)
FNF:1
FNH:0
FNDA:0,(anonymous_0)
DA:5,0
DA:6,0
DA:7,0
DA:8,0
DA:9,0
DA:10,0
DA:11,0
DA:12,0
DA:13,0
DA:14,0
LF:10
LH:0
BRDA:5,0,0,0
BRDA:5,0,1,0
BRF:2
BRH:0
end_of_record
TN:
SF:server/src/models/PracticeSize.ts
FN:4,(anonymous_0)
FNF:1
FNH:1
FNDA:4,(anonymous_0)
DA:4,4
DA:5,4
DA:6,4
DA:7,4
DA:8,4
DA:9,4
LF:6
LH:6
BRDA:4,0,0,4
BRDA:4,0,1,4
BRF:2
BRH:2
end_of_record
TN:
SF:server/src/models/QuestionType.ts
FN:4,(anonymous_0)
FNF:1
FNH:1
FNDA:3,(anonymous_0)
DA:4,3
DA:5,3
DA:6,3
DA:7,3
DA:8,3
DA:9,3
DA:10,3
LF:7
LH:7
BRDA:4,0,0,3
BRDA:4,0,1,3
BRF:2
BRH:2
end_of_record
TN:
SF:server/src/models/SOPType.ts
FN:4,(anonymous_0)
FNF:1
FNH:1
FNDA:4,(anonymous_0)
DA:4,4
DA:5,4
DA:6,4
DA:7,4
DA:8,4
DA:9,4
DA:10,4
DA:11,4
DA:12,4
DA:13,4
LF:10
LH:10
BRDA:4,0,0,4
BRDA:4,0,1,4
BRF:2
BRH:2
end_of_record
TN:
SF:server/src/models/ScorePosition.ts
FN:4,(anonymous_0)
FNF:1
FNH:1
FNDA:4,(anonymous_0)
DA:4,4
DA:5,4
DA:6,4
DA:7,4
DA:8,4
DA:9,4
LF:6
LH:6
BRDA:4,0,0,4
BRDA:4,0,1,4
BRF:2
BRH:2
end_of_record
TN:
SF:server/src/models/index.ts
FNF:0
FNH:0
DA:1,0
DA:2,0
DA:3,0
DA:4,0
DA:5,0
DA:6,0
DA:7,0
DA:8,0
DA:9,0
DA:10,0
LF:10
LH:0
BRF:0
BRH:0
end_of_record
TN:
SF:server/src/services/ModuleService.ts
FN:10,(anonymous_0)
FN:16,(anonymous_1)
FN:28,(anonymous_2)
FN:35,(anonymous_3)
FN:36,(anonymous_4)
FN:42,(anonymous_5)
FN:43,(anonymous_6)
FN:49,(anonymous_7)
FN:50,(anonymous_8)
FN:59,(anonymous_9)
FN:60,(anonymous_10)
FN:68,(anonymous_11)
FN:74,(anonymous_12)
FN:94,(anonymous_13)
FN:128,(anonymous_14)
FN:149,(anonymous_15)
FNF:16
FNH:16
FNDA:24,(anonymous_0)
FNDA:29,(anonymous_1)
FNDA:1,(anonymous_2)
FNDA:2,(anonymous_3)
FNDA:1,(anonymous_4)
FNDA:2,(anonymous_5)
FNDA:2,(anonymous_6)
FNDA:3,(anonymous_7)
FNDA:3,(anonymous_8)
FNDA:2,(anonymous_9)
FNDA:2,(anonymous_10)
FNDA:5,(anonymous_11)
FNDA:15,(anonymous_12)
FNDA:29,(anonymous_13)
FNDA:2,(anonymous_14)
FNDA:2,(anonymous_15)
DA:5,1
DA:10,1
DA:11,24
DA:18,29
DA:21,24
DA:22,24
DA:29,1
DA:36,2
DA:43,2
DA:50,3
DA:51,3
DA:60,2
DA:61,2
DA:74,5
DA:76,15
DA:81,15
DA:85,15
DA:87,15
DA:96,29
DA:97,1
DA:101,28
DA:102,1
DA:106,27
DA:107,1
DA:111,26
DA:112,1
DA:116,25
DA:121,1
DA:130,2
DA:131,1
DA:133,1
DA:143,1
DA:151,2
DA:152,1
DA:154,1
DA:161,1
LF:36
LH:36
BRDA:51,0,0,3
BRDA:51,0,1,2
BRDA:76,1,0,15
BRDA:76,1,1,9
BRDA:76,1,2,9
BRDA:81,2,0,15
BRDA:81,2,1,6
BRDA:85,3,0,15
BRDA:85,3,1,6
BRDA:87,4,0,15
BRDA:87,4,1,12
BRDA:87,4,2,12
BRDA:96,5,0,1
BRDA:96,6,0,29
BRDA:96,6,1,28
BRDA:96,6,2,28
BRDA:101,7,0,1
BRDA:106,8,0,1
BRDA:106,9,0,27
BRDA:106,9,1,26
BRDA:106,9,2,26
BRDA:111,10,0,1
BRDA:111,11,0,26
BRDA:111,11,1,26
BRDA:116,12,0,1
BRDA:116,13,0,25
BRDA:116,13,1,25
BRDA:116,13,2,24
BRDA:116,13,3,24
BRDA:116,13,4,24
BRDA:130,14,0,1
BRDA:130,15,0,2
BRDA:130,15,1,1
BRDA:135,16,0,1
BRDA:135,16,1,0
BRDA:136,17,0,1
BRDA:136,17,1,0
BRDA:137,18,0,1
BRDA:137,18,1,0
BRDA:138,19,0,1
BRDA:138,19,1,0
BRDA:151,20,0,1
BRDA:151,21,0,2
BRDA:151,21,1,1
BRDA:156,22,0,1
BRDA:156,22,1,0
BRF:46
BRH:41
end_of_record
TN:
SF:server/src/services/QuestionService.ts
FN:11,(anonymous_0)
FN:17,(anonymous_1)
FN:29,(anonymous_2)
FN:30,(anonymous_3)
FN:38,(anonymous_4)
FN:45,(anonymous_5)
FN:46,(anonymous_6)
FN:52,(anonymous_7)
FN:53,(anonymous_8)
FN:59,(anonymous_9)
FN:60,(anonymous_10)
FN:66,(anonymous_11)
FN:67,(anonymous_12)
FN:76,(anonymous_13)
FN:77,(anonymous_14)
FN:85,(anonymous_15)
FN:86,(anonymous_16)
FN:92,(anonymous_17)
FN:99,(anonymous_18)
FN:125,(anonymous_19)
FN:146,(anonymous_20)
FN:166,(anonymous_21)
FNF:22
FNH:22
FNDA:40,(anonymous_0)
FNDA:10,(anonymous_1)
FNDA:30,(anonymous_2)
FNDA:3756,(anonymous_3)
FNDA:1,(anonymous_4)
FNDA:109,(anonymous_5)
FNDA:6483,(anonymous_6)
FNDA:127,(anonymous_7)
FNDA:27016,(anonymous_8)
FNDA:1,(anonymous_9)
FNDA:4,(anonymous_10)
FNDA:3,(anonymous_11)
FNDA:224,(anonymous_12)
FNDA:2,(anonymous_13)
FNDA:220,(anonymous_14)
FNDA:3,(anonymous_15)
FNDA:436,(anonymous_16)
FNDA:8,(anonymous_17)
FNDA:1312,(anonymous_18)
FNDA:1,(anonymous_19)
FNDA:1,(anonymous_20)
FNDA:3766,(anonymous_21)
DA:2,3
DA:3,3
DA:11,3
DA:12,40
DA:19,10
DA:22,1
DA:23,1
DA:30,3756
DA:31,30
DA:32,30
DA:39,1
DA:46,6483
DA:53,27016
DA:60,4
DA:67,3
DA:68,224
DA:77,2
DA:78,220
DA:86,436
DA:99,8
DA:101,1312
DA:104,1312
DA:109,1312
DA:113,1312
DA:116,1312
DA:118,1312
DA:127,1
DA:128,1
DA:130,1
DA:140,0
DA:148,1
DA:149,1
DA:151,1
DA:160,0
DA:168,3766
DA:169,1
DA:173,3765
DA:174,1
DA:178,3764
DA:179,1
DA:183,3763
DA:184,1
DA:188,3762
DA:189,1
DA:193,3761
DA:194,2984
DA:195,1
DA:199,3760
DA:200,771
DA:201,1
DA:204,770
DA:205,1
DA:210,3758
DA:211,1
LF:54
LH:52
BRDA:68,0,0,224
BRDA:68,0,1,18
BRDA:101,1,0,1312
BRDA:101,1,1,0
BRDA:104,2,0,1312
BRDA:104,2,1,224
BRDA:104,2,2,13
BRDA:109,3,0,1312
BRDA:109,3,1,224
BRDA:113,4,0,1312
BRDA:113,4,1,232
BRDA:116,5,0,1312
BRDA:116,5,1,0
BRDA:118,6,0,1312
BRDA:118,6,1,1312
BRDA:118,6,2,1312
BRDA:118,6,3,1298
BRDA:118,6,4,1116
BRDA:127,7,0,1
BRDA:127,8,0,1
BRDA:127,8,1,1
BRDA:132,9,0,1
BRDA:132,9,1,0
BRDA:133,10,0,1
BRDA:133,10,1,1
BRDA:134,11,0,1
BRDA:134,11,1,1
BRDA:135,12,0,1
BRDA:135,12,1,0
BRDA:148,13,0,1
BRDA:148,14,0,1
BRDA:148,14,1,1
BRDA:153,15,0,1
BRDA:153,15,1,1
BRDA:154,16,0,1
BRDA:154,16,1,1
BRDA:155,17,0,1
BRDA:155,17,1,0
BRDA:168,18,0,1
BRDA:168,19,0,3766
BRDA:168,19,1,3765
BRDA:168,19,2,3765
BRDA:173,20,0,1
BRDA:178,21,0,1
BRDA:183,22,0,1
BRDA:183,23,0,3763
BRDA:183,23,1,3763
BRDA:188,24,0,1
BRDA:188,25,0,3762
BRDA:188,25,1,3762
BRDA:193,26,0,2984
BRDA:194,27,0,1
BRDA:194,28,0,2984
BRDA:194,28,1,2983
BRDA:199,29,0,771
BRDA:200,30,0,1
BRDA:200,31,0,771
BRDA:200,31,1,770
BRDA:204,32,0,1
BRDA:210,33,0,1
BRDA:210,34,0,3758
BRDA:210,34,1,3758
BRF:62
BRH:57
end_of_record
TN:
SF:server/src/services/ResearchDocumentationService.ts
FN:39,(anonymous_0)
FN:45,(anonymous_1)
FN:57,(anonymous_2)
FN:77,(anonymous_3)
FN:84,(anonymous_4)
FN:85,(anonymous_5)
FN:91,(anonymous_6)
FN:92,(anonymous_7)
FN:100,(anonymous_8)
FN:107,(anonymous_9)
FN:115,(anonymous_10)
FN:116,(anonymous_11)
FN:142,(anonymous_12)
FN:149,(anonymous_13)
FN:161,(anonymous_14)
FN:177,(anonymous_15)
FN:187,(anonymous_16)
FN:195,(anonymous_17)
FN:198,(anonymous_18)
FN:233,(anonymous_19)
FN:288,(anonymous_20)
FN:325,(anonymous_21)
FN:340,(anonymous_22)
FN:355,(anonymous_23)
FN:377,(anonymous_24)
FN:386,(anonymous_25)
FN:395,(anonymous_26)
FN:414,(anonymous_27)
FN:454,(anonymous_28)
FN:482,(anonymous_29)
FN:510,(anonymous_30)
FN:538,(anonymous_31)
FNF:32
FNH:30
FNDA:14,(anonymous_0)
FNDA:23,(anonymous_1)
FNDA:23,(anonymous_2)
FNDA:1,(anonymous_3)
FNDA:2,(anonymous_4)
FNDA:4,(anonymous_5)
FNDA:7,(anonymous_6)
FNDA:14,(anonymous_7)
FNDA:3,(anonymous_8)
FNDA:6,(anonymous_9)
FNDA:6,(anonymous_10)
FNDA:6,(anonymous_11)
FNDA:3,(anonymous_12)
FNDA:30,(anonymous_13)
FNDA:2,(anonymous_14)
FNDA:2,(anonymous_15)
FNDA:2,(anonymous_16)
FNDA:2,(anonymous_17)
FNDA:2,(anonymous_18)
FNDA:9,(anonymous_19)
FNDA:6,(anonymous_20)
FNDA:0,(anonymous_21)
FNDA:0,(anonymous_22)
FNDA:15,(anonymous_23)
FNDA:9,(anonymous_24)
FNDA:216,(anonymous_25)
FNDA:9,(anonymous_26)
FNDA:9,(anonymous_27)
FNDA:6,(anonymous_28)
FNDA:4,(anonymous_29)
FNDA:6,(anonymous_30)
FNDA:6,(anonymous_31)
DA:1,3
DA:39,3
DA:40,14
DA:47,23
DA:50,20
DA:51,20
DA:59,23
DA:60,1
DA:64,22
DA:65,1
DA:69,21
DA:70,1
DA:78,1
DA:85,4
DA:92,7
DA:93,14
DA:102,3
DA:105,3
DA:107,3
DA:108,6
DA:109,6
DA:111,6
DA:115,6
DA:116,6
DA:119,3
DA:120,3
DA:121,3
DA:124,3
DA:126,3
DA:146,3
DA:149,3
DA:150,30
DA:151,24
DA:155,3
DA:163,2
DA:167,2
DA:168,2
DA:170,0
DA:178,2
DA:180,2
DA:181,1
DA:185,2
DA:187,2
DA:188,2
DA:189,2
DA:191,2
DA:195,2
DA:196,2
DA:198,2
DA:199,2
DA:200,2
DA:201,2
DA:202,2
DA:203,2
DA:204,2
DA:205,2
DA:210,2
DA:211,2
DA:212,2
DA:214,2
DA:226,3
DA:243,9
DA:246,9
DA:249,9
DA:252,9
DA:255,9
DA:258,9
DA:261,9
DA:270,9
DA:290,6
DA:293,0
DA:297,6
DA:300,6
DA:301,6
DA:305,6
DA:306,4
DA:310,6
DA:311,6
DA:315,6
DA:316,6
DA:319,6
DA:326,0
DA:341,0
DA:357,15
DA:358,15
DA:359,15
DA:362,15
DA:365,15
DA:366,15
DA:371,15
DA:379,9
DA:386,9
DA:387,216
DA:396,9
DA:397,9
DA:398,9
DA:401,9
DA:402,9
DA:403,9
DA:406,9
DA:408,9
DA:422,9
DA:424,9
DA:425,9
DA:428,9
DA:429,1
DA:432,9
DA:433,6
DA:436,9
DA:437,8
DA:440,9
DA:441,6
DA:444,9
DA:445,0
DA:448,9
DA:455,6
DA:473,6
DA:474,6
DA:476,6
DA:483,4
DA:501,4
DA:502,4
DA:504,4
DA:511,6
DA:529,6
DA:530,6
DA:532,6
DA:539,6
DA:557,6
DA:558,6
DA:560,6
LF:131
LH:126
BRDA:59,0,0,1
BRDA:59,1,0,23
BRDA:59,1,1,22
BRDA:59,1,2,22
BRDA:64,2,0,1
BRDA:69,3,0,1
BRDA:69,4,0,21
BRDA:69,4,1,21
BRDA:108,5,0,6
BRDA:150,6,0,24
BRDA:150,7,0,30
BRDA:150,7,1,6
BRDA:161,8,0,0
BRDA:163,9,0,1
BRDA:163,9,1,1
BRDA:167,10,0,2
BRDA:167,10,1,0
BRDA:180,11,0,1
BRDA:188,12,0,2
BRDA:290,13,0,0
BRDA:290,14,0,6
BRDA:290,14,1,1
BRDA:290,14,2,1
BRDA:300,15,0,6
BRDA:305,16,0,4
BRDA:310,17,0,6
BRDA:315,18,0,6
BRDA:315,19,0,6
BRDA:315,19,1,6
BRDA:315,19,2,6
BRDA:359,20,0,15
BRDA:359,20,1,0
BRDA:371,21,0,15
BRDA:371,21,1,0
BRDA:387,22,0,216
BRDA:387,22,1,1
BRDA:402,23,0,9
BRDA:402,23,1,0
BRDA:424,24,0,9
BRDA:428,25,0,1
BRDA:432,26,0,6
BRDA:436,27,0,8
BRDA:440,28,0,6
BRDA:440,29,0,9
BRDA:440,29,1,8
BRDA:444,30,0,0
BRDA:473,31,0,6
BRDA:473,31,1,3
BRDA:501,32,0,4
BRDA:501,32,1,3
BRDA:529,33,0,6
BRDA:529,33,1,3
BRDA:557,34,0,6
BRDA:557,34,1,3
BRF:54
BRH:47
end_of_record
TN:
SF:server/src/utils/tooltip-review.ts
FN:18,analyzeTooltip
FN:49,(anonymous_2)
FN:52,(anonymous_3)
FN:73,generateTooltipReviewReport
FN:118,(anonymous_5)
FN:130,(anonymous_6)
FN:217,(anonymous_7)
FN:218,(anonymous_8)
FN:220,(anonymous_9)
FN:232,exportTooltipReportToFile
FN:242,(anonymous_11)
FN:250,(anonymous_12)
FN:267,(anonymous_13)
FN:275,runTooltipReview
FNF:14
FNH:0
FNDA:0,analyzeTooltip
FNDA:0,(anonymous_2)
FNDA:0,(anonymous_3)
FNDA:0,generateTooltipReviewReport
FNDA:0,(anonymous_5)
FNDA:0,(anonymous_6)
FNDA:0,(anonymous_7)
FNDA:0,(anonymous_8)
FNDA:0,(anonymous_9)
FNDA:0,exportTooltipReportToFile
FNDA:0,(anonymous_11)
FNDA:0,(anonymous_12)
FNDA:0,(anonymous_13)
FNDA:0,runTooltipReview
DA:2,0
DA:3,0
DA:18,0
DA:19,0
DA:20,0
DA:32,0
DA:33,0
DA:36,0
DA:39,0
DA:42,0
DA:45,0
DA:49,0
DA:50,0
DA:51,0
DA:52,0
DA:56,0
DA:59,0
DA:61,0
DA:73,0
DA:95,0
DA:118,0
DA:119,0
DA:127,0
DA:128,0
DA:130,0
DA:131,0
DA:132,0
DA:135,0
DA:138,0
DA:139,0
DA:140,0
DA:142,0
DA:150,0
DA:154,0
DA:157,0
DA:158,0
DA:159,0
DA:163,0
DA:170,0
DA:171,0
DA:172,0
DA:175,0
DA:177,0
DA:178,0
DA:181,0
DA:182,0
DA:185,0
DA:186,0
DA:189,0
DA:190,0
DA:193,0
DA:194,0
DA:197,0
DA:198,0
DA:201,0
DA:213,0
DA:217,0
DA:218,0
DA:219,0
DA:220,0
DA:221,0
DA:222,0
DA:224,0
DA:228,0
DA:232,0
DA:233,0
DA:242,0
DA:250,0
DA:267,0
DA:271,0
DA:275,0
DA:276,0
DA:277,0
DA:278,0
DA:280,0
DA:281,0
LF:76
LH:0
BRDA:19,0,0,0
BRDA:50,1,0,0
BRDA:50,1,1,0
BRDA:51,2,0,0
BRDA:51,2,1,0
BRDA:131,3,0,0
BRDA:131,3,1,0
BRDA:138,4,0,0
BRDA:157,5,0,0
BRDA:163,6,0,0
BRDA:163,6,1,0
BRDA:163,6,2,0
BRDA:163,6,3,0
BRDA:163,6,4,0
BRDA:163,6,5,0
BRDA:170,7,0,0
BRDA:177,8,0,0
BRDA:181,9,0,0
BRDA:185,10,0,0
BRDA:189,11,0,0
BRDA:193,12,0,0
BRDA:197,13,0,0
BRDA:213,14,0,0
BRDA:213,14,1,0
BRDA:218,15,0,0
BRDA:218,15,1,0
BRDA:219,16,0,0
BRDA:221,17,0,0
BRDA:221,17,1,0
BRDA:255,18,0,0
BRDA:255,18,1,0
BRDA:258,19,0,0
BRDA:258,19,1,0
BRDA:259,20,0,0
BRDA:259,20,1,0
BRDA:260,21,0,0
BRDA:260,21,1,0
BRDA:261,22,0,0
BRDA:261,22,1,0
BRDA:262,23,0,0
BRDA:262,23,1,0
BRF:41
BRH:0
end_of_record
